[2017-10-17 19:52:44,935][TxnService-3]com.ods.transaction.test[24][INFO ]: {StartDt=20170502, AcctId=1234567890, EndDt=20170805, PageSize=60}
[2017-10-17 19:52:46,980][TxnService-3]com.ods.transaction.test[29][DEBUG]: 
[2017-10-17 19:52:46,980][TxnService-3]com.ods.transaction.test[30][DEBUG]: qwert
[2017-10-17 19:52:46,980][TxnService-3]com.ods.transaction.test[31][DEBUG]: 
[2017-10-17 19:52:46,980][TxnService-3]com.ods.transaction.test[32][DEBUG]: 19
[2017-10-17 19:52:46,980][TxnService-3]com.ods.transaction.test[29][DEBUG]: 
[2017-10-17 19:52:46,980][TxnService-3]com.ods.transaction.test[30][DEBUG]: asdfg
[2017-10-17 19:52:46,980][TxnService-3]com.ods.transaction.test[31][DEBUG]: 
[2017-10-17 19:52:46,981][TxnService-3]com.ods.transaction.test[32][DEBUG]: 19
[2017-10-17 19:52:46,981][TxnService-3]com.ods.transaction.test[29][DEBUG]: 
[2017-10-17 19:52:46,981][TxnService-3]com.ods.transaction.test[30][DEBUG]: tyuio
[2017-10-17 19:52:46,981][TxnService-3]com.ods.transaction.test[31][DEBUG]: 
[2017-10-17 19:52:46,981][TxnService-3]com.ods.transaction.test[32][DEBUG]: 19
[2017-10-17 19:52:46,981][TxnService-3]com.ods.transaction.test[29][DEBUG]: 
[2017-10-17 19:52:46,981][TxnService-3]com.ods.transaction.test[30][DEBUG]: oiuyt
[2017-10-17 19:52:46,981][TxnService-3]com.ods.transaction.test[31][DEBUG]: 
[2017-10-17 19:52:46,981][TxnService-3]com.ods.transaction.test[32][DEBUG]: 19
[2017-10-17 19:52:46,981][TxnService-3]com.ods.transaction.test[29][DEBUG]: 
[2017-10-17 19:52:46,982][TxnService-3]com.ods.transaction.test[30][DEBUG]: sddsgs
[2017-10-17 19:52:46,982][TxnService-3]com.ods.transaction.test[31][DEBUG]: 
[2017-10-17 19:52:46,982][TxnService-3]com.ods.transaction.test[32][DEBUG]: 19
[2017-10-17 19:52:46,982][TxnService-3]com.ods.transaction.test[29][DEBUG]: 
[2017-10-17 19:52:46,982][TxnService-3]com.ods.transaction.test[30][DEBUG]: zxcvb
[2017-10-17 19:52:46,982][TxnService-3]com.ods.transaction.test[31][DEBUG]: 
[2017-10-17 19:52:46,982][TxnService-3]com.ods.transaction.test[32][DEBUG]: 19
[2017-10-17 19:52:46,982][TxnService-3]com.ods.transaction.test[29][DEBUG]: 
[2017-10-17 19:52:46,982][TxnService-3]com.ods.transaction.test[30][DEBUG]: bnm,./
[2017-10-17 19:52:46,982][TxnService-3]com.ods.transaction.test[31][DEBUG]: 
[2017-10-17 19:52:46,982][TxnService-3]com.ods.transaction.test[32][DEBUG]: 19
[2017-10-17 19:52:46,982][TxnService-3]com.ods.transaction.test[29][DEBUG]: 
[2017-10-17 19:52:46,982][TxnService-3]com.ods.transaction.test[30][DEBUG]: poiut
[2017-10-17 19:52:46,982][TxnService-3]com.ods.transaction.test[31][DEBUG]: 
[2017-10-17 19:52:46,983][TxnService-3]com.ods.transaction.test[32][DEBUG]: 19
[2017-10-17 19:52:46,983][TxnService-3]com.ods.transaction.test[29][DEBUG]: 
[2017-10-17 19:52:46,983][TxnService-3]com.ods.transaction.test[30][DEBUG]: wewtwr
[2017-10-17 19:52:46,983][TxnService-3]com.ods.transaction.test[31][DEBUG]: 
[2017-10-17 19:52:46,983][TxnService-3]com.ods.transaction.test[32][DEBUG]: 19
[2017-10-17 19:52:46,983][TxnService-3]com.ods.transaction.test[29][DEBUG]: 
[2017-10-17 19:52:46,983][TxnService-3]com.ods.transaction.test[30][DEBUG]: rtyr
[2017-10-17 19:52:46,983][TxnService-3]com.ods.transaction.test[31][DEBUG]: 
[2017-10-17 19:52:46,983][TxnService-3]com.ods.transaction.test[32][DEBUG]: 19
[2017-10-17 19:52:46,983][TxnService-3]com.ods.transaction.test[29][DEBUG]: 
[2017-10-17 19:52:46,983][TxnService-3]com.ods.transaction.test[30][DEBUG]: eryey
[2017-10-17 19:52:46,983][TxnService-3]com.ods.transaction.test[31][DEBUG]: 
[2017-10-17 19:52:46,984][TxnService-3]com.ods.transaction.test[32][DEBUG]: 19
