[2017-10-17 19:52:38,250][main]com.ods.service.EsbPackService[58][INFO ]: 服务初始化完成, 输入队列:[PackQueue] 输出队列:[SuccessQueue]
[2017-10-17 19:52:38,252][main]com.ods.service.EsbPackService[58][INFO ]: 服务初始化完成, 输入队列:[PackQueue] 输出队列:[SuccessQueue]
[2017-10-17 19:52:38,254][main]com.ods.service.EsbPackService[58][INFO ]: 服务初始化完成, 输入队列:[PackQueue] 输出队列:[SuccessQueue]
[2017-10-17 19:52:38,255][main]com.ods.service.EsbPackService[58][INFO ]: 服务初始化完成, 输入队列:[PackQueue] 输出队列:[SuccessQueue]
[2017-10-17 19:52:38,258][main]com.ods.service.EsbPackService[58][INFO ]: 服务初始化完成, 输入队列:[PackQueue] 输出队列:[SuccessQueue]
[2017-10-17 19:52:47,032][EsbPackService-1]com.ods.service.EsbPackService[137][DEBUG]: 201710171952440000000001 开始组织应答XML包
[2017-10-17 19:52:47,056][EsbPackService-1]com.ods.service.EsbPackService[460][DEBUG]: SvcId:<s:SvcId xmlns:s="http://esb.dcitsbiz.com/services/S030010001">S030010001</s:SvcId>
[2017-10-17 19:52:47,056][EsbPackService-1]com.ods.service.EsbPackService[460][DEBUG]: SvcScn:<s:SvcScn xmlns:s="http://esb.dcitsbiz.com/services/S030010001">01</s:SvcScn>
[2017-10-17 19:52:47,057][EsbPackService-1]com.ods.service.EsbPackService[460][DEBUG]: SvcSpltTxnCd:<s:SvcSpltTxnCd xmlns:s="http://esb.dcitsbiz.com/services/S030010001"/>
[2017-10-17 19:52:47,057][EsbPackService-1]com.ods.service.EsbPackService[460][DEBUG]: SvcCstTxnCd:<s:SvcCstTxnCd xmlns:s="http://esb.dcitsbiz.com/services/S030010001"/>
[2017-10-17 19:52:47,058][EsbPackService-1]com.ods.service.EsbPackService[460][DEBUG]: MAC:<s:MAC xmlns:s="http://esb.dcitsbiz.com/services/S030010001">8888888888888888888</s:MAC>
[2017-10-17 19:52:47,058][EsbPackService-1]com.ods.service.EsbPackService[460][DEBUG]: CnsmrSysId:<s:CnsmrSysId xmlns:s="http://esb.dcitsbiz.com/services/S030010001"/>
[2017-10-17 19:52:47,060][EsbPackService-1]com.ods.service.EsbPackService[468][DEBUG]: Vrsn:<s:Vrsn xmlns:s="http://esb.dcitsbiz.com/services/S030010001"></s:Vrsn>
[2017-10-17 19:52:47,061][EsbPackService-1]com.ods.service.EsbPackService[468][DEBUG]: CnsmrSeqNo:<s:CnsmrSeqNo xmlns:s="http://esb.dcitsbiz.com/services/S030010001"></s:CnsmrSeqNo>
[2017-10-17 19:52:47,061][EsbPackService-1]com.ods.service.EsbPackService[468][DEBUG]: SvcSplrSysId:<s:SvcSplrSysId xmlns:s="http://esb.dcitsbiz.com/services/S030010001"></s:SvcSplrSysId>
[2017-10-17 19:52:47,061][EsbPackService-1]com.ods.service.EsbPackService[468][DEBUG]: SvcSplrSeqNo:<s:SvcSplrSeqNo xmlns:s="http://esb.dcitsbiz.com/services/S030010001">201710171952440000000001</s:SvcSplrSeqNo>
[2017-10-17 19:52:47,062][EsbPackService-1]com.ods.service.EsbPackService[460][DEBUG]: TxnDt:<s:TxnDt xmlns:s="http://esb.dcitsbiz.com/services/S030010001">2017-08-24</s:TxnDt>
[2017-10-17 19:52:47,062][EsbPackService-1]com.ods.service.EsbPackService[460][DEBUG]: TxnTm:<s:TxnTm xmlns:s="http://esb.dcitsbiz.com/services/S030010001">15:00</s:TxnTm>
[2017-10-17 19:52:47,062][EsbPackService-1]com.ods.service.EsbPackService[460][DEBUG]: AcgDt:<s:AcgDt xmlns:s="http://esb.dcitsbiz.com/services/S030010001"/>
[2017-10-17 19:52:47,062][EsbPackService-1]com.ods.service.EsbPackService[468][DEBUG]: SvcSplrSvrId:<s:SvcSplrSvrId xmlns:s="http://esb.dcitsbiz.com/services/S030010001"></s:SvcSplrSvrId>
[2017-10-17 19:52:47,062][EsbPackService-1]com.ods.service.EsbPackService[468][DEBUG]: TxnChnlTp:<s:TxnChnlTp xmlns:s="http://esb.dcitsbiz.com/services/S030010001"></s:TxnChnlTp>
[2017-10-17 19:52:47,062][EsbPackService-1]com.ods.service.EsbPackService[468][DEBUG]: ChnlNo:<s:ChnlNo xmlns:s="http://esb.dcitsbiz.com/services/S030010001"></s:ChnlNo>
[2017-10-17 19:52:47,062][EsbPackService-1]com.ods.service.EsbPackService[468][DEBUG]: TxnTmlId:<s:TxnTmlId xmlns:s="http://esb.dcitsbiz.com/services/S030010001"></s:TxnTmlId>
[2017-10-17 19:52:47,062][EsbPackService-1]com.ods.service.EsbPackService[468][DEBUG]: OrigCnsmrId:<s:OrigCnsmrId xmlns:s="http://esb.dcitsbiz.com/services/S030010001"></s:OrigCnsmrId>
[2017-10-17 19:52:47,063][EsbPackService-1]com.ods.service.EsbPackService[460][DEBUG]: OrigCnsmrSeqNo:<s:OrigCnsmrSeqNo xmlns:s="http://esb.dcitsbiz.com/services/S030010001">12423543654766576879</s:OrigCnsmrSeqNo>
[2017-10-17 19:52:47,063][EsbPackService-1]com.ods.service.EsbPackService[460][DEBUG]: OrigtmlId:<s:OrigtmlId xmlns:s="http://esb.dcitsbiz.com/services/S030010001"/>
[2017-10-17 19:52:47,063][EsbPackService-1]com.ods.service.EsbPackService[460][DEBUG]: OrigcnsmrsveId:<s:OrigcnsmrsveId xmlns:s="http://esb.dcitsbiz.com/services/S030010001"/>
[2017-10-17 19:52:47,063][EsbPackService-1]com.ods.service.EsbPackService[460][DEBUG]: UsrLng:<s:UsrLng xmlns:s="http://esb.dcitsbiz.com/services/S030010001"/>
[2017-10-17 19:52:47,063][EsbPackService-1]com.ods.service.EsbPackService[468][DEBUG]: Fileflg:<s:Fileflg xmlns:s="http://esb.dcitsbiz.com/services/S030010001"></s:Fileflg>
[2017-10-17 19:52:47,063][EsbPackService-1]com.ods.service.EsbPackService[468][DEBUG]: TxnSt:<s:TxnSt xmlns:s="http://esb.dcitsbiz.com/services/S030010001">S</s:TxnSt>
[2017-10-17 19:52:47,063][EsbPackService-1]com.ods.service.EsbPackService[468][DEBUG]: RetCd:<s:RetCd xmlns:s="http://esb.dcitsbiz.com/services/S030010001">000000</s:RetCd>
[2017-10-17 19:52:47,064][EsbPackService-1]com.ods.service.EsbPackService[468][DEBUG]: RetMsg:<s:RetMsg xmlns:s="http://esb.dcitsbiz.com/services/S030010001"></s:RetMsg>
[2017-10-17 19:52:47,064][EsbPackService-1]com.ods.service.EsbPackService[171][DEBUG]: 201710171952440000000001组织 SysHhead 完成,共3步,当前完成第1步
[2017-10-17 19:52:47,064][EsbPackService-1]com.ods.service.EsbPackService[460][DEBUG]: TxnTlrId:<s:TxnTlrId xmlns:s="http://esb.dcitsbiz.com/services/S030010001">12312453456</s:TxnTlrId>
[2017-10-17 19:52:47,064][EsbPackService-1]com.ods.service.EsbPackService[460][DEBUG]: OrgId:<s:OrgId xmlns:s="http://esb.dcitsbiz.com/services/S030010001"/>
[2017-10-17 19:52:47,064][EsbPackService-1]com.ods.service.EsbPackService[460][DEBUG]: TlrPwsd:<s:TlrPwsd xmlns:s="http://esb.dcitsbiz.com/services/S030010001"/>
[2017-10-17 19:52:47,064][EsbPackService-1]com.ods.service.EsbPackService[460][DEBUG]: TlrLvl:<s:TlrLvl xmlns:s="http://esb.dcitsbiz.com/services/S030010001"/>
[2017-10-17 19:52:47,064][EsbPackService-1]com.ods.service.EsbPackService[460][DEBUG]: TlrTp:<s:TlrTp xmlns:s="http://esb.dcitsbiz.com/services/S030010001"/>
[2017-10-17 19:52:47,065][EsbPackService-1]com.ods.service.EsbPackService[460][DEBUG]: aprvFlg:<s:aprvFlg xmlns:s="http://esb.dcitsbiz.com/services/S030010001"/>
[2017-10-17 19:52:47,065][EsbPackService-1]com.ods.service.EsbPackService[460][DEBUG]: AprvTlrId:<s:AprvTlrId xmlns:s="http://esb.dcitsbiz.com/services/S030010001"/>
[2017-10-17 19:52:47,065][EsbPackService-1]com.ods.service.EsbPackService[460][DEBUG]: AprvOrgId:<s:AprvOrgId xmlns:s="http://esb.dcitsbiz.com/services/S030010001"/>
[2017-10-17 19:52:47,065][EsbPackService-1]com.ods.service.EsbPackService[460][DEBUG]: AprvTlrLvl:<s:AprvTlrLvl xmlns:s="http://esb.dcitsbiz.com/services/S030010001"/>
[2017-10-17 19:52:47,065][EsbPackService-1]com.ods.service.EsbPackService[460][DEBUG]: AprvTlrTp:<s:AprvTlrTp xmlns:s="http://esb.dcitsbiz.com/services/S030010001"/>
[2017-10-17 19:52:47,065][EsbPackService-1]com.ods.service.EsbPackService[460][DEBUG]: Ahrflg:<s:Ahrflg xmlns:s="http://esb.dcitsbiz.com/services/S030010001"/>
[2017-10-17 19:52:47,065][EsbPackService-1]com.ods.service.EsbPackService[460][DEBUG]: AhrTlrId:<s:AhrTlrId xmlns:s="http://esb.dcitsbiz.com/services/S030010001"/>
[2017-10-17 19:52:47,065][EsbPackService-1]com.ods.service.EsbPackService[460][DEBUG]: AhrOrgId:<s:AhrOrgId xmlns:s="http://esb.dcitsbiz.com/services/S030010001"/>
[2017-10-17 19:52:47,066][EsbPackService-1]com.ods.service.EsbPackService[460][DEBUG]: AhrtlrPswd:<s:AhrtlrPswd xmlns:s="http://esb.dcitsbiz.com/services/S030010001"/>
[2017-10-17 19:52:47,066][EsbPackService-1]com.ods.service.EsbPackService[460][DEBUG]: AhrTlrLvl:<s:AhrTlrLvl xmlns:s="http://esb.dcitsbiz.com/services/S030010001"/>
[2017-10-17 19:52:47,066][EsbPackService-1]com.ods.service.EsbPackService[460][DEBUG]: AhrTlrTp:<s:AhrTlrTp xmlns:s="http://esb.dcitsbiz.com/services/S030010001"/>
[2017-10-17 19:52:47,066][EsbPackService-1]com.ods.service.EsbPackService[460][DEBUG]: Scndflg:<s:Scndflg xmlns:s="http://esb.dcitsbiz.com/services/S030010001"/>
[2017-10-17 19:52:47,066][EsbPackService-1]com.ods.service.EsbPackService[175][DEBUG]: 201710171952440000000001组织 AppHead 完成,共3步,当前完成第2步
[2017-10-17 19:52:47,066][EsbPackService-1]com.ods.service.EsbPackService[381][DEBUG]: test流水号201710171952440000000001获取交易配置完成
[2017-10-17 19:52:47,066][EsbPackService-1]com.ods.service.EsbPackService[393][WARN ]: outParm.Head 为空或未配置 
[2017-10-17 19:52:47,066][EsbPackService-1]com.ods.service.EsbPackService[394][DEBUG]: 201710171952440000000001当前RspBody为:<s:RspRspBody/>
[2017-10-17 19:52:47,069][EsbPackService-1]com.ods.service.EsbPackService[439][DEBUG]: 流水号201710171952440000000001:AA增加到 DataLine 完成<AA>1         </AA>
[2017-10-17 19:52:47,069][EsbPackService-1]com.ods.service.EsbPackService[439][DEBUG]: 流水号201710171952440000000001:BB增加到 DataLine 完成<BB>19</BB>
[2017-10-17 19:52:47,069][EsbPackService-1]com.ods.service.EsbPackService[439][DEBUG]: 流水号201710171952440000000001:CC增加到 DataLine 完成<CC>qwert</CC>
[2017-10-17 19:52:47,070][EsbPackService-1]com.ods.service.EsbPackService[439][DEBUG]: 流水号201710171952440000000001:DD增加到 DataLine 完成<DD>123.42231</DD>
[2017-10-17 19:52:47,070][EsbPackService-1]com.ods.service.EsbPackService[441][DEBUG]: 流水号201710171952440000000001RspBody中Array[1]组包完毕,当前Array为:<s:RspRspBody/>
[2017-10-17 19:52:47,071][EsbPackService-1]com.ods.service.EsbPackService[439][DEBUG]: 流水号201710171952440000000001:AA增加到 DataLine 完成<AA>2         </AA>
[2017-10-17 19:52:47,071][EsbPackService-1]com.ods.service.EsbPackService[439][DEBUG]: 流水号201710171952440000000001:BB增加到 DataLine 完成<BB>19</BB>
[2017-10-17 19:52:47,071][EsbPackService-1]com.ods.service.EsbPackService[439][DEBUG]: 流水号201710171952440000000001:CC增加到 DataLine 完成<CC>asdfg</CC>
[2017-10-17 19:52:47,071][EsbPackService-1]com.ods.service.EsbPackService[439][DEBUG]: 流水号201710171952440000000001:DD增加到 DataLine 完成<DD>123.42231</DD>
[2017-10-17 19:52:47,072][EsbPackService-1]com.ods.service.EsbPackService[441][DEBUG]: 流水号201710171952440000000001RspBody中Array[2]组包完毕,当前Array为:<s:RspRspBody><TransResult key="1    2     "><AA>1         </AA><BB>19</BB><CC>qwert</CC><DD>123.42231</DD></TransResult></s:RspRspBody>
[2017-10-17 19:52:47,072][EsbPackService-1]com.ods.service.EsbPackService[439][DEBUG]: 流水号201710171952440000000001:AA增加到 DataLine 完成<AA>3         </AA>
[2017-10-17 19:52:47,073][EsbPackService-1]com.ods.service.EsbPackService[439][DEBUG]: 流水号201710171952440000000001:BB增加到 DataLine 完成<BB>19</BB>
[2017-10-17 19:52:47,073][EsbPackService-1]com.ods.service.EsbPackService[439][DEBUG]: 流水号201710171952440000000001:CC增加到 DataLine 完成<CC>tyuio</CC>
[2017-10-17 19:52:47,073][EsbPackService-1]com.ods.service.EsbPackService[439][DEBUG]: 流水号201710171952440000000001:DD增加到 DataLine 完成<DD>123.42231</DD>
[2017-10-17 19:52:47,073][EsbPackService-1]com.ods.service.EsbPackService[441][DEBUG]: 流水号201710171952440000000001RspBody中Array[3]组包完毕,当前Array为:<s:RspRspBody><TransResult key="1    2     "><AA>1         </AA><BB>19</BB><CC>qwert</CC><DD>123.42231</DD></TransResult><TransResult key="1    2     "><AA>2         </AA><BB>19</BB><CC>asdfg</CC><DD>123.42231</DD></TransResult></s:RspRspBody>
[2017-10-17 19:52:47,074][EsbPackService-1]com.ods.service.EsbPackService[439][DEBUG]: 流水号201710171952440000000001:AA增加到 DataLine 完成<AA>4         </AA>
[2017-10-17 19:52:47,074][EsbPackService-1]com.ods.service.EsbPackService[439][DEBUG]: 流水号201710171952440000000001:BB增加到 DataLine 完成<BB>19</BB>
[2017-10-17 19:52:47,074][EsbPackService-1]com.ods.service.EsbPackService[439][DEBUG]: 流水号201710171952440000000001:CC增加到 DataLine 完成<CC>oiuyt</CC>
[2017-10-17 19:52:47,074][EsbPackService-1]com.ods.service.EsbPackService[439][DEBUG]: 流水号201710171952440000000001:DD增加到 DataLine 完成<DD>123.42231</DD>
[2017-10-17 19:52:47,075][EsbPackService-1]com.ods.service.EsbPackService[441][DEBUG]: 流水号201710171952440000000001RspBody中Array[4]组包完毕,当前Array为:<s:RspRspBody><TransResult key="1    2     "><AA>1         </AA><BB>19</BB><CC>qwert</CC><DD>123.42231</DD></TransResult><TransResult key="1    2     "><AA>2         </AA><BB>19</BB><CC>asdfg</CC><DD>123.42231</DD></TransResult><TransResult key="1    2     "><AA>3         </AA><BB>19</BB><CC>tyuio</CC><DD>123.42231</DD></TransResult></s:RspRspBody>
[2017-10-17 19:52:47,075][EsbPackService-1]com.ods.service.EsbPackService[439][DEBUG]: 流水号201710171952440000000001:AA增加到 DataLine 完成<AA>5         </AA>
[2017-10-17 19:52:47,076][EsbPackService-1]com.ods.service.EsbPackService[439][DEBUG]: 流水号201710171952440000000001:BB增加到 DataLine 完成<BB>19</BB>
[2017-10-17 19:52:47,076][EsbPackService-1]com.ods.service.EsbPackService[439][DEBUG]: 流水号201710171952440000000001:CC增加到 DataLine 完成<CC>sddsgs</CC>
[2017-10-17 19:52:47,076][EsbPackService-1]com.ods.service.EsbPackService[439][DEBUG]: 流水号201710171952440000000001:DD增加到 DataLine 完成<DD>123.42231</DD>
[2017-10-17 19:52:47,077][EsbPackService-1]com.ods.service.EsbPackService[441][DEBUG]: 流水号201710171952440000000001RspBody中Array[5]组包完毕,当前Array为:<s:RspRspBody><TransResult key="1    2     "><AA>1         </AA><BB>19</BB><CC>qwert</CC><DD>123.42231</DD></TransResult><TransResult key="1    2     "><AA>2         </AA><BB>19</BB><CC>asdfg</CC><DD>123.42231</DD></TransResult><TransResult key="1    2     "><AA>3         </AA><BB>19</BB><CC>tyuio</CC><DD>123.42231</DD></TransResult><TransResult key="1    2     "><AA>4         </AA><BB>19</BB><CC>oiuyt</CC><DD>123.42231</DD></TransResult></s:RspRspBody>
[2017-10-17 19:52:47,078][EsbPackService-1]com.ods.service.EsbPackService[439][DEBUG]: 流水号201710171952440000000001:AA增加到 DataLine 完成<AA>6         </AA>
[2017-10-17 19:52:47,078][EsbPackService-1]com.ods.service.EsbPackService[439][DEBUG]: 流水号201710171952440000000001:BB增加到 DataLine 完成<BB>19</BB>
[2017-10-17 19:52:47,078][EsbPackService-1]com.ods.service.EsbPackService[439][DEBUG]: 流水号201710171952440000000001:CC增加到 DataLine 完成<CC>zxcvb</CC>
[2017-10-17 19:52:47,079][EsbPackService-1]com.ods.service.EsbPackService[439][DEBUG]: 流水号201710171952440000000001:DD增加到 DataLine 完成<DD>123.42231</DD>
[2017-10-17 19:52:47,079][EsbPackService-1]com.ods.service.EsbPackService[441][DEBUG]: 流水号201710171952440000000001RspBody中Array[6]组包完毕,当前Array为:<s:RspRspBody><TransResult key="1    2     "><AA>1         </AA><BB>19</BB><CC>qwert</CC><DD>123.42231</DD></TransResult><TransResult key="1    2     "><AA>2         </AA><BB>19</BB><CC>asdfg</CC><DD>123.42231</DD></TransResult><TransResult key="1    2     "><AA>3         </AA><BB>19</BB><CC>tyuio</CC><DD>123.42231</DD></TransResult><TransResult key="1    2     "><AA>4         </AA><BB>19</BB><CC>oiuyt</CC><DD>123.42231</DD></TransResult><TransResult key="1    2     "><AA>5         </AA><BB>19</BB><CC>sddsgs</CC><DD>123.42231</DD></TransResult></s:RspRspBody>
[2017-10-17 19:52:47,080][EsbPackService-1]com.ods.service.EsbPackService[439][DEBUG]: 流水号201710171952440000000001:AA增加到 DataLine 完成<AA>7         </AA>
[2017-10-17 19:52:47,080][EsbPackService-1]com.ods.service.EsbPackService[439][DEBUG]: 流水号201710171952440000000001:BB增加到 DataLine 完成<BB>19</BB>
[2017-10-17 19:52:47,080][EsbPackService-1]com.ods.service.EsbPackService[439][DEBUG]: 流水号201710171952440000000001:CC增加到 DataLine 完成<CC>bnm,./</CC>
[2017-10-17 19:52:47,080][EsbPackService-1]com.ods.service.EsbPackService[439][DEBUG]: 流水号201710171952440000000001:DD增加到 DataLine 完成<DD>123.42231</DD>
[2017-10-17 19:52:47,081][EsbPackService-1]com.ods.service.EsbPackService[441][DEBUG]: 流水号201710171952440000000001RspBody中Array[7]组包完毕,当前Array为:<s:RspRspBody><TransResult key="1    2     "><AA>1         </AA><BB>19</BB><CC>qwert</CC><DD>123.42231</DD></TransResult><TransResult key="1    2     "><AA>2         </AA><BB>19</BB><CC>asdfg</CC><DD>123.42231</DD></TransResult><TransResult key="1    2     "><AA>3         </AA><BB>19</BB><CC>tyuio</CC><DD>123.42231</DD></TransResult><TransResult key="1    2     "><AA>4         </AA><BB>19</BB><CC>oiuyt</CC><DD>123.42231</DD></TransResult><TransResult key="1    2     "><AA>5         </AA><BB>19</BB><CC>sddsgs</CC><DD>123.42231</DD></TransResult><TransResult key="1    2     "><AA>6         </AA><BB>19</BB><CC>zxcvb</CC><DD>123.42231</DD></TransResult></s:RspRspBody>
[2017-10-17 19:52:47,081][EsbPackService-1]com.ods.service.EsbPackService[439][DEBUG]: 流水号201710171952440000000001:AA增加到 DataLine 完成<AA>8         </AA>
[2017-10-17 19:52:47,082][EsbPackService-1]com.ods.service.EsbPackService[439][DEBUG]: 流水号201710171952440000000001:BB增加到 DataLine 完成<BB>19</BB>
[2017-10-17 19:52:47,082][EsbPackService-1]com.ods.service.EsbPackService[439][DEBUG]: 流水号201710171952440000000001:CC增加到 DataLine 完成<CC>poiut</CC>
[2017-10-17 19:52:47,082][EsbPackService-1]com.ods.service.EsbPackService[439][DEBUG]: 流水号201710171952440000000001:DD增加到 DataLine 完成<DD>123.42231</DD>
[2017-10-17 19:52:47,082][EsbPackService-1]com.ods.service.EsbPackService[441][DEBUG]: 流水号201710171952440000000001RspBody中Array[8]组包完毕,当前Array为:<s:RspRspBody><TransResult key="1    2     "><AA>1         </AA><BB>19</BB><CC>qwert</CC><DD>123.42231</DD></TransResult><TransResult key="1    2     "><AA>2         </AA><BB>19</BB><CC>asdfg</CC><DD>123.42231</DD></TransResult><TransResult key="1    2     "><AA>3         </AA><BB>19</BB><CC>tyuio</CC><DD>123.42231</DD></TransResult><TransResult key="1    2     "><AA>4         </AA><BB>19</BB><CC>oiuyt</CC><DD>123.42231</DD></TransResult><TransResult key="1    2     "><AA>5         </AA><BB>19</BB><CC>sddsgs</CC><DD>123.42231</DD></TransResult><TransResult key="1    2     "><AA>6         </AA><BB>19</BB><CC>zxcvb</CC><DD>123.42231</DD></TransResult><TransResult key="1    2     "><AA>7         </AA><BB>19</BB><CC>bnm,./</CC><DD>123.42231</DD></TransResult></s:RspRspBody>
[2017-10-17 19:52:47,083][EsbPackService-1]com.ods.service.EsbPackService[439][DEBUG]: 流水号201710171952440000000001:AA增加到 DataLine 完成<AA>9         </AA>
[2017-10-17 19:52:47,083][EsbPackService-1]com.ods.service.EsbPackService[439][DEBUG]: 流水号201710171952440000000001:BB增加到 DataLine 完成<BB>19</BB>
[2017-10-17 19:52:47,083][EsbPackService-1]com.ods.service.EsbPackService[439][DEBUG]: 流水号201710171952440000000001:CC增加到 DataLine 完成<CC>wewtwr</CC>
[2017-10-17 19:52:47,083][EsbPackService-1]com.ods.service.EsbPackService[439][DEBUG]: 流水号201710171952440000000001:DD增加到 DataLine 完成<DD>123.42231</DD>
[2017-10-17 19:52:47,084][EsbPackService-1]com.ods.service.EsbPackService[441][DEBUG]: 流水号201710171952440000000001RspBody中Array[9]组包完毕,当前Array为:<s:RspRspBody><TransResult key="1    2     "><AA>1         </AA><BB>19</BB><CC>qwert</CC><DD>123.42231</DD></TransResult><TransResult key="1    2     "><AA>2         </AA><BB>19</BB><CC>asdfg</CC><DD>123.42231</DD></TransResult><TransResult key="1    2     "><AA>3         </AA><BB>19</BB><CC>tyuio</CC><DD>123.42231</DD></TransResult><TransResult key="1    2     "><AA>4         </AA><BB>19</BB><CC>oiuyt</CC><DD>123.42231</DD></TransResult><TransResult key="1    2     "><AA>5         </AA><BB>19</BB><CC>sddsgs</CC><DD>123.42231</DD></TransResult><TransResult key="1    2     "><AA>6         </AA><BB>19</BB><CC>zxcvb</CC><DD>123.42231</DD></TransResult><TransResult key="1    2     "><AA>7         </AA><BB>19</BB><CC>bnm,./</CC><DD>123.42231</DD></TransResult><TransResult key="1    2     "><AA>8         </AA><BB>19</BB><CC>poiut</CC><DD>123.42231</DD></TransResult></s:RspRspBody>
[2017-10-17 19:52:47,084][EsbPackService-1]com.ods.service.EsbPackService[439][DEBUG]: 流水号201710171952440000000001:AA增加到 DataLine 完成<AA>10        </AA>
[2017-10-17 19:52:47,084][EsbPackService-1]com.ods.service.EsbPackService[439][DEBUG]: 流水号201710171952440000000001:BB增加到 DataLine 完成<BB>19</BB>
[2017-10-17 19:52:47,084][EsbPackService-1]com.ods.service.EsbPackService[439][DEBUG]: 流水号201710171952440000000001:CC增加到 DataLine 完成<CC>rtyr</CC>
[2017-10-17 19:52:47,085][EsbPackService-1]com.ods.service.EsbPackService[439][DEBUG]: 流水号201710171952440000000001:DD增加到 DataLine 完成<DD>123.42231</DD>
[2017-10-17 19:52:47,085][EsbPackService-1]com.ods.service.EsbPackService[441][DEBUG]: 流水号201710171952440000000001RspBody中Array[10]组包完毕,当前Array为:<s:RspRspBody><TransResult key="1    2     "><AA>1         </AA><BB>19</BB><CC>qwert</CC><DD>123.42231</DD></TransResult><TransResult key="1    2     "><AA>2         </AA><BB>19</BB><CC>asdfg</CC><DD>123.42231</DD></TransResult><TransResult key="1    2     "><AA>3         </AA><BB>19</BB><CC>tyuio</CC><DD>123.42231</DD></TransResult><TransResult key="1    2     "><AA>4         </AA><BB>19</BB><CC>oiuyt</CC><DD>123.42231</DD></TransResult><TransResult key="1    2     "><AA>5         </AA><BB>19</BB><CC>sddsgs</CC><DD>123.42231</DD></TransResult><TransResult key="1    2     "><AA>6         </AA><BB>19</BB><CC>zxcvb</CC><DD>123.42231</DD></TransResult><TransResult key="1    2     "><AA>7         </AA><BB>19</BB><CC>bnm,./</CC><DD>123.42231</DD></TransResult><TransResult key="1    2     "><AA>8         </AA><BB>19</BB><CC>poiut</CC><DD>123.42231</DD></TransResult><TransResult key="1    2     "><AA>9         </AA><BB>19</BB><CC>wewtwr</CC><DD>123.42231</DD></TransResult></s:RspRspBody>
[2017-10-17 19:52:47,085][EsbPackService-1]com.ods.service.EsbPackService[439][DEBUG]: 流水号201710171952440000000001:AA增加到 DataLine 完成<AA>13        </AA>
[2017-10-17 19:52:47,086][EsbPackService-1]com.ods.service.EsbPackService[439][DEBUG]: 流水号201710171952440000000001:BB增加到 DataLine 完成<BB>19</BB>
[2017-10-17 19:52:47,086][EsbPackService-1]com.ods.service.EsbPackService[439][DEBUG]: 流水号201710171952440000000001:CC增加到 DataLine 完成<CC>eryey</CC>
[2017-10-17 19:52:47,086][EsbPackService-1]com.ods.service.EsbPackService[439][DEBUG]: 流水号201710171952440000000001:DD增加到 DataLine 完成<DD>123.42231</DD>
[2017-10-17 19:52:47,086][EsbPackService-1]com.ods.service.EsbPackService[441][DEBUG]: 流水号201710171952440000000001RspBody中Array[11]组包完毕,当前Array为:<s:RspRspBody><TransResult key="1    2     "><AA>1         </AA><BB>19</BB><CC>qwert</CC><DD>123.42231</DD></TransResult><TransResult key="1    2     "><AA>2         </AA><BB>19</BB><CC>asdfg</CC><DD>123.42231</DD></TransResult><TransResult key="1    2     "><AA>3         </AA><BB>19</BB><CC>tyuio</CC><DD>123.42231</DD></TransResult><TransResult key="1    2     "><AA>4         </AA><BB>19</BB><CC>oiuyt</CC><DD>123.42231</DD></TransResult><TransResult key="1    2     "><AA>5         </AA><BB>19</BB><CC>sddsgs</CC><DD>123.42231</DD></TransResult><TransResult key="1    2     "><AA>6         </AA><BB>19</BB><CC>zxcvb</CC><DD>123.42231</DD></TransResult><TransResult key="1    2     "><AA>7         </AA><BB>19</BB><CC>bnm,./</CC><DD>123.42231</DD></TransResult><TransResult key="1    2     "><AA>8         </AA><BB>19</BB><CC>poiut</CC><DD>123.42231</DD></TransResult><TransResult key="1    2     "><AA>9         </AA><BB>19</BB><CC>wewtwr</CC><DD>123.42231</DD></TransResult><TransResult key="1    2     "><AA>10        </AA><BB>19</BB><CC>rtyr</CC><DD>123.42231</DD></TransResult></s:RspRspBody>
[2017-10-17 19:52:47,087][EsbPackService-1]com.ods.service.EsbPackService[445][DEBUG]: 流水号201710171952440000000001 RspBody组包完毕,当前RspBody为:<s:RspRspBody><TransResult key="1    2     "><AA>1         </AA><BB>19</BB><CC>qwert</CC><DD>123.42231</DD></TransResult><TransResult key="1    2     "><AA>2         </AA><BB>19</BB><CC>asdfg</CC><DD>123.42231</DD></TransResult><TransResult key="1    2     "><AA>3         </AA><BB>19</BB><CC>tyuio</CC><DD>123.42231</DD></TransResult><TransResult key="1    2     "><AA>4         </AA><BB>19</BB><CC>oiuyt</CC><DD>123.42231</DD></TransResult><TransResult key="1    2     "><AA>5         </AA><BB>19</BB><CC>sddsgs</CC><DD>123.42231</DD></TransResult><TransResult key="1    2     "><AA>6         </AA><BB>19</BB><CC>zxcvb</CC><DD>123.42231</DD></TransResult><TransResult key="1    2     "><AA>7         </AA><BB>19</BB><CC>bnm,./</CC><DD>123.42231</DD></TransResult><TransResult key="1    2     "><AA>8         </AA><BB>19</BB><CC>poiut</CC><DD>123.42231</DD></TransResult><TransResult key="1    2     "><AA>9         </AA><BB>19</BB><CC>wewtwr</CC><DD>123.42231</DD></TransResult><TransResult key="1    2     "><AA>10        </AA><BB>19</BB><CC>rtyr</CC><DD>123.42231</DD></TransResult><TransResult key="1    2     "><AA>13        </AA><BB>19</BB><CC>eryey</CC><DD>123.42231</DD></TransResult></s:RspRspBody>
[2017-10-17 19:52:47,087][EsbPackService-1]com.ods.service.EsbPackService[179][DEBUG]: 201710171952440000000001组织 RspBody 完成,共3步,当前完成第3步
[2017-10-17 19:52:47,088][EsbPackService-1]com.ods.service.EsbPackService[181][DEBUG]:   <soapenv:Envelope xmlns:soapenv="http://schemas.xmlsoap.org/soap/envelope/" xmlns:s="http://esb.dcitsbiz.com/services/S030010001"><soapenv:Header/><soapenv:Body><s:RspS03001000101><s:ReqSysHead><s:SvcId>S030010001</s:SvcId><s:SvcScn>01</s:SvcScn><s:SvcSpltTxnCd/><s:SvcCstTxnCd/><s:MAC>8888888888888888888</s:MAC><s:CnsmrSysId/><s:Vrsn></s:Vrsn><s:CnsmrSeqNo></s:CnsmrSeqNo><s:SvcSplrSysId></s:SvcSplrSysId><s:SvcSplrSeqNo>201710171952440000000001</s:SvcSplrSeqNo><s:TxnDt>2017-08-24</s:TxnDt><s:TxnTm>15:00</s:TxnTm><s:AcgDt/><s:SvcSplrSvrId></s:SvcSplrSvrId><s:TxnChnlTp></s:TxnChnlTp><s:ChnlNo></s:ChnlNo><s:TxnTmlId></s:TxnTmlId><s:OrigCnsmrId></s:OrigCnsmrId><s:OrigCnsmrSeqNo>12423543654766576879</s:OrigCnsmrSeqNo><s:OrigtmlId/><s:OrigcnsmrsveId/><s:UsrLng/><s:Fileflg></s:Fileflg><s:TxnSt>S</s:TxnSt><s:RetCd>000000</s:RetCd><s:RetMsg></s:RetMsg></s:ReqSysHead><s:ReqAppHead><s:TxnTlrId>12312453456</s:TxnTlrId><s:OrgId/><s:TlrPwsd/><s:TlrLvl/><s:TlrTp/><s:aprvFlg/><s:AprvTlrInf><s:AprvTlrId/><s:AprvOrgId/><s:AprvTlrLvl/><s:AprvTlrTp/><s:Ahrflg/></s:AprvTlrInf><s:AhrTlrInf><s:AhrTlrId/><s:AhrOrgId/><s:AhrtlrPswd/><s:AhrTlrLvl/><s:AhrTlrTp/></s:AhrTlrInf><s:Scndflg/></s:ReqAppHead><s:ReqLocalHead/><s:RspRspBody><TransResult key="1    2     "><AA>1         </AA><BB>19</BB><CC>qwert</CC><DD>123.42231</DD></TransResult><TransResult key="1    2     "><AA>2         </AA><BB>19</BB><CC>asdfg</CC><DD>123.42231</DD></TransResult><TransResult key="1    2     "><AA>3         </AA><BB>19</BB><CC>tyuio</CC><DD>123.42231</DD></TransResult><TransResult key="1    2     "><AA>4         </AA><BB>19</BB><CC>oiuyt</CC><DD>123.42231</DD></TransResult><TransResult key="1    2     "><AA>5         </AA><BB>19</BB><CC>sddsgs</CC><DD>123.42231</DD></TransResult><TransResult key="1    2     "><AA>6         </AA><BB>19</BB><CC>zxcvb</CC><DD>123.42231</DD></TransResult><TransResult key="1    2     "><AA>7         </AA><BB>19</BB><CC>bnm,./</CC><DD>123.42231</DD></TransResult><TransResult key="1    2     "><AA>8         </AA><BB>19</BB><CC>poiut</CC><DD>123.42231</DD></TransResult><TransResult key="1    2     "><AA>9         </AA><BB>19</BB><CC>wewtwr</CC><DD>123.42231</DD></TransResult><TransResult key="1    2     "><AA>10        </AA><BB>19</BB><CC>rtyr</CC><DD>123.42231</DD></TransResult><TransResult key="1    2     "><AA>13        </AA><BB>19</BB><CC>eryey</CC><DD>123.42231</DD></TransResult></s:RspRspBody></s:RspS03001000101></soapenv:Body></soapenv:Envelope>

