[2017-10-16 09:04:46,302][main]com.ods.service.TxnService[52][INFO ]: 服务初始化完成, 输入队列:[TxnQueue] 输出队列:[PackQueue]
[2017-10-16 09:04:46,305][main]com.ods.service.TxnService[52][INFO ]: 服务初始化完成, 输入队列:[TxnQueue] 输出队列:[PackQueue]
[2017-10-16 09:04:46,307][main]com.ods.service.TxnService[52][INFO ]: 服务初始化完成, 输入队列:[TxnQueue] 输出队列:[PackQueue]
[2017-10-16 09:04:46,308][main]com.ods.service.TxnService[52][INFO ]: 服务初始化完成, 输入队列:[TxnQueue] 输出队列:[PackQueue]
[2017-10-16 09:04:46,310][main]com.ods.service.TxnService[52][INFO ]: 服务初始化完成, 输入队列:[TxnQueue] 输出队列:[PackQueue]
[2017-10-16 09:13:31,470][TxnService-4]com.ods.service.TxnService[88][INFO ]: test流水号201710160913310000000001处理开始
[2017-10-16 09:13:31,471][TxnService-4]com.ods.service.TxnService[149][INFO ]: test流水号201710160913310000000001获取RspBody中的入参加入到inParm列表完成
[2017-10-16 09:13:31,471][TxnService-4]com.ods.service.TxnService[162][DEBUG]: 获取的交易名称是:test 交易处理类名为:com.ods.transaction.test
[2017-10-16 09:13:31,474][TxnService-4]com.ods.service.TxnService[170][INFO ]: test流水号201710160913310000000001实例化 交易对应的处理类
[2017-10-16 09:13:32,880][TxnService-4]com.ods.service.TxnService[180][INFO ]: test流水号201710160913310000000001数据库操作交易处理完成
[2017-10-16 09:13:32,915][TxnService-4]com.ods.service.TxnService[207][INFO ]: test流水号201710160913310000000001生成key值 完成
[2017-10-16 09:13:32,915][TxnService-4]com.ods.service.TxnService[210][INFO ]: test流水号201710160913310000000001处理完成
[2017-10-16 09:16:31,994][TxnService-0]com.ods.service.TxnService[88][INFO ]: test流水号201710160916310000000002处理开始
[2017-10-16 09:16:31,997][TxnService-0]com.ods.service.TxnService[149][INFO ]: test流水号201710160916310000000002获取RspBody中的入参加入到inParm列表完成
[2017-10-16 09:16:31,997][TxnService-0]com.ods.service.TxnService[162][DEBUG]: 获取的交易名称是:test 交易处理类名为:com.ods.transaction.test
[2017-10-16 09:16:31,998][TxnService-0]com.ods.service.TxnService[170][INFO ]: test流水号201710160916310000000002实例化 交易对应的处理类
[2017-10-16 09:16:32,075][TxnService-0]com.ods.service.TxnService[180][INFO ]: test流水号201710160916310000000002数据库操作交易处理完成
[2017-10-16 09:16:32,077][TxnService-0]com.ods.service.TxnService[207][INFO ]: test流水号201710160916310000000002生成key值 完成
[2017-10-16 09:16:32,077][TxnService-0]com.ods.service.TxnService[210][INFO ]: test流水号201710160916310000000002处理完成
[2017-10-16 09:18:41,892][main]com.ods.service.TxnService[52][INFO ]: 服务初始化完成, 输入队列:[TxnQueue] 输出队列:[PackQueue]
[2017-10-16 09:18:41,893][main]com.ods.service.TxnService[52][INFO ]: 服务初始化完成, 输入队列:[TxnQueue] 输出队列:[PackQueue]
[2017-10-16 09:18:41,894][main]com.ods.service.TxnService[52][INFO ]: 服务初始化完成, 输入队列:[TxnQueue] 输出队列:[PackQueue]
[2017-10-16 09:18:41,895][main]com.ods.service.TxnService[52][INFO ]: 服务初始化完成, 输入队列:[TxnQueue] 输出队列:[PackQueue]
[2017-10-16 09:18:41,900][main]com.ods.service.TxnService[52][INFO ]: 服务初始化完成, 输入队列:[TxnQueue] 输出队列:[PackQueue]
[2017-10-16 09:33:40,854][TxnService-4]com.ods.service.TxnService[88][INFO ]: test流水号201710160933400000000001处理开始
[2017-10-16 09:33:40,855][TxnService-4]com.ods.service.TxnService[149][INFO ]: test流水号201710160933400000000001获取RspBody中的入参加入到inParm列表完成
[2017-10-16 09:33:40,855][TxnService-4]com.ods.service.TxnService[162][DEBUG]: 获取的交易名称是:test 交易处理类名为:com.ods.transaction.test
[2017-10-16 09:33:40,860][TxnService-4]com.ods.service.TxnService[170][INFO ]: test流水号201710160933400000000001实例化 交易对应的处理类
[2017-10-16 09:33:41,754][TxnService-4]com.ods.service.TxnService[180][INFO ]: test流水号201710160933400000000001数据库操作交易处理完成
[2017-10-16 09:33:41,759][TxnService-4]com.ods.service.TxnService[207][INFO ]: test流水号201710160933400000000001生成key值 完成
[2017-10-16 09:33:41,759][TxnService-4]com.ods.service.TxnService[210][INFO ]: test流水号201710160933400000000001处理完成
[2017-10-16 09:37:29,132][TxnService-4]com.ods.service.TxnService[88][INFO ]: test流水号201710160937290000000002处理开始
[2017-10-16 09:37:29,133][TxnService-4]com.ods.service.TxnService[149][INFO ]: test流水号201710160937290000000002获取RspBody中的入参加入到inParm列表完成
[2017-10-16 09:37:29,134][TxnService-4]com.ods.service.TxnService[162][DEBUG]: 获取的交易名称是:test 交易处理类名为:com.ods.transaction.test
[2017-10-16 09:37:29,134][TxnService-4]com.ods.service.TxnService[170][INFO ]: test流水号201710160937290000000002实例化 交易对应的处理类
[2017-10-16 09:37:29,193][TxnService-4]com.ods.service.TxnService[180][INFO ]: test流水号201710160937290000000002数据库操作交易处理完成
[2017-10-16 09:37:29,195][TxnService-4]com.ods.service.TxnService[207][INFO ]: test流水号201710160937290000000002生成key值 完成
[2017-10-16 09:37:29,195][TxnService-4]com.ods.service.TxnService[210][INFO ]: test流水号201710160937290000000002处理完成
[2017-10-16 09:41:35,180][main]com.ods.service.TxnService[52][INFO ]: 服务初始化完成, 输入队列:[TxnQueue] 输出队列:[PackQueue]
[2017-10-16 09:41:35,181][main]com.ods.service.TxnService[52][INFO ]: 服务初始化完成, 输入队列:[TxnQueue] 输出队列:[PackQueue]
[2017-10-16 09:41:35,182][main]com.ods.service.TxnService[52][INFO ]: 服务初始化完成, 输入队列:[TxnQueue] 输出队列:[PackQueue]
[2017-10-16 09:41:35,184][main]com.ods.service.TxnService[52][INFO ]: 服务初始化完成, 输入队列:[TxnQueue] 输出队列:[PackQueue]
[2017-10-16 09:41:35,186][main]com.ods.service.TxnService[52][INFO ]: 服务初始化完成, 输入队列:[TxnQueue] 输出队列:[PackQueue]
[2017-10-16 09:42:00,075][TxnService-4]com.ods.service.TxnService[88][INFO ]: test流水号201710160941590000000001处理开始
[2017-10-16 09:42:00,077][TxnService-4]com.ods.service.TxnService[149][INFO ]: test流水号201710160941590000000001获取RspBody中的入参加入到inParm列表完成
[2017-10-16 09:42:00,077][TxnService-4]com.ods.service.TxnService[162][DEBUG]: 获取的交易名称是:test 交易处理类名为:com.ods.transaction.test
[2017-10-16 09:42:00,081][TxnService-4]com.ods.service.TxnService[170][INFO ]: test流水号201710160941590000000001实例化 交易对应的处理类
[2017-10-16 09:42:01,197][TxnService-4]com.ods.service.TxnService[180][INFO ]: test流水号201710160941590000000001数据库操作交易处理完成
[2017-10-16 09:42:01,200][TxnService-4]com.ods.service.TxnService[207][INFO ]: test流水号201710160941590000000001生成key值 完成
[2017-10-16 09:42:01,201][TxnService-4]com.ods.service.TxnService[210][INFO ]: test流水号201710160941590000000001处理完成
[2017-10-16 09:42:34,716][TxnService-2]com.ods.service.TxnService[88][INFO ]: test流水号201710160942340000000002处理开始
[2017-10-16 09:42:34,717][TxnService-2]com.ods.service.TxnService[149][INFO ]: test流水号201710160942340000000002获取RspBody中的入参加入到inParm列表完成
[2017-10-16 09:42:34,717][TxnService-2]com.ods.service.TxnService[162][DEBUG]: 获取的交易名称是:test 交易处理类名为:com.ods.transaction.test
[2017-10-16 09:42:34,717][TxnService-2]com.ods.service.TxnService[170][INFO ]: test流水号201710160942340000000002实例化 交易对应的处理类
[2017-10-16 09:42:34,730][TxnService-2]com.ods.service.TxnService[180][INFO ]: test流水号201710160942340000000002数据库操作交易处理完成
[2017-10-16 09:42:34,732][TxnService-2]com.ods.service.TxnService[207][INFO ]: test流水号201710160942340000000002生成key值 完成
[2017-10-16 09:42:34,733][TxnService-2]com.ods.service.TxnService[210][INFO ]: test流水号201710160942340000000002处理完成
[2017-10-16 09:45:20,976][main]com.ods.service.TxnService[52][INFO ]: 服务初始化完成, 输入队列:[TxnQueue] 输出队列:[PackQueue]
[2017-10-16 09:45:20,978][main]com.ods.service.TxnService[52][INFO ]: 服务初始化完成, 输入队列:[TxnQueue] 输出队列:[PackQueue]
[2017-10-16 09:45:20,979][main]com.ods.service.TxnService[52][INFO ]: 服务初始化完成, 输入队列:[TxnQueue] 输出队列:[PackQueue]
[2017-10-16 09:45:20,980][main]com.ods.service.TxnService[52][INFO ]: 服务初始化完成, 输入队列:[TxnQueue] 输出队列:[PackQueue]
[2017-10-16 09:45:20,981][main]com.ods.service.TxnService[52][INFO ]: 服务初始化完成, 输入队列:[TxnQueue] 输出队列:[PackQueue]
[2017-10-16 09:45:26,059][main]com.ods.service.TxnService[52][INFO ]: 服务初始化完成, 输入队列:[TxnQueue] 输出队列:[PackQueue]
[2017-10-16 09:45:26,059][main]com.ods.service.TxnService[52][INFO ]: 服务初始化完成, 输入队列:[TxnQueue] 输出队列:[PackQueue]
[2017-10-16 09:45:26,060][main]com.ods.service.TxnService[52][INFO ]: 服务初始化完成, 输入队列:[TxnQueue] 输出队列:[PackQueue]
[2017-10-16 09:45:26,061][main]com.ods.service.TxnService[52][INFO ]: 服务初始化完成, 输入队列:[TxnQueue] 输出队列:[PackQueue]
[2017-10-16 09:45:26,062][main]com.ods.service.TxnService[52][INFO ]: 服务初始化完成, 输入队列:[TxnQueue] 输出队列:[PackQueue]
[2017-10-16 09:45:43,396][main]com.ods.service.TxnService[52][INFO ]: 服务初始化完成, 输入队列:[TxnQueue] 输出队列:[PackQueue]
[2017-10-16 09:45:43,397][main]com.ods.service.TxnService[52][INFO ]: 服务初始化完成, 输入队列:[TxnQueue] 输出队列:[PackQueue]
[2017-10-16 09:45:43,398][main]com.ods.service.TxnService[52][INFO ]: 服务初始化完成, 输入队列:[TxnQueue] 输出队列:[PackQueue]
[2017-10-16 09:45:43,399][main]com.ods.service.TxnService[52][INFO ]: 服务初始化完成, 输入队列:[TxnQueue] 输出队列:[PackQueue]
[2017-10-16 09:45:43,401][main]com.ods.service.TxnService[52][INFO ]: 服务初始化完成, 输入队列:[TxnQueue] 输出队列:[PackQueue]
[2017-10-16 09:45:47,110][main]com.ods.service.TxnService[52][INFO ]: 服务初始化完成, 输入队列:[TxnQueue] 输出队列:[PackQueue]
[2017-10-16 09:45:47,111][main]com.ods.service.TxnService[52][INFO ]: 服务初始化完成, 输入队列:[TxnQueue] 输出队列:[PackQueue]
[2017-10-16 09:45:47,112][main]com.ods.service.TxnService[52][INFO ]: 服务初始化完成, 输入队列:[TxnQueue] 输出队列:[PackQueue]
[2017-10-16 09:45:47,113][main]com.ods.service.TxnService[52][INFO ]: 服务初始化完成, 输入队列:[TxnQueue] 输出队列:[PackQueue]
[2017-10-16 09:45:47,113][main]com.ods.service.TxnService[52][INFO ]: 服务初始化完成, 输入队列:[TxnQueue] 输出队列:[PackQueue]
[2017-10-16 09:46:02,118][main]com.ods.service.TxnService[52][INFO ]: 服务初始化完成, 输入队列:[TxnQueue] 输出队列:[PackQueue]
[2017-10-16 09:46:02,119][main]com.ods.service.TxnService[52][INFO ]: 服务初始化完成, 输入队列:[TxnQueue] 输出队列:[PackQueue]
[2017-10-16 09:46:02,119][main]com.ods.service.TxnService[52][INFO ]: 服务初始化完成, 输入队列:[TxnQueue] 输出队列:[PackQueue]
[2017-10-16 09:46:02,120][main]com.ods.service.TxnService[52][INFO ]: 服务初始化完成, 输入队列:[TxnQueue] 输出队列:[PackQueue]
[2017-10-16 09:46:02,121][main]com.ods.service.TxnService[52][INFO ]: 服务初始化完成, 输入队列:[TxnQueue] 输出队列:[PackQueue]
[2017-10-16 09:46:18,303][TxnService-0]com.ods.service.TxnService[88][INFO ]: test流水号201710160946180000000001处理开始
[2017-10-16 09:46:18,304][TxnService-0]com.ods.service.TxnService[149][INFO ]: test流水号201710160946180000000001获取RspBody中的入参加入到inParm列表完成
[2017-10-16 09:46:18,305][TxnService-0]com.ods.service.TxnService[162][DEBUG]: 获取的交易名称是:test 交易处理类名为:com.ods.transaction.test
[2017-10-16 09:46:18,308][TxnService-0]com.ods.service.TxnService[170][INFO ]: test流水号201710160946180000000001实例化 交易对应的处理类
[2017-10-16 09:46:19,146][TxnService-0]com.ods.service.TxnService[180][INFO ]: test流水号201710160946180000000001数据库操作交易处理完成
[2017-10-16 09:46:19,150][TxnService-0]com.ods.service.TxnService[207][INFO ]: test流水号201710160946180000000001生成key值 完成
[2017-10-16 09:46:19,151][TxnService-0]com.ods.service.TxnService[210][INFO ]: test流水号201710160946180000000001处理完成
[2017-10-16 09:48:00,485][main]com.ods.service.TxnService[52][INFO ]: 服务初始化完成, 输入队列:[TxnQueue] 输出队列:[PackQueue]
[2017-10-16 09:48:00,488][main]com.ods.service.TxnService[52][INFO ]: 服务初始化完成, 输入队列:[TxnQueue] 输出队列:[PackQueue]
[2017-10-16 09:48:00,489][main]com.ods.service.TxnService[52][INFO ]: 服务初始化完成, 输入队列:[TxnQueue] 输出队列:[PackQueue]
[2017-10-16 09:48:00,491][main]com.ods.service.TxnService[52][INFO ]: 服务初始化完成, 输入队列:[TxnQueue] 输出队列:[PackQueue]
[2017-10-16 09:48:00,494][main]com.ods.service.TxnService[52][INFO ]: 服务初始化完成, 输入队列:[TxnQueue] 输出队列:[PackQueue]
[2017-10-16 09:48:13,176][TxnService-1]com.ods.service.TxnService[88][INFO ]: test流水号201710160948120000000001处理开始
[2017-10-16 09:48:13,177][TxnService-1]com.ods.service.TxnService[149][INFO ]: test流水号201710160948120000000001获取RspBody中的入参加入到inParm列表完成
[2017-10-16 09:48:13,178][TxnService-1]com.ods.service.TxnService[162][DEBUG]: 获取的交易名称是:test 交易处理类名为:com.ods.transaction.test
[2017-10-16 09:48:13,180][TxnService-1]com.ods.service.TxnService[170][INFO ]: test流水号201710160948120000000001实例化 交易对应的处理类
[2017-10-16 09:48:14,053][TxnService-1]com.ods.service.TxnService[180][INFO ]: test流水号201710160948120000000001数据库操作交易处理完成
[2017-10-16 09:48:14,057][TxnService-1]com.ods.service.TxnService[207][INFO ]: test流水号201710160948120000000001生成key值 完成
[2017-10-16 09:48:14,058][TxnService-1]com.ods.service.TxnService[210][INFO ]: test流水号201710160948120000000001处理完成
[2017-10-16 09:49:14,268][main]com.ods.service.TxnService[52][INFO ]: 服务初始化完成, 输入队列:[TxnQueue] 输出队列:[PackQueue]
[2017-10-16 09:49:14,269][main]com.ods.service.TxnService[52][INFO ]: 服务初始化完成, 输入队列:[TxnQueue] 输出队列:[PackQueue]
[2017-10-16 09:49:14,270][main]com.ods.service.TxnService[52][INFO ]: 服务初始化完成, 输入队列:[TxnQueue] 输出队列:[PackQueue]
[2017-10-16 09:49:14,271][main]com.ods.service.TxnService[52][INFO ]: 服务初始化完成, 输入队列:[TxnQueue] 输出队列:[PackQueue]
[2017-10-16 09:49:14,272][main]com.ods.service.TxnService[52][INFO ]: 服务初始化完成, 输入队列:[TxnQueue] 输出队列:[PackQueue]
[2017-10-16 09:49:36,265][TxnService-4]com.ods.service.TxnService[88][INFO ]: test流水号201710160949360000000001处理开始
[2017-10-16 09:49:36,267][TxnService-4]com.ods.service.TxnService[149][INFO ]: test流水号201710160949360000000001获取RspBody中的入参加入到inParm列表完成
[2017-10-16 09:49:36,267][TxnService-4]com.ods.service.TxnService[162][DEBUG]: 获取的交易名称是:test 交易处理类名为:com.ods.transaction.test
[2017-10-16 09:49:36,270][TxnService-4]com.ods.service.TxnService[170][INFO ]: test流水号201710160949360000000001实例化 交易对应的处理类
[2017-10-16 09:49:37,169][TxnService-4]com.ods.service.TxnService[180][INFO ]: test流水号201710160949360000000001数据库操作交易处理完成
[2017-10-16 09:49:37,173][TxnService-4]com.ods.service.TxnService[207][INFO ]: test流水号201710160949360000000001生成key值 完成
[2017-10-16 09:49:37,174][TxnService-4]com.ods.service.TxnService[210][INFO ]: test流水号201710160949360000000001处理完成
[2017-10-16 10:06:59,222][main]com.ods.service.TxnService[52][INFO ]: 服务初始化完成, 输入队列:[TxnQueue] 输出队列:[PackQueue]
[2017-10-16 10:06:59,223][main]com.ods.service.TxnService[52][INFO ]: 服务初始化完成, 输入队列:[TxnQueue] 输出队列:[PackQueue]
[2017-10-16 10:06:59,224][main]com.ods.service.TxnService[52][INFO ]: 服务初始化完成, 输入队列:[TxnQueue] 输出队列:[PackQueue]
[2017-10-16 10:06:59,225][main]com.ods.service.TxnService[52][INFO ]: 服务初始化完成, 输入队列:[TxnQueue] 输出队列:[PackQueue]
[2017-10-16 10:06:59,226][main]com.ods.service.TxnService[52][INFO ]: 服务初始化完成, 输入队列:[TxnQueue] 输出队列:[PackQueue]
[2017-10-16 10:07:04,586][main]com.ods.service.TxnService[52][INFO ]: 服务初始化完成, 输入队列:[TxnQueue] 输出队列:[PackQueue]
[2017-10-16 10:07:04,587][main]com.ods.service.TxnService[52][INFO ]: 服务初始化完成, 输入队列:[TxnQueue] 输出队列:[PackQueue]
[2017-10-16 10:07:04,588][main]com.ods.service.TxnService[52][INFO ]: 服务初始化完成, 输入队列:[TxnQueue] 输出队列:[PackQueue]
[2017-10-16 10:07:04,589][main]com.ods.service.TxnService[52][INFO ]: 服务初始化完成, 输入队列:[TxnQueue] 输出队列:[PackQueue]
[2017-10-16 10:07:04,590][main]com.ods.service.TxnService[52][INFO ]: 服务初始化完成, 输入队列:[TxnQueue] 输出队列:[PackQueue]
[2017-10-16 10:07:09,404][TxnService-3]com.ods.service.TxnService[88][INFO ]: test流水号201710161007090000000001处理开始
[2017-10-16 10:07:09,405][TxnService-3]com.ods.service.TxnService[149][INFO ]: test流水号201710161007090000000001获取RspBody中的入参加入到inParm列表完成
[2017-10-16 10:07:09,405][TxnService-3]com.ods.service.TxnService[162][DEBUG]: 获取的交易名称是:test 交易处理类名为:com.ods.transaction.test
[2017-10-16 10:07:09,408][TxnService-3]com.ods.service.TxnService[170][INFO ]: test流水号201710161007090000000001实例化 交易对应的处理类
[2017-10-16 10:07:10,278][TxnService-3]com.ods.service.TxnService[180][INFO ]: test流水号201710161007090000000001数据库操作交易处理完成
[2017-10-16 10:07:10,282][TxnService-3]com.ods.service.TxnService[207][INFO ]: test流水号201710161007090000000001生成key值 完成
[2017-10-16 10:07:10,283][TxnService-3]com.ods.service.TxnService[210][INFO ]: test流水号201710161007090000000001处理完成
[2017-10-16 10:16:31,416][main]com.ods.service.TxnService[52][INFO ]: 服务初始化完成, 输入队列:[TxnQueue] 输出队列:[PackQueue]
[2017-10-16 10:16:31,417][main]com.ods.service.TxnService[52][INFO ]: 服务初始化完成, 输入队列:[TxnQueue] 输出队列:[PackQueue]
[2017-10-16 10:16:31,418][main]com.ods.service.TxnService[52][INFO ]: 服务初始化完成, 输入队列:[TxnQueue] 输出队列:[PackQueue]
[2017-10-16 10:16:31,419][main]com.ods.service.TxnService[52][INFO ]: 服务初始化完成, 输入队列:[TxnQueue] 输出队列:[PackQueue]
[2017-10-16 10:16:31,423][main]com.ods.service.TxnService[52][INFO ]: 服务初始化完成, 输入队列:[TxnQueue] 输出队列:[PackQueue]
[2017-10-16 10:34:44,760][TxnService-0]com.ods.service.TxnService[88][INFO ]: test流水号201710161034440000000001处理开始
[2017-10-16 10:34:44,761][TxnService-0]com.ods.service.TxnService[149][INFO ]: test流水号201710161034440000000001获取RspBody中的入参加入到inParm列表完成
[2017-10-16 10:34:44,762][TxnService-0]com.ods.service.TxnService[162][DEBUG]: 获取的交易名称是:test 交易处理类名为:com.ods.transaction.test
[2017-10-16 10:34:44,764][TxnService-0]com.ods.service.TxnService[170][INFO ]: test流水号201710161034440000000001实例化 交易对应的处理类
[2017-10-16 10:34:45,740][TxnService-0]com.ods.service.TxnService[180][INFO ]: test流水号201710161034440000000001数据库操作交易处理完成
[2017-10-16 10:34:45,743][TxnService-0]com.ods.service.TxnService[207][INFO ]: test流水号201710161034440000000001生成key值 完成
[2017-10-16 10:34:45,744][TxnService-0]com.ods.service.TxnService[210][INFO ]: test流水号201710161034440000000001处理完成
[2017-10-16 10:44:49,886][TxnService-4]com.ods.service.TxnService[88][INFO ]: test流水号201710161044490000000002处理开始
[2017-10-16 10:44:49,887][TxnService-4]com.ods.service.TxnService[149][INFO ]: test流水号201710161044490000000002获取RspBody中的入参加入到inParm列表完成
[2017-10-16 10:44:49,887][TxnService-4]com.ods.service.TxnService[162][DEBUG]: 获取的交易名称是:test 交易处理类名为:com.ods.transaction.test
[2017-10-16 10:44:49,887][TxnService-4]com.ods.service.TxnService[170][INFO ]: test流水号201710161044490000000002实例化 交易对应的处理类
[2017-10-16 10:44:49,960][TxnService-4]com.ods.service.TxnService[180][INFO ]: test流水号201710161044490000000002数据库操作交易处理完成
[2017-10-16 10:44:49,962][TxnService-4]com.ods.service.TxnService[207][INFO ]: test流水号201710161044490000000002生成key值 完成
[2017-10-16 10:44:49,962][TxnService-4]com.ods.service.TxnService[210][INFO ]: test流水号201710161044490000000002处理完成
[2017-10-16 10:45:26,929][TxnService-1]com.ods.service.TxnService[88][INFO ]: test流水号201710161045260000000003处理开始
[2017-10-16 10:45:26,930][TxnService-1]com.ods.service.TxnService[149][INFO ]: test流水号201710161045260000000003获取RspBody中的入参加入到inParm列表完成
[2017-10-16 10:45:26,930][TxnService-1]com.ods.service.TxnService[162][DEBUG]: 获取的交易名称是:test 交易处理类名为:com.ods.transaction.test
[2017-10-16 10:45:26,930][TxnService-1]com.ods.service.TxnService[170][INFO ]: test流水号201710161045260000000003实例化 交易对应的处理类
[2017-10-16 10:45:26,936][TxnService-1]com.ods.service.TxnService[180][INFO ]: test流水号201710161045260000000003数据库操作交易处理完成
[2017-10-16 10:45:26,938][TxnService-1]com.ods.service.TxnService[207][INFO ]: test流水号201710161045260000000003生成key值 完成
[2017-10-16 10:45:26,938][TxnService-1]com.ods.service.TxnService[210][INFO ]: test流水号201710161045260000000003处理完成
[2017-10-16 10:46:03,438][TxnService-1]com.ods.service.TxnService[88][INFO ]: test流水号201710161046030000000004处理开始
[2017-10-16 10:46:03,439][TxnService-1]com.ods.service.TxnService[149][INFO ]: test流水号201710161046030000000004获取RspBody中的入参加入到inParm列表完成
[2017-10-16 10:46:03,439][TxnService-1]com.ods.service.TxnService[162][DEBUG]: 获取的交易名称是:test 交易处理类名为:com.ods.transaction.test
[2017-10-16 10:46:03,439][TxnService-1]com.ods.service.TxnService[170][INFO ]: test流水号201710161046030000000004实例化 交易对应的处理类
[2017-10-16 10:46:03,444][TxnService-1]com.ods.service.TxnService[180][INFO ]: test流水号201710161046030000000004数据库操作交易处理完成
[2017-10-16 10:46:03,445][TxnService-1]com.ods.service.TxnService[207][INFO ]: test流水号201710161046030000000004生成key值 完成
[2017-10-16 10:46:03,446][TxnService-1]com.ods.service.TxnService[210][INFO ]: test流水号201710161046030000000004处理完成
[2017-10-16 11:00:17,878][main]com.ods.service.TxnService[52][INFO ]: 服务初始化完成, 输入队列:[TxnQueue] 输出队列:[PackQueue]
[2017-10-16 11:00:17,879][main]com.ods.service.TxnService[52][INFO ]: 服务初始化完成, 输入队列:[TxnQueue] 输出队列:[PackQueue]
[2017-10-16 11:00:17,881][main]com.ods.service.TxnService[52][INFO ]: 服务初始化完成, 输入队列:[TxnQueue] 输出队列:[PackQueue]
[2017-10-16 11:00:17,882][main]com.ods.service.TxnService[52][INFO ]: 服务初始化完成, 输入队列:[TxnQueue] 输出队列:[PackQueue]
[2017-10-16 11:00:17,884][main]com.ods.service.TxnService[52][INFO ]: 服务初始化完成, 输入队列:[TxnQueue] 输出队列:[PackQueue]
[2017-10-16 11:00:29,095][TxnService-3]com.ods.service.TxnService[88][INFO ]: test流水号201710161100280000000001处理开始
[2017-10-16 11:00:29,096][TxnService-3]com.ods.service.TxnService[149][INFO ]: test流水号201710161100280000000001获取RspBody中的入参加入到inParm列表完成
[2017-10-16 11:00:29,096][TxnService-3]com.ods.service.TxnService[162][DEBUG]: 获取的交易名称是:test 交易处理类名为:com.ods.transaction.test
[2017-10-16 11:00:29,100][TxnService-3]com.ods.service.TxnService[170][INFO ]: test流水号201710161100280000000001实例化 交易对应的处理类
[2017-10-16 11:00:29,991][TxnService-3]com.ods.service.TxnService[180][INFO ]: test流水号201710161100280000000001数据库操作交易处理完成
[2017-10-16 11:00:29,995][TxnService-3]com.ods.service.TxnService[207][INFO ]: test流水号201710161100280000000001生成key值 完成
[2017-10-16 11:00:29,996][TxnService-3]com.ods.service.TxnService[210][INFO ]: test流水号201710161100280000000001处理完成
[2017-10-16 11:27:16,174][main]com.ods.service.TxnService[52][INFO ]: 服务初始化完成, 输入队列:[TxnQueue] 输出队列:[PackQueue]
[2017-10-16 11:27:16,180][main]com.ods.service.TxnService[52][INFO ]: 服务初始化完成, 输入队列:[TxnQueue] 输出队列:[PackQueue]
[2017-10-16 11:27:16,182][main]com.ods.service.TxnService[52][INFO ]: 服务初始化完成, 输入队列:[TxnQueue] 输出队列:[PackQueue]
[2017-10-16 11:27:16,184][main]com.ods.service.TxnService[52][INFO ]: 服务初始化完成, 输入队列:[TxnQueue] 输出队列:[PackQueue]
[2017-10-16 11:27:16,186][main]com.ods.service.TxnService[52][INFO ]: 服务初始化完成, 输入队列:[TxnQueue] 输出队列:[PackQueue]
[2017-10-16 11:27:23,206][TxnService-4]com.ods.service.TxnService[88][INFO ]: test流水号201710161127230000000001处理开始
[2017-10-16 11:27:23,209][TxnService-4]com.ods.service.TxnService[149][INFO ]: test流水号201710161127230000000001获取RspBody中的入参加入到inParm列表完成
[2017-10-16 11:27:23,209][TxnService-4]com.ods.service.TxnService[162][DEBUG]: 获取的交易名称是:test 交易处理类名为:com.ods.transaction.test
[2017-10-16 11:27:23,213][TxnService-4]com.ods.service.TxnService[170][INFO ]: test流水号201710161127230000000001实例化 交易对应的处理类
[2017-10-16 11:27:24,101][TxnService-4]com.ods.service.TxnService[180][INFO ]: test流水号201710161127230000000001数据库操作交易处理完成
[2017-10-16 11:27:24,105][TxnService-4]com.ods.service.TxnService[207][INFO ]: test流水号201710161127230000000001生成key值 完成
[2017-10-16 11:27:24,106][TxnService-4]com.ods.service.TxnService[210][INFO ]: test流水号201710161127230000000001处理完成
[2017-10-16 11:27:44,174][main]com.ods.service.TxnService[52][INFO ]: 服务初始化完成, 输入队列:[TxnQueue] 输出队列:[PackQueue]
[2017-10-16 11:27:44,174][main]com.ods.service.TxnService[52][INFO ]: 服务初始化完成, 输入队列:[TxnQueue] 输出队列:[PackQueue]
[2017-10-16 11:27:44,175][main]com.ods.service.TxnService[52][INFO ]: 服务初始化完成, 输入队列:[TxnQueue] 输出队列:[PackQueue]
[2017-10-16 11:27:44,176][main]com.ods.service.TxnService[52][INFO ]: 服务初始化完成, 输入队列:[TxnQueue] 输出队列:[PackQueue]
[2017-10-16 11:27:44,177][main]com.ods.service.TxnService[52][INFO ]: 服务初始化完成, 输入队列:[TxnQueue] 输出队列:[PackQueue]
[2017-10-16 11:27:46,971][TxnService-0]com.ods.service.TxnService[88][INFO ]: test流水号201710161127460000000001处理开始
[2017-10-16 11:27:46,972][TxnService-0]com.ods.service.TxnService[149][INFO ]: test流水号201710161127460000000001获取RspBody中的入参加入到inParm列表完成
[2017-10-16 11:27:46,972][TxnService-0]com.ods.service.TxnService[162][DEBUG]: 获取的交易名称是:test 交易处理类名为:com.ods.transaction.test
[2017-10-16 11:27:46,976][TxnService-0]com.ods.service.TxnService[170][INFO ]: test流水号201710161127460000000001实例化 交易对应的处理类
[2017-10-16 11:27:47,817][TxnService-0]com.ods.service.TxnService[180][INFO ]: test流水号201710161127460000000001数据库操作交易处理完成
[2017-10-16 11:27:47,823][TxnService-0]com.ods.service.TxnService[207][INFO ]: test流水号201710161127460000000001生成key值 完成
[2017-10-16 11:27:47,823][TxnService-0]com.ods.service.TxnService[210][INFO ]: test流水号201710161127460000000001处理完成
[2017-10-16 11:30:01,449][main]com.ods.service.TxnService[52][INFO ]: 服务初始化完成, 输入队列:[TxnQueue] 输出队列:[PackQueue]
[2017-10-16 11:30:01,450][main]com.ods.service.TxnService[52][INFO ]: 服务初始化完成, 输入队列:[TxnQueue] 输出队列:[PackQueue]
[2017-10-16 11:30:01,450][main]com.ods.service.TxnService[52][INFO ]: 服务初始化完成, 输入队列:[TxnQueue] 输出队列:[PackQueue]
[2017-10-16 11:30:01,452][main]com.ods.service.TxnService[52][INFO ]: 服务初始化完成, 输入队列:[TxnQueue] 输出队列:[PackQueue]
[2017-10-16 11:30:01,454][main]com.ods.service.TxnService[52][INFO ]: 服务初始化完成, 输入队列:[TxnQueue] 输出队列:[PackQueue]
[2017-10-16 11:30:07,090][TxnService-2]com.ods.service.TxnService[88][INFO ]: test流水号201710161130060000000001处理开始
[2017-10-16 11:30:07,091][TxnService-2]com.ods.service.TxnService[149][INFO ]: test流水号201710161130060000000001获取RspBody中的入参加入到inParm列表完成
[2017-10-16 11:30:07,092][TxnService-2]com.ods.service.TxnService[162][DEBUG]: 获取的交易名称是:test 交易处理类名为:com.ods.transaction.test
[2017-10-16 11:30:07,096][TxnService-2]com.ods.service.TxnService[170][INFO ]: test流水号201710161130060000000001实例化 交易对应的处理类
[2017-10-16 11:30:07,975][TxnService-2]com.ods.service.TxnService[180][INFO ]: test流水号201710161130060000000001数据库操作交易处理完成
[2017-10-16 11:30:07,979][TxnService-2]com.ods.service.TxnService[207][INFO ]: test流水号201710161130060000000001生成key值 完成
[2017-10-16 11:30:07,979][TxnService-2]com.ods.service.TxnService[210][INFO ]: test流水号201710161130060000000001处理完成
[2017-10-16 11:31:43,156][TxnService-3]com.ods.service.TxnService[88][INFO ]: test流水号201710161131430000000002处理开始
[2017-10-16 11:31:43,157][TxnService-3]com.ods.service.TxnService[149][INFO ]: test流水号201710161131430000000002获取RspBody中的入参加入到inParm列表完成
[2017-10-16 11:31:43,157][TxnService-3]com.ods.service.TxnService[162][DEBUG]: 获取的交易名称是:test 交易处理类名为:com.ods.transaction.test
[2017-10-16 11:31:43,158][TxnService-3]com.ods.service.TxnService[170][INFO ]: test流水号201710161131430000000002实例化 交易对应的处理类
[2017-10-16 11:31:43,211][TxnService-3]com.ods.service.TxnService[180][INFO ]: test流水号201710161131430000000002数据库操作交易处理完成
[2017-10-16 11:31:43,213][TxnService-3]com.ods.service.TxnService[207][INFO ]: test流水号201710161131430000000002生成key值 完成
[2017-10-16 11:31:43,214][TxnService-3]com.ods.service.TxnService[210][INFO ]: test流水号201710161131430000000002处理完成
[2017-10-16 11:32:54,867][TxnService-2]com.ods.service.TxnService[88][INFO ]: test流水号201710161132540000000003处理开始
[2017-10-16 11:32:54,868][TxnService-2]com.ods.service.TxnService[149][INFO ]: test流水号201710161132540000000003获取RspBody中的入参加入到inParm列表完成
[2017-10-16 11:32:54,868][TxnService-2]com.ods.service.TxnService[162][DEBUG]: 获取的交易名称是:test 交易处理类名为:com.ods.transaction.test
[2017-10-16 11:32:54,868][TxnService-2]com.ods.service.TxnService[170][INFO ]: test流水号201710161132540000000003实例化 交易对应的处理类
[2017-10-16 11:32:54,917][TxnService-2]com.ods.service.TxnService[180][INFO ]: test流水号201710161132540000000003数据库操作交易处理完成
[2017-10-16 11:32:54,918][TxnService-2]com.ods.service.TxnService[207][INFO ]: test流水号201710161132540000000003生成key值 完成
[2017-10-16 11:32:54,919][TxnService-2]com.ods.service.TxnService[210][INFO ]: test流水号201710161132540000000003处理完成
[2017-10-16 11:33:25,019][TxnService-2]com.ods.service.TxnService[88][INFO ]: test流水号201710161133240000000004处理开始
[2017-10-16 11:33:25,020][TxnService-2]com.ods.service.TxnService[149][INFO ]: test流水号201710161133240000000004获取RspBody中的入参加入到inParm列表完成
[2017-10-16 11:33:25,020][TxnService-2]com.ods.service.TxnService[162][DEBUG]: 获取的交易名称是:test 交易处理类名为:com.ods.transaction.test
[2017-10-16 11:33:25,021][TxnService-2]com.ods.service.TxnService[170][INFO ]: test流水号201710161133240000000004实例化 交易对应的处理类
[2017-10-16 11:33:25,033][TxnService-2]com.ods.service.TxnService[180][INFO ]: test流水号201710161133240000000004数据库操作交易处理完成
[2017-10-16 11:33:25,037][TxnService-2]com.ods.service.TxnService[207][INFO ]: test流水号201710161133240000000004生成key值 完成
[2017-10-16 11:33:25,038][TxnService-2]com.ods.service.TxnService[210][INFO ]: test流水号201710161133240000000004处理完成
[2017-10-16 11:34:13,483][TxnService-0]com.ods.service.TxnService[88][INFO ]: test流水号201710161134130000000005处理开始
[2017-10-16 11:34:13,484][TxnService-0]com.ods.service.TxnService[149][INFO ]: test流水号201710161134130000000005获取RspBody中的入参加入到inParm列表完成
[2017-10-16 11:34:13,484][TxnService-0]com.ods.service.TxnService[162][DEBUG]: 获取的交易名称是:test 交易处理类名为:com.ods.transaction.test
[2017-10-16 11:34:13,484][TxnService-0]com.ods.service.TxnService[170][INFO ]: test流水号201710161134130000000005实例化 交易对应的处理类
[2017-10-16 11:34:13,492][TxnService-0]com.ods.service.TxnService[180][INFO ]: test流水号201710161134130000000005数据库操作交易处理完成
[2017-10-16 11:34:13,495][TxnService-0]com.ods.service.TxnService[207][INFO ]: test流水号201710161134130000000005生成key值 完成
[2017-10-16 11:34:13,495][TxnService-0]com.ods.service.TxnService[210][INFO ]: test流水号201710161134130000000005处理完成
[2017-10-16 11:34:24,277][TxnService-0]com.ods.service.TxnService[88][INFO ]: test流水号201710161134240000000006处理开始
[2017-10-16 11:34:24,277][TxnService-0]com.ods.service.TxnService[149][INFO ]: test流水号201710161134240000000006获取RspBody中的入参加入到inParm列表完成
[2017-10-16 11:34:24,277][TxnService-0]com.ods.service.TxnService[162][DEBUG]: 获取的交易名称是:test 交易处理类名为:com.ods.transaction.test
[2017-10-16 11:34:24,277][TxnService-0]com.ods.service.TxnService[170][INFO ]: test流水号201710161134240000000006实例化 交易对应的处理类
[2017-10-16 11:34:24,282][TxnService-0]com.ods.service.TxnService[180][INFO ]: test流水号201710161134240000000006数据库操作交易处理完成
[2017-10-16 11:34:24,283][TxnService-0]com.ods.service.TxnService[207][INFO ]: test流水号201710161134240000000006生成key值 完成
[2017-10-16 11:34:24,284][TxnService-0]com.ods.service.TxnService[210][INFO ]: test流水号201710161134240000000006处理完成
[2017-10-16 11:38:15,387][main]com.ods.service.TxnService[52][INFO ]: 服务初始化完成, 输入队列:[TxnQueue] 输出队列:[PackQueue]
[2017-10-16 11:38:15,389][main]com.ods.service.TxnService[52][INFO ]: 服务初始化完成, 输入队列:[TxnQueue] 输出队列:[PackQueue]
[2017-10-16 11:38:15,390][main]com.ods.service.TxnService[52][INFO ]: 服务初始化完成, 输入队列:[TxnQueue] 输出队列:[PackQueue]
[2017-10-16 11:38:15,391][main]com.ods.service.TxnService[52][INFO ]: 服务初始化完成, 输入队列:[TxnQueue] 输出队列:[PackQueue]
[2017-10-16 11:38:15,392][main]com.ods.service.TxnService[52][INFO ]: 服务初始化完成, 输入队列:[TxnQueue] 输出队列:[PackQueue]
[2017-10-16 11:38:21,295][TxnService-4]com.ods.service.TxnService[88][INFO ]: test流水号201710161138200000000001处理开始
[2017-10-16 11:38:21,296][TxnService-4]com.ods.service.TxnService[149][INFO ]: test流水号201710161138200000000001获取RspBody中的入参加入到inParm列表完成
[2017-10-16 11:38:21,296][TxnService-4]com.ods.service.TxnService[162][DEBUG]: 获取的交易名称是:test 交易处理类名为:com.ods.transaction.test
[2017-10-16 11:38:21,299][TxnService-4]com.ods.service.TxnService[170][INFO ]: test流水号201710161138200000000001实例化 交易对应的处理类
[2017-10-16 11:38:22,229][TxnService-4]com.ods.service.TxnService[180][INFO ]: test流水号201710161138200000000001数据库操作交易处理完成
[2017-10-16 11:38:22,235][TxnService-4]com.ods.service.TxnService[207][INFO ]: test流水号201710161138200000000001生成key值 完成
[2017-10-16 11:38:22,236][TxnService-4]com.ods.service.TxnService[210][INFO ]: test流水号201710161138200000000001处理完成
[2017-10-16 11:38:52,775][main]com.ods.service.TxnService[52][INFO ]: 服务初始化完成, 输入队列:[TxnQueue] 输出队列:[PackQueue]
[2017-10-16 11:38:52,776][main]com.ods.service.TxnService[52][INFO ]: 服务初始化完成, 输入队列:[TxnQueue] 输出队列:[PackQueue]
[2017-10-16 11:38:52,778][main]com.ods.service.TxnService[52][INFO ]: 服务初始化完成, 输入队列:[TxnQueue] 输出队列:[PackQueue]
[2017-10-16 11:38:52,779][main]com.ods.service.TxnService[52][INFO ]: 服务初始化完成, 输入队列:[TxnQueue] 输出队列:[PackQueue]
[2017-10-16 11:38:52,781][main]com.ods.service.TxnService[52][INFO ]: 服务初始化完成, 输入队列:[TxnQueue] 输出队列:[PackQueue]
[2017-10-16 11:39:07,182][TxnService-4]com.ods.service.TxnService[88][INFO ]: test流水号201710161139060000000001处理开始
[2017-10-16 11:39:07,184][TxnService-4]com.ods.service.TxnService[149][INFO ]: test流水号201710161139060000000001获取RspBody中的入参加入到inParm列表完成
[2017-10-16 11:39:07,184][TxnService-4]com.ods.service.TxnService[162][DEBUG]: 获取的交易名称是:test 交易处理类名为:com.ods.transaction.test
[2017-10-16 11:39:07,187][TxnService-4]com.ods.service.TxnService[170][INFO ]: test流水号201710161139060000000001实例化 交易对应的处理类
[2017-10-16 11:39:08,031][TxnService-4]com.ods.service.TxnService[180][INFO ]: test流水号201710161139060000000001数据库操作交易处理完成
[2017-10-16 11:39:08,035][TxnService-4]com.ods.service.TxnService[207][INFO ]: test流水号201710161139060000000001生成key值 完成
[2017-10-16 11:39:08,036][TxnService-4]com.ods.service.TxnService[210][INFO ]: test流水号201710161139060000000001处理完成
[2017-10-16 11:48:40,888][main]com.ods.service.TxnService[52][INFO ]: 服务初始化完成, 输入队列:[TxnQueue] 输出队列:[PackQueue]
[2017-10-16 11:48:40,889][main]com.ods.service.TxnService[52][INFO ]: 服务初始化完成, 输入队列:[TxnQueue] 输出队列:[PackQueue]
[2017-10-16 11:48:40,890][main]com.ods.service.TxnService[52][INFO ]: 服务初始化完成, 输入队列:[TxnQueue] 输出队列:[PackQueue]
[2017-10-16 11:48:40,891][main]com.ods.service.TxnService[52][INFO ]: 服务初始化完成, 输入队列:[TxnQueue] 输出队列:[PackQueue]
[2017-10-16 11:48:40,893][main]com.ods.service.TxnService[52][INFO ]: 服务初始化完成, 输入队列:[TxnQueue] 输出队列:[PackQueue]
[2017-10-16 11:48:46,632][TxnService-4]com.ods.service.TxnService[88][INFO ]: test流水号201710161148460000000001处理开始
[2017-10-16 11:48:46,638][TxnService-4]com.ods.service.TxnService[149][INFO ]: test流水号201710161148460000000001获取RspBody中的入参加入到inParm列表完成
[2017-10-16 11:48:46,638][TxnService-4]com.ods.service.TxnService[162][DEBUG]: 获取的交易名称是:test 交易处理类名为:com.ods.transaction.test
[2017-10-16 11:48:46,642][TxnService-4]com.ods.service.TxnService[170][INFO ]: test流水号201710161148460000000001实例化 交易对应的处理类
[2017-10-16 11:48:47,543][TxnService-4]com.ods.service.TxnService[180][INFO ]: test流水号201710161148460000000001数据库操作交易处理完成
[2017-10-16 11:48:47,548][TxnService-4]com.ods.service.TxnService[207][INFO ]: test流水号201710161148460000000001生成key值 完成
[2017-10-16 11:48:47,548][TxnService-4]com.ods.service.TxnService[210][INFO ]: test流水号201710161148460000000001处理完成
[2017-10-16 11:53:08,084][main]com.ods.service.TxnService[52][INFO ]: 服务初始化完成, 输入队列:[TxnQueue] 输出队列:[PackQueue]
[2017-10-16 11:53:08,085][main]com.ods.service.TxnService[52][INFO ]: 服务初始化完成, 输入队列:[TxnQueue] 输出队列:[PackQueue]
[2017-10-16 11:53:08,086][main]com.ods.service.TxnService[52][INFO ]: 服务初始化完成, 输入队列:[TxnQueue] 输出队列:[PackQueue]
[2017-10-16 11:53:08,087][main]com.ods.service.TxnService[52][INFO ]: 服务初始化完成, 输入队列:[TxnQueue] 输出队列:[PackQueue]
[2017-10-16 11:53:08,088][main]com.ods.service.TxnService[52][INFO ]: 服务初始化完成, 输入队列:[TxnQueue] 输出队列:[PackQueue]
[2017-10-16 11:53:12,967][TxnService-4]com.ods.service.TxnService[88][INFO ]: test流水号201710161153120000000001处理开始
[2017-10-16 11:53:12,969][TxnService-4]com.ods.service.TxnService[149][INFO ]: test流水号201710161153120000000001获取RspBody中的入参加入到inParm列表完成
[2017-10-16 11:53:12,969][TxnService-4]com.ods.service.TxnService[162][DEBUG]: 获取的交易名称是:test 交易处理类名为:com.ods.transaction.test
[2017-10-16 11:53:12,975][TxnService-4]com.ods.service.TxnService[170][INFO ]: test流水号201710161153120000000001实例化 交易对应的处理类
[2017-10-16 11:53:13,807][TxnService-4]com.ods.service.TxnService[180][INFO ]: test流水号201710161153120000000001数据库操作交易处理完成
[2017-10-16 11:53:13,811][TxnService-4]com.ods.service.TxnService[207][INFO ]: test流水号201710161153120000000001生成key值 完成
[2017-10-16 11:53:13,812][TxnService-4]com.ods.service.TxnService[210][INFO ]: test流水号201710161153120000000001处理完成
[2017-10-16 11:56:38,053][main]com.ods.service.TxnService[52][INFO ]: 服务初始化完成, 输入队列:[TxnQueue] 输出队列:[PackQueue]
[2017-10-16 11:56:38,054][main]com.ods.service.TxnService[52][INFO ]: 服务初始化完成, 输入队列:[TxnQueue] 输出队列:[PackQueue]
[2017-10-16 11:56:38,055][main]com.ods.service.TxnService[52][INFO ]: 服务初始化完成, 输入队列:[TxnQueue] 输出队列:[PackQueue]
[2017-10-16 11:56:38,056][main]com.ods.service.TxnService[52][INFO ]: 服务初始化完成, 输入队列:[TxnQueue] 输出队列:[PackQueue]
[2017-10-16 11:56:38,057][main]com.ods.service.TxnService[52][INFO ]: 服务初始化完成, 输入队列:[TxnQueue] 输出队列:[PackQueue]
[2017-10-16 11:56:43,669][TxnService-2]com.ods.service.TxnService[88][INFO ]: test流水号201710161156430000000001处理开始
[2017-10-16 11:56:43,671][TxnService-2]com.ods.service.TxnService[149][INFO ]: test流水号201710161156430000000001获取RspBody中的入参加入到inParm列表完成
[2017-10-16 11:56:43,671][TxnService-2]com.ods.service.TxnService[162][DEBUG]: 获取的交易名称是:test 交易处理类名为:com.ods.transaction.test
[2017-10-16 11:56:43,675][TxnService-2]com.ods.service.TxnService[170][INFO ]: test流水号201710161156430000000001实例化 交易对应的处理类
[2017-10-16 11:56:44,535][TxnService-2]com.ods.service.TxnService[180][INFO ]: test流水号201710161156430000000001数据库操作交易处理完成
[2017-10-16 11:56:44,539][TxnService-2]com.ods.service.TxnService[207][INFO ]: test流水号201710161156430000000001生成key值 完成
[2017-10-16 11:56:44,540][TxnService-2]com.ods.service.TxnService[210][INFO ]: test流水号201710161156430000000001处理完成
[2017-10-16 13:49:13,892][main]com.ods.service.TxnService[52][INFO ]: 服务初始化完成, 输入队列:[TxnQueue] 输出队列:[PackQueue]
[2017-10-16 13:49:13,893][main]com.ods.service.TxnService[52][INFO ]: 服务初始化完成, 输入队列:[TxnQueue] 输出队列:[PackQueue]
[2017-10-16 13:49:13,895][main]com.ods.service.TxnService[52][INFO ]: 服务初始化完成, 输入队列:[TxnQueue] 输出队列:[PackQueue]
[2017-10-16 13:49:13,896][main]com.ods.service.TxnService[52][INFO ]: 服务初始化完成, 输入队列:[TxnQueue] 输出队列:[PackQueue]
[2017-10-16 13:49:13,898][main]com.ods.service.TxnService[52][INFO ]: 服务初始化完成, 输入队列:[TxnQueue] 输出队列:[PackQueue]
[2017-10-16 13:49:18,512][TxnService-3]com.ods.service.TxnService[88][INFO ]: test流水号201710161349180000000002处理开始
[2017-10-16 13:49:18,513][TxnService-3]com.ods.service.TxnService[149][INFO ]: test流水号201710161349180000000002获取RspBody中的入参加入到inParm列表完成
[2017-10-16 13:49:18,513][TxnService-3]com.ods.service.TxnService[162][DEBUG]: 获取的交易名称是:test 交易处理类名为:com.ods.transaction.test
[2017-10-16 13:49:18,513][TxnService-3]com.ods.service.TxnService[170][INFO ]: test流水号201710161349180000000002实例化 交易对应的处理类
[2017-10-16 13:49:18,585][TxnService-3]com.ods.service.TxnService[180][INFO ]: test流水号201710161349180000000002数据库操作交易处理完成
[2017-10-16 13:49:18,586][TxnService-3]com.ods.service.TxnService[207][INFO ]: test流水号201710161349180000000002生成key值 完成
[2017-10-16 13:49:18,587][TxnService-3]com.ods.service.TxnService[210][INFO ]: test流水号201710161349180000000002处理完成
[2017-10-16 14:01:46,843][main]com.ods.service.TxnService[52][INFO ]: 服务初始化完成, 输入队列:[TxnQueue] 输出队列:[PackQueue]
[2017-10-16 14:01:46,844][main]com.ods.service.TxnService[52][INFO ]: 服务初始化完成, 输入队列:[TxnQueue] 输出队列:[PackQueue]
[2017-10-16 14:01:46,845][main]com.ods.service.TxnService[52][INFO ]: 服务初始化完成, 输入队列:[TxnQueue] 输出队列:[PackQueue]
[2017-10-16 14:01:46,845][main]com.ods.service.TxnService[52][INFO ]: 服务初始化完成, 输入队列:[TxnQueue] 输出队列:[PackQueue]
[2017-10-16 14:01:46,854][main]com.ods.service.TxnService[52][INFO ]: 服务初始化完成, 输入队列:[TxnQueue] 输出队列:[PackQueue]
[2017-10-16 14:01:52,610][TxnService-2]com.ods.service.TxnService[88][INFO ]: test流水号201710161401520000000001处理开始
[2017-10-16 14:01:52,611][TxnService-2]com.ods.service.TxnService[149][INFO ]: test流水号201710161401520000000001获取RspBody中的入参加入到inParm列表完成
[2017-10-16 14:01:52,611][TxnService-2]com.ods.service.TxnService[162][DEBUG]: 获取的交易名称是:test 交易处理类名为:com.ods.transaction.test
[2017-10-16 14:01:52,614][TxnService-2]com.ods.service.TxnService[170][INFO ]: test流水号201710161401520000000001实例化 交易对应的处理类
[2017-10-16 14:01:53,494][TxnService-2]com.ods.service.TxnService[180][INFO ]: test流水号201710161401520000000001数据库操作交易处理完成
[2017-10-16 14:01:53,500][TxnService-2]com.ods.service.TxnService[207][INFO ]: test流水号201710161401520000000001生成key值 完成
[2017-10-16 14:01:53,500][TxnService-2]com.ods.service.TxnService[210][INFO ]: test流水号201710161401520000000001处理完成
[2017-10-16 14:03:51,353][main]com.ods.service.TxnService[52][INFO ]: 服务初始化完成, 输入队列:[TxnQueue] 输出队列:[PackQueue]
[2017-10-16 14:03:51,355][main]com.ods.service.TxnService[52][INFO ]: 服务初始化完成, 输入队列:[TxnQueue] 输出队列:[PackQueue]
[2017-10-16 14:03:51,356][main]com.ods.service.TxnService[52][INFO ]: 服务初始化完成, 输入队列:[TxnQueue] 输出队列:[PackQueue]
[2017-10-16 14:03:51,359][main]com.ods.service.TxnService[52][INFO ]: 服务初始化完成, 输入队列:[TxnQueue] 输出队列:[PackQueue]
[2017-10-16 14:03:51,362][main]com.ods.service.TxnService[52][INFO ]: 服务初始化完成, 输入队列:[TxnQueue] 输出队列:[PackQueue]
[2017-10-16 14:03:58,733][TxnService-4]com.ods.service.TxnService[88][INFO ]: test流水号201710161403580000000001处理开始
[2017-10-16 14:03:58,735][TxnService-4]com.ods.service.TxnService[149][INFO ]: test流水号201710161403580000000001获取RspBody中的入参加入到inParm列表完成
[2017-10-16 14:03:58,735][TxnService-4]com.ods.service.TxnService[162][DEBUG]: 获取的交易名称是:test 交易处理类名为:com.ods.transaction.test
[2017-10-16 14:03:58,738][TxnService-4]com.ods.service.TxnService[170][INFO ]: test流水号201710161403580000000001实例化 交易对应的处理类
[2017-10-16 14:03:59,598][TxnService-4]com.ods.service.TxnService[180][INFO ]: test流水号201710161403580000000001数据库操作交易处理完成
[2017-10-16 14:03:59,603][TxnService-4]com.ods.service.TxnService[207][INFO ]: test流水号201710161403580000000001生成key值 完成
[2017-10-16 14:03:59,603][TxnService-4]com.ods.service.TxnService[210][INFO ]: test流水号201710161403580000000001处理完成
[2017-10-16 14:06:48,618][main]com.ods.service.TxnService[52][INFO ]: 服务初始化完成, 输入队列:[TxnQueue] 输出队列:[PackQueue]
[2017-10-16 14:06:48,618][main]com.ods.service.TxnService[52][INFO ]: 服务初始化完成, 输入队列:[TxnQueue] 输出队列:[PackQueue]
[2017-10-16 14:06:48,619][main]com.ods.service.TxnService[52][INFO ]: 服务初始化完成, 输入队列:[TxnQueue] 输出队列:[PackQueue]
[2017-10-16 14:06:48,620][main]com.ods.service.TxnService[52][INFO ]: 服务初始化完成, 输入队列:[TxnQueue] 输出队列:[PackQueue]
[2017-10-16 14:06:48,621][main]com.ods.service.TxnService[52][INFO ]: 服务初始化完成, 输入队列:[TxnQueue] 输出队列:[PackQueue]
[2017-10-16 14:06:52,472][TxnService-4]com.ods.service.TxnService[88][INFO ]: test流水号201710161406520000000001处理开始
[2017-10-16 14:06:52,473][TxnService-4]com.ods.service.TxnService[149][INFO ]: test流水号201710161406520000000001获取RspBody中的入参加入到inParm列表完成
[2017-10-16 14:06:52,473][TxnService-4]com.ods.service.TxnService[162][DEBUG]: 获取的交易名称是:test 交易处理类名为:com.ods.transaction.test
[2017-10-16 14:06:52,478][TxnService-4]com.ods.service.TxnService[170][INFO ]: test流水号201710161406520000000001实例化 交易对应的处理类
[2017-10-16 14:06:53,354][TxnService-4]com.ods.service.TxnService[180][INFO ]: test流水号201710161406520000000001数据库操作交易处理完成
[2017-10-16 14:06:53,358][TxnService-4]com.ods.service.TxnService[207][INFO ]: test流水号201710161406520000000001生成key值 完成
[2017-10-16 14:06:53,359][TxnService-4]com.ods.service.TxnService[210][INFO ]: test流水号201710161406520000000001处理完成
[2017-10-16 14:08:30,493][main]com.ods.service.TxnService[52][INFO ]: 服务初始化完成, 输入队列:[TxnQueue] 输出队列:[PackQueue]
[2017-10-16 14:08:30,494][main]com.ods.service.TxnService[52][INFO ]: 服务初始化完成, 输入队列:[TxnQueue] 输出队列:[PackQueue]
[2017-10-16 14:08:30,494][main]com.ods.service.TxnService[52][INFO ]: 服务初始化完成, 输入队列:[TxnQueue] 输出队列:[PackQueue]
[2017-10-16 14:08:30,495][main]com.ods.service.TxnService[52][INFO ]: 服务初始化完成, 输入队列:[TxnQueue] 输出队列:[PackQueue]
[2017-10-16 14:08:30,496][main]com.ods.service.TxnService[52][INFO ]: 服务初始化完成, 输入队列:[TxnQueue] 输出队列:[PackQueue]
[2017-10-16 14:08:33,847][TxnService-1]com.ods.service.TxnService[88][INFO ]: test流水号201710161408330000000001处理开始
[2017-10-16 14:08:33,848][TxnService-1]com.ods.service.TxnService[149][INFO ]: test流水号201710161408330000000001获取RspBody中的入参加入到inParm列表完成
[2017-10-16 14:08:33,848][TxnService-1]com.ods.service.TxnService[162][DEBUG]: 获取的交易名称是:test 交易处理类名为:com.ods.transaction.test
[2017-10-16 14:08:33,851][TxnService-1]com.ods.service.TxnService[170][INFO ]: test流水号201710161408330000000001实例化 交易对应的处理类
[2017-10-16 14:08:34,734][TxnService-1]com.ods.service.TxnService[180][INFO ]: test流水号201710161408330000000001数据库操作交易处理完成
[2017-10-16 14:08:34,737][TxnService-1]com.ods.service.TxnService[207][INFO ]: test流水号201710161408330000000001生成key值 完成
[2017-10-16 14:08:34,738][TxnService-1]com.ods.service.TxnService[210][INFO ]: test流水号201710161408330000000001处理完成
[2017-10-16 14:09:48,864][main]com.ods.service.TxnService[52][INFO ]: 服务初始化完成, 输入队列:[TxnQueue] 输出队列:[PackQueue]
[2017-10-16 14:09:48,865][main]com.ods.service.TxnService[52][INFO ]: 服务初始化完成, 输入队列:[TxnQueue] 输出队列:[PackQueue]
[2017-10-16 14:09:48,866][main]com.ods.service.TxnService[52][INFO ]: 服务初始化完成, 输入队列:[TxnQueue] 输出队列:[PackQueue]
[2017-10-16 14:09:48,867][main]com.ods.service.TxnService[52][INFO ]: 服务初始化完成, 输入队列:[TxnQueue] 输出队列:[PackQueue]
[2017-10-16 14:09:48,867][main]com.ods.service.TxnService[52][INFO ]: 服务初始化完成, 输入队列:[TxnQueue] 输出队列:[PackQueue]
[2017-10-16 14:09:53,683][TxnService-0]com.ods.service.TxnService[88][INFO ]: test流水号201710161409530000000001处理开始
[2017-10-16 14:09:53,685][TxnService-0]com.ods.service.TxnService[149][INFO ]: test流水号201710161409530000000001获取RspBody中的入参加入到inParm列表完成
[2017-10-16 14:09:53,685][TxnService-0]com.ods.service.TxnService[162][DEBUG]: 获取的交易名称是:test 交易处理类名为:com.ods.transaction.test
[2017-10-16 14:09:53,688][TxnService-0]com.ods.service.TxnService[170][INFO ]: test流水号201710161409530000000001实例化 交易对应的处理类
[2017-10-16 14:09:54,490][TxnService-0]com.ods.service.TxnService[180][INFO ]: test流水号201710161409530000000001数据库操作交易处理完成
[2017-10-16 14:09:54,494][TxnService-0]com.ods.service.TxnService[207][INFO ]: test流水号201710161409530000000001生成key值 完成
[2017-10-16 14:09:54,494][TxnService-0]com.ods.service.TxnService[210][INFO ]: test流水号201710161409530000000001处理完成
[2017-10-16 14:11:34,370][main]com.ods.service.TxnService[52][INFO ]: 服务初始化完成, 输入队列:[TxnQueue] 输出队列:[PackQueue]
[2017-10-16 14:11:34,370][main]com.ods.service.TxnService[52][INFO ]: 服务初始化完成, 输入队列:[TxnQueue] 输出队列:[PackQueue]
[2017-10-16 14:11:34,371][main]com.ods.service.TxnService[52][INFO ]: 服务初始化完成, 输入队列:[TxnQueue] 输出队列:[PackQueue]
[2017-10-16 14:11:34,373][main]com.ods.service.TxnService[52][INFO ]: 服务初始化完成, 输入队列:[TxnQueue] 输出队列:[PackQueue]
[2017-10-16 14:11:34,375][main]com.ods.service.TxnService[52][INFO ]: 服务初始化完成, 输入队列:[TxnQueue] 输出队列:[PackQueue]
[2017-10-16 14:11:38,847][TxnService-3]com.ods.service.TxnService[88][INFO ]: test流水号201710161411380000000001处理开始
[2017-10-16 14:11:38,849][TxnService-3]com.ods.service.TxnService[149][INFO ]: test流水号201710161411380000000001获取RspBody中的入参加入到inParm列表完成
[2017-10-16 14:11:38,849][TxnService-3]com.ods.service.TxnService[162][DEBUG]: 获取的交易名称是:test 交易处理类名为:com.ods.transaction.test
[2017-10-16 14:11:38,853][TxnService-3]com.ods.service.TxnService[170][INFO ]: test流水号201710161411380000000001实例化 交易对应的处理类
[2017-10-16 14:11:39,744][TxnService-3]com.ods.service.TxnService[180][INFO ]: test流水号201710161411380000000001数据库操作交易处理完成
[2017-10-16 14:11:39,747][TxnService-3]com.ods.service.TxnService[207][INFO ]: test流水号201710161411380000000001生成key值 完成
[2017-10-16 14:11:39,748][TxnService-3]com.ods.service.TxnService[210][INFO ]: test流水号201710161411380000000001处理完成
[2017-10-16 14:13:06,182][main]com.ods.service.TxnService[52][INFO ]: 服务初始化完成, 输入队列:[TxnQueue] 输出队列:[PackQueue]
[2017-10-16 14:13:06,184][main]com.ods.service.TxnService[52][INFO ]: 服务初始化完成, 输入队列:[TxnQueue] 输出队列:[PackQueue]
[2017-10-16 14:13:06,192][main]com.ods.service.TxnService[52][INFO ]: 服务初始化完成, 输入队列:[TxnQueue] 输出队列:[PackQueue]
[2017-10-16 14:13:06,193][main]com.ods.service.TxnService[52][INFO ]: 服务初始化完成, 输入队列:[TxnQueue] 输出队列:[PackQueue]
[2017-10-16 14:13:06,195][main]com.ods.service.TxnService[52][INFO ]: 服务初始化完成, 输入队列:[TxnQueue] 输出队列:[PackQueue]
[2017-10-16 14:13:11,427][TxnService-0]com.ods.service.TxnService[88][INFO ]: test流水号201710161413110000000001处理开始
[2017-10-16 14:13:11,429][TxnService-0]com.ods.service.TxnService[149][INFO ]: test流水号201710161413110000000001获取RspBody中的入参加入到inParm列表完成
[2017-10-16 14:13:11,430][TxnService-0]com.ods.service.TxnService[162][DEBUG]: 获取的交易名称是:test 交易处理类名为:com.ods.transaction.test
[2017-10-16 14:13:11,433][TxnService-0]com.ods.service.TxnService[170][INFO ]: test流水号201710161413110000000001实例化 交易对应的处理类
[2017-10-16 14:13:12,356][TxnService-0]com.ods.service.TxnService[180][INFO ]: test流水号201710161413110000000001数据库操作交易处理完成
[2017-10-16 14:13:12,360][TxnService-0]com.ods.service.TxnService[207][INFO ]: test流水号201710161413110000000001生成key值 完成
[2017-10-16 14:13:12,361][TxnService-0]com.ods.service.TxnService[210][INFO ]: test流水号201710161413110000000001处理完成
[2017-10-16 14:13:50,472][main]com.ods.service.TxnService[52][INFO ]: 服务初始化完成, 输入队列:[TxnQueue] 输出队列:[PackQueue]
[2017-10-16 14:13:50,473][main]com.ods.service.TxnService[52][INFO ]: 服务初始化完成, 输入队列:[TxnQueue] 输出队列:[PackQueue]
[2017-10-16 14:13:50,474][main]com.ods.service.TxnService[52][INFO ]: 服务初始化完成, 输入队列:[TxnQueue] 输出队列:[PackQueue]
[2017-10-16 14:13:50,474][main]com.ods.service.TxnService[52][INFO ]: 服务初始化完成, 输入队列:[TxnQueue] 输出队列:[PackQueue]
[2017-10-16 14:13:50,476][main]com.ods.service.TxnService[52][INFO ]: 服务初始化完成, 输入队列:[TxnQueue] 输出队列:[PackQueue]
[2017-10-16 14:13:55,390][TxnService-0]com.ods.service.TxnService[88][INFO ]: test流水号201710161413550000000001处理开始
[2017-10-16 14:13:55,391][TxnService-0]com.ods.service.TxnService[149][INFO ]: test流水号201710161413550000000001获取RspBody中的入参加入到inParm列表完成
[2017-10-16 14:13:55,392][TxnService-0]com.ods.service.TxnService[162][DEBUG]: 获取的交易名称是:test 交易处理类名为:com.ods.transaction.test
[2017-10-16 14:13:55,395][TxnService-0]com.ods.service.TxnService[170][INFO ]: test流水号201710161413550000000001实例化 交易对应的处理类
[2017-10-16 14:13:56,287][TxnService-0]com.ods.service.TxnService[180][INFO ]: test流水号201710161413550000000001数据库操作交易处理完成
[2017-10-16 14:13:56,293][TxnService-0]com.ods.service.TxnService[207][INFO ]: test流水号201710161413550000000001生成key值 完成
[2017-10-16 14:13:56,293][TxnService-0]com.ods.service.TxnService[210][INFO ]: test流水号201710161413550000000001处理完成
[2017-10-16 14:26:38,996][main]com.ods.service.TxnService[52][INFO ]: 服务初始化完成, 输入队列:[TxnQueue] 输出队列:[PackQueue]
[2017-10-16 14:26:38,997][main]com.ods.service.TxnService[52][INFO ]: 服务初始化完成, 输入队列:[TxnQueue] 输出队列:[PackQueue]
[2017-10-16 14:26:38,997][main]com.ods.service.TxnService[52][INFO ]: 服务初始化完成, 输入队列:[TxnQueue] 输出队列:[PackQueue]
[2017-10-16 14:26:38,999][main]com.ods.service.TxnService[52][INFO ]: 服务初始化完成, 输入队列:[TxnQueue] 输出队列:[PackQueue]
[2017-10-16 14:26:39,001][main]com.ods.service.TxnService[52][INFO ]: 服务初始化完成, 输入队列:[TxnQueue] 输出队列:[PackQueue]
[2017-10-16 14:26:43,380][TxnService-2]com.ods.service.TxnService[88][INFO ]: test流水号201710161426430000000001处理开始
[2017-10-16 14:26:43,382][TxnService-2]com.ods.service.TxnService[149][INFO ]: test流水号201710161426430000000001获取RspBody中的入参加入到inParm列表完成
[2017-10-16 14:26:43,382][TxnService-2]com.ods.service.TxnService[162][DEBUG]: 获取的交易名称是:test 交易处理类名为:com.ods.transaction.test
[2017-10-16 14:26:43,386][TxnService-2]com.ods.service.TxnService[170][INFO ]: test流水号201710161426430000000001实例化 交易对应的处理类
[2017-10-16 14:26:44,294][TxnService-2]com.ods.service.TxnService[180][INFO ]: test流水号201710161426430000000001数据库操作交易处理完成
[2017-10-16 14:26:44,299][TxnService-2]com.ods.service.TxnService[207][INFO ]: test流水号201710161426430000000001生成key值 完成
[2017-10-16 14:26:44,299][TxnService-2]com.ods.service.TxnService[210][INFO ]: test流水号201710161426430000000001处理完成
[2017-10-16 14:35:42,666][main]com.ods.service.TxnService[52][INFO ]: 服务初始化完成, 输入队列:[TxnQueue] 输出队列:[PackQueue]
[2017-10-16 14:35:42,667][main]com.ods.service.TxnService[52][INFO ]: 服务初始化完成, 输入队列:[TxnQueue] 输出队列:[PackQueue]
[2017-10-16 14:35:42,668][main]com.ods.service.TxnService[52][INFO ]: 服务初始化完成, 输入队列:[TxnQueue] 输出队列:[PackQueue]
[2017-10-16 14:35:42,668][main]com.ods.service.TxnService[52][INFO ]: 服务初始化完成, 输入队列:[TxnQueue] 输出队列:[PackQueue]
[2017-10-16 14:35:42,669][main]com.ods.service.TxnService[52][INFO ]: 服务初始化完成, 输入队列:[TxnQueue] 输出队列:[PackQueue]
[2017-10-16 14:35:49,871][TxnService-3]com.ods.service.TxnService[88][INFO ]: test流水号201710161435490000000001处理开始
[2017-10-16 14:35:49,872][TxnService-3]com.ods.service.TxnService[149][INFO ]: test流水号201710161435490000000001获取RspBody中的入参加入到inParm列表完成
[2017-10-16 14:35:49,873][TxnService-3]com.ods.service.TxnService[162][DEBUG]: 获取的交易名称是:test 交易处理类名为:com.ods.transaction.test
[2017-10-16 14:35:49,876][TxnService-3]com.ods.service.TxnService[170][INFO ]: test流水号201710161435490000000001实例化 交易对应的处理类
[2017-10-16 14:35:50,677][TxnService-3]com.ods.service.TxnService[180][INFO ]: test流水号201710161435490000000001数据库操作交易处理完成
[2017-10-16 14:35:50,680][TxnService-3]com.ods.service.TxnService[207][INFO ]: test流水号201710161435490000000001生成key值 完成
[2017-10-16 14:35:50,681][TxnService-3]com.ods.service.TxnService[210][INFO ]: test流水号201710161435490000000001处理完成
[2017-10-16 14:47:40,420][main]com.ods.service.TxnService[52][INFO ]: 服务初始化完成, 输入队列:[TxnQueue] 输出队列:[PackQueue]
[2017-10-16 14:47:40,421][main]com.ods.service.TxnService[52][INFO ]: 服务初始化完成, 输入队列:[TxnQueue] 输出队列:[PackQueue]
[2017-10-16 14:47:40,422][main]com.ods.service.TxnService[52][INFO ]: 服务初始化完成, 输入队列:[TxnQueue] 输出队列:[PackQueue]
[2017-10-16 14:47:40,423][main]com.ods.service.TxnService[52][INFO ]: 服务初始化完成, 输入队列:[TxnQueue] 输出队列:[PackQueue]
[2017-10-16 14:47:40,424][main]com.ods.service.TxnService[52][INFO ]: 服务初始化完成, 输入队列:[TxnQueue] 输出队列:[PackQueue]
[2017-10-16 14:47:45,864][TxnService-3]com.ods.service.TxnService[88][INFO ]: test流水号201710161447450000000001处理开始
[2017-10-16 14:47:45,866][TxnService-3]com.ods.service.TxnService[149][INFO ]: test流水号201710161447450000000001获取RspBody中的入参加入到inParm列表完成
[2017-10-16 14:47:45,866][TxnService-3]com.ods.service.TxnService[162][DEBUG]: 获取的交易名称是:test 交易处理类名为:com.ods.transaction.test
[2017-10-16 14:47:45,869][TxnService-3]com.ods.service.TxnService[170][INFO ]: test流水号201710161447450000000001实例化 交易对应的处理类
[2017-10-16 14:47:46,775][TxnService-3]com.ods.service.TxnService[180][INFO ]: test流水号201710161447450000000001数据库操作交易处理完成
[2017-10-16 14:47:46,780][TxnService-3]com.ods.service.TxnService[207][INFO ]: test流水号201710161447450000000001生成key值 完成
[2017-10-16 14:47:46,781][TxnService-3]com.ods.service.TxnService[210][INFO ]: test流水号201710161447450000000001处理完成
[2017-10-16 14:51:52,799][main]com.ods.service.TxnService[52][INFO ]: 服务初始化完成, 输入队列:[TxnQueue] 输出队列:[PackQueue]
[2017-10-16 14:51:52,800][main]com.ods.service.TxnService[52][INFO ]: 服务初始化完成, 输入队列:[TxnQueue] 输出队列:[PackQueue]
[2017-10-16 14:51:52,800][main]com.ods.service.TxnService[52][INFO ]: 服务初始化完成, 输入队列:[TxnQueue] 输出队列:[PackQueue]
[2017-10-16 14:51:52,801][main]com.ods.service.TxnService[52][INFO ]: 服务初始化完成, 输入队列:[TxnQueue] 输出队列:[PackQueue]
[2017-10-16 14:51:52,801][main]com.ods.service.TxnService[52][INFO ]: 服务初始化完成, 输入队列:[TxnQueue] 输出队列:[PackQueue]
[2017-10-16 14:51:56,505][TxnService-1]com.ods.service.TxnService[88][INFO ]: test流水号201710161451560000000001处理开始
[2017-10-16 14:51:56,506][TxnService-1]com.ods.service.TxnService[149][INFO ]: test流水号201710161451560000000001获取RspBody中的入参加入到inParm列表完成
[2017-10-16 14:51:56,507][TxnService-1]com.ods.service.TxnService[162][DEBUG]: 获取的交易名称是:test 交易处理类名为:com.ods.transaction.test
[2017-10-16 14:51:56,510][TxnService-1]com.ods.service.TxnService[170][INFO ]: test流水号201710161451560000000001实例化 交易对应的处理类
[2017-10-16 14:51:57,296][TxnService-1]com.ods.service.TxnService[180][INFO ]: test流水号201710161451560000000001数据库操作交易处理完成
[2017-10-16 14:51:57,300][TxnService-1]com.ods.service.TxnService[207][INFO ]: test流水号201710161451560000000001生成key值 完成
[2017-10-16 14:51:57,300][TxnService-1]com.ods.service.TxnService[210][INFO ]: test流水号201710161451560000000001处理完成
[2017-10-16 14:53:59,998][main]com.ods.service.TxnService[52][INFO ]: 服务初始化完成, 输入队列:[TxnQueue] 输出队列:[PackQueue]
[2017-10-16 14:53:59,999][main]com.ods.service.TxnService[52][INFO ]: 服务初始化完成, 输入队列:[TxnQueue] 输出队列:[PackQueue]
[2017-10-16 14:54:00,000][main]com.ods.service.TxnService[52][INFO ]: 服务初始化完成, 输入队列:[TxnQueue] 输出队列:[PackQueue]
[2017-10-16 14:54:00,004][main]com.ods.service.TxnService[52][INFO ]: 服务初始化完成, 输入队列:[TxnQueue] 输出队列:[PackQueue]
[2017-10-16 14:54:00,012][main]com.ods.service.TxnService[52][INFO ]: 服务初始化完成, 输入队列:[TxnQueue] 输出队列:[PackQueue]
[2017-10-16 14:54:04,874][main]com.ods.service.TxnService[52][INFO ]: 服务初始化完成, 输入队列:[TxnQueue] 输出队列:[PackQueue]
[2017-10-16 14:54:04,875][main]com.ods.service.TxnService[52][INFO ]: 服务初始化完成, 输入队列:[TxnQueue] 输出队列:[PackQueue]
[2017-10-16 14:54:04,876][main]com.ods.service.TxnService[52][INFO ]: 服务初始化完成, 输入队列:[TxnQueue] 输出队列:[PackQueue]
[2017-10-16 14:54:04,876][main]com.ods.service.TxnService[52][INFO ]: 服务初始化完成, 输入队列:[TxnQueue] 输出队列:[PackQueue]
[2017-10-16 14:54:04,879][main]com.ods.service.TxnService[52][INFO ]: 服务初始化完成, 输入队列:[TxnQueue] 输出队列:[PackQueue]
[2017-10-16 14:54:10,267][TxnService-1]com.ods.service.TxnService[88][INFO ]: test流水号201710161454100000000001处理开始
[2017-10-16 14:54:10,269][TxnService-1]com.ods.service.TxnService[149][INFO ]: test流水号201710161454100000000001获取RspBody中的入参加入到inParm列表完成
[2017-10-16 14:54:10,269][TxnService-1]com.ods.service.TxnService[162][DEBUG]: 获取的交易名称是:test 交易处理类名为:com.ods.transaction.test
[2017-10-16 14:54:10,272][TxnService-1]com.ods.service.TxnService[170][INFO ]: test流水号201710161454100000000001实例化 交易对应的处理类
[2017-10-16 14:54:11,063][TxnService-1]com.ods.service.TxnService[180][INFO ]: test流水号201710161454100000000001数据库操作交易处理完成
[2017-10-16 14:54:11,066][TxnService-1]com.ods.service.TxnService[207][INFO ]: test流水号201710161454100000000001生成key值 完成
[2017-10-16 14:54:11,067][TxnService-1]com.ods.service.TxnService[210][INFO ]: test流水号201710161454100000000001处理完成
[2017-10-16 14:57:23,708][main]com.ods.service.TxnService[52][INFO ]: 服务初始化完成, 输入队列:[TxnQueue] 输出队列:[PackQueue]
[2017-10-16 14:57:23,709][main]com.ods.service.TxnService[52][INFO ]: 服务初始化完成, 输入队列:[TxnQueue] 输出队列:[PackQueue]
[2017-10-16 14:57:23,710][main]com.ods.service.TxnService[52][INFO ]: 服务初始化完成, 输入队列:[TxnQueue] 输出队列:[PackQueue]
[2017-10-16 14:57:23,710][main]com.ods.service.TxnService[52][INFO ]: 服务初始化完成, 输入队列:[TxnQueue] 输出队列:[PackQueue]
[2017-10-16 14:57:23,711][main]com.ods.service.TxnService[52][INFO ]: 服务初始化完成, 输入队列:[TxnQueue] 输出队列:[PackQueue]
[2017-10-16 14:57:29,744][TxnService-3]com.ods.service.TxnService[88][INFO ]: test流水号201710161457290000000001处理开始
[2017-10-16 14:57:29,745][TxnService-3]com.ods.service.TxnService[149][INFO ]: test流水号201710161457290000000001获取RspBody中的入参加入到inParm列表完成
[2017-10-16 14:57:29,746][TxnService-3]com.ods.service.TxnService[162][DEBUG]: 获取的交易名称是:test 交易处理类名为:com.ods.transaction.test
[2017-10-16 14:57:29,749][TxnService-3]com.ods.service.TxnService[170][INFO ]: test流水号201710161457290000000001实例化 交易对应的处理类
[2017-10-16 14:57:30,598][TxnService-3]com.ods.service.TxnService[180][INFO ]: test流水号201710161457290000000001数据库操作交易处理完成
[2017-10-16 14:57:30,602][TxnService-3]com.ods.service.TxnService[207][INFO ]: test流水号201710161457290000000001生成key值 完成
[2017-10-16 14:57:30,603][TxnService-3]com.ods.service.TxnService[210][INFO ]: test流水号201710161457290000000001处理完成
[2017-10-16 15:42:52,732][main]com.ods.service.TxnService[52][INFO ]: 服务初始化完成, 输入队列:[TxnQueue] 输出队列:[PackQueue]
[2017-10-16 15:42:52,733][main]com.ods.service.TxnService[52][INFO ]: 服务初始化完成, 输入队列:[TxnQueue] 输出队列:[PackQueue]
[2017-10-16 15:42:52,733][main]com.ods.service.TxnService[52][INFO ]: 服务初始化完成, 输入队列:[TxnQueue] 输出队列:[PackQueue]
[2017-10-16 15:42:52,734][main]com.ods.service.TxnService[52][INFO ]: 服务初始化完成, 输入队列:[TxnQueue] 输出队列:[PackQueue]
[2017-10-16 15:42:52,735][main]com.ods.service.TxnService[52][INFO ]: 服务初始化完成, 输入队列:[TxnQueue] 输出队列:[PackQueue]
[2017-10-16 15:45:04,379][main]com.ods.service.TxnService[52][INFO ]: 服务初始化完成, 输入队列:[TxnQueue] 输出队列:[PackQueue]
[2017-10-16 15:45:04,380][main]com.ods.service.TxnService[52][INFO ]: 服务初始化完成, 输入队列:[TxnQueue] 输出队列:[PackQueue]
[2017-10-16 15:45:04,383][main]com.ods.service.TxnService[52][INFO ]: 服务初始化完成, 输入队列:[TxnQueue] 输出队列:[PackQueue]
[2017-10-16 15:45:04,384][main]com.ods.service.TxnService[52][INFO ]: 服务初始化完成, 输入队列:[TxnQueue] 输出队列:[PackQueue]
[2017-10-16 15:45:04,385][main]com.ods.service.TxnService[52][INFO ]: 服务初始化完成, 输入队列:[TxnQueue] 输出队列:[PackQueue]
[2017-10-16 15:45:09,987][TxnService-4]com.ods.service.TxnService[88][INFO ]: test流水号201710161545090000000001处理开始
[2017-10-16 15:45:09,989][TxnService-4]com.ods.service.TxnService[149][INFO ]: test流水号201710161545090000000001获取RspBody中的入参加入到inParm列表完成
[2017-10-16 15:45:09,989][TxnService-4]com.ods.service.TxnService[162][DEBUG]: 获取的交易名称是:test 交易处理类名为:com.ods.transaction.test
[2017-10-16 15:45:09,994][TxnService-4]com.ods.service.TxnService[170][INFO ]: test流水号201710161545090000000001实例化 交易对应的处理类
[2017-10-16 15:45:10,906][TxnService-4]com.ods.service.TxnService[180][INFO ]: test流水号201710161545090000000001数据库操作交易处理完成
[2017-10-16 15:45:10,911][TxnService-4]com.ods.service.TxnService[207][INFO ]: test流水号201710161545090000000001生成key值 完成
[2017-10-16 15:45:10,912][TxnService-4]com.ods.service.TxnService[210][INFO ]: test流水号201710161545090000000001处理完成
[2017-10-16 15:50:19,676][main]com.ods.service.TxnService[52][INFO ]: 服务初始化完成, 输入队列:[TxnQueue] 输出队列:[PackQueue]
[2017-10-16 15:50:19,679][main]com.ods.service.TxnService[52][INFO ]: 服务初始化完成, 输入队列:[TxnQueue] 输出队列:[PackQueue]
[2017-10-16 15:50:19,680][main]com.ods.service.TxnService[52][INFO ]: 服务初始化完成, 输入队列:[TxnQueue] 输出队列:[PackQueue]
[2017-10-16 15:50:19,682][main]com.ods.service.TxnService[52][INFO ]: 服务初始化完成, 输入队列:[TxnQueue] 输出队列:[PackQueue]
[2017-10-16 15:50:19,684][main]com.ods.service.TxnService[52][INFO ]: 服务初始化完成, 输入队列:[TxnQueue] 输出队列:[PackQueue]
[2017-10-16 15:50:25,986][TxnService-2]com.ods.service.TxnService[88][INFO ]: test流水号201710161550250000000001处理开始
[2017-10-16 15:50:25,987][TxnService-2]com.ods.service.TxnService[149][INFO ]: test流水号201710161550250000000001获取RspBody中的入参加入到inParm列表完成
[2017-10-16 15:50:25,987][TxnService-2]com.ods.service.TxnService[162][DEBUG]: 获取的交易名称是:test 交易处理类名为:com.ods.transaction.test
[2017-10-16 15:50:25,990][TxnService-2]com.ods.service.TxnService[170][INFO ]: test流水号201710161550250000000001实例化 交易对应的处理类
[2017-10-16 15:50:26,858][TxnService-2]com.ods.service.TxnService[180][INFO ]: test流水号201710161550250000000001数据库操作交易处理完成
[2017-10-16 15:50:26,862][TxnService-2]com.ods.service.TxnService[207][INFO ]: test流水号201710161550250000000001生成key值 完成
[2017-10-16 15:50:26,863][TxnService-2]com.ods.service.TxnService[210][INFO ]: test流水号201710161550250000000001处理完成
[2017-10-16 15:53:47,560][main]com.ods.service.TxnService[52][INFO ]: 服务初始化完成, 输入队列:[TxnQueue] 输出队列:[PackQueue]
[2017-10-16 15:53:47,560][main]com.ods.service.TxnService[52][INFO ]: 服务初始化完成, 输入队列:[TxnQueue] 输出队列:[PackQueue]
[2017-10-16 15:53:47,561][main]com.ods.service.TxnService[52][INFO ]: 服务初始化完成, 输入队列:[TxnQueue] 输出队列:[PackQueue]
[2017-10-16 15:53:47,562][main]com.ods.service.TxnService[52][INFO ]: 服务初始化完成, 输入队列:[TxnQueue] 输出队列:[PackQueue]
[2017-10-16 15:53:47,563][main]com.ods.service.TxnService[52][INFO ]: 服务初始化完成, 输入队列:[TxnQueue] 输出队列:[PackQueue]
[2017-10-16 15:53:53,376][TxnService-2]com.ods.service.TxnService[88][INFO ]: test流水号201710161553530000000001处理开始
[2017-10-16 15:53:53,377][TxnService-2]com.ods.service.TxnService[149][INFO ]: test流水号201710161553530000000001获取RspBody中的入参加入到inParm列表完成
[2017-10-16 15:53:53,377][TxnService-2]com.ods.service.TxnService[162][DEBUG]: 获取的交易名称是:test 交易处理类名为:com.ods.transaction.test
[2017-10-16 15:53:53,380][TxnService-2]com.ods.service.TxnService[170][INFO ]: test流水号201710161553530000000001实例化 交易对应的处理类
[2017-10-16 15:53:54,308][TxnService-2]com.ods.service.TxnService[180][INFO ]: test流水号201710161553530000000001数据库操作交易处理完成
[2017-10-16 15:53:54,313][TxnService-2]com.ods.service.TxnService[207][INFO ]: test流水号201710161553530000000001生成key值 完成
[2017-10-16 15:53:54,314][TxnService-2]com.ods.service.TxnService[210][INFO ]: test流水号201710161553530000000001处理完成
[2017-10-16 15:57:55,591][TxnService-1]com.ods.service.TxnService[88][INFO ]: test流水号201710161557550000000002处理开始
[2017-10-16 15:57:55,592][TxnService-1]com.ods.service.TxnService[149][INFO ]: test流水号201710161557550000000002获取RspBody中的入参加入到inParm列表完成
[2017-10-16 15:57:55,592][TxnService-1]com.ods.service.TxnService[162][DEBUG]: 获取的交易名称是:test 交易处理类名为:com.ods.transaction.test
[2017-10-16 15:57:55,592][TxnService-1]com.ods.service.TxnService[170][INFO ]: test流水号201710161557550000000002实例化 交易对应的处理类
[2017-10-16 15:57:55,654][TxnService-1]com.ods.service.TxnService[180][INFO ]: test流水号201710161557550000000002数据库操作交易处理完成
[2017-10-16 15:57:55,655][TxnService-1]com.ods.service.TxnService[207][INFO ]: test流水号201710161557550000000002生成key值 完成
[2017-10-16 15:57:55,658][TxnService-1]com.ods.service.TxnService[210][INFO ]: test流水号201710161557550000000002处理完成
[2017-10-16 15:59:38,818][main]com.ods.service.TxnService[52][INFO ]: 服务初始化完成, 输入队列:[TxnQueue] 输出队列:[PackQueue]
[2017-10-16 15:59:38,819][main]com.ods.service.TxnService[52][INFO ]: 服务初始化完成, 输入队列:[TxnQueue] 输出队列:[PackQueue]
[2017-10-16 15:59:38,819][main]com.ods.service.TxnService[52][INFO ]: 服务初始化完成, 输入队列:[TxnQueue] 输出队列:[PackQueue]
[2017-10-16 15:59:38,820][main]com.ods.service.TxnService[52][INFO ]: 服务初始化完成, 输入队列:[TxnQueue] 输出队列:[PackQueue]
[2017-10-16 15:59:38,820][main]com.ods.service.TxnService[52][INFO ]: 服务初始化完成, 输入队列:[TxnQueue] 输出队列:[PackQueue]
[2017-10-16 15:59:43,892][TxnService-0]com.ods.service.TxnService[88][INFO ]: test流水号201710161559430000000001处理开始
[2017-10-16 15:59:43,893][TxnService-0]com.ods.service.TxnService[149][INFO ]: test流水号201710161559430000000001获取RspBody中的入参加入到inParm列表完成
[2017-10-16 15:59:43,893][TxnService-0]com.ods.service.TxnService[162][DEBUG]: 获取的交易名称是:test 交易处理类名为:com.ods.transaction.test
[2017-10-16 15:59:43,897][TxnService-0]com.ods.service.TxnService[170][INFO ]: test流水号201710161559430000000001实例化 交易对应的处理类
[2017-10-16 15:59:44,660][TxnService-0]com.ods.service.TxnService[180][INFO ]: test流水号201710161559430000000001数据库操作交易处理完成
[2017-10-16 15:59:44,663][TxnService-0]com.ods.service.TxnService[207][INFO ]: test流水号201710161559430000000001生成key值 完成
[2017-10-16 15:59:44,664][TxnService-0]com.ods.service.TxnService[210][INFO ]: test流水号201710161559430000000001处理完成
[2017-10-16 16:00:49,630][main]com.ods.service.TxnService[52][INFO ]: 服务初始化完成, 输入队列:[TxnQueue] 输出队列:[PackQueue]
[2017-10-16 16:00:49,631][main]com.ods.service.TxnService[52][INFO ]: 服务初始化完成, 输入队列:[TxnQueue] 输出队列:[PackQueue]
[2017-10-16 16:00:49,631][main]com.ods.service.TxnService[52][INFO ]: 服务初始化完成, 输入队列:[TxnQueue] 输出队列:[PackQueue]
[2017-10-16 16:00:49,633][main]com.ods.service.TxnService[52][INFO ]: 服务初始化完成, 输入队列:[TxnQueue] 输出队列:[PackQueue]
[2017-10-16 16:00:49,634][main]com.ods.service.TxnService[52][INFO ]: 服务初始化完成, 输入队列:[TxnQueue] 输出队列:[PackQueue]
[2017-10-16 16:00:56,028][TxnService-1]com.ods.service.TxnService[88][INFO ]: test流水号201710161600550000000001处理开始
[2017-10-16 16:00:56,030][TxnService-1]com.ods.service.TxnService[149][INFO ]: test流水号201710161600550000000001获取RspBody中的入参加入到inParm列表完成
[2017-10-16 16:00:56,030][TxnService-1]com.ods.service.TxnService[162][DEBUG]: 获取的交易名称是:test 交易处理类名为:com.ods.transaction.test
[2017-10-16 16:00:56,035][TxnService-1]com.ods.service.TxnService[170][INFO ]: test流水号201710161600550000000001实例化 交易对应的处理类
[2017-10-16 16:00:56,950][TxnService-1]com.ods.service.TxnService[180][INFO ]: test流水号201710161600550000000001数据库操作交易处理完成
[2017-10-16 16:00:56,954][TxnService-1]com.ods.service.TxnService[207][INFO ]: test流水号201710161600550000000001生成key值 完成
[2017-10-16 16:00:56,955][TxnService-1]com.ods.service.TxnService[210][INFO ]: test流水号201710161600550000000001处理完成
[2017-10-16 16:04:24,830][main]com.ods.service.TxnService[52][INFO ]: 服务初始化完成, 输入队列:[TxnQueue] 输出队列:[PackQueue]
[2017-10-16 16:04:24,831][main]com.ods.service.TxnService[52][INFO ]: 服务初始化完成, 输入队列:[TxnQueue] 输出队列:[PackQueue]
[2017-10-16 16:04:24,832][main]com.ods.service.TxnService[52][INFO ]: 服务初始化完成, 输入队列:[TxnQueue] 输出队列:[PackQueue]
[2017-10-16 16:04:24,833][main]com.ods.service.TxnService[52][INFO ]: 服务初始化完成, 输入队列:[TxnQueue] 输出队列:[PackQueue]
[2017-10-16 16:04:24,834][main]com.ods.service.TxnService[52][INFO ]: 服务初始化完成, 输入队列:[TxnQueue] 输出队列:[PackQueue]
[2017-10-16 16:05:56,040][TxnService-2]com.ods.service.TxnService[88][INFO ]: test流水号201710161604320000000001处理开始
[2017-10-16 16:05:56,040][TxnService-2]com.ods.service.TxnService[98][INFO ]: 交易:test 流水号201710161604320000000001 状态为false, 交易不再处理
[2017-10-16 16:14:59,024][TxnService-3]com.ods.service.TxnService[88][INFO ]: test流水号201710161614540000000002处理开始
[2017-10-16 16:14:59,025][TxnService-3]com.ods.service.TxnService[149][INFO ]: test流水号201710161614540000000002获取RspBody中的入参加入到inParm列表完成
[2017-10-16 16:14:59,025][TxnService-3]com.ods.service.TxnService[162][DEBUG]: 获取的交易名称是:test 交易处理类名为:com.ods.transaction.test
[2017-10-16 16:14:59,029][TxnService-3]com.ods.service.TxnService[170][INFO ]: test流水号201710161614540000000002实例化 交易对应的处理类
[2017-10-16 16:14:59,923][TxnService-3]com.ods.service.TxnService[180][INFO ]: test流水号201710161614540000000002数据库操作交易处理完成
[2017-10-16 16:14:59,926][TxnService-3]com.ods.service.TxnService[207][INFO ]: test流水号201710161614540000000002生成key值 完成
[2017-10-16 16:14:59,926][TxnService-3]com.ods.service.TxnService[210][INFO ]: test流水号201710161614540000000002处理完成
[2017-10-16 16:17:38,487][TxnService-3]com.ods.service.TxnService[88][INFO ]: test流水号201710161617380000000003处理开始
[2017-10-16 16:17:38,489][TxnService-3]com.ods.service.TxnService[149][INFO ]: test流水号201710161617380000000003获取RspBody中的入参加入到inParm列表完成
[2017-10-16 16:17:38,489][TxnService-3]com.ods.service.TxnService[162][DEBUG]: 获取的交易名称是:test 交易处理类名为:com.ods.transaction.test
[2017-10-16 16:17:38,489][TxnService-3]com.ods.service.TxnService[170][INFO ]: test流水号201710161617380000000003实例化 交易对应的处理类
[2017-10-16 16:17:38,570][TxnService-3]com.ods.service.TxnService[180][INFO ]: test流水号201710161617380000000003数据库操作交易处理完成
[2017-10-16 16:17:38,571][TxnService-3]com.ods.service.TxnService[207][INFO ]: test流水号201710161617380000000003生成key值 完成
[2017-10-16 16:17:38,572][TxnService-3]com.ods.service.TxnService[210][INFO ]: test流水号201710161617380000000003处理完成
[2017-10-16 16:18:35,003][TxnService-1]com.ods.service.TxnService[88][INFO ]: test流水号201710161618340000000004处理开始
[2017-10-16 16:18:35,004][TxnService-1]com.ods.service.TxnService[149][INFO ]: test流水号201710161618340000000004获取RspBody中的入参加入到inParm列表完成
[2017-10-16 16:18:35,004][TxnService-1]com.ods.service.TxnService[162][DEBUG]: 获取的交易名称是:test 交易处理类名为:com.ods.transaction.test
[2017-10-16 16:18:35,004][TxnService-1]com.ods.service.TxnService[170][INFO ]: test流水号201710161618340000000004实例化 交易对应的处理类
[2017-10-16 16:18:35,010][TxnService-1]com.ods.service.TxnService[180][INFO ]: test流水号201710161618340000000004数据库操作交易处理完成
[2017-10-16 16:18:35,012][TxnService-1]com.ods.service.TxnService[207][INFO ]: test流水号201710161618340000000004生成key值 完成
[2017-10-16 16:18:35,012][TxnService-1]com.ods.service.TxnService[210][INFO ]: test流水号201710161618340000000004处理完成
[2017-10-16 16:31:34,413][main]com.ods.service.TxnService[52][INFO ]: 服务初始化完成, 输入队列:[TxnQueue] 输出队列:[PackQueue]
[2017-10-16 16:31:34,413][main]com.ods.service.TxnService[52][INFO ]: 服务初始化完成, 输入队列:[TxnQueue] 输出队列:[PackQueue]
[2017-10-16 16:31:34,414][main]com.ods.service.TxnService[52][INFO ]: 服务初始化完成, 输入队列:[TxnQueue] 输出队列:[PackQueue]
[2017-10-16 16:31:34,415][main]com.ods.service.TxnService[52][INFO ]: 服务初始化完成, 输入队列:[TxnQueue] 输出队列:[PackQueue]
[2017-10-16 16:31:34,415][main]com.ods.service.TxnService[52][INFO ]: 服务初始化完成, 输入队列:[TxnQueue] 输出队列:[PackQueue]
[2017-10-16 16:31:39,952][TxnService-0]com.ods.service.TxnService[88][INFO ]: test流水号201710161631390000000001处理开始
[2017-10-16 16:31:39,954][TxnService-0]com.ods.service.TxnService[149][INFO ]: test流水号201710161631390000000001获取RspBody中的入参加入到inParm列表完成
[2017-10-16 16:31:39,954][TxnService-0]com.ods.service.TxnService[162][DEBUG]: 获取的交易名称是:test 交易处理类名为:com.ods.transaction.test
[2017-10-16 16:31:39,958][TxnService-0]com.ods.service.TxnService[170][INFO ]: test流水号201710161631390000000001实例化 交易对应的处理类
[2017-10-16 16:31:40,795][TxnService-0]com.ods.service.TxnService[180][INFO ]: test流水号201710161631390000000001数据库操作交易处理完成
[2017-10-16 16:31:40,798][TxnService-0]com.ods.service.TxnService[207][INFO ]: test流水号201710161631390000000001生成key值 完成
[2017-10-16 16:31:40,799][TxnService-0]com.ods.service.TxnService[210][INFO ]: test流水号201710161631390000000001处理完成
[2017-10-16 16:34:47,132][TxnService-0]com.ods.service.TxnService[88][INFO ]: test流水号201710161634470000000002处理开始
[2017-10-16 16:34:47,133][TxnService-0]com.ods.service.TxnService[149][INFO ]: test流水号201710161634470000000002获取RspBody中的入参加入到inParm列表完成
[2017-10-16 16:34:47,133][TxnService-0]com.ods.service.TxnService[162][DEBUG]: 获取的交易名称是:test 交易处理类名为:com.ods.transaction.test
[2017-10-16 16:34:47,133][TxnService-0]com.ods.service.TxnService[170][INFO ]: test流水号201710161634470000000002实例化 交易对应的处理类
[2017-10-16 16:34:47,190][TxnService-0]com.ods.service.TxnService[180][INFO ]: test流水号201710161634470000000002数据库操作交易处理完成
[2017-10-16 16:34:47,192][TxnService-0]com.ods.service.TxnService[207][INFO ]: test流水号201710161634470000000002生成key值 完成
[2017-10-16 16:34:47,192][TxnService-0]com.ods.service.TxnService[210][INFO ]: test流水号201710161634470000000002处理完成
[2017-10-16 16:37:35,977][main]com.ods.service.TxnService[52][INFO ]: 服务初始化完成, 输入队列:[TxnQueue] 输出队列:[PackQueue]
[2017-10-16 16:37:35,978][main]com.ods.service.TxnService[52][INFO ]: 服务初始化完成, 输入队列:[TxnQueue] 输出队列:[PackQueue]
[2017-10-16 16:37:35,980][main]com.ods.service.TxnService[52][INFO ]: 服务初始化完成, 输入队列:[TxnQueue] 输出队列:[PackQueue]
[2017-10-16 16:37:35,982][main]com.ods.service.TxnService[52][INFO ]: 服务初始化完成, 输入队列:[TxnQueue] 输出队列:[PackQueue]
[2017-10-16 16:37:35,983][main]com.ods.service.TxnService[52][INFO ]: 服务初始化完成, 输入队列:[TxnQueue] 输出队列:[PackQueue]
[2017-10-16 16:37:44,834][TxnService-3]com.ods.service.TxnService[88][INFO ]: test流水号201710161637440000000001处理开始
[2017-10-16 16:37:44,835][TxnService-3]com.ods.service.TxnService[149][INFO ]: test流水号201710161637440000000001获取RspBody中的入参加入到inParm列表完成
[2017-10-16 16:37:44,836][TxnService-3]com.ods.service.TxnService[162][DEBUG]: 获取的交易名称是:test 交易处理类名为:com.ods.transaction.test
[2017-10-16 16:37:44,839][TxnService-3]com.ods.service.TxnService[170][INFO ]: test流水号201710161637440000000001实例化 交易对应的处理类
[2017-10-16 16:37:45,721][TxnService-3]com.ods.service.TxnService[180][INFO ]: test流水号201710161637440000000001数据库操作交易处理完成
[2017-10-16 16:37:45,725][TxnService-3]com.ods.service.TxnService[207][INFO ]: test流水号201710161637440000000001生成key值 完成
[2017-10-16 16:37:45,726][TxnService-3]com.ods.service.TxnService[210][INFO ]: test流水号201710161637440000000001处理完成
[2017-10-16 16:39:42,558][main]com.ods.service.TxnService[52][INFO ]: 服务初始化完成, 输入队列:[TxnQueue] 输出队列:[PackQueue]
[2017-10-16 16:39:42,558][main]com.ods.service.TxnService[52][INFO ]: 服务初始化完成, 输入队列:[TxnQueue] 输出队列:[PackQueue]
[2017-10-16 16:39:42,559][main]com.ods.service.TxnService[52][INFO ]: 服务初始化完成, 输入队列:[TxnQueue] 输出队列:[PackQueue]
[2017-10-16 16:39:42,560][main]com.ods.service.TxnService[52][INFO ]: 服务初始化完成, 输入队列:[TxnQueue] 输出队列:[PackQueue]
[2017-10-16 16:39:42,561][main]com.ods.service.TxnService[52][INFO ]: 服务初始化完成, 输入队列:[TxnQueue] 输出队列:[PackQueue]
[2017-10-16 16:39:46,689][TxnService-0]com.ods.service.TxnService[88][INFO ]: test流水号201710161639460000000001处理开始
[2017-10-16 16:39:46,690][TxnService-0]com.ods.service.TxnService[149][INFO ]: test流水号201710161639460000000001获取RspBody中的入参加入到inParm列表完成
[2017-10-16 16:39:46,691][TxnService-0]com.ods.service.TxnService[162][DEBUG]: 获取的交易名称是:test 交易处理类名为:com.ods.transaction.test
[2017-10-16 16:39:46,695][TxnService-0]com.ods.service.TxnService[170][INFO ]: test流水号201710161639460000000001实例化 交易对应的处理类
[2017-10-16 16:39:47,564][TxnService-0]com.ods.service.TxnService[180][INFO ]: test流水号201710161639460000000001数据库操作交易处理完成
[2017-10-16 16:39:47,568][TxnService-0]com.ods.service.TxnService[207][INFO ]: test流水号201710161639460000000001生成key值 完成
[2017-10-16 16:39:47,568][TxnService-0]com.ods.service.TxnService[210][INFO ]: test流水号201710161639460000000001处理完成
[2017-10-16 16:40:59,774][main]com.ods.service.TxnService[52][INFO ]: 服务初始化完成, 输入队列:[TxnQueue] 输出队列:[PackQueue]
[2017-10-16 16:40:59,775][main]com.ods.service.TxnService[52][INFO ]: 服务初始化完成, 输入队列:[TxnQueue] 输出队列:[PackQueue]
[2017-10-16 16:40:59,776][main]com.ods.service.TxnService[52][INFO ]: 服务初始化完成, 输入队列:[TxnQueue] 输出队列:[PackQueue]
[2017-10-16 16:40:59,776][main]com.ods.service.TxnService[52][INFO ]: 服务初始化完成, 输入队列:[TxnQueue] 输出队列:[PackQueue]
[2017-10-16 16:40:59,778][main]com.ods.service.TxnService[52][INFO ]: 服务初始化完成, 输入队列:[TxnQueue] 输出队列:[PackQueue]
[2017-10-16 16:41:05,142][TxnService-2]com.ods.service.TxnService[88][INFO ]: test流水号201710161641040000000001处理开始
[2017-10-16 16:41:05,144][TxnService-2]com.ods.service.TxnService[149][INFO ]: test流水号201710161641040000000001获取RspBody中的入参加入到inParm列表完成
[2017-10-16 16:41:05,144][TxnService-2]com.ods.service.TxnService[162][DEBUG]: 获取的交易名称是:test 交易处理类名为:com.ods.transaction.test
[2017-10-16 16:41:05,148][TxnService-2]com.ods.service.TxnService[170][INFO ]: test流水号201710161641040000000001实例化 交易对应的处理类
[2017-10-16 16:41:06,018][TxnService-2]com.ods.service.TxnService[180][INFO ]: test流水号201710161641040000000001数据库操作交易处理完成
[2017-10-16 16:41:06,022][TxnService-2]com.ods.service.TxnService[207][INFO ]: test流水号201710161641040000000001生成key值 完成
[2017-10-16 16:41:06,023][TxnService-2]com.ods.service.TxnService[210][INFO ]: test流水号201710161641040000000001处理完成
[2017-10-16 16:46:58,806][main]com.ods.service.TxnService[52][INFO ]: 服务初始化完成, 输入队列:[TxnQueue] 输出队列:[PackQueue]
[2017-10-16 16:46:58,807][main]com.ods.service.TxnService[52][INFO ]: 服务初始化完成, 输入队列:[TxnQueue] 输出队列:[PackQueue]
[2017-10-16 16:46:58,808][main]com.ods.service.TxnService[52][INFO ]: 服务初始化完成, 输入队列:[TxnQueue] 输出队列:[PackQueue]
[2017-10-16 16:46:58,810][main]com.ods.service.TxnService[52][INFO ]: 服务初始化完成, 输入队列:[TxnQueue] 输出队列:[PackQueue]
[2017-10-16 16:46:58,812][main]com.ods.service.TxnService[52][INFO ]: 服务初始化完成, 输入队列:[TxnQueue] 输出队列:[PackQueue]
[2017-10-16 16:47:04,256][TxnService-3]com.ods.service.TxnService[88][INFO ]: test流水号201710161647040000000001处理开始
[2017-10-16 16:47:04,258][TxnService-3]com.ods.service.TxnService[149][INFO ]: test流水号201710161647040000000001获取RspBody中的入参加入到inParm列表完成
[2017-10-16 16:47:04,259][TxnService-3]com.ods.service.TxnService[162][DEBUG]: 获取的交易名称是:test 交易处理类名为:com.ods.transaction.test
[2017-10-16 16:47:04,262][TxnService-3]com.ods.service.TxnService[170][INFO ]: test流水号201710161647040000000001实例化 交易对应的处理类
[2017-10-16 16:47:05,135][TxnService-3]com.ods.service.TxnService[180][INFO ]: test流水号201710161647040000000001数据库操作交易处理完成
[2017-10-16 16:47:05,138][TxnService-3]com.ods.service.TxnService[207][INFO ]: test流水号201710161647040000000001生成key值 完成
[2017-10-16 16:47:05,139][TxnService-3]com.ods.service.TxnService[210][INFO ]: test流水号201710161647040000000001处理完成
[2017-10-16 16:47:49,707][main]com.ods.service.TxnService[52][INFO ]: 服务初始化完成, 输入队列:[TxnQueue] 输出队列:[PackQueue]
[2017-10-16 16:47:49,708][main]com.ods.service.TxnService[52][INFO ]: 服务初始化完成, 输入队列:[TxnQueue] 输出队列:[PackQueue]
[2017-10-16 16:47:49,709][main]com.ods.service.TxnService[52][INFO ]: 服务初始化完成, 输入队列:[TxnQueue] 输出队列:[PackQueue]
[2017-10-16 16:47:49,710][main]com.ods.service.TxnService[52][INFO ]: 服务初始化完成, 输入队列:[TxnQueue] 输出队列:[PackQueue]
[2017-10-16 16:47:49,713][main]com.ods.service.TxnService[52][INFO ]: 服务初始化完成, 输入队列:[TxnQueue] 输出队列:[PackQueue]
[2017-10-16 16:47:52,658][TxnService-3]com.ods.service.TxnService[88][INFO ]: test流水号201710161647520000000001处理开始
[2017-10-16 16:47:52,659][TxnService-3]com.ods.service.TxnService[149][INFO ]: test流水号201710161647520000000001获取RspBody中的入参加入到inParm列表完成
[2017-10-16 16:47:52,659][TxnService-3]com.ods.service.TxnService[162][DEBUG]: 获取的交易名称是:test 交易处理类名为:com.ods.transaction.test
[2017-10-16 16:47:52,663][TxnService-3]com.ods.service.TxnService[170][INFO ]: test流水号201710161647520000000001实例化 交易对应的处理类
[2017-10-16 16:47:53,539][TxnService-3]com.ods.service.TxnService[180][INFO ]: test流水号201710161647520000000001数据库操作交易处理完成
[2017-10-16 16:47:53,543][TxnService-3]com.ods.service.TxnService[207][INFO ]: test流水号201710161647520000000001生成key值 完成
[2017-10-16 16:47:53,543][TxnService-3]com.ods.service.TxnService[210][INFO ]: test流水号201710161647520000000001处理完成
[2017-10-16 16:49:31,819][main]com.ods.service.TxnService[52][INFO ]: 服务初始化完成, 输入队列:[TxnQueue] 输出队列:[PackQueue]
[2017-10-16 16:49:31,820][main]com.ods.service.TxnService[52][INFO ]: 服务初始化完成, 输入队列:[TxnQueue] 输出队列:[PackQueue]
[2017-10-16 16:49:31,821][main]com.ods.service.TxnService[52][INFO ]: 服务初始化完成, 输入队列:[TxnQueue] 输出队列:[PackQueue]
[2017-10-16 16:49:31,822][main]com.ods.service.TxnService[52][INFO ]: 服务初始化完成, 输入队列:[TxnQueue] 输出队列:[PackQueue]
[2017-10-16 16:49:31,823][main]com.ods.service.TxnService[52][INFO ]: 服务初始化完成, 输入队列:[TxnQueue] 输出队列:[PackQueue]
[2017-10-16 16:49:35,606][main]com.ods.service.TxnService[52][INFO ]: 服务初始化完成, 输入队列:[TxnQueue] 输出队列:[PackQueue]
[2017-10-16 16:49:35,607][main]com.ods.service.TxnService[52][INFO ]: 服务初始化完成, 输入队列:[TxnQueue] 输出队列:[PackQueue]
[2017-10-16 16:49:35,608][main]com.ods.service.TxnService[52][INFO ]: 服务初始化完成, 输入队列:[TxnQueue] 输出队列:[PackQueue]
[2017-10-16 16:49:35,608][main]com.ods.service.TxnService[52][INFO ]: 服务初始化完成, 输入队列:[TxnQueue] 输出队列:[PackQueue]
[2017-10-16 16:49:35,609][main]com.ods.service.TxnService[52][INFO ]: 服务初始化完成, 输入队列:[TxnQueue] 输出队列:[PackQueue]
[2017-10-16 16:49:42,708][TxnService-3]com.ods.service.TxnService[88][INFO ]: test流水号201710161649420000000001处理开始
[2017-10-16 16:49:42,710][TxnService-3]com.ods.service.TxnService[149][INFO ]: test流水号201710161649420000000001获取RspBody中的入参加入到inParm列表完成
[2017-10-16 16:49:42,710][TxnService-3]com.ods.service.TxnService[162][DEBUG]: 获取的交易名称是:test 交易处理类名为:com.ods.transaction.test
[2017-10-16 16:49:42,713][TxnService-3]com.ods.service.TxnService[170][INFO ]: test流水号201710161649420000000001实例化 交易对应的处理类
[2017-10-16 16:49:43,591][TxnService-3]com.ods.service.TxnService[180][INFO ]: test流水号201710161649420000000001数据库操作交易处理完成
[2017-10-16 16:49:43,595][TxnService-3]com.ods.service.TxnService[207][INFO ]: test流水号201710161649420000000001生成key值 完成
[2017-10-16 16:49:43,595][TxnService-3]com.ods.service.TxnService[210][INFO ]: test流水号201710161649420000000001处理完成
[2017-10-16 16:54:56,854][main]com.ods.service.TxnService[52][INFO ]: 服务初始化完成, 输入队列:[TxnQueue] 输出队列:[PackQueue]
[2017-10-16 16:54:56,855][main]com.ods.service.TxnService[52][INFO ]: 服务初始化完成, 输入队列:[TxnQueue] 输出队列:[PackQueue]
[2017-10-16 16:54:56,855][main]com.ods.service.TxnService[52][INFO ]: 服务初始化完成, 输入队列:[TxnQueue] 输出队列:[PackQueue]
[2017-10-16 16:54:56,856][main]com.ods.service.TxnService[52][INFO ]: 服务初始化完成, 输入队列:[TxnQueue] 输出队列:[PackQueue]
[2017-10-16 16:54:56,858][main]com.ods.service.TxnService[52][INFO ]: 服务初始化完成, 输入队列:[TxnQueue] 输出队列:[PackQueue]
[2017-10-16 16:55:03,226][TxnService-0]com.ods.service.TxnService[88][INFO ]: test流水号201710161655030000000001处理开始
[2017-10-16 16:55:03,227][TxnService-0]com.ods.service.TxnService[149][INFO ]: test流水号201710161655030000000001获取RspBody中的入参加入到inParm列表完成
[2017-10-16 16:55:03,228][TxnService-0]com.ods.service.TxnService[162][DEBUG]: 获取的交易名称是:test 交易处理类名为:com.ods.transaction.test
[2017-10-16 16:55:03,231][TxnService-0]com.ods.service.TxnService[170][INFO ]: test流水号201710161655030000000001实例化 交易对应的处理类
[2017-10-16 16:55:04,042][TxnService-0]com.ods.service.TxnService[180][INFO ]: test流水号201710161655030000000001数据库操作交易处理完成
[2017-10-16 16:55:04,045][TxnService-0]com.ods.service.TxnService[207][INFO ]: test流水号201710161655030000000001生成key值 完成
[2017-10-16 16:55:04,045][TxnService-0]com.ods.service.TxnService[210][INFO ]: test流水号201710161655030000000001处理完成
[2017-10-16 17:04:28,558][TxnService-2]com.ods.service.TxnService[88][INFO ]: test流水号201710161704280000000002处理开始
[2017-10-16 17:04:28,559][TxnService-2]com.ods.service.TxnService[149][INFO ]: test流水号201710161704280000000002获取RspBody中的入参加入到inParm列表完成
[2017-10-16 17:04:28,559][TxnService-2]com.ods.service.TxnService[162][DEBUG]: 获取的交易名称是:test 交易处理类名为:com.ods.transaction.test
[2017-10-16 17:04:28,559][TxnService-2]com.ods.service.TxnService[170][INFO ]: test流水号201710161704280000000002实例化 交易对应的处理类
[2017-10-16 17:04:28,648][TxnService-2]com.ods.service.TxnService[180][INFO ]: test流水号201710161704280000000002数据库操作交易处理完成
[2017-10-16 17:04:28,650][TxnService-2]com.ods.service.TxnService[207][INFO ]: test流水号201710161704280000000002生成key值 完成
[2017-10-16 17:04:28,651][TxnService-2]com.ods.service.TxnService[210][INFO ]: test流水号201710161704280000000002处理完成
[2017-10-16 17:04:45,921][TxnService-2]com.ods.service.TxnService[88][INFO ]: test流水号201710161704450000000003处理开始
[2017-10-16 17:04:45,921][TxnService-2]com.ods.service.TxnService[149][INFO ]: test流水号201710161704450000000003获取RspBody中的入参加入到inParm列表完成
[2017-10-16 17:04:45,921][TxnService-2]com.ods.service.TxnService[162][DEBUG]: 获取的交易名称是:test 交易处理类名为:com.ods.transaction.test
[2017-10-16 17:04:45,921][TxnService-2]com.ods.service.TxnService[170][INFO ]: test流水号201710161704450000000003实例化 交易对应的处理类
[2017-10-16 17:04:45,927][TxnService-2]com.ods.service.TxnService[180][INFO ]: test流水号201710161704450000000003数据库操作交易处理完成
[2017-10-16 17:04:45,928][TxnService-2]com.ods.service.TxnService[207][INFO ]: test流水号201710161704450000000003生成key值 完成
[2017-10-16 17:04:45,928][TxnService-2]com.ods.service.TxnService[210][INFO ]: test流水号201710161704450000000003处理完成
[2017-10-16 17:06:20,683][TxnService-4]com.ods.service.TxnService[88][INFO ]: test流水号201710161706200000000004处理开始
[2017-10-16 17:06:20,684][TxnService-4]com.ods.service.TxnService[149][INFO ]: test流水号201710161706200000000004获取RspBody中的入参加入到inParm列表完成
[2017-10-16 17:06:20,684][TxnService-4]com.ods.service.TxnService[162][DEBUG]: 获取的交易名称是:test 交易处理类名为:com.ods.transaction.test
[2017-10-16 17:06:20,684][TxnService-4]com.ods.service.TxnService[170][INFO ]: test流水号201710161706200000000004实例化 交易对应的处理类
[2017-10-16 17:06:20,716][TxnService-4]com.ods.service.TxnService[180][INFO ]: test流水号201710161706200000000004数据库操作交易处理完成
[2017-10-16 17:06:20,717][TxnService-4]com.ods.service.TxnService[207][INFO ]: test流水号201710161706200000000004生成key值 完成
[2017-10-16 17:06:20,718][TxnService-4]com.ods.service.TxnService[210][INFO ]: test流水号201710161706200000000004处理完成
[2017-10-16 17:09:55,924][main]com.ods.service.TxnService[52][INFO ]: 服务初始化完成, 输入队列:[TxnQueue] 输出队列:[PackQueue]
[2017-10-16 17:09:55,925][main]com.ods.service.TxnService[52][INFO ]: 服务初始化完成, 输入队列:[TxnQueue] 输出队列:[PackQueue]
[2017-10-16 17:09:55,926][main]com.ods.service.TxnService[52][INFO ]: 服务初始化完成, 输入队列:[TxnQueue] 输出队列:[PackQueue]
[2017-10-16 17:09:55,926][main]com.ods.service.TxnService[52][INFO ]: 服务初始化完成, 输入队列:[TxnQueue] 输出队列:[PackQueue]
[2017-10-16 17:09:55,927][main]com.ods.service.TxnService[52][INFO ]: 服务初始化完成, 输入队列:[TxnQueue] 输出队列:[PackQueue]
[2017-10-16 17:09:58,604][main]com.ods.service.TxnService[52][INFO ]: 服务初始化完成, 输入队列:[TxnQueue] 输出队列:[PackQueue]
[2017-10-16 17:09:58,605][main]com.ods.service.TxnService[52][INFO ]: 服务初始化完成, 输入队列:[TxnQueue] 输出队列:[PackQueue]
[2017-10-16 17:09:58,605][main]com.ods.service.TxnService[52][INFO ]: 服务初始化完成, 输入队列:[TxnQueue] 输出队列:[PackQueue]
[2017-10-16 17:09:58,606][main]com.ods.service.TxnService[52][INFO ]: 服务初始化完成, 输入队列:[TxnQueue] 输出队列:[PackQueue]
[2017-10-16 17:09:58,607][main]com.ods.service.TxnService[52][INFO ]: 服务初始化完成, 输入队列:[TxnQueue] 输出队列:[PackQueue]
[2017-10-16 17:10:01,722][TxnService-4]com.ods.service.TxnService[88][INFO ]: test流水号201710161710010000000001处理开始
[2017-10-16 17:10:01,724][TxnService-4]com.ods.service.TxnService[149][INFO ]: test流水号201710161710010000000001获取RspBody中的入参加入到inParm列表完成
[2017-10-16 17:10:01,725][TxnService-4]com.ods.service.TxnService[162][DEBUG]: 获取的交易名称是:test 交易处理类名为:com.ods.transaction.test
[2017-10-16 17:10:01,730][TxnService-4]com.ods.service.TxnService[170][INFO ]: test流水号201710161710010000000001实例化 交易对应的处理类
[2017-10-16 17:10:02,560][TxnService-4]com.ods.service.TxnService[180][INFO ]: test流水号201710161710010000000001数据库操作交易处理完成
[2017-10-16 17:10:02,564][TxnService-4]com.ods.service.TxnService[207][INFO ]: test流水号201710161710010000000001生成key值 完成
[2017-10-16 17:10:02,564][TxnService-4]com.ods.service.TxnService[210][INFO ]: test流水号201710161710010000000001处理完成
[2017-10-16 17:13:06,050][main]com.ods.service.TxnService[52][INFO ]: 服务初始化完成, 输入队列:[TxnQueue] 输出队列:[PackQueue]
[2017-10-16 17:13:06,052][main]com.ods.service.TxnService[52][INFO ]: 服务初始化完成, 输入队列:[TxnQueue] 输出队列:[PackQueue]
[2017-10-16 17:13:06,053][main]com.ods.service.TxnService[52][INFO ]: 服务初始化完成, 输入队列:[TxnQueue] 输出队列:[PackQueue]
[2017-10-16 17:13:06,055][main]com.ods.service.TxnService[52][INFO ]: 服务初始化完成, 输入队列:[TxnQueue] 输出队列:[PackQueue]
[2017-10-16 17:13:06,057][main]com.ods.service.TxnService[52][INFO ]: 服务初始化完成, 输入队列:[TxnQueue] 输出队列:[PackQueue]
[2017-10-16 17:13:08,950][TxnService-2]com.ods.service.TxnService[88][INFO ]: test流水号201710161713080000000001处理开始
[2017-10-16 17:13:08,951][TxnService-2]com.ods.service.TxnService[149][INFO ]: test流水号201710161713080000000001获取RspBody中的入参加入到inParm列表完成
[2017-10-16 17:13:08,951][TxnService-2]com.ods.service.TxnService[162][DEBUG]: 获取的交易名称是:test 交易处理类名为:com.ods.transaction.test
[2017-10-16 17:13:08,956][TxnService-2]com.ods.service.TxnService[170][INFO ]: test流水号201710161713080000000001实例化 交易对应的处理类
[2017-10-16 17:13:09,808][TxnService-2]com.ods.service.TxnService[180][INFO ]: test流水号201710161713080000000001数据库操作交易处理完成
[2017-10-16 17:13:09,813][TxnService-2]com.ods.service.TxnService[207][INFO ]: test流水号201710161713080000000001生成key值 完成
[2017-10-16 17:13:09,814][TxnService-2]com.ods.service.TxnService[210][INFO ]: test流水号201710161713080000000001处理完成
[2017-10-16 17:14:51,283][main]com.ods.service.TxnService[52][INFO ]: 服务初始化完成, 输入队列:[TxnQueue] 输出队列:[PackQueue]
[2017-10-16 17:14:51,284][main]com.ods.service.TxnService[52][INFO ]: 服务初始化完成, 输入队列:[TxnQueue] 输出队列:[PackQueue]
[2017-10-16 17:14:51,286][main]com.ods.service.TxnService[52][INFO ]: 服务初始化完成, 输入队列:[TxnQueue] 输出队列:[PackQueue]
[2017-10-16 17:14:51,287][main]com.ods.service.TxnService[52][INFO ]: 服务初始化完成, 输入队列:[TxnQueue] 输出队列:[PackQueue]
[2017-10-16 17:14:51,288][main]com.ods.service.TxnService[52][INFO ]: 服务初始化完成, 输入队列:[TxnQueue] 输出队列:[PackQueue]
[2017-10-16 17:14:54,641][TxnService-1]com.ods.service.TxnService[88][INFO ]: test流水号201710161714540000000001处理开始
[2017-10-16 17:14:54,642][TxnService-1]com.ods.service.TxnService[149][INFO ]: test流水号201710161714540000000001获取RspBody中的入参加入到inParm列表完成
[2017-10-16 17:14:54,642][TxnService-1]com.ods.service.TxnService[162][DEBUG]: 获取的交易名称是:test 交易处理类名为:com.ods.transaction.test
[2017-10-16 17:14:54,647][TxnService-1]com.ods.service.TxnService[170][INFO ]: test流水号201710161714540000000001实例化 交易对应的处理类
[2017-10-16 17:14:55,515][TxnService-1]com.ods.service.TxnService[180][INFO ]: test流水号201710161714540000000001数据库操作交易处理完成
[2017-10-16 17:14:55,518][TxnService-1]com.ods.service.TxnService[207][INFO ]: test流水号201710161714540000000001生成key值 完成
[2017-10-16 17:14:55,519][TxnService-1]com.ods.service.TxnService[210][INFO ]: test流水号201710161714540000000001处理完成
[2017-10-16 17:15:27,451][TxnService-2]com.ods.service.TxnService[88][INFO ]: test流水号201710161715210000000002处理开始
[2017-10-16 17:15:27,453][TxnService-2]com.ods.service.TxnService[149][INFO ]: test流水号201710161715210000000002获取RspBody中的入参加入到inParm列表完成
[2017-10-16 17:15:27,453][TxnService-2]com.ods.service.TxnService[162][DEBUG]: 获取的交易名称是:test 交易处理类名为:com.ods.transaction.test
[2017-10-16 17:15:27,454][TxnService-2]com.ods.service.TxnService[170][INFO ]: test流水号201710161715210000000002实例化 交易对应的处理类
[2017-10-16 17:15:27,462][TxnService-2]com.ods.service.TxnService[180][INFO ]: test流水号201710161715210000000002数据库操作交易处理完成
[2017-10-16 17:15:27,463][TxnService-2]com.ods.service.TxnService[207][INFO ]: test流水号201710161715210000000002生成key值 完成
[2017-10-16 17:15:27,464][TxnService-2]com.ods.service.TxnService[210][INFO ]: test流水号201710161715210000000002处理完成
[2017-10-16 17:15:45,494][TxnService-3]com.ods.service.TxnService[88][INFO ]: test流水号201710161715450000000003处理开始
[2017-10-16 17:15:45,494][TxnService-3]com.ods.service.TxnService[149][INFO ]: test流水号201710161715450000000003获取RspBody中的入参加入到inParm列表完成
[2017-10-16 17:15:45,494][TxnService-3]com.ods.service.TxnService[162][DEBUG]: 获取的交易名称是:test 交易处理类名为:com.ods.transaction.test
[2017-10-16 17:15:45,494][TxnService-3]com.ods.service.TxnService[170][INFO ]: test流水号201710161715450000000003实例化 交易对应的处理类
[2017-10-16 17:15:45,499][TxnService-3]com.ods.service.TxnService[180][INFO ]: test流水号201710161715450000000003数据库操作交易处理完成
[2017-10-16 17:15:45,500][TxnService-3]com.ods.service.TxnService[207][INFO ]: test流水号201710161715450000000003生成key值 完成
[2017-10-16 17:15:45,500][TxnService-3]com.ods.service.TxnService[210][INFO ]: test流水号201710161715450000000003处理完成
[2017-10-16 17:18:21,877][main]com.ods.service.TxnService[52][INFO ]: 服务初始化完成, 输入队列:[TxnQueue] 输出队列:[PackQueue]
[2017-10-16 17:18:21,878][main]com.ods.service.TxnService[52][INFO ]: 服务初始化完成, 输入队列:[TxnQueue] 输出队列:[PackQueue]
[2017-10-16 17:18:21,879][main]com.ods.service.TxnService[52][INFO ]: 服务初始化完成, 输入队列:[TxnQueue] 输出队列:[PackQueue]
[2017-10-16 17:18:21,880][main]com.ods.service.TxnService[52][INFO ]: 服务初始化完成, 输入队列:[TxnQueue] 输出队列:[PackQueue]
[2017-10-16 17:18:21,882][main]com.ods.service.TxnService[52][INFO ]: 服务初始化完成, 输入队列:[TxnQueue] 输出队列:[PackQueue]
[2017-10-16 17:18:26,498][main]com.ods.service.TxnService[52][INFO ]: 服务初始化完成, 输入队列:[TxnQueue] 输出队列:[PackQueue]
[2017-10-16 17:18:26,499][main]com.ods.service.TxnService[52][INFO ]: 服务初始化完成, 输入队列:[TxnQueue] 输出队列:[PackQueue]
[2017-10-16 17:18:26,500][main]com.ods.service.TxnService[52][INFO ]: 服务初始化完成, 输入队列:[TxnQueue] 输出队列:[PackQueue]
[2017-10-16 17:18:26,501][main]com.ods.service.TxnService[52][INFO ]: 服务初始化完成, 输入队列:[TxnQueue] 输出队列:[PackQueue]
[2017-10-16 17:18:26,502][main]com.ods.service.TxnService[52][INFO ]: 服务初始化完成, 输入队列:[TxnQueue] 输出队列:[PackQueue]
[2017-10-16 17:18:31,852][TxnService-3]com.ods.service.TxnService[88][INFO ]: test流水号201710161718310000000001处理开始
[2017-10-16 17:18:31,854][TxnService-3]com.ods.service.TxnService[149][INFO ]: test流水号201710161718310000000001获取RspBody中的入参加入到inParm列表完成
[2017-10-16 17:18:31,854][TxnService-3]com.ods.service.TxnService[162][DEBUG]: 获取的交易名称是:test 交易处理类名为:com.ods.transaction.test
[2017-10-16 17:18:31,858][TxnService-3]com.ods.service.TxnService[170][INFO ]: test流水号201710161718310000000001实例化 交易对应的处理类
[2017-10-16 17:18:32,731][TxnService-3]com.ods.service.TxnService[180][INFO ]: test流水号201710161718310000000001数据库操作交易处理完成
[2017-10-16 17:18:32,734][TxnService-3]com.ods.service.TxnService[207][INFO ]: test流水号201710161718310000000001生成key值 完成
[2017-10-16 17:18:32,735][TxnService-3]com.ods.service.TxnService[210][INFO ]: test流水号201710161718310000000001处理完成
[2017-10-16 17:19:58,137][main]com.ods.service.TxnService[52][INFO ]: 服务初始化完成, 输入队列:[TxnQueue] 输出队列:[PackQueue]
[2017-10-16 17:19:58,138][main]com.ods.service.TxnService[52][INFO ]: 服务初始化完成, 输入队列:[TxnQueue] 输出队列:[PackQueue]
[2017-10-16 17:19:58,139][main]com.ods.service.TxnService[52][INFO ]: 服务初始化完成, 输入队列:[TxnQueue] 输出队列:[PackQueue]
[2017-10-16 17:19:58,141][main]com.ods.service.TxnService[52][INFO ]: 服务初始化完成, 输入队列:[TxnQueue] 输出队列:[PackQueue]
[2017-10-16 17:19:58,143][main]com.ods.service.TxnService[52][INFO ]: 服务初始化完成, 输入队列:[TxnQueue] 输出队列:[PackQueue]
[2017-10-16 17:20:03,406][TxnService-1]com.ods.service.TxnService[88][INFO ]: test流水号201710161720030000000001处理开始
[2017-10-16 17:20:03,408][TxnService-1]com.ods.service.TxnService[149][INFO ]: test流水号201710161720030000000001获取RspBody中的入参加入到inParm列表完成
[2017-10-16 17:20:03,408][TxnService-1]com.ods.service.TxnService[162][DEBUG]: 获取的交易名称是:test 交易处理类名为:com.ods.transaction.test
[2017-10-16 17:20:03,414][TxnService-1]com.ods.service.TxnService[170][INFO ]: test流水号201710161720030000000001实例化 交易对应的处理类
[2017-10-16 17:20:04,303][TxnService-1]com.ods.service.TxnService[180][INFO ]: test流水号201710161720030000000001数据库操作交易处理完成
[2017-10-16 17:20:04,307][TxnService-1]com.ods.service.TxnService[207][INFO ]: test流水号201710161720030000000001生成key值 完成
[2017-10-16 17:20:04,308][TxnService-1]com.ods.service.TxnService[210][INFO ]: test流水号201710161720030000000001处理完成
[2017-10-16 17:23:32,407][main]com.ods.service.TxnService[52][INFO ]: 服务初始化完成, 输入队列:[TxnQueue] 输出队列:[PackQueue]
[2017-10-16 17:23:32,408][main]com.ods.service.TxnService[52][INFO ]: 服务初始化完成, 输入队列:[TxnQueue] 输出队列:[PackQueue]
[2017-10-16 17:23:32,409][main]com.ods.service.TxnService[52][INFO ]: 服务初始化完成, 输入队列:[TxnQueue] 输出队列:[PackQueue]
[2017-10-16 17:23:32,410][main]com.ods.service.TxnService[52][INFO ]: 服务初始化完成, 输入队列:[TxnQueue] 输出队列:[PackQueue]
[2017-10-16 17:23:32,414][main]com.ods.service.TxnService[52][INFO ]: 服务初始化完成, 输入队列:[TxnQueue] 输出队列:[PackQueue]
[2017-10-16 17:23:37,940][TxnService-2]com.ods.service.TxnService[88][INFO ]: test流水号201710161723370000000001处理开始
[2017-10-16 17:23:37,941][TxnService-2]com.ods.service.TxnService[149][INFO ]: test流水号201710161723370000000001获取RspBody中的入参加入到inParm列表完成
[2017-10-16 17:23:37,942][TxnService-2]com.ods.service.TxnService[162][DEBUG]: 获取的交易名称是:test 交易处理类名为:com.ods.transaction.test
[2017-10-16 17:23:37,946][TxnService-2]com.ods.service.TxnService[170][INFO ]: test流水号201710161723370000000001实例化 交易对应的处理类
[2017-10-16 17:23:38,810][TxnService-2]com.ods.service.TxnService[180][INFO ]: test流水号201710161723370000000001数据库操作交易处理完成
[2017-10-16 17:23:38,816][TxnService-2]com.ods.service.TxnService[207][INFO ]: test流水号201710161723370000000001生成key值 完成
[2017-10-16 17:23:38,816][TxnService-2]com.ods.service.TxnService[210][INFO ]: test流水号201710161723370000000001处理完成
[2017-10-16 18:39:23,424][TxnService-1]com.ods.service.TxnService[88][INFO ]: test流水号201710161839230000000002处理开始
[2017-10-16 18:39:23,425][TxnService-1]com.ods.service.TxnService[149][INFO ]: test流水号201710161839230000000002获取RspBody中的入参加入到inParm列表完成
[2017-10-16 18:39:23,425][TxnService-1]com.ods.service.TxnService[162][DEBUG]: 获取的交易名称是:test 交易处理类名为:com.ods.transaction.test
[2017-10-16 18:39:23,425][TxnService-1]com.ods.service.TxnService[170][INFO ]: test流水号201710161839230000000002实例化 交易对应的处理类
[2017-10-16 18:39:23,489][TxnService-1]com.ods.service.TxnService[180][INFO ]: test流水号201710161839230000000002数据库操作交易处理完成
[2017-10-16 18:39:23,491][TxnService-1]com.ods.service.TxnService[207][INFO ]: test流水号201710161839230000000002生成key值 完成
[2017-10-16 18:39:23,492][TxnService-1]com.ods.service.TxnService[210][INFO ]: test流水号201710161839230000000002处理完成
