[2017-10-09 14:36:26,880][TxnService-1]com.ods.transaction.test[28][INFO ]: 
[2017-10-09 14:36:26,880][TxnService-1]com.ods.transaction.test[29][INFO ]: 1231sdfa
[2017-10-09 14:36:26,880][TxnService-1]com.ods.transaction.test[30][INFO ]: 
[2017-10-09 14:36:26,880][TxnService-1]com.ods.transaction.test[31][INFO ]: 12
[2017-10-09 14:36:26,880][TxnService-1]com.ods.transaction.test[28][INFO ]: 
[2017-10-09 14:36:26,880][TxnService-1]com.ods.transaction.test[29][INFO ]: 1231sdfa
[2017-10-09 14:36:26,880][TxnService-1]com.ods.transaction.test[30][INFO ]: 
[2017-10-09 14:36:26,882][TxnService-1]com.ods.transaction.test[31][INFO ]: 12
[2017-10-09 14:36:26,882][TxnService-1]com.ods.transaction.test[28][INFO ]: 
[2017-10-09 14:36:26,882][TxnService-1]com.ods.transaction.test[29][INFO ]: 94+946+84+6
[2017-10-09 14:36:26,882][TxnService-1]com.ods.transaction.test[30][INFO ]: 
[2017-10-09 14:36:26,882][TxnService-1]com.ods.transaction.test[31][INFO ]: 13
[2017-10-09 14:36:26,882][TxnService-1]com.ods.transaction.test[28][INFO ]: 
[2017-10-09 14:36:26,882][TxnService-1]com.ods.transaction.test[29][INFO ]: 94+dsafja6
[2017-10-09 14:36:26,884][TxnService-1]com.ods.transaction.test[30][INFO ]: 
[2017-10-09 14:36:26,884][TxnService-1]com.ods.transaction.test[31][INFO ]: 19
[2017-10-09 14:36:26,884][TxnService-1]com.ods.transaction.test[28][INFO ]: 
[2017-10-09 14:36:26,884][TxnService-1]com.ods.transaction.test[29][INFO ]: 94+dsafja6
[2017-10-09 14:36:26,884][TxnService-1]com.ods.transaction.test[30][INFO ]: 
[2017-10-09 14:36:26,884][TxnService-1]com.ods.transaction.test[31][INFO ]: 12
[2017-10-09 14:36:26,884][TxnService-1]com.ods.transaction.test[28][INFO ]: 
[2017-10-09 14:36:26,884][TxnService-1]com.ods.transaction.test[29][INFO ]: 94+dsafja6
[2017-10-09 14:36:26,884][TxnService-1]com.ods.transaction.test[30][INFO ]: 
[2017-10-09 14:36:26,884][TxnService-1]com.ods.transaction.test[31][INFO ]: 1
[2017-10-09 14:36:26,884][TxnService-1]com.ods.transaction.test[28][INFO ]: 
[2017-10-09 14:36:26,884][TxnService-1]com.ods.transaction.test[29][INFO ]: 94+dsafja6
[2017-10-09 14:36:26,884][TxnService-1]com.ods.transaction.test[30][INFO ]: 
[2017-10-09 14:36:26,884][TxnService-1]com.ods.transaction.test[31][INFO ]: 12
[2017-10-09 14:36:26,885][TxnService-1]com.ods.transaction.test[28][INFO ]: 
[2017-10-09 14:36:26,885][TxnService-1]com.ods.transaction.test[29][INFO ]: 94+dsafja6
[2017-10-09 14:36:26,885][TxnService-1]com.ods.transaction.test[30][INFO ]: 
[2017-10-09 14:36:26,885][TxnService-1]com.ods.transaction.test[31][INFO ]: 19
[2017-10-09 14:36:26,885][TxnService-1]com.ods.transaction.test[28][INFO ]: 
[2017-10-09 14:36:26,885][TxnService-1]com.ods.transaction.test[29][INFO ]: 94+dsafja6
[2017-10-09 14:36:26,885][TxnService-1]com.ods.transaction.test[30][INFO ]: 
[2017-10-09 14:36:26,885][TxnService-1]com.ods.transaction.test[31][INFO ]: 3
[2017-10-09 14:36:26,885][TxnService-1]com.ods.transaction.test[28][INFO ]: 
[2017-10-09 14:36:26,885][TxnService-1]com.ods.transaction.test[29][INFO ]: 94+dsafja6
[2017-10-09 14:36:26,885][TxnService-1]com.ods.transaction.test[30][INFO ]: 
[2017-10-09 14:36:26,885][TxnService-1]com.ods.transaction.test[31][INFO ]: 32
[2017-10-09 14:36:26,885][TxnService-1]com.ods.transaction.test[28][INFO ]: 
[2017-10-09 14:36:26,887][TxnService-1]com.ods.transaction.test[29][INFO ]: 94+dsafja6
[2017-10-09 14:36:26,887][TxnService-1]com.ods.transaction.test[30][INFO ]: 
[2017-10-09 14:36:26,887][TxnService-1]com.ods.transaction.test[31][INFO ]: 12
[2017-10-09 14:36:26,887][TxnService-1]com.ods.transaction.test[28][INFO ]: 
[2017-10-09 14:36:26,887][TxnService-1]com.ods.transaction.test[29][INFO ]: 94+dsafja6
[2017-10-09 14:36:26,887][TxnService-1]com.ods.transaction.test[30][INFO ]: 
[2017-10-09 14:36:26,887][TxnService-1]com.ods.transaction.test[31][INFO ]: 56
[2017-10-09 14:36:46,201][TxnService-3]com.ods.transaction.test[28][INFO ]: 
[2017-10-09 14:36:46,201][TxnService-3]com.ods.transaction.test[29][INFO ]: 1231sdfa
[2017-10-09 14:36:46,201][TxnService-3]com.ods.transaction.test[30][INFO ]: 
[2017-10-09 14:36:46,201][TxnService-3]com.ods.transaction.test[31][INFO ]: 12
[2017-10-09 14:36:46,201][TxnService-3]com.ods.transaction.test[28][INFO ]: 
[2017-10-09 14:36:46,201][TxnService-3]com.ods.transaction.test[29][INFO ]: 1231sdfa
[2017-10-09 14:36:46,201][TxnService-3]com.ods.transaction.test[30][INFO ]: 
[2017-10-09 14:36:46,201][TxnService-3]com.ods.transaction.test[31][INFO ]: 12
[2017-10-09 14:36:46,201][TxnService-3]com.ods.transaction.test[28][INFO ]: 
[2017-10-09 14:36:46,201][TxnService-3]com.ods.transaction.test[29][INFO ]: 94+946+84+6
[2017-10-09 14:36:46,201][TxnService-3]com.ods.transaction.test[30][INFO ]: 
[2017-10-09 14:36:46,201][TxnService-3]com.ods.transaction.test[31][INFO ]: 13
[2017-10-09 14:36:46,201][TxnService-3]com.ods.transaction.test[28][INFO ]: 
[2017-10-09 14:36:46,201][TxnService-3]com.ods.transaction.test[29][INFO ]: 94+dsafja6
[2017-10-09 14:36:46,201][TxnService-3]com.ods.transaction.test[30][INFO ]: 
[2017-10-09 14:36:46,201][TxnService-3]com.ods.transaction.test[31][INFO ]: 19
[2017-10-09 14:36:46,201][TxnService-3]com.ods.transaction.test[28][INFO ]: 
[2017-10-09 14:36:46,201][TxnService-3]com.ods.transaction.test[29][INFO ]: 94+dsafja6
[2017-10-09 14:36:46,201][TxnService-3]com.ods.transaction.test[30][INFO ]: 
[2017-10-09 14:36:46,201][TxnService-3]com.ods.transaction.test[31][INFO ]: 12
[2017-10-09 14:36:46,201][TxnService-3]com.ods.transaction.test[28][INFO ]: 
[2017-10-09 14:36:46,201][TxnService-3]com.ods.transaction.test[29][INFO ]: 94+dsafja6
[2017-10-09 14:36:46,201][TxnService-3]com.ods.transaction.test[30][INFO ]: 
[2017-10-09 14:36:46,201][TxnService-3]com.ods.transaction.test[31][INFO ]: 1
[2017-10-09 14:36:46,201][TxnService-3]com.ods.transaction.test[28][INFO ]: 
[2017-10-09 14:36:46,201][TxnService-3]com.ods.transaction.test[29][INFO ]: 94+dsafja6
[2017-10-09 14:36:46,201][TxnService-3]com.ods.transaction.test[30][INFO ]: 
[2017-10-09 14:36:46,201][TxnService-3]com.ods.transaction.test[31][INFO ]: 12
[2017-10-09 14:36:46,201][TxnService-3]com.ods.transaction.test[28][INFO ]: 
[2017-10-09 14:36:46,205][TxnService-3]com.ods.transaction.test[29][INFO ]: 94+dsafja6
[2017-10-09 14:36:46,205][TxnService-3]com.ods.transaction.test[30][INFO ]: 
[2017-10-09 14:36:46,205][TxnService-3]com.ods.transaction.test[31][INFO ]: 19
[2017-10-09 14:36:46,205][TxnService-3]com.ods.transaction.test[28][INFO ]: 
[2017-10-09 14:36:46,205][TxnService-3]com.ods.transaction.test[29][INFO ]: 94+dsafja6
[2017-10-09 14:36:46,205][TxnService-3]com.ods.transaction.test[30][INFO ]: 
[2017-10-09 14:36:46,205][TxnService-3]com.ods.transaction.test[31][INFO ]: 3
[2017-10-09 14:36:46,205][TxnService-3]com.ods.transaction.test[28][INFO ]: 
[2017-10-09 14:36:46,205][TxnService-3]com.ods.transaction.test[29][INFO ]: 94+dsafja6
[2017-10-09 14:36:46,205][TxnService-3]com.ods.transaction.test[30][INFO ]: 
[2017-10-09 14:36:46,205][TxnService-3]com.ods.transaction.test[31][INFO ]: 32
[2017-10-09 14:36:46,205][TxnService-3]com.ods.transaction.test[28][INFO ]: 
[2017-10-09 14:36:46,205][TxnService-3]com.ods.transaction.test[29][INFO ]: 94+dsafja6
[2017-10-09 14:36:46,205][TxnService-3]com.ods.transaction.test[30][INFO ]: 
[2017-10-09 14:36:46,205][TxnService-3]com.ods.transaction.test[31][INFO ]: 12
[2017-10-09 14:36:46,205][TxnService-3]com.ods.transaction.test[28][INFO ]: 
[2017-10-09 14:36:46,205][TxnService-3]com.ods.transaction.test[29][INFO ]: 94+dsafja6
[2017-10-09 14:36:46,205][TxnService-3]com.ods.transaction.test[30][INFO ]: 
[2017-10-09 14:36:46,205][TxnService-3]com.ods.transaction.test[31][INFO ]: 56
[2017-10-09 14:36:51,309][TxnService-3]com.ods.transaction.test[28][INFO ]: 
[2017-10-09 14:36:51,309][TxnService-3]com.ods.transaction.test[29][INFO ]: 1231sdfa
[2017-10-09 14:36:51,309][TxnService-3]com.ods.transaction.test[30][INFO ]: 
[2017-10-09 14:36:51,309][TxnService-3]com.ods.transaction.test[31][INFO ]: 12
[2017-10-09 14:36:51,309][TxnService-3]com.ods.transaction.test[28][INFO ]: 
[2017-10-09 14:36:51,309][TxnService-3]com.ods.transaction.test[29][INFO ]: 1231sdfa
[2017-10-09 14:36:51,309][TxnService-3]com.ods.transaction.test[30][INFO ]: 
[2017-10-09 14:36:51,309][TxnService-3]com.ods.transaction.test[31][INFO ]: 12
[2017-10-09 14:36:51,309][TxnService-3]com.ods.transaction.test[28][INFO ]: 
[2017-10-09 14:36:51,309][TxnService-3]com.ods.transaction.test[29][INFO ]: 94+946+84+6
[2017-10-09 14:36:51,309][TxnService-3]com.ods.transaction.test[30][INFO ]: 
[2017-10-09 14:36:51,309][TxnService-3]com.ods.transaction.test[31][INFO ]: 13
[2017-10-09 14:36:51,309][TxnService-3]com.ods.transaction.test[28][INFO ]: 
[2017-10-09 14:36:51,309][TxnService-3]com.ods.transaction.test[29][INFO ]: 94+dsafja6
[2017-10-09 14:36:51,309][TxnService-3]com.ods.transaction.test[30][INFO ]: 
[2017-10-09 14:36:51,309][TxnService-3]com.ods.transaction.test[31][INFO ]: 19
[2017-10-09 14:36:51,309][TxnService-3]com.ods.transaction.test[28][INFO ]: 
[2017-10-09 14:36:51,309][TxnService-3]com.ods.transaction.test[29][INFO ]: 94+dsafja6
[2017-10-09 14:36:51,309][TxnService-3]com.ods.transaction.test[30][INFO ]: 
[2017-10-09 14:36:51,309][TxnService-3]com.ods.transaction.test[31][INFO ]: 12
[2017-10-09 14:36:51,309][TxnService-3]com.ods.transaction.test[28][INFO ]: 
[2017-10-09 14:36:51,309][TxnService-3]com.ods.transaction.test[29][INFO ]: 94+dsafja6
[2017-10-09 14:36:51,309][TxnService-3]com.ods.transaction.test[30][INFO ]: 
[2017-10-09 14:36:51,309][TxnService-3]com.ods.transaction.test[31][INFO ]: 1
[2017-10-09 14:36:51,309][TxnService-3]com.ods.transaction.test[28][INFO ]: 
[2017-10-09 14:36:51,309][TxnService-3]com.ods.transaction.test[29][INFO ]: 94+dsafja6
[2017-10-09 14:36:51,309][TxnService-3]com.ods.transaction.test[30][INFO ]: 
[2017-10-09 14:36:51,309][TxnService-3]com.ods.transaction.test[31][INFO ]: 12
[2017-10-09 14:36:51,309][TxnService-3]com.ods.transaction.test[28][INFO ]: 
[2017-10-09 14:36:51,309][TxnService-3]com.ods.transaction.test[29][INFO ]: 94+dsafja6
[2017-10-09 14:36:51,309][TxnService-3]com.ods.transaction.test[30][INFO ]: 
[2017-10-09 14:36:51,309][TxnService-3]com.ods.transaction.test[31][INFO ]: 19
[2017-10-09 14:36:51,309][TxnService-3]com.ods.transaction.test[28][INFO ]: 
[2017-10-09 14:36:51,309][TxnService-3]com.ods.transaction.test[29][INFO ]: 94+dsafja6
[2017-10-09 14:36:51,309][TxnService-3]com.ods.transaction.test[30][INFO ]: 
[2017-10-09 14:36:51,309][TxnService-3]com.ods.transaction.test[31][INFO ]: 3
[2017-10-09 14:36:51,309][TxnService-3]com.ods.transaction.test[28][INFO ]: 
[2017-10-09 14:36:51,309][TxnService-3]com.ods.transaction.test[29][INFO ]: 94+dsafja6
[2017-10-09 14:36:51,309][TxnService-3]com.ods.transaction.test[30][INFO ]: 
[2017-10-09 14:36:51,309][TxnService-3]com.ods.transaction.test[31][INFO ]: 32
[2017-10-09 14:36:51,309][TxnService-3]com.ods.transaction.test[28][INFO ]: 
[2017-10-09 14:36:51,309][TxnService-3]com.ods.transaction.test[29][INFO ]: 94+dsafja6
[2017-10-09 14:36:51,309][TxnService-3]com.ods.transaction.test[30][INFO ]: 
[2017-10-09 14:36:51,309][TxnService-3]com.ods.transaction.test[31][INFO ]: 12
[2017-10-09 14:36:51,309][TxnService-3]com.ods.transaction.test[28][INFO ]: 
[2017-10-09 14:36:51,309][TxnService-3]com.ods.transaction.test[29][INFO ]: 94+dsafja6
[2017-10-09 14:36:51,309][TxnService-3]com.ods.transaction.test[30][INFO ]: 
[2017-10-09 14:36:51,309][TxnService-3]com.ods.transaction.test[31][INFO ]: 56
[2017-10-09 14:36:51,995][TxnService-1]com.ods.transaction.test[28][INFO ]: 
[2017-10-09 14:36:51,995][TxnService-1]com.ods.transaction.test[29][INFO ]: 1231sdfa
[2017-10-09 14:36:51,995][TxnService-1]com.ods.transaction.test[30][INFO ]: 
[2017-10-09 14:36:51,995][TxnService-1]com.ods.transaction.test[31][INFO ]: 12
[2017-10-09 14:36:51,995][TxnService-1]com.ods.transaction.test[28][INFO ]: 
[2017-10-09 14:36:51,995][TxnService-1]com.ods.transaction.test[29][INFO ]: 1231sdfa
[2017-10-09 14:36:51,995][TxnService-1]com.ods.transaction.test[30][INFO ]: 
[2017-10-09 14:36:51,995][TxnService-1]com.ods.transaction.test[31][INFO ]: 12
[2017-10-09 14:36:51,995][TxnService-1]com.ods.transaction.test[28][INFO ]: 
[2017-10-09 14:36:51,995][TxnService-1]com.ods.transaction.test[29][INFO ]: 94+946+84+6
[2017-10-09 14:36:51,995][TxnService-1]com.ods.transaction.test[30][INFO ]: 
[2017-10-09 14:36:51,995][TxnService-1]com.ods.transaction.test[31][INFO ]: 13
[2017-10-09 14:36:51,995][TxnService-1]com.ods.transaction.test[28][INFO ]: 
[2017-10-09 14:36:51,995][TxnService-1]com.ods.transaction.test[29][INFO ]: 94+dsafja6
[2017-10-09 14:36:51,995][TxnService-1]com.ods.transaction.test[30][INFO ]: 
[2017-10-09 14:36:51,995][TxnService-1]com.ods.transaction.test[31][INFO ]: 19
[2017-10-09 14:36:51,995][TxnService-1]com.ods.transaction.test[28][INFO ]: 
[2017-10-09 14:36:51,995][TxnService-1]com.ods.transaction.test[29][INFO ]: 94+dsafja6
[2017-10-09 14:36:51,995][TxnService-1]com.ods.transaction.test[30][INFO ]: 
[2017-10-09 14:36:51,995][TxnService-1]com.ods.transaction.test[31][INFO ]: 12
[2017-10-09 14:36:51,995][TxnService-1]com.ods.transaction.test[28][INFO ]: 
[2017-10-09 14:36:51,995][TxnService-1]com.ods.transaction.test[29][INFO ]: 94+dsafja6
[2017-10-09 14:36:51,995][TxnService-1]com.ods.transaction.test[30][INFO ]: 
[2017-10-09 14:36:51,995][TxnService-1]com.ods.transaction.test[31][INFO ]: 1
[2017-10-09 14:36:51,995][TxnService-1]com.ods.transaction.test[28][INFO ]: 
[2017-10-09 14:36:51,995][TxnService-1]com.ods.transaction.test[29][INFO ]: 94+dsafja6
[2017-10-09 14:36:51,995][TxnService-1]com.ods.transaction.test[30][INFO ]: 
[2017-10-09 14:36:51,995][TxnService-1]com.ods.transaction.test[31][INFO ]: 12
[2017-10-09 14:36:51,995][TxnService-1]com.ods.transaction.test[28][INFO ]: 
[2017-10-09 14:36:51,995][TxnService-1]com.ods.transaction.test[29][INFO ]: 94+dsafja6
[2017-10-09 14:36:51,995][TxnService-1]com.ods.transaction.test[30][INFO ]: 
[2017-10-09 14:36:51,995][TxnService-1]com.ods.transaction.test[31][INFO ]: 19
[2017-10-09 14:36:51,995][TxnService-1]com.ods.transaction.test[28][INFO ]: 
[2017-10-09 14:36:51,995][TxnService-1]com.ods.transaction.test[29][INFO ]: 94+dsafja6
[2017-10-09 14:36:51,995][TxnService-1]com.ods.transaction.test[30][INFO ]: 
[2017-10-09 14:36:51,995][TxnService-1]com.ods.transaction.test[31][INFO ]: 3
[2017-10-09 14:36:51,995][TxnService-1]com.ods.transaction.test[28][INFO ]: 
[2017-10-09 14:36:51,995][TxnService-1]com.ods.transaction.test[29][INFO ]: 94+dsafja6
[2017-10-09 14:36:51,995][TxnService-1]com.ods.transaction.test[30][INFO ]: 
[2017-10-09 14:36:51,995][TxnService-1]com.ods.transaction.test[31][INFO ]: 32
[2017-10-09 14:36:51,995][TxnService-1]com.ods.transaction.test[28][INFO ]: 
[2017-10-09 14:36:51,995][TxnService-1]com.ods.transaction.test[29][INFO ]: 94+dsafja6
[2017-10-09 14:36:51,995][TxnService-1]com.ods.transaction.test[30][INFO ]: 
[2017-10-09 14:36:51,995][TxnService-1]com.ods.transaction.test[31][INFO ]: 12
[2017-10-09 14:36:51,995][TxnService-1]com.ods.transaction.test[28][INFO ]: 
[2017-10-09 14:36:51,995][TxnService-1]com.ods.transaction.test[29][INFO ]: 94+dsafja6
[2017-10-09 14:36:51,995][TxnService-1]com.ods.transaction.test[30][INFO ]: 
[2017-10-09 14:36:51,995][TxnService-1]com.ods.transaction.test[31][INFO ]: 56
[2017-10-09 14:36:51,995][TxnService-1]com.ods.transaction.test[28][INFO ]: 
[2017-10-09 14:36:51,995][TxnService-1]com.ods.transaction.test[29][INFO ]: 1231sdfa
[2017-10-09 14:36:51,995][TxnService-1]com.ods.transaction.test[30][INFO ]: 
[2017-10-09 14:36:51,995][TxnService-1]com.ods.transaction.test[31][INFO ]: 12
[2017-10-09 14:36:51,995][TxnService-1]com.ods.transaction.test[28][INFO ]: 
[2017-10-09 14:36:51,995][TxnService-1]com.ods.transaction.test[29][INFO ]: 1231sdfa
[2017-10-09 14:36:51,995][TxnService-1]com.ods.transaction.test[30][INFO ]: 
[2017-10-09 14:36:51,995][TxnService-1]com.ods.transaction.test[31][INFO ]: 12
[2017-10-09 14:36:51,995][TxnService-1]com.ods.transaction.test[28][INFO ]: 
[2017-10-09 14:36:51,995][TxnService-1]com.ods.transaction.test[29][INFO ]: 94+946+84+6
[2017-10-09 14:36:51,995][TxnService-1]com.ods.transaction.test[30][INFO ]: 
[2017-10-09 14:36:51,995][TxnService-1]com.ods.transaction.test[31][INFO ]: 13
[2017-10-09 14:36:51,995][TxnService-1]com.ods.transaction.test[28][INFO ]: 
[2017-10-09 14:36:51,995][TxnService-1]com.ods.transaction.test[29][INFO ]: 94+dsafja6
[2017-10-09 14:36:51,995][TxnService-1]com.ods.transaction.test[30][INFO ]: 
[2017-10-09 14:36:51,995][TxnService-1]com.ods.transaction.test[31][INFO ]: 19
[2017-10-09 14:36:51,995][TxnService-1]com.ods.transaction.test[28][INFO ]: 
[2017-10-09 14:36:51,995][TxnService-1]com.ods.transaction.test[29][INFO ]: 94+dsafja6
[2017-10-09 14:36:51,995][TxnService-1]com.ods.transaction.test[30][INFO ]: 
[2017-10-09 14:36:51,995][TxnService-1]com.ods.transaction.test[31][INFO ]: 12
[2017-10-09 14:36:51,995][TxnService-1]com.ods.transaction.test[28][INFO ]: 
[2017-10-09 14:36:51,995][TxnService-1]com.ods.transaction.test[29][INFO ]: 94+dsafja6
[2017-10-09 14:36:51,995][TxnService-1]com.ods.transaction.test[30][INFO ]: 
[2017-10-09 14:36:51,995][TxnService-1]com.ods.transaction.test[31][INFO ]: 1
[2017-10-09 14:36:51,995][TxnService-1]com.ods.transaction.test[28][INFO ]: 
[2017-10-09 14:36:51,995][TxnService-1]com.ods.transaction.test[29][INFO ]: 94+dsafja6
[2017-10-09 14:36:51,995][TxnService-1]com.ods.transaction.test[30][INFO ]: 
[2017-10-09 14:36:51,995][TxnService-1]com.ods.transaction.test[31][INFO ]: 12
[2017-10-09 14:36:51,995][TxnService-1]com.ods.transaction.test[28][INFO ]: 
[2017-10-09 14:36:51,995][TxnService-1]com.ods.transaction.test[29][INFO ]: 94+dsafja6
[2017-10-09 14:36:51,995][TxnService-1]com.ods.transaction.test[30][INFO ]: 
[2017-10-09 14:36:51,995][TxnService-1]com.ods.transaction.test[31][INFO ]: 19
[2017-10-09 14:36:51,995][TxnService-1]com.ods.transaction.test[28][INFO ]: 
[2017-10-09 14:36:51,995][TxnService-1]com.ods.transaction.test[29][INFO ]: 94+dsafja6
[2017-10-09 14:36:51,995][TxnService-1]com.ods.transaction.test[30][INFO ]: 
[2017-10-09 14:36:51,995][TxnService-1]com.ods.transaction.test[31][INFO ]: 3
[2017-10-09 14:36:51,995][TxnService-1]com.ods.transaction.test[28][INFO ]: 
[2017-10-09 14:36:51,995][TxnService-1]com.ods.transaction.test[29][INFO ]: 94+dsafja6
[2017-10-09 14:36:51,995][TxnService-1]com.ods.transaction.test[30][INFO ]: 
[2017-10-09 14:36:51,995][TxnService-1]com.ods.transaction.test[31][INFO ]: 32
[2017-10-09 14:36:51,995][TxnService-1]com.ods.transaction.test[28][INFO ]: 
[2017-10-09 14:36:51,995][TxnService-1]com.ods.transaction.test[29][INFO ]: 94+dsafja6
[2017-10-09 14:36:51,995][TxnService-1]com.ods.transaction.test[30][INFO ]: 
[2017-10-09 14:36:51,995][TxnService-1]com.ods.transaction.test[31][INFO ]: 12
[2017-10-09 14:36:51,995][TxnService-1]com.ods.transaction.test[28][INFO ]: 
[2017-10-09 14:36:51,995][TxnService-1]com.ods.transaction.test[29][INFO ]: 94+dsafja6
[2017-10-09 14:36:51,995][TxnService-1]com.ods.transaction.test[30][INFO ]: 
[2017-10-09 14:36:51,995][TxnService-1]com.ods.transaction.test[31][INFO ]: 56
[2017-10-09 14:36:52,011][TxnService-1]com.ods.transaction.test[28][INFO ]: 
[2017-10-09 14:36:52,011][TxnService-1]com.ods.transaction.test[29][INFO ]: 1231sdfa
[2017-10-09 14:36:52,011][TxnService-1]com.ods.transaction.test[30][INFO ]: 
[2017-10-09 14:36:52,011][TxnService-1]com.ods.transaction.test[31][INFO ]: 12
[2017-10-09 14:36:52,011][TxnService-1]com.ods.transaction.test[28][INFO ]: 
[2017-10-09 14:36:52,011][TxnService-1]com.ods.transaction.test[29][INFO ]: 1231sdfa
[2017-10-09 14:36:52,011][TxnService-1]com.ods.transaction.test[30][INFO ]: 
[2017-10-09 14:36:52,011][TxnService-1]com.ods.transaction.test[31][INFO ]: 12
[2017-10-09 14:36:52,011][TxnService-1]com.ods.transaction.test[28][INFO ]: 
[2017-10-09 14:36:52,011][TxnService-1]com.ods.transaction.test[29][INFO ]: 94+946+84+6
[2017-10-09 14:36:52,011][TxnService-1]com.ods.transaction.test[30][INFO ]: 
[2017-10-09 14:36:52,011][TxnService-1]com.ods.transaction.test[31][INFO ]: 13
[2017-10-09 14:36:52,011][TxnService-1]com.ods.transaction.test[28][INFO ]: 
[2017-10-09 14:36:52,011][TxnService-1]com.ods.transaction.test[29][INFO ]: 94+dsafja6
[2017-10-09 14:36:52,011][TxnService-1]com.ods.transaction.test[30][INFO ]: 
[2017-10-09 14:36:52,011][TxnService-1]com.ods.transaction.test[31][INFO ]: 19
[2017-10-09 14:36:52,011][TxnService-1]com.ods.transaction.test[28][INFO ]: 
[2017-10-09 14:36:52,011][TxnService-1]com.ods.transaction.test[29][INFO ]: 94+dsafja6
[2017-10-09 14:36:52,011][TxnService-1]com.ods.transaction.test[30][INFO ]: 
[2017-10-09 14:36:52,011][TxnService-1]com.ods.transaction.test[31][INFO ]: 12
[2017-10-09 14:36:52,011][TxnService-1]com.ods.transaction.test[28][INFO ]: 
[2017-10-09 14:36:52,011][TxnService-1]com.ods.transaction.test[29][INFO ]: 94+dsafja6
[2017-10-09 14:36:52,011][TxnService-1]com.ods.transaction.test[30][INFO ]: 
[2017-10-09 14:36:52,011][TxnService-1]com.ods.transaction.test[31][INFO ]: 1
[2017-10-09 14:36:52,011][TxnService-1]com.ods.transaction.test[28][INFO ]: 
[2017-10-09 14:36:52,011][TxnService-1]com.ods.transaction.test[29][INFO ]: 94+dsafja6
[2017-10-09 14:36:52,011][TxnService-1]com.ods.transaction.test[30][INFO ]: 
[2017-10-09 14:36:52,011][TxnService-1]com.ods.transaction.test[31][INFO ]: 12
[2017-10-09 14:36:52,011][TxnService-1]com.ods.transaction.test[28][INFO ]: 
[2017-10-09 14:36:52,011][TxnService-1]com.ods.transaction.test[29][INFO ]: 94+dsafja6
[2017-10-09 14:36:52,011][TxnService-1]com.ods.transaction.test[30][INFO ]: 
[2017-10-09 14:36:52,011][TxnService-1]com.ods.transaction.test[31][INFO ]: 19
[2017-10-09 14:36:52,011][TxnService-1]com.ods.transaction.test[28][INFO ]: 
[2017-10-09 14:36:52,011][TxnService-1]com.ods.transaction.test[29][INFO ]: 94+dsafja6
[2017-10-09 14:36:52,011][TxnService-1]com.ods.transaction.test[30][INFO ]: 
[2017-10-09 14:36:52,011][TxnService-1]com.ods.transaction.test[31][INFO ]: 3
[2017-10-09 14:36:52,011][TxnService-1]com.ods.transaction.test[28][INFO ]: 
[2017-10-09 14:36:52,011][TxnService-1]com.ods.transaction.test[29][INFO ]: 94+dsafja6
[2017-10-09 14:36:52,011][TxnService-1]com.ods.transaction.test[30][INFO ]: 
[2017-10-09 14:36:52,011][TxnService-1]com.ods.transaction.test[31][INFO ]: 32
[2017-10-09 14:36:52,011][TxnService-1]com.ods.transaction.test[28][INFO ]: 
[2017-10-09 14:36:52,011][TxnService-1]com.ods.transaction.test[29][INFO ]: 94+dsafja6
[2017-10-09 14:36:52,011][TxnService-1]com.ods.transaction.test[30][INFO ]: 
[2017-10-09 14:36:52,011][TxnService-1]com.ods.transaction.test[31][INFO ]: 12
[2017-10-09 14:36:52,011][TxnService-1]com.ods.transaction.test[28][INFO ]: 
[2017-10-09 14:36:52,011][TxnService-1]com.ods.transaction.test[29][INFO ]: 94+dsafja6
[2017-10-09 14:36:52,011][TxnService-1]com.ods.transaction.test[30][INFO ]: 
[2017-10-09 14:36:52,011][TxnService-1]com.ods.transaction.test[31][INFO ]: 56
[2017-10-09 14:36:52,011][TxnService-1]com.ods.transaction.test[28][INFO ]: 
[2017-10-09 14:36:52,011][TxnService-1]com.ods.transaction.test[29][INFO ]: 1231sdfa
[2017-10-09 14:36:52,011][TxnService-1]com.ods.transaction.test[30][INFO ]: 
[2017-10-09 14:36:52,011][TxnService-1]com.ods.transaction.test[31][INFO ]: 12
[2017-10-09 14:36:52,011][TxnService-1]com.ods.transaction.test[28][INFO ]: 
[2017-10-09 14:36:52,011][TxnService-1]com.ods.transaction.test[29][INFO ]: 1231sdfa
[2017-10-09 14:36:52,011][TxnService-1]com.ods.transaction.test[30][INFO ]: 
[2017-10-09 14:36:52,011][TxnService-1]com.ods.transaction.test[31][INFO ]: 12
[2017-10-09 14:36:52,011][TxnService-1]com.ods.transaction.test[28][INFO ]: 
[2017-10-09 14:36:52,011][TxnService-1]com.ods.transaction.test[29][INFO ]: 94+946+84+6
[2017-10-09 14:36:52,011][TxnService-1]com.ods.transaction.test[30][INFO ]: 
[2017-10-09 14:36:52,011][TxnService-1]com.ods.transaction.test[31][INFO ]: 13
[2017-10-09 14:36:52,011][TxnService-1]com.ods.transaction.test[28][INFO ]: 
[2017-10-09 14:36:52,011][TxnService-1]com.ods.transaction.test[29][INFO ]: 94+dsafja6
[2017-10-09 14:36:52,011][TxnService-1]com.ods.transaction.test[30][INFO ]: 
[2017-10-09 14:36:52,011][TxnService-1]com.ods.transaction.test[31][INFO ]: 19
[2017-10-09 14:36:52,011][TxnService-1]com.ods.transaction.test[28][INFO ]: 
[2017-10-09 14:36:52,011][TxnService-1]com.ods.transaction.test[29][INFO ]: 94+dsafja6
[2017-10-09 14:36:52,011][TxnService-1]com.ods.transaction.test[30][INFO ]: 
[2017-10-09 14:36:52,011][TxnService-1]com.ods.transaction.test[31][INFO ]: 12
[2017-10-09 14:36:52,011][TxnService-1]com.ods.transaction.test[28][INFO ]: 
[2017-10-09 14:36:52,011][TxnService-1]com.ods.transaction.test[29][INFO ]: 94+dsafja6
[2017-10-09 14:36:52,011][TxnService-1]com.ods.transaction.test[30][INFO ]: 
[2017-10-09 14:36:52,011][TxnService-1]com.ods.transaction.test[31][INFO ]: 1
[2017-10-09 14:36:52,011][TxnService-1]com.ods.transaction.test[28][INFO ]: 
[2017-10-09 14:36:52,011][TxnService-1]com.ods.transaction.test[29][INFO ]: 94+dsafja6
[2017-10-09 14:36:52,011][TxnService-1]com.ods.transaction.test[30][INFO ]: 
[2017-10-09 14:36:52,011][TxnService-1]com.ods.transaction.test[31][INFO ]: 12
[2017-10-09 14:36:52,011][TxnService-1]com.ods.transaction.test[28][INFO ]: 
[2017-10-09 14:36:52,011][TxnService-1]com.ods.transaction.test[29][INFO ]: 94+dsafja6
[2017-10-09 14:36:52,011][TxnService-1]com.ods.transaction.test[30][INFO ]: 
[2017-10-09 14:36:52,011][TxnService-1]com.ods.transaction.test[31][INFO ]: 19
[2017-10-09 14:36:52,011][TxnService-1]com.ods.transaction.test[28][INFO ]: 
[2017-10-09 14:36:52,011][TxnService-1]com.ods.transaction.test[29][INFO ]: 94+dsafja6
[2017-10-09 14:36:52,011][TxnService-1]com.ods.transaction.test[30][INFO ]: 
[2017-10-09 14:36:52,011][TxnService-1]com.ods.transaction.test[31][INFO ]: 3
[2017-10-09 14:36:52,011][TxnService-1]com.ods.transaction.test[28][INFO ]: 
[2017-10-09 14:36:52,011][TxnService-1]com.ods.transaction.test[29][INFO ]: 94+dsafja6
[2017-10-09 14:36:52,011][TxnService-1]com.ods.transaction.test[30][INFO ]: 
[2017-10-09 14:36:52,011][TxnService-1]com.ods.transaction.test[31][INFO ]: 32
[2017-10-09 14:36:52,011][TxnService-1]com.ods.transaction.test[28][INFO ]: 
[2017-10-09 14:36:52,011][TxnService-1]com.ods.transaction.test[29][INFO ]: 94+dsafja6
[2017-10-09 14:36:52,011][TxnService-1]com.ods.transaction.test[30][INFO ]: 
[2017-10-09 14:36:52,011][TxnService-1]com.ods.transaction.test[31][INFO ]: 12
[2017-10-09 14:36:52,011][TxnService-1]com.ods.transaction.test[28][INFO ]: 
[2017-10-09 14:36:52,011][TxnService-1]com.ods.transaction.test[29][INFO ]: 94+dsafja6
[2017-10-09 14:36:52,011][TxnService-1]com.ods.transaction.test[30][INFO ]: 
[2017-10-09 14:36:52,011][TxnService-1]com.ods.transaction.test[31][INFO ]: 56
[2017-10-09 14:36:52,026][TxnService-1]com.ods.transaction.test[28][INFO ]: 
[2017-10-09 14:36:52,026][TxnService-1]com.ods.transaction.test[29][INFO ]: 1231sdfa
[2017-10-09 14:36:52,026][TxnService-1]com.ods.transaction.test[30][INFO ]: 
[2017-10-09 14:36:52,026][TxnService-1]com.ods.transaction.test[31][INFO ]: 12
[2017-10-09 14:36:52,026][TxnService-1]com.ods.transaction.test[28][INFO ]: 
[2017-10-09 14:36:52,026][TxnService-1]com.ods.transaction.test[29][INFO ]: 1231sdfa
[2017-10-09 14:36:52,026][TxnService-1]com.ods.transaction.test[30][INFO ]: 
[2017-10-09 14:36:52,026][TxnService-1]com.ods.transaction.test[31][INFO ]: 12
[2017-10-09 14:36:52,026][TxnService-1]com.ods.transaction.test[28][INFO ]: 
[2017-10-09 14:36:52,026][TxnService-1]com.ods.transaction.test[29][INFO ]: 94+946+84+6
[2017-10-09 14:36:52,026][TxnService-1]com.ods.transaction.test[30][INFO ]: 
[2017-10-09 14:36:52,026][TxnService-1]com.ods.transaction.test[31][INFO ]: 13
[2017-10-09 14:36:52,026][TxnService-1]com.ods.transaction.test[28][INFO ]: 
[2017-10-09 14:36:52,026][TxnService-1]com.ods.transaction.test[29][INFO ]: 94+dsafja6
[2017-10-09 14:36:52,026][TxnService-1]com.ods.transaction.test[30][INFO ]: 
[2017-10-09 14:36:52,026][TxnService-1]com.ods.transaction.test[31][INFO ]: 19
[2017-10-09 14:36:52,026][TxnService-1]com.ods.transaction.test[28][INFO ]: 
[2017-10-09 14:36:52,026][TxnService-1]com.ods.transaction.test[29][INFO ]: 94+dsafja6
[2017-10-09 14:36:52,026][TxnService-1]com.ods.transaction.test[30][INFO ]: 
[2017-10-09 14:36:52,026][TxnService-1]com.ods.transaction.test[31][INFO ]: 12
[2017-10-09 14:36:52,026][TxnService-1]com.ods.transaction.test[28][INFO ]: 
[2017-10-09 14:36:52,026][TxnService-1]com.ods.transaction.test[29][INFO ]: 94+dsafja6
[2017-10-09 14:36:52,026][TxnService-1]com.ods.transaction.test[30][INFO ]: 
[2017-10-09 14:36:52,026][TxnService-1]com.ods.transaction.test[31][INFO ]: 1
[2017-10-09 14:36:52,026][TxnService-1]com.ods.transaction.test[28][INFO ]: 
[2017-10-09 14:36:52,026][TxnService-1]com.ods.transaction.test[29][INFO ]: 94+dsafja6
[2017-10-09 14:36:52,026][TxnService-1]com.ods.transaction.test[30][INFO ]: 
[2017-10-09 14:36:52,026][TxnService-1]com.ods.transaction.test[31][INFO ]: 12
[2017-10-09 14:36:52,026][TxnService-1]com.ods.transaction.test[28][INFO ]: 
[2017-10-09 14:36:52,026][TxnService-1]com.ods.transaction.test[29][INFO ]: 94+dsafja6
[2017-10-09 14:36:52,026][TxnService-1]com.ods.transaction.test[30][INFO ]: 
[2017-10-09 14:36:52,026][TxnService-1]com.ods.transaction.test[31][INFO ]: 19
[2017-10-09 14:36:52,026][TxnService-1]com.ods.transaction.test[28][INFO ]: 
[2017-10-09 14:36:52,026][TxnService-1]com.ods.transaction.test[29][INFO ]: 94+dsafja6
[2017-10-09 14:36:52,026][TxnService-1]com.ods.transaction.test[30][INFO ]: 
[2017-10-09 14:36:52,026][TxnService-1]com.ods.transaction.test[31][INFO ]: 3
[2017-10-09 14:36:52,026][TxnService-1]com.ods.transaction.test[28][INFO ]: 
[2017-10-09 14:36:52,026][TxnService-1]com.ods.transaction.test[29][INFO ]: 94+dsafja6
[2017-10-09 14:36:52,026][TxnService-1]com.ods.transaction.test[30][INFO ]: 
[2017-10-09 14:36:52,026][TxnService-1]com.ods.transaction.test[31][INFO ]: 32
[2017-10-09 14:36:52,026][TxnService-1]com.ods.transaction.test[28][INFO ]: 
[2017-10-09 14:36:52,026][TxnService-1]com.ods.transaction.test[29][INFO ]: 94+dsafja6
[2017-10-09 14:36:52,026][TxnService-1]com.ods.transaction.test[30][INFO ]: 
[2017-10-09 14:36:52,026][TxnService-1]com.ods.transaction.test[31][INFO ]: 12
[2017-10-09 14:36:52,026][TxnService-1]com.ods.transaction.test[28][INFO ]: 
[2017-10-09 14:36:52,026][TxnService-1]com.ods.transaction.test[29][INFO ]: 94+dsafja6
[2017-10-09 14:36:52,026][TxnService-1]com.ods.transaction.test[30][INFO ]: 
[2017-10-09 14:36:52,026][TxnService-1]com.ods.transaction.test[31][INFO ]: 56
