[2017-10-09 14:24:42,239][pool-1-thread-1]com.ods.manager.Handler[56][INFO ]: wake UP
java.lang.InterruptedException: sleep interrupted
	at java.lang.Thread.sleep(Native Method)
	at com.ods.manager.Handler.QueryODS(Handler.java:53)
	at sun.reflect.NativeMethodAccessorImpl.invoke0(Native Method)
	at sun.reflect.NativeMethodAccessorImpl.invoke(NativeMethodAccessorImpl.java:62)
	at sun.reflect.DelegatingMethodAccessorImpl.invoke(DelegatingMethodAccessorImpl.java:43)
	at java.lang.reflect.Method.invoke(Method.java:498)
	at sun.reflect.misc.Trampoline.invoke(MethodUtil.java:71)
	at sun.reflect.NativeMethodAccessorImpl.invoke0(Native Method)
	at sun.reflect.NativeMethodAccessorImpl.invoke(NativeMethodAccessorImpl.java:62)
	at sun.reflect.DelegatingMethodAccessorImpl.invoke(DelegatingMethodAccessorImpl.java:43)
	at java.lang.reflect.Method.invoke(Method.java:498)
	at sun.reflect.misc.MethodUtil.invoke(MethodUtil.java:275)
	at sun.reflect.NativeMethodAccessorImpl.invoke0(Native Method)
	at sun.reflect.NativeMethodAccessorImpl.invoke(NativeMethodAccessorImpl.java:62)
	at sun.reflect.DelegatingMethodAccessorImpl.invoke(DelegatingMethodAccessorImpl.java:43)
	at java.lang.reflect.Method.invoke(Method.java:498)
	at com.sun.xml.internal.ws.api.server.MethodUtil.invoke(MethodUtil.java:68)
	at com.sun.xml.internal.ws.api.server.InstanceResolver$1.invoke(InstanceResolver.java:235)
	at com.sun.xml.internal.ws.server.InvokerTube$2.invoke(InvokerTube.java:134)
	at com.sun.xml.internal.ws.server.sei.SEIInvokerTube.processRequest(SEIInvokerTube.java:73)
	at com.sun.xml.internal.ws.api.pipe.Fiber.__doRun(Fiber.java:1121)
	at com.sun.xml.internal.ws.api.pipe.Fiber._doRun(Fiber.java:1035)
	at com.sun.xml.internal.ws.api.pipe.Fiber.doRun(Fiber.java:1004)
	at com.sun.xml.internal.ws.api.pipe.Fiber.runSync(Fiber.java:862)
	at com.sun.xml.internal.ws.server.WSEndpointImpl$2.process(WSEndpointImpl.java:404)
	at com.sun.xml.internal.ws.transport.http.HttpAdapter$HttpToolkit.handle(HttpAdapter.java:706)
	at com.sun.xml.internal.ws.transport.http.HttpAdapter.handle(HttpAdapter.java:260)
	at com.sun.xml.internal.ws.transport.http.server.WSHttpHandler.handleExchange(WSHttpHandler.java:98)
	at com.sun.xml.internal.ws.transport.http.server.WSHttpHandler.handle(WSHttpHandler.java:82)
	at com.sun.net.httpserver.Filter$Chain.doFilter(Filter.java:79)
	at sun.net.httpserver.AuthFilter.doFilter(AuthFilter.java:83)
	at com.sun.net.httpserver.Filter$Chain.doFilter(Filter.java:82)
	at sun.net.httpserver.ServerImpl$Exchange$LinkHandler.handle(ServerImpl.java:675)
	at com.sun.net.httpserver.Filter$Chain.doFilter(Filter.java:79)
	at sun.net.httpserver.ServerImpl$Exchange.run(ServerImpl.java:647)
	at java.util.concurrent.ThreadPoolExecutor.runWorker(ThreadPoolExecutor.java:1149)
	at java.util.concurrent.ThreadPoolExecutor$Worker.run(ThreadPoolExecutor.java:624)
	at java.lang.Thread.run(Thread.java:748)
[2017-10-09 14:36:31,169][pool-1-thread-1]com.ods.manager.Handler[56][INFO ]: wake UP
java.lang.InterruptedException: sleep interrupted
	at java.lang.Thread.sleep(Native Method)
	at com.ods.manager.Handler.QueryODS(Handler.java:53)
	at sun.reflect.NativeMethodAccessorImpl.invoke0(Native Method)
	at sun.reflect.NativeMethodAccessorImpl.invoke(NativeMethodAccessorImpl.java:62)
	at sun.reflect.DelegatingMethodAccessorImpl.invoke(DelegatingMethodAccessorImpl.java:43)
	at java.lang.reflect.Method.invoke(Method.java:498)
	at sun.reflect.misc.Trampoline.invoke(MethodUtil.java:71)
	at sun.reflect.NativeMethodAccessorImpl.invoke0(Native Method)
	at sun.reflect.NativeMethodAccessorImpl.invoke(NativeMethodAccessorImpl.java:62)
	at sun.reflect.DelegatingMethodAccessorImpl.invoke(DelegatingMethodAccessorImpl.java:43)
	at java.lang.reflect.Method.invoke(Method.java:498)
	at sun.reflect.misc.MethodUtil.invoke(MethodUtil.java:275)
	at sun.reflect.NativeMethodAccessorImpl.invoke0(Native Method)
	at sun.reflect.NativeMethodAccessorImpl.invoke(NativeMethodAccessorImpl.java:62)
	at sun.reflect.DelegatingMethodAccessorImpl.invoke(DelegatingMethodAccessorImpl.java:43)
	at java.lang.reflect.Method.invoke(Method.java:498)
	at com.sun.xml.internal.ws.api.server.MethodUtil.invoke(MethodUtil.java:68)
	at com.sun.xml.internal.ws.api.server.InstanceResolver$1.invoke(InstanceResolver.java:235)
	at com.sun.xml.internal.ws.server.InvokerTube$2.invoke(InvokerTube.java:134)
	at com.sun.xml.internal.ws.server.sei.SEIInvokerTube.processRequest(SEIInvokerTube.java:73)
	at com.sun.xml.internal.ws.api.pipe.Fiber.__doRun(Fiber.java:1121)
	at com.sun.xml.internal.ws.api.pipe.Fiber._doRun(Fiber.java:1035)
	at com.sun.xml.internal.ws.api.pipe.Fiber.doRun(Fiber.java:1004)
	at com.sun.xml.internal.ws.api.pipe.Fiber.runSync(Fiber.java:862)
	at com.sun.xml.internal.ws.server.WSEndpointImpl$2.process(WSEndpointImpl.java:404)
	at com.sun.xml.internal.ws.transport.http.HttpAdapter$HttpToolkit.handle(HttpAdapter.java:706)
	at com.sun.xml.internal.ws.transport.http.HttpAdapter.handle(HttpAdapter.java:260)
	at com.sun.xml.internal.ws.transport.http.server.WSHttpHandler.handleExchange(WSHttpHandler.java:98)
	at com.sun.xml.internal.ws.transport.http.server.WSHttpHandler.handle(WSHttpHandler.java:82)
	at com.sun.net.httpserver.Filter$Chain.doFilter(Filter.java:79)
	at sun.net.httpserver.AuthFilter.doFilter(AuthFilter.java:83)
	at com.sun.net.httpserver.Filter$Chain.doFilter(Filter.java:82)
	at sun.net.httpserver.ServerImpl$Exchange$LinkHandler.handle(ServerImpl.java:675)
	at com.sun.net.httpserver.Filter$Chain.doFilter(Filter.java:79)
	at sun.net.httpserver.ServerImpl$Exchange.run(ServerImpl.java:647)
	at java.util.concurrent.ThreadPoolExecutor.runWorker(ThreadPoolExecutor.java:1149)
	at java.util.concurrent.ThreadPoolExecutor$Worker.run(ThreadPoolExecutor.java:624)
	at java.lang.Thread.run(Thread.java:748)
[2017-10-09 14:36:31,178][pool-1-thread-1]com.ods.manager.Handler[69][DEBUG]: 201710091436180000000001交易正常返回<soapeng:Envlope><soapenv:Header/><soapenv:Body><s:RspS03001000101><s:ReqSysHead><SvcId></SvcId><SvcScn></SvcScn><SvcSpltTxnCd></SvcSpltTxnCd><SvcCstTxnCd></SvcCstTxnCd><MAC></MAC><CnsmrSysId></CnsmrSysId><Vrsn></Vrsn><CnsmrSeqNo></CnsmrSeqNo><SvcSplrSysId></SvcSplrSysId><SvcSplrSeqNo>201710091436180000000001</SvcSplrSeqNo><TxnDt></TxnDt><TxnTm></TxnTm><AcgDt></AcgDt><SvcSplrSvrId></SvcSplrSvrId><TxnChnlTp></TxnChnlTp><ChnlNo></ChnlNo><TxnTmlId></TxnTmlId><OrigCnsmrId></OrigCnsmrId><OrigCnsmrSeqNo></OrigCnsmrSeqNo><OrigtmlId></OrigtmlId><OrigcnsmrsveId></OrigcnsmrsveId><UsrLng></UsrLng><Fileflg></Fileflg><TxnSt>S</TxnSt><RetCd></RetCd><RetMsg></RetMsg></s:ReqSysHead><s:ReqAppHead><TxnTlrId></TxnTlrId><OrgId></OrgId><TlrPwsd></TlrPwsd><TlrLvl></TlrLvl><TlrTp></TlrTp><aprvFlg></aprvFlg><AprvTlrInf><AprvTlrId></AprvTlrId><AprvOrgId></AprvOrgId><AprvTlrLvl></AprvTlrLvl><AprvTlrTp></AprvTlrTp><Ahrflg></Ahrflg></AprvTlrInf><AhrTlrInf><AhrTlrId></AhrTlrId><AhrOrgId></AhrOrgId><AhrtlrPswd></AhrtlrPswd><AhrTlrLvl></AhrTlrLvl><AhrTlrTp></AhrTlrTp></AhrTlrInf><Scndflg></Scndflg></s:ReqAppHead><s:ReqLocalHead/><s:RspRspBody><DataLine key="1    2     "><></></DataLine><DataLine key="1    2     "><></></DataLine><DataLine key="1    2     "><></></DataLine><DataLine key="1    2     "><></></DataLine><DataLine key="1    2     "><></></DataLine><DataLine key="1    2     "><></></DataLine><DataLine key="1    2     "><></></DataLine><DataLine key="1    2     "><></></DataLine><DataLine key="1    2     "><></></DataLine><DataLine key="1    2     "><></></DataLine><DataLine key="1    2     "><></></DataLine><DataLine key="1    2     "><></></DataLine></s:RspRspBody></s:RspS03001000101></soapenv:Body></soapeng:Envlope>
[2017-10-09 14:36:51,216][pool-1-thread-1]com.ods.manager.Handler[56][INFO ]: wake UP
java.lang.InterruptedException: sleep interrupted
	at java.lang.Thread.sleep(Native Method)
	at com.ods.manager.Handler.QueryODS(Handler.java:53)
	at sun.reflect.NativeMethodAccessorImpl.invoke0(Native Method)
	at sun.reflect.NativeMethodAccessorImpl.invoke(NativeMethodAccessorImpl.java:62)
	at sun.reflect.DelegatingMethodAccessorImpl.invoke(DelegatingMethodAccessorImpl.java:43)
	at java.lang.reflect.Method.invoke(Method.java:498)
	at sun.reflect.misc.Trampoline.invoke(MethodUtil.java:71)
	at sun.reflect.NativeMethodAccessorImpl.invoke0(Native Method)
	at sun.reflect.NativeMethodAccessorImpl.invoke(NativeMethodAccessorImpl.java:62)
	at sun.reflect.DelegatingMethodAccessorImpl.invoke(DelegatingMethodAccessorImpl.java:43)
	at java.lang.reflect.Method.invoke(Method.java:498)
	at sun.reflect.misc.MethodUtil.invoke(MethodUtil.java:275)
	at sun.reflect.NativeMethodAccessorImpl.invoke0(Native Method)
	at sun.reflect.NativeMethodAccessorImpl.invoke(NativeMethodAccessorImpl.java:62)
	at sun.reflect.DelegatingMethodAccessorImpl.invoke(DelegatingMethodAccessorImpl.java:43)
	at java.lang.reflect.Method.invoke(Method.java:498)
	at com.sun.xml.internal.ws.api.server.MethodUtil.invoke(MethodUtil.java:68)
	at com.sun.xml.internal.ws.api.server.InstanceResolver$1.invoke(InstanceResolver.java:235)
	at com.sun.xml.internal.ws.server.InvokerTube$2.invoke(InvokerTube.java:134)
	at com.sun.xml.internal.ws.server.sei.SEIInvokerTube.processRequest(SEIInvokerTube.java:73)
	at com.sun.xml.internal.ws.api.pipe.Fiber.__doRun(Fiber.java:1121)
	at com.sun.xml.internal.ws.api.pipe.Fiber._doRun(Fiber.java:1035)
	at com.sun.xml.internal.ws.api.pipe.Fiber.doRun(Fiber.java:1004)
	at com.sun.xml.internal.ws.api.pipe.Fiber.runSync(Fiber.java:862)
	at com.sun.xml.internal.ws.server.WSEndpointImpl$2.process(WSEndpointImpl.java:404)
	at com.sun.xml.internal.ws.transport.http.HttpAdapter$HttpToolkit.handle(HttpAdapter.java:706)
	at com.sun.xml.internal.ws.transport.http.HttpAdapter.handle(HttpAdapter.java:260)
	at com.sun.xml.internal.ws.transport.http.server.WSHttpHandler.handleExchange(WSHttpHandler.java:98)
	at com.sun.xml.internal.ws.transport.http.server.WSHttpHandler.handle(WSHttpHandler.java:82)
	at com.sun.net.httpserver.Filter$Chain.doFilter(Filter.java:79)
	at sun.net.httpserver.AuthFilter.doFilter(AuthFilter.java:83)
	at com.sun.net.httpserver.Filter$Chain.doFilter(Filter.java:82)
	at sun.net.httpserver.ServerImpl$Exchange$LinkHandler.handle(ServerImpl.java:675)
	at com.sun.net.httpserver.Filter$Chain.doFilter(Filter.java:79)
	at sun.net.httpserver.ServerImpl$Exchange.run(ServerImpl.java:647)
	at java.util.concurrent.ThreadPoolExecutor.runWorker(ThreadPoolExecutor.java:1149)
	at java.util.concurrent.ThreadPoolExecutor$Worker.run(ThreadPoolExecutor.java:624)
	at java.lang.Thread.run(Thread.java:748)
[2017-10-09 14:36:51,294][pool-1-thread-1]com.ods.manager.Handler[69][DEBUG]: 201710091436440000000002交易正常返回<soapeng:Envlope><soapenv:Header/><soapenv:Body><s:RspS03001000101><s:ReqSysHead><SvcId></SvcId><SvcScn></SvcScn><SvcSpltTxnCd></SvcSpltTxnCd><SvcCstTxnCd></SvcCstTxnCd><MAC></MAC><CnsmrSysId></CnsmrSysId><Vrsn></Vrsn><CnsmrSeqNo></CnsmrSeqNo><SvcSplrSysId></SvcSplrSysId><SvcSplrSeqNo>201710091436440000000002</SvcSplrSeqNo><TxnDt></TxnDt><TxnTm></TxnTm><AcgDt></AcgDt><SvcSplrSvrId></SvcSplrSvrId><TxnChnlTp></TxnChnlTp><ChnlNo></ChnlNo><TxnTmlId></TxnTmlId><OrigCnsmrId></OrigCnsmrId><OrigCnsmrSeqNo></OrigCnsmrSeqNo><OrigtmlId></OrigtmlId><OrigcnsmrsveId></OrigcnsmrsveId><UsrLng></UsrLng><Fileflg></Fileflg><TxnSt>S</TxnSt><RetCd></RetCd><RetMsg></RetMsg></s:ReqSysHead><s:ReqAppHead><TxnTlrId></TxnTlrId><OrgId></OrgId><TlrPwsd></TlrPwsd><TlrLvl></TlrLvl><TlrTp></TlrTp><aprvFlg></aprvFlg><AprvTlrInf><AprvTlrId></AprvTlrId><AprvOrgId></AprvOrgId><AprvTlrLvl></AprvTlrLvl><AprvTlrTp></AprvTlrTp><Ahrflg></Ahrflg></AprvTlrInf><AhrTlrInf><AhrTlrId></AhrTlrId><AhrOrgId></AhrOrgId><AhrtlrPswd></AhrtlrPswd><AhrTlrLvl></AhrTlrLvl><AhrTlrTp></AhrTlrTp></AhrTlrInf><Scndflg></Scndflg></s:ReqAppHead><s:ReqLocalHead/><s:RspRspBody><DataLine key="1    2     "><></></DataLine><DataLine key="1    2     "><></></DataLine><DataLine key="1    2     "><></></DataLine><DataLine key="1    2     "><></></DataLine><DataLine key="1    2     "><></></DataLine><DataLine key="1    2     "><></></DataLine><DataLine key="1    2     "><></></DataLine><DataLine key="1    2     "><></></DataLine><DataLine key="1    2     "><></></DataLine><DataLine key="1    2     "><></></DataLine><DataLine key="1    2     "><></></DataLine><DataLine key="1    2     "><></></DataLine></s:RspRspBody></s:RspS03001000101></soapenv:Body></soapeng:Envlope>
[2017-10-09 14:36:56,217][pool-1-thread-2]com.ods.manager.Handler[56][INFO ]: wake UP
java.lang.InterruptedException: sleep interrupted
	at java.lang.Thread.sleep(Native Method)
	at com.ods.manager.Handler.QueryODS(Handler.java:53)
	at sun.reflect.NativeMethodAccessorImpl.invoke0(Native Method)
	at sun.reflect.NativeMethodAccessorImpl.invoke(NativeMethodAccessorImpl.java:62)
	at sun.reflect.DelegatingMethodAccessorImpl.invoke(DelegatingMethodAccessorImpl.java:43)
	at java.lang.reflect.Method.invoke(Method.java:498)
	at sun.reflect.misc.Trampoline.invoke(MethodUtil.java:71)
	at sun.reflect.NativeMethodAccessorImpl.invoke0(Native Method)
	at sun.reflect.NativeMethodAccessorImpl.invoke(NativeMethodAccessorImpl.java:62)
	at sun.reflect.DelegatingMethodAccessorImpl.invoke(DelegatingMethodAccessorImpl.java:43)
	at java.lang.reflect.Method.invoke(Method.java:498)
	at sun.reflect.misc.MethodUtil.invoke(MethodUtil.java:275)
	at sun.reflect.NativeMethodAccessorImpl.invoke0(Native Method)
	at sun.reflect.NativeMethodAccessorImpl.invoke(NativeMethodAccessorImpl.java:62)
	at sun.reflect.DelegatingMethodAccessorImpl.invoke(DelegatingMethodAccessorImpl.java:43)
	at java.lang.reflect.Method.invoke(Method.java:498)
	at com.sun.xml.internal.ws.api.server.MethodUtil.invoke(MethodUtil.java:68)
	at com.sun.xml.internal.ws.api.server.InstanceResolver$1.invoke(InstanceResolver.java:235)
	at com.sun.xml.internal.ws.server.InvokerTube$2.invoke(InvokerTube.java:134)
	at com.sun.xml.internal.ws.server.sei.SEIInvokerTube.processRequest(SEIInvokerTube.java:73)
	at com.sun.xml.internal.ws.api.pipe.Fiber.__doRun(Fiber.java:1121)
	at com.sun.xml.internal.ws.api.pipe.Fiber._doRun(Fiber.java:1035)
	at com.sun.xml.internal.ws.api.pipe.Fiber.doRun(Fiber.java:1004)
	at com.sun.xml.internal.ws.api.pipe.Fiber.runSync(Fiber.java:862)
	at com.sun.xml.internal.ws.server.WSEndpointImpl$2.process(WSEndpointImpl.java:404)
	at com.sun.xml.internal.ws.transport.http.HttpAdapter$HttpToolkit.handle(HttpAdapter.java:706)
	at com.sun.xml.internal.ws.transport.http.HttpAdapter.handle(HttpAdapter.java:260)
	at com.sun.xml.internal.ws.transport.http.server.WSHttpHandler.handleExchange(WSHttpHandler.java:98)
	at com.sun.xml.internal.ws.transport.http.server.WSHttpHandler.handle(WSHttpHandler.java:82)
	at com.sun.net.httpserver.Filter$Chain.doFilter(Filter.java:79)
	at sun.net.httpserver.AuthFilter.doFilter(AuthFilter.java:83)
	at com.sun.net.httpserver.Filter$Chain.doFilter(Filter.java:82)
	at sun.net.httpserver.ServerImpl$Exchange$LinkHandler.handle(ServerImpl.java:675)
	at com.sun.net.httpserver.Filter$Chain.doFilter(Filter.java:79)
	at sun.net.httpserver.ServerImpl$Exchange.run(ServerImpl.java:647)
	at java.util.concurrent.ThreadPoolExecutor.runWorker(ThreadPoolExecutor.java:1149)
	at java.util.concurrent.ThreadPoolExecutor$Worker.run(ThreadPoolExecutor.java:624)
	at java.lang.Thread.run(Thread.java:748)
[2017-10-09 14:36:56,217][pool-1-thread-5]com.ods.manager.Handler[56][INFO ]: wake UP
java.lang.InterruptedException: sleep interrupted
	at java.lang.Thread.sleep(Native Method)
	at com.ods.manager.Handler.QueryODS(Handler.java:53)
	at sun.reflect.NativeMethodAccessorImpl.invoke0(Native Method)
	at sun.reflect.NativeMethodAccessorImpl.invoke(NativeMethodAccessorImpl.java:62)
	at sun.reflect.DelegatingMethodAccessorImpl.invoke(DelegatingMethodAccessorImpl.java:43)
	at java.lang.reflect.Method.invoke(Method.java:498)
	at sun.reflect.misc.Trampoline.invoke(MethodUtil.java:71)
	at sun.reflect.NativeMethodAccessorImpl.invoke0(Native Method)
	at sun.reflect.NativeMethodAccessorImpl.invoke(NativeMethodAccessorImpl.java:62)
	at sun.reflect.DelegatingMethodAccessorImpl.invoke(DelegatingMethodAccessorImpl.java:43)
	at java.lang.reflect.Method.invoke(Method.java:498)
	at sun.reflect.misc.MethodUtil.invoke(MethodUtil.java:275)
	at sun.reflect.NativeMethodAccessorImpl.invoke0(Native Method)
	at sun.reflect.NativeMethodAccessorImpl.invoke(NativeMethodAccessorImpl.java:62)
	at sun.reflect.DelegatingMethodAccessorImpl.invoke(DelegatingMethodAccessorImpl.java:43)
	at java.lang.reflect.Method.invoke(Method.java:498)
	at com.sun.xml.internal.ws.api.server.MethodUtil.invoke(MethodUtil.java:68)
	at com.sun.xml.internal.ws.api.server.InstanceResolver$1.invoke(InstanceResolver.java:235)
	at com.sun.xml.internal.ws.server.InvokerTube$2.invoke(InvokerTube.java:134)
	at com.sun.xml.internal.ws.server.sei.SEIInvokerTube.processRequest(SEIInvokerTube.java:73)
	at com.sun.xml.internal.ws.api.pipe.Fiber.__doRun(Fiber.java:1121)
	at com.sun.xml.internal.ws.api.pipe.Fiber._doRun(Fiber.java:1035)
	at com.sun.xml.internal.ws.api.pipe.Fiber.doRun(Fiber.java:1004)
	at com.sun.xml.internal.ws.api.pipe.Fiber.runSync(Fiber.java:862)
	at com.sun.xml.internal.ws.server.WSEndpointImpl$2.process(WSEndpointImpl.java:404)
	at com.sun.xml.internal.ws.transport.http.HttpAdapter$HttpToolkit.handle(HttpAdapter.java:706)
	at com.sun.xml.internal.ws.transport.http.HttpAdapter.handle(HttpAdapter.java:260)
	at com.sun.xml.internal.ws.transport.http.server.WSHttpHandler.handleExchange(WSHttpHandler.java:98)
	at com.sun.xml.internal.ws.transport.http.server.WSHttpHandler.handle(WSHttpHandler.java:82)
	at com.sun.net.httpserver.Filter$Chain.doFilter(Filter.java:79)
	at sun.net.httpserver.AuthFilter.doFilter(AuthFilter.java:83)
	at com.sun.net.httpserver.Filter$Chain.doFilter(Filter.java:82)
	at sun.net.httpserver.ServerImpl$Exchange$LinkHandler.handle(ServerImpl.java:675)
	at com.sun.net.httpserver.Filter$Chain.doFilter(Filter.java:79)
	at sun.net.httpserver.ServerImpl$Exchange.run(ServerImpl.java:647)
	at java.util.concurrent.ThreadPoolExecutor.runWorker(ThreadPoolExecutor.java:1149)
	at java.util.concurrent.ThreadPoolExecutor$Worker.run(ThreadPoolExecutor.java:624)
	at java.lang.Thread.run(Thread.java:748)
[2017-10-09 14:36:56,219][pool-1-thread-7]com.ods.manager.Handler[56][INFO ]: wake UP
java.lang.InterruptedException: sleep interrupted
	at java.lang.Thread.sleep(Native Method)
	at com.ods.manager.Handler.QueryODS(Handler.java:53)
	at sun.reflect.NativeMethodAccessorImpl.invoke0(Native Method)
	at sun.reflect.NativeMethodAccessorImpl.invoke(NativeMethodAccessorImpl.java:62)
	at sun.reflect.DelegatingMethodAccessorImpl.invoke(DelegatingMethodAccessorImpl.java:43)
	at java.lang.reflect.Method.invoke(Method.java:498)
	at sun.reflect.misc.Trampoline.invoke(MethodUtil.java:71)
	at sun.reflect.NativeMethodAccessorImpl.invoke0(Native Method)
	at sun.reflect.NativeMethodAccessorImpl.invoke(NativeMethodAccessorImpl.java:62)
	at sun.reflect.DelegatingMethodAccessorImpl.invoke(DelegatingMethodAccessorImpl.java:43)
	at java.lang.reflect.Method.invoke(Method.java:498)
	at sun.reflect.misc.MethodUtil.invoke(MethodUtil.java:275)
	at sun.reflect.NativeMethodAccessorImpl.invoke0(Native Method)
	at sun.reflect.NativeMethodAccessorImpl.invoke(NativeMethodAccessorImpl.java:62)
	at sun.reflect.DelegatingMethodAccessorImpl.invoke(DelegatingMethodAccessorImpl.java:43)
	at java.lang.reflect.Method.invoke(Method.java:498)
	at com.sun.xml.internal.ws.api.server.MethodUtil.invoke(MethodUtil.java:68)
	at com.sun.xml.internal.ws.api.server.InstanceResolver$1.invoke(InstanceResolver.java:235)
	at com.sun.xml.internal.ws.server.InvokerTube$2.invoke(InvokerTube.java:134)
	at com.sun.xml.internal.ws.server.sei.SEIInvokerTube.processRequest(SEIInvokerTube.java:73)
	at com.sun.xml.internal.ws.api.pipe.Fiber.__doRun(Fiber.java:1121)
	at com.sun.xml.internal.ws.api.pipe.Fiber._doRun(Fiber.java:1035)
	at com.sun.xml.internal.ws.api.pipe.Fiber.doRun(Fiber.java:1004)
	at com.sun.xml.internal.ws.api.pipe.Fiber.runSync(Fiber.java:862)
	at com.sun.xml.internal.ws.server.WSEndpointImpl$2.process(WSEndpointImpl.java:404)
	at com.sun.xml.internal.ws.transport.http.HttpAdapter$HttpToolkit.handle(HttpAdapter.java:706)
	at com.sun.xml.internal.ws.transport.http.HttpAdapter.handle(HttpAdapter.java:260)
	at com.sun.xml.internal.ws.transport.http.server.WSHttpHandler.handleExchange(WSHttpHandler.java:98)
	at com.sun.xml.internal.ws.transport.http.server.WSHttpHandler.handle(WSHttpHandler.java:82)
	at com.sun.net.httpserver.Filter$Chain.doFilter(Filter.java:79)
	at sun.net.httpserver.AuthFilter.doFilter(AuthFilter.java:83)
	at com.sun.net.httpserver.Filter$Chain.doFilter(Filter.java:82)
	at sun.net.httpserver.ServerImpl$Exchange$LinkHandler.handle(ServerImpl.java:675)
	at com.sun.net.httpserver.Filter$Chain.doFilter(Filter.java:79)
	at sun.net.httpserver.ServerImpl$Exchange.run(ServerImpl.java:647)
	at java.util.concurrent.ThreadPoolExecutor.runWorker(ThreadPoolExecutor.java:1149)
	at java.util.concurrent.ThreadPoolExecutor$Worker.run(ThreadPoolExecutor.java:624)
	at java.lang.Thread.run(Thread.java:748)
[2017-10-09 14:36:56,219][pool-1-thread-2]com.ods.manager.Handler[69][DEBUG]: 201710091436460000000003交易正常返回<soapeng:Envlope><soapenv:Header/><soapenv:Body><s:RspS03001000101><s:ReqSysHead><SvcId></SvcId><SvcScn></SvcScn><SvcSpltTxnCd></SvcSpltTxnCd><SvcCstTxnCd></SvcCstTxnCd><MAC></MAC><CnsmrSysId></CnsmrSysId><Vrsn></Vrsn><CnsmrSeqNo></CnsmrSeqNo><SvcSplrSysId></SvcSplrSysId><SvcSplrSeqNo>201710091436460000000003</SvcSplrSeqNo><TxnDt></TxnDt><TxnTm></TxnTm><AcgDt></AcgDt><SvcSplrSvrId></SvcSplrSvrId><TxnChnlTp></TxnChnlTp><ChnlNo></ChnlNo><TxnTmlId></TxnTmlId><OrigCnsmrId></OrigCnsmrId><OrigCnsmrSeqNo></OrigCnsmrSeqNo><OrigtmlId></OrigtmlId><OrigcnsmrsveId></OrigcnsmrsveId><UsrLng></UsrLng><Fileflg></Fileflg><TxnSt>S</TxnSt><RetCd></RetCd><RetMsg></RetMsg></s:ReqSysHead><s:ReqAppHead><TxnTlrId></TxnTlrId><OrgId></OrgId><TlrPwsd></TlrPwsd><TlrLvl></TlrLvl><TlrTp></TlrTp><aprvFlg></aprvFlg><AprvTlrInf><AprvTlrId></AprvTlrId><AprvOrgId></AprvOrgId><AprvTlrLvl></AprvTlrLvl><AprvTlrTp></AprvTlrTp><Ahrflg></Ahrflg></AprvTlrInf><AhrTlrInf><AhrTlrId></AhrTlrId><AhrOrgId></AhrOrgId><AhrtlrPswd></AhrtlrPswd><AhrTlrLvl></AhrTlrLvl><AhrTlrTp></AhrTlrTp></AhrTlrInf><Scndflg></Scndflg></s:ReqAppHead><s:ReqLocalHead/><s:RspRspBody><DataLine key="1    2     "><></></DataLine><DataLine key="1    2     "><></></DataLine><DataLine key="1    2     "><></></DataLine><DataLine key="1    2     "><></></DataLine><DataLine key="1    2     "><></></DataLine><DataLine key="1    2     "><></></DataLine><DataLine key="1    2     "><></></DataLine><DataLine key="1    2     "><></></DataLine><DataLine key="1    2     "><></></DataLine><DataLine key="1    2     "><></></DataLine><DataLine key="1    2     "><></></DataLine><DataLine key="1    2     "><></></DataLine></s:RspRspBody></s:RspS03001000101></soapenv:Body></soapeng:Envlope>
[2017-10-09 14:36:56,219][pool-1-thread-4]com.ods.manager.Handler[56][INFO ]: wake UP
java.lang.InterruptedException: sleep interrupted
	at java.lang.Thread.sleep(Native Method)
	at com.ods.manager.Handler.QueryODS(Handler.java:53)
	at sun.reflect.NativeMethodAccessorImpl.invoke0(Native Method)
	at sun.reflect.NativeMethodAccessorImpl.invoke(NativeMethodAccessorImpl.java:62)
	at sun.reflect.DelegatingMethodAccessorImpl.invoke(DelegatingMethodAccessorImpl.java:43)
	at java.lang.reflect.Method.invoke(Method.java:498)
	at sun.reflect.misc.Trampoline.invoke(MethodUtil.java:71)
	at sun.reflect.NativeMethodAccessorImpl.invoke0(Native Method)
	at sun.reflect.NativeMethodAccessorImpl.invoke(NativeMethodAccessorImpl.java:62)
	at sun.reflect.DelegatingMethodAccessorImpl.invoke(DelegatingMethodAccessorImpl.java:43)
	at java.lang.reflect.Method.invoke(Method.java:498)
	at sun.reflect.misc.MethodUtil.invoke(MethodUtil.java:275)
	at sun.reflect.NativeMethodAccessorImpl.invoke0(Native Method)
	at sun.reflect.NativeMethodAccessorImpl.invoke(NativeMethodAccessorImpl.java:62)
	at sun.reflect.DelegatingMethodAccessorImpl.invoke(DelegatingMethodAccessorImpl.java:43)
	at java.lang.reflect.Method.invoke(Method.java:498)
	at com.sun.xml.internal.ws.api.server.MethodUtil.invoke(MethodUtil.java:68)
	at com.sun.xml.internal.ws.api.server.InstanceResolver$1.invoke(InstanceResolver.java:235)
	at com.sun.xml.internal.ws.server.InvokerTube$2.invoke(InvokerTube.java:134)
	at com.sun.xml.internal.ws.server.sei.SEIInvokerTube.processRequest(SEIInvokerTube.java:73)
	at com.sun.xml.internal.ws.api.pipe.Fiber.__doRun(Fiber.java:1121)
	at com.sun.xml.internal.ws.api.pipe.Fiber._doRun(Fiber.java:1035)
	at com.sun.xml.internal.ws.api.pipe.Fiber.doRun(Fiber.java:1004)
	at com.sun.xml.internal.ws.api.pipe.Fiber.runSync(Fiber.java:862)
	at com.sun.xml.internal.ws.server.WSEndpointImpl$2.process(WSEndpointImpl.java:404)
	at com.sun.xml.internal.ws.transport.http.HttpAdapter$HttpToolkit.handle(HttpAdapter.java:706)
	at com.sun.xml.internal.ws.transport.http.HttpAdapter.handle(HttpAdapter.java:260)
	at com.sun.xml.internal.ws.transport.http.server.WSHttpHandler.handleExchange(WSHttpHandler.java:98)
	at com.sun.xml.internal.ws.transport.http.server.WSHttpHandler.handle(WSHttpHandler.java:82)
	at com.sun.net.httpserver.Filter$Chain.doFilter(Filter.java:79)
	at sun.net.httpserver.AuthFilter.doFilter(AuthFilter.java:83)
	at com.sun.net.httpserver.Filter$Chain.doFilter(Filter.java:82)
	at sun.net.httpserver.ServerImpl$Exchange$LinkHandler.handle(ServerImpl.java:675)
	at com.sun.net.httpserver.Filter$Chain.doFilter(Filter.java:79)
	at sun.net.httpserver.ServerImpl$Exchange.run(ServerImpl.java:647)
	at java.util.concurrent.ThreadPoolExecutor.runWorker(ThreadPoolExecutor.java:1149)
	at java.util.concurrent.ThreadPoolExecutor$Worker.run(ThreadPoolExecutor.java:624)
	at java.lang.Thread.run(Thread.java:748)
[2017-10-09 14:36:56,223][pool-1-thread-4]com.ods.manager.Handler[69][DEBUG]: 201710091436470000000005交易正常返回<soapeng:Envlope><soapenv:Header/><soapenv:Body><s:RspS03001000101><s:ReqSysHead><SvcId></SvcId><SvcScn></SvcScn><SvcSpltTxnCd></SvcSpltTxnCd><SvcCstTxnCd></SvcCstTxnCd><MAC></MAC><CnsmrSysId></CnsmrSysId><Vrsn></Vrsn><CnsmrSeqNo></CnsmrSeqNo><SvcSplrSysId></SvcSplrSysId><SvcSplrSeqNo>201710091436470000000005</SvcSplrSeqNo><TxnDt></TxnDt><TxnTm></TxnTm><AcgDt></AcgDt><SvcSplrSvrId></SvcSplrSvrId><TxnChnlTp></TxnChnlTp><ChnlNo></ChnlNo><TxnTmlId></TxnTmlId><OrigCnsmrId></OrigCnsmrId><OrigCnsmrSeqNo></OrigCnsmrSeqNo><OrigtmlId></OrigtmlId><OrigcnsmrsveId></OrigcnsmrsveId><UsrLng></UsrLng><Fileflg></Fileflg><TxnSt>S</TxnSt><RetCd></RetCd><RetMsg></RetMsg></s:ReqSysHead><s:ReqAppHead><TxnTlrId></TxnTlrId><OrgId></OrgId><TlrPwsd></TlrPwsd><TlrLvl></TlrLvl><TlrTp></TlrTp><aprvFlg></aprvFlg><AprvTlrInf><AprvTlrId></AprvTlrId><AprvOrgId></AprvOrgId><AprvTlrLvl></AprvTlrLvl><AprvTlrTp></AprvTlrTp><Ahrflg></Ahrflg></AprvTlrInf><AhrTlrInf><AhrTlrId></AhrTlrId><AhrOrgId></AhrOrgId><AhrtlrPswd></AhrtlrPswd><AhrTlrLvl></AhrTlrLvl><AhrTlrTp></AhrTlrTp></AhrTlrInf><Scndflg></Scndflg></s:ReqAppHead><s:ReqLocalHead/><s:RspRspBody><DataLine key="1    2     "><></></DataLine><DataLine key="1    2     "><></></DataLine><DataLine key="1    2     "><></></DataLine><DataLine key="1    2     "><></></DataLine><DataLine key="1    2     "><></></DataLine><DataLine key="1    2     "><></></DataLine><DataLine key="1    2     "><></></DataLine><DataLine key="1    2     "><></></DataLine><DataLine key="1    2     "><></></DataLine><DataLine key="1    2     "><></></DataLine><DataLine key="1    2     "><></></DataLine><DataLine key="1    2     "><></></DataLine></s:RspRspBody></s:RspS03001000101></soapenv:Body></soapeng:Envlope>
[2017-10-09 14:36:56,219][pool-1-thread-7]com.ods.manager.Handler[69][DEBUG]: 201710091436480000000008交易正常返回<soapeng:Envlope><soapenv:Header/><soapenv:Body><s:RspS03001000101><s:ReqSysHead><SvcId></SvcId><SvcScn></SvcScn><SvcSpltTxnCd></SvcSpltTxnCd><SvcCstTxnCd></SvcCstTxnCd><MAC></MAC><CnsmrSysId></CnsmrSysId><Vrsn></Vrsn><CnsmrSeqNo></CnsmrSeqNo><SvcSplrSysId></SvcSplrSysId><SvcSplrSeqNo>201710091436480000000008</SvcSplrSeqNo><TxnDt></TxnDt><TxnTm></TxnTm><AcgDt></AcgDt><SvcSplrSvrId></SvcSplrSvrId><TxnChnlTp></TxnChnlTp><ChnlNo></ChnlNo><TxnTmlId></TxnTmlId><OrigCnsmrId></OrigCnsmrId><OrigCnsmrSeqNo></OrigCnsmrSeqNo><OrigtmlId></OrigtmlId><OrigcnsmrsveId></OrigcnsmrsveId><UsrLng></UsrLng><Fileflg></Fileflg><TxnSt>S</TxnSt><RetCd></RetCd><RetMsg></RetMsg></s:ReqSysHead><s:ReqAppHead><TxnTlrId></TxnTlrId><OrgId></OrgId><TlrPwsd></TlrPwsd><TlrLvl></TlrLvl><TlrTp></TlrTp><aprvFlg></aprvFlg><AprvTlrInf><AprvTlrId></AprvTlrId><AprvOrgId></AprvOrgId><AprvTlrLvl></AprvTlrLvl><AprvTlrTp></AprvTlrTp><Ahrflg></Ahrflg></AprvTlrInf><AhrTlrInf><AhrTlrId></AhrTlrId><AhrOrgId></AhrOrgId><AhrtlrPswd></AhrtlrPswd><AhrTlrLvl></AhrTlrLvl><AhrTlrTp></AhrTlrTp></AhrTlrInf><Scndflg></Scndflg></s:ReqAppHead><s:ReqLocalHead/><s:RspRspBody><DataLine key="1    2     "><></></DataLine><DataLine key="1    2     "><></></DataLine><DataLine key="1    2     "><></></DataLine><DataLine key="1    2     "><></></DataLine><DataLine key="1    2     "><></></DataLine><DataLine key="1    2     "><></></DataLine><DataLine key="1    2     "><></></DataLine><DataLine key="1    2     "><></></DataLine><DataLine key="1    2     "><></></DataLine><DataLine key="1    2     "><></></DataLine><DataLine key="1    2     "><></></DataLine><DataLine key="1    2     "><></></DataLine></s:RspRspBody></s:RspS03001000101></soapenv:Body></soapeng:Envlope>
[2017-10-09 14:36:56,219][pool-1-thread-6]com.ods.manager.Handler[56][INFO ]: wake UP
java.lang.InterruptedException: sleep interrupted
	at java.lang.Thread.sleep(Native Method)
	at com.ods.manager.Handler.QueryODS(Handler.java:53)
	at sun.reflect.NativeMethodAccessorImpl.invoke0(Native Method)
	at sun.reflect.NativeMethodAccessorImpl.invoke(NativeMethodAccessorImpl.java:62)
	at sun.reflect.DelegatingMethodAccessorImpl.invoke(DelegatingMethodAccessorImpl.java:43)
	at java.lang.reflect.Method.invoke(Method.java:498)
	at sun.reflect.misc.Trampoline.invoke(MethodUtil.java:71)
	at sun.reflect.NativeMethodAccessorImpl.invoke0(Native Method)
	at sun.reflect.NativeMethodAccessorImpl.invoke(NativeMethodAccessorImpl.java:62)
	at sun.reflect.DelegatingMethodAccessorImpl.invoke(DelegatingMethodAccessorImpl.java:43)
	at java.lang.reflect.Method.invoke(Method.java:498)
	at sun.reflect.misc.MethodUtil.invoke(MethodUtil.java:275)
	at sun.reflect.NativeMethodAccessorImpl.invoke0(Native Method)
	at sun.reflect.NativeMethodAccessorImpl.invoke(NativeMethodAccessorImpl.java:62)
	at sun.reflect.DelegatingMethodAccessorImpl.invoke(DelegatingMethodAccessorImpl.java:43)
	at java.lang.reflect.Method.invoke(Method.java:498)
	at com.sun.xml.internal.ws.api.server.MethodUtil.invoke(MethodUtil.java:68)
	at com.sun.xml.internal.ws.api.server.InstanceResolver$1.invoke(InstanceResolver.java:235)
	at com.sun.xml.internal.ws.server.InvokerTube$2.invoke(InvokerTube.java:134)
	at com.sun.xml.internal.ws.server.sei.SEIInvokerTube.processRequest(SEIInvokerTube.java:73)
	at com.sun.xml.internal.ws.api.pipe.Fiber.__doRun(Fiber.java:1121)
	at com.sun.xml.internal.ws.api.pipe.Fiber._doRun(Fiber.java:1035)
	at com.sun.xml.internal.ws.api.pipe.Fiber.doRun(Fiber.java:1004)
	at com.sun.xml.internal.ws.api.pipe.Fiber.runSync(Fiber.java:862)
	at com.sun.xml.internal.ws.server.WSEndpointImpl$2.process(WSEndpointImpl.java:404)
	at com.sun.xml.internal.ws.transport.http.HttpAdapter$HttpToolkit.handle(HttpAdapter.java:706)
	at com.sun.xml.internal.ws.transport.http.HttpAdapter.handle(HttpAdapter.java:260)
	at com.sun.xml.internal.ws.transport.http.server.WSHttpHandler.handleExchange(WSHttpHandler.java:98)
	at com.sun.xml.internal.ws.transport.http.server.WSHttpHandler.handle(WSHttpHandler.java:82)
	at com.sun.net.httpserver.Filter$Chain.doFilter(Filter.java:79)
	at sun.net.httpserver.AuthFilter.doFilter(AuthFilter.java:83)
	at com.sun.net.httpserver.Filter$Chain.doFilter(Filter.java:82)
	at sun.net.httpserver.ServerImpl$Exchange$LinkHandler.handle(ServerImpl.java:675)
	at com.sun.net.httpserver.Filter$Chain.doFilter(Filter.java:79)
	at sun.net.httpserver.ServerImpl$Exchange.run(ServerImpl.java:647)
	at java.util.concurrent.ThreadPoolExecutor.runWorker(ThreadPoolExecutor.java:1149)
	at java.util.concurrent.ThreadPoolExecutor$Worker.run(ThreadPoolExecutor.java:624)
	at java.lang.Thread.run(Thread.java:748)
[2017-10-09 14:36:56,281][pool-1-thread-6]com.ods.manager.Handler[69][DEBUG]: 201710091436480000000007交易正常返回<soapeng:Envlope><soapenv:Header/><soapenv:Body><s:RspS03001000101><s:ReqSysHead><SvcId></SvcId><SvcScn></SvcScn><SvcSpltTxnCd></SvcSpltTxnCd><SvcCstTxnCd></SvcCstTxnCd><MAC></MAC><CnsmrSysId></CnsmrSysId><Vrsn></Vrsn><CnsmrSeqNo></CnsmrSeqNo><SvcSplrSysId></SvcSplrSysId><SvcSplrSeqNo>201710091436480000000007</SvcSplrSeqNo><TxnDt></TxnDt><TxnTm></TxnTm><AcgDt></AcgDt><SvcSplrSvrId></SvcSplrSvrId><TxnChnlTp></TxnChnlTp><ChnlNo></ChnlNo><TxnTmlId></TxnTmlId><OrigCnsmrId></OrigCnsmrId><OrigCnsmrSeqNo></OrigCnsmrSeqNo><OrigtmlId></OrigtmlId><OrigcnsmrsveId></OrigcnsmrsveId><UsrLng></UsrLng><Fileflg></Fileflg><TxnSt>S</TxnSt><RetCd></RetCd><RetMsg></RetMsg></s:ReqSysHead><s:ReqAppHead><TxnTlrId></TxnTlrId><OrgId></OrgId><TlrPwsd></TlrPwsd><TlrLvl></TlrLvl><TlrTp></TlrTp><aprvFlg></aprvFlg><AprvTlrInf><AprvTlrId></AprvTlrId><AprvOrgId></AprvOrgId><AprvTlrLvl></AprvTlrLvl><AprvTlrTp></AprvTlrTp><Ahrflg></Ahrflg></AprvTlrInf><AhrTlrInf><AhrTlrId></AhrTlrId><AhrOrgId></AhrOrgId><AhrtlrPswd></AhrtlrPswd><AhrTlrLvl></AhrTlrLvl><AhrTlrTp></AhrTlrTp></AhrTlrInf><Scndflg></Scndflg></s:ReqAppHead><s:ReqLocalHead/><s:RspRspBody><DataLine key="1    2     "><></></DataLine><DataLine key="1    2     "><></></DataLine><DataLine key="1    2     "><></></DataLine><DataLine key="1    2     "><></></DataLine><DataLine key="1    2     "><></></DataLine><DataLine key="1    2     "><></></DataLine><DataLine key="1    2     "><></></DataLine><DataLine key="1    2     "><></></DataLine><DataLine key="1    2     "><></></DataLine><DataLine key="1    2     "><></></DataLine><DataLine key="1    2     "><></></DataLine><DataLine key="1    2     "><></></DataLine></s:RspRspBody></s:RspS03001000101></soapenv:Body></soapeng:Envlope>
[2017-10-09 14:36:56,219][pool-1-thread-3]com.ods.manager.Handler[56][INFO ]: wake UP
java.lang.InterruptedException: sleep interrupted
	at java.lang.Thread.sleep(Native Method)
	at com.ods.manager.Handler.QueryODS(Handler.java:53)
	at sun.reflect.NativeMethodAccessorImpl.invoke0(Native Method)
	at sun.reflect.NativeMethodAccessorImpl.invoke(NativeMethodAccessorImpl.java:62)
	at sun.reflect.DelegatingMethodAccessorImpl.invoke(DelegatingMethodAccessorImpl.java:43)
	at java.lang.reflect.Method.invoke(Method.java:498)
	at sun.reflect.misc.Trampoline.invoke(MethodUtil.java:71)
	at sun.reflect.NativeMethodAccessorImpl.invoke0(Native Method)
	at sun.reflect.NativeMethodAccessorImpl.invoke(NativeMethodAccessorImpl.java:62)
	at sun.reflect.DelegatingMethodAccessorImpl.invoke(DelegatingMethodAccessorImpl.java:43)
	at java.lang.reflect.Method.invoke(Method.java:498)
	at sun.reflect.misc.MethodUtil.invoke(MethodUtil.java:275)
	at sun.reflect.NativeMethodAccessorImpl.invoke0(Native Method)
	at sun.reflect.NativeMethodAccessorImpl.invoke(NativeMethodAccessorImpl.java:62)
	at sun.reflect.DelegatingMethodAccessorImpl.invoke(DelegatingMethodAccessorImpl.java:43)
	at java.lang.reflect.Method.invoke(Method.java:498)
	at com.sun.xml.internal.ws.api.server.MethodUtil.invoke(MethodUtil.java:68)
	at com.sun.xml.internal.ws.api.server.InstanceResolver$1.invoke(InstanceResolver.java:235)
	at com.sun.xml.internal.ws.server.InvokerTube$2.invoke(InvokerTube.java:134)
	at com.sun.xml.internal.ws.server.sei.SEIInvokerTube.processRequest(SEIInvokerTube.java:73)
	at com.sun.xml.internal.ws.api.pipe.Fiber.__doRun(Fiber.java:1121)
	at com.sun.xml.internal.ws.api.pipe.Fiber._doRun(Fiber.java:1035)
	at com.sun.xml.internal.ws.api.pipe.Fiber.doRun(Fiber.java:1004)
	at com.sun.xml.internal.ws.api.pipe.Fiber.runSync(Fiber.java:862)
	at com.sun.xml.internal.ws.server.WSEndpointImpl$2.process(WSEndpointImpl.java:404)
	at com.sun.xml.internal.ws.transport.http.HttpAdapter$HttpToolkit.handle(HttpAdapter.java:706)
	at com.sun.xml.internal.ws.transport.http.HttpAdapter.handle(HttpAdapter.java:260)
	at com.sun.xml.internal.ws.transport.http.server.WSHttpHandler.handleExchange(WSHttpHandler.java:98)
	at com.sun.xml.internal.ws.transport.http.server.WSHttpHandler.handle(WSHttpHandler.java:82)
	at com.sun.net.httpserver.Filter$Chain.doFilter(Filter.java:79)
	at sun.net.httpserver.AuthFilter.doFilter(AuthFilter.java:83)
	at com.sun.net.httpserver.Filter$Chain.doFilter(Filter.java:82)
	at sun.net.httpserver.ServerImpl$Exchange$LinkHandler.handle(ServerImpl.java:675)
	at com.sun.net.httpserver.Filter$Chain.doFilter(Filter.java:79)
	at sun.net.httpserver.ServerImpl$Exchange.run(ServerImpl.java:647)
	at java.util.concurrent.ThreadPoolExecutor.runWorker(ThreadPoolExecutor.java:1149)
	at java.util.concurrent.ThreadPoolExecutor$Worker.run(ThreadPoolExecutor.java:624)
	at java.lang.Thread.run(Thread.java:748)
[2017-10-09 14:36:56,288][pool-1-thread-3]com.ods.manager.Handler[69][DEBUG]: 201710091436470000000004交易正常返回<soapeng:Envlope><soapenv:Header/><soapenv:Body><s:RspS03001000101><s:ReqSysHead><SvcId></SvcId><SvcScn></SvcScn><SvcSpltTxnCd></SvcSpltTxnCd><SvcCstTxnCd></SvcCstTxnCd><MAC></MAC><CnsmrSysId></CnsmrSysId><Vrsn></Vrsn><CnsmrSeqNo></CnsmrSeqNo><SvcSplrSysId></SvcSplrSysId><SvcSplrSeqNo>201710091436470000000004</SvcSplrSeqNo><TxnDt></TxnDt><TxnTm></TxnTm><AcgDt></AcgDt><SvcSplrSvrId></SvcSplrSvrId><TxnChnlTp></TxnChnlTp><ChnlNo></ChnlNo><TxnTmlId></TxnTmlId><OrigCnsmrId></OrigCnsmrId><OrigCnsmrSeqNo></OrigCnsmrSeqNo><OrigtmlId></OrigtmlId><OrigcnsmrsveId></OrigcnsmrsveId><UsrLng></UsrLng><Fileflg></Fileflg><TxnSt>S</TxnSt><RetCd></RetCd><RetMsg></RetMsg></s:ReqSysHead><s:ReqAppHead><TxnTlrId></TxnTlrId><OrgId></OrgId><TlrPwsd></TlrPwsd><TlrLvl></TlrLvl><TlrTp></TlrTp><aprvFlg></aprvFlg><AprvTlrInf><AprvTlrId></AprvTlrId><AprvOrgId></AprvOrgId><AprvTlrLvl></AprvTlrLvl><AprvTlrTp></AprvTlrTp><Ahrflg></Ahrflg></AprvTlrInf><AhrTlrInf><AhrTlrId></AhrTlrId><AhrOrgId></AhrOrgId><AhrtlrPswd></AhrtlrPswd><AhrTlrLvl></AhrTlrLvl><AhrTlrTp></AhrTlrTp></AhrTlrInf><Scndflg></Scndflg></s:ReqAppHead><s:ReqLocalHead/><s:RspRspBody><DataLine key="1    2     "><></></DataLine><DataLine key="1    2     "><></></DataLine><DataLine key="1    2     "><></></DataLine><DataLine key="1    2     "><></></DataLine><DataLine key="1    2     "><></></DataLine><DataLine key="1    2     "><></></DataLine><DataLine key="1    2     "><></></DataLine><DataLine key="1    2     "><></></DataLine><DataLine key="1    2     "><></></DataLine><DataLine key="1    2     "><></></DataLine><DataLine key="1    2     "><></></DataLine><DataLine key="1    2     "><></></DataLine></s:RspRspBody></s:RspS03001000101></soapenv:Body></soapeng:Envlope>
[2017-10-09 14:36:56,219][pool-1-thread-5]com.ods.manager.Handler[69][DEBUG]: 201710091436480000000006交易正常返回<soapeng:Envlope><soapenv:Header/><soapenv:Body><s:RspS03001000101><s:ReqSysHead><SvcId></SvcId><SvcScn></SvcScn><SvcSpltTxnCd></SvcSpltTxnCd><SvcCstTxnCd></SvcCstTxnCd><MAC></MAC><CnsmrSysId></CnsmrSysId><Vrsn></Vrsn><CnsmrSeqNo></CnsmrSeqNo><SvcSplrSysId></SvcSplrSysId><SvcSplrSeqNo>201710091436480000000006</SvcSplrSeqNo><TxnDt></TxnDt><TxnTm></TxnTm><AcgDt></AcgDt><SvcSplrSvrId></SvcSplrSvrId><TxnChnlTp></TxnChnlTp><ChnlNo></ChnlNo><TxnTmlId></TxnTmlId><OrigCnsmrId></OrigCnsmrId><OrigCnsmrSeqNo></OrigCnsmrSeqNo><OrigtmlId></OrigtmlId><OrigcnsmrsveId></OrigcnsmrsveId><UsrLng></UsrLng><Fileflg></Fileflg><TxnSt>S</TxnSt><RetCd></RetCd><RetMsg></RetMsg></s:ReqSysHead><s:ReqAppHead><TxnTlrId></TxnTlrId><OrgId></OrgId><TlrPwsd></TlrPwsd><TlrLvl></TlrLvl><TlrTp></TlrTp><aprvFlg></aprvFlg><AprvTlrInf><AprvTlrId></AprvTlrId><AprvOrgId></AprvOrgId><AprvTlrLvl></AprvTlrLvl><AprvTlrTp></AprvTlrTp><Ahrflg></Ahrflg></AprvTlrInf><AhrTlrInf><AhrTlrId></AhrTlrId><AhrOrgId></AhrOrgId><AhrtlrPswd></AhrtlrPswd><AhrTlrLvl></AhrTlrLvl><AhrTlrTp></AhrTlrTp></AhrTlrInf><Scndflg></Scndflg></s:ReqAppHead><s:ReqLocalHead/><s:RspRspBody><DataLine key="1    2     "><></></DataLine><DataLine key="1    2     "><></></DataLine><DataLine key="1    2     "><></></DataLine><DataLine key="1    2     "><></></DataLine><DataLine key="1    2     "><></></DataLine><DataLine key="1    2     "><></></DataLine><DataLine key="1    2     "><></></DataLine><DataLine key="1    2     "><></></DataLine><DataLine key="1    2     "><></></DataLine><DataLine key="1    2     "><></></DataLine><DataLine key="1    2     "><></></DataLine><DataLine key="1    2     "><></></DataLine></s:RspRspBody></s:RspS03001000101></soapenv:Body></soapeng:Envlope>
