[2017-10-09 14:24:22,180][main]com.ods.service.TxnService[50][INFO ]: 初始化队列完成, 输入队列:[TxnQueue] 输出队列:[PackQueue]
[2017-10-09 14:24:22,181][main]com.ods.service.TxnService[50][INFO ]: 初始化队列完成, 输入队列:[TxnQueue] 输出队列:[PackQueue]
[2017-10-09 14:24:22,182][main]com.ods.service.TxnService[50][INFO ]: 初始化队列完成, 输入队列:[TxnQueue] 输出队列:[PackQueue]
[2017-10-09 14:24:22,182][main]com.ods.service.TxnService[50][INFO ]: 初始化队列完成, 输入队列:[TxnQueue] 输出队列:[PackQueue]
[2017-10-09 14:24:22,182][main]com.ods.service.TxnService[50][INFO ]: 初始化队列完成, 输入队列:[TxnQueue] 输出队列:[PackQueue]
[2017-10-09 14:24:37,184][TxnService-0]com.ods.service.TxnService[86][INFO ]: test流水号201710091424300000000001处理开始
[2017-10-09 14:24:37,185][TxnService-0]com.ods.service.TxnService[122][INFO ]: test流水号201710091424300000000001:(ft_no,123)
[2017-10-09 14:24:37,185][TxnService-0]com.ods.service.TxnService[122][INFO ]: test流水号201710091424300000000001:(num,987)
[2017-10-09 14:24:37,186][TxnService-0]com.ods.service.TxnService[122][INFO ]: test流水号201710091424300000000001:(sa_acct_no,963)
[2017-10-09 14:24:37,186][TxnService-0]com.ods.service.TxnService[130][INFO ]: test流水号201710091424300000000001获取RspBody中的入参加入到inParm列表完成
[2017-10-09 14:24:37,187][TxnService-0]com.ods.service.TxnService[143][DEBUG]: 获取的交易名称是:test 交易处理类名为:com.ods.transaction.test
[2017-10-09 14:24:37,194][TxnService-0]com.ods.service.TxnService[151][INFO ]: test流水号201710091424300000000001实例化 交易对应的处理类
[2017-10-09 14:24:38,046][TxnService-0]com.ods.service.TxnService[158][ERROR]: test流水号201710091424300000000001异常:ORA-00942: 表或视图不存在

[2017-10-09 14:24:38,048][TxnService-0]com.ods.service.TxnService[161][INFO ]: test流水号201710091424300000000001数据库操作交易处理完成
[2017-10-09 14:24:38,048][TxnService-0]com.ods.service.TxnService[185][ERROR]: test流水号201710091424300000000001异常:null
[2017-10-09 14:24:38,049][TxnService-0]com.ods.service.TxnService[188][INFO ]: test流水号201710091424300000000001生成key值 完成
[2017-10-09 14:24:38,049][TxnService-0]com.ods.service.TxnService[191][INFO ]: test流水号201710091424300000000001处理完成
[2017-10-09 14:35:51,134][main]com.ods.service.TxnService[50][INFO ]: 初始化队列完成, 输入队列:[TxnQueue] 输出队列:[PackQueue]
[2017-10-09 14:35:51,134][main]com.ods.service.TxnService[50][INFO ]: 初始化队列完成, 输入队列:[TxnQueue] 输出队列:[PackQueue]
[2017-10-09 14:35:51,135][main]com.ods.service.TxnService[50][INFO ]: 初始化队列完成, 输入队列:[TxnQueue] 输出队列:[PackQueue]
[2017-10-09 14:35:51,135][main]com.ods.service.TxnService[50][INFO ]: 初始化队列完成, 输入队列:[TxnQueue] 输出队列:[PackQueue]
[2017-10-09 14:35:51,136][main]com.ods.service.TxnService[50][INFO ]: 初始化队列完成, 输入队列:[TxnQueue] 输出队列:[PackQueue]
[2017-10-09 14:36:26,149][TxnService-1]com.ods.service.TxnService[86][INFO ]: test流水号201710091436180000000001处理开始
[2017-10-09 14:36:26,150][TxnService-1]com.ods.service.TxnService[122][INFO ]: test流水号201710091436180000000001:(ft_no,123)
[2017-10-09 14:36:26,150][TxnService-1]com.ods.service.TxnService[122][INFO ]: test流水号201710091436180000000001:(num,987)
[2017-10-09 14:36:26,150][TxnService-1]com.ods.service.TxnService[122][INFO ]: test流水号201710091436180000000001:(sa_acct_no,963)
[2017-10-09 14:36:26,151][TxnService-1]com.ods.service.TxnService[130][INFO ]: test流水号201710091436180000000001获取RspBody中的入参加入到inParm列表完成
[2017-10-09 14:36:26,151][TxnService-1]com.ods.service.TxnService[143][DEBUG]: 获取的交易名称是:test 交易处理类名为:com.ods.transaction.test
[2017-10-09 14:36:26,154][TxnService-1]com.ods.service.TxnService[151][INFO ]: test流水号201710091436180000000001实例化 交易对应的处理类
[2017-10-09 14:36:26,887][TxnService-1]com.ods.service.TxnService[161][INFO ]: test流水号201710091436180000000001数据库操作交易处理完成
[2017-10-09 14:36:26,934][TxnService-1]com.ods.service.TxnService[188][INFO ]: test流水号201710091436180000000001生成key值 完成
[2017-10-09 14:36:26,934][TxnService-1]com.ods.service.TxnService[191][INFO ]: test流水号201710091436180000000001处理完成
[2017-10-09 14:36:46,193][TxnService-3]com.ods.service.TxnService[86][INFO ]: test流水号201710091436440000000002处理开始
[2017-10-09 14:36:46,193][TxnService-3]com.ods.service.TxnService[122][INFO ]: test流水号201710091436440000000002:(ft_no,123)
[2017-10-09 14:36:46,193][TxnService-3]com.ods.service.TxnService[122][INFO ]: test流水号201710091436440000000002:(num,987)
[2017-10-09 14:36:46,197][TxnService-3]com.ods.service.TxnService[122][INFO ]: test流水号201710091436440000000002:(sa_acct_no,963)
[2017-10-09 14:36:46,197][TxnService-3]com.ods.service.TxnService[130][INFO ]: test流水号201710091436440000000002获取RspBody中的入参加入到inParm列表完成
[2017-10-09 14:36:46,197][TxnService-3]com.ods.service.TxnService[143][DEBUG]: 获取的交易名称是:test 交易处理类名为:com.ods.transaction.test
[2017-10-09 14:36:46,197][TxnService-3]com.ods.service.TxnService[151][INFO ]: test流水号201710091436440000000002实例化 交易对应的处理类
[2017-10-09 14:36:46,205][TxnService-3]com.ods.service.TxnService[161][INFO ]: test流水号201710091436440000000002数据库操作交易处理完成
[2017-10-09 14:36:46,205][TxnService-3]com.ods.service.TxnService[188][INFO ]: test流水号201710091436440000000002生成key值 完成
[2017-10-09 14:36:46,209][TxnService-3]com.ods.service.TxnService[191][INFO ]: test流水号201710091436440000000002处理完成
[2017-10-09 14:36:51,216][TxnService-3]com.ods.service.TxnService[86][INFO ]: test流水号201710091436460000000003处理开始
[2017-10-09 14:36:51,216][TxnService-3]com.ods.service.TxnService[122][INFO ]: test流水号201710091436460000000003:(ft_no,123)
[2017-10-09 14:36:51,216][TxnService-3]com.ods.service.TxnService[122][INFO ]: test流水号201710091436460000000003:(num,987)
[2017-10-09 14:36:51,216][TxnService-3]com.ods.service.TxnService[122][INFO ]: test流水号201710091436460000000003:(sa_acct_no,963)
[2017-10-09 14:36:51,216][TxnService-3]com.ods.service.TxnService[130][INFO ]: test流水号201710091436460000000003获取RspBody中的入参加入到inParm列表完成
[2017-10-09 14:36:51,294][TxnService-3]com.ods.service.TxnService[143][DEBUG]: 获取的交易名称是:test 交易处理类名为:com.ods.transaction.test
[2017-10-09 14:36:51,294][TxnService-3]com.ods.service.TxnService[151][INFO ]: test流水号201710091436460000000003实例化 交易对应的处理类
[2017-10-09 14:36:51,309][TxnService-3]com.ods.service.TxnService[161][INFO ]: test流水号201710091436460000000003数据库操作交易处理完成
[2017-10-09 14:36:51,309][TxnService-3]com.ods.service.TxnService[188][INFO ]: test流水号201710091436460000000003生成key值 完成
[2017-10-09 14:36:51,309][TxnService-3]com.ods.service.TxnService[191][INFO ]: test流水号201710091436460000000003处理完成
[2017-10-09 14:36:51,995][TxnService-1]com.ods.service.TxnService[86][INFO ]: test流水号201710091436480000000007处理开始
[2017-10-09 14:36:51,995][TxnService-1]com.ods.service.TxnService[122][INFO ]: test流水号201710091436480000000007:(ft_no,123)
[2017-10-09 14:36:51,995][TxnService-1]com.ods.service.TxnService[122][INFO ]: test流水号201710091436480000000007:(num,987)
[2017-10-09 14:36:51,995][TxnService-1]com.ods.service.TxnService[122][INFO ]: test流水号201710091436480000000007:(sa_acct_no,963)
[2017-10-09 14:36:51,995][TxnService-1]com.ods.service.TxnService[130][INFO ]: test流水号201710091436480000000007获取RspBody中的入参加入到inParm列表完成
[2017-10-09 14:36:51,995][TxnService-1]com.ods.service.TxnService[143][DEBUG]: 获取的交易名称是:test 交易处理类名为:com.ods.transaction.test
[2017-10-09 14:36:51,995][TxnService-1]com.ods.service.TxnService[151][INFO ]: test流水号201710091436480000000007实例化 交易对应的处理类
[2017-10-09 14:36:51,995][TxnService-1]com.ods.service.TxnService[161][INFO ]: test流水号201710091436480000000007数据库操作交易处理完成
[2017-10-09 14:36:51,995][TxnService-1]com.ods.service.TxnService[188][INFO ]: test流水号201710091436480000000007生成key值 完成
[2017-10-09 14:36:51,995][TxnService-1]com.ods.service.TxnService[191][INFO ]: test流水号201710091436480000000007处理完成
[2017-10-09 14:36:51,995][TxnService-1]com.ods.service.TxnService[86][INFO ]: test流水号201710091436480000000006处理开始
[2017-10-09 14:36:51,995][TxnService-1]com.ods.service.TxnService[122][INFO ]: test流水号201710091436480000000006:(ft_no,123)
[2017-10-09 14:36:51,995][TxnService-1]com.ods.service.TxnService[122][INFO ]: test流水号201710091436480000000006:(num,987)
[2017-10-09 14:36:51,995][TxnService-1]com.ods.service.TxnService[122][INFO ]: test流水号201710091436480000000006:(sa_acct_no,963)
[2017-10-09 14:36:51,995][TxnService-1]com.ods.service.TxnService[130][INFO ]: test流水号201710091436480000000006获取RspBody中的入参加入到inParm列表完成
[2017-10-09 14:36:51,995][TxnService-1]com.ods.service.TxnService[143][DEBUG]: 获取的交易名称是:test 交易处理类名为:com.ods.transaction.test
[2017-10-09 14:36:51,995][TxnService-1]com.ods.service.TxnService[151][INFO ]: test流水号201710091436480000000006实例化 交易对应的处理类
[2017-10-09 14:36:51,995][TxnService-1]com.ods.service.TxnService[161][INFO ]: test流水号201710091436480000000006数据库操作交易处理完成
[2017-10-09 14:36:51,995][TxnService-1]com.ods.service.TxnService[188][INFO ]: test流水号201710091436480000000006生成key值 完成
[2017-10-09 14:36:51,995][TxnService-1]com.ods.service.TxnService[191][INFO ]: test流水号201710091436480000000006处理完成
[2017-10-09 14:36:51,995][TxnService-1]com.ods.service.TxnService[86][INFO ]: test流水号201710091436470000000005处理开始
[2017-10-09 14:36:51,995][TxnService-1]com.ods.service.TxnService[122][INFO ]: test流水号201710091436470000000005:(ft_no,123)
[2017-10-09 14:36:51,995][TxnService-1]com.ods.service.TxnService[122][INFO ]: test流水号201710091436470000000005:(num,987)
[2017-10-09 14:36:51,995][TxnService-1]com.ods.service.TxnService[122][INFO ]: test流水号201710091436470000000005:(sa_acct_no,963)
[2017-10-09 14:36:51,995][TxnService-1]com.ods.service.TxnService[130][INFO ]: test流水号201710091436470000000005获取RspBody中的入参加入到inParm列表完成
[2017-10-09 14:36:51,995][TxnService-1]com.ods.service.TxnService[143][DEBUG]: 获取的交易名称是:test 交易处理类名为:com.ods.transaction.test
[2017-10-09 14:36:51,995][TxnService-1]com.ods.service.TxnService[151][INFO ]: test流水号201710091436470000000005实例化 交易对应的处理类
[2017-10-09 14:36:52,011][TxnService-1]com.ods.service.TxnService[161][INFO ]: test流水号201710091436470000000005数据库操作交易处理完成
[2017-10-09 14:36:52,011][TxnService-1]com.ods.service.TxnService[188][INFO ]: test流水号201710091436470000000005生成key值 完成
[2017-10-09 14:36:52,011][TxnService-1]com.ods.service.TxnService[191][INFO ]: test流水号201710091436470000000005处理完成
[2017-10-09 14:36:52,011][TxnService-1]com.ods.service.TxnService[86][INFO ]: test流水号201710091436470000000004处理开始
[2017-10-09 14:36:52,011][TxnService-1]com.ods.service.TxnService[122][INFO ]: test流水号201710091436470000000004:(ft_no,123)
[2017-10-09 14:36:52,011][TxnService-1]com.ods.service.TxnService[122][INFO ]: test流水号201710091436470000000004:(num,987)
[2017-10-09 14:36:52,011][TxnService-1]com.ods.service.TxnService[122][INFO ]: test流水号201710091436470000000004:(sa_acct_no,963)
[2017-10-09 14:36:52,011][TxnService-1]com.ods.service.TxnService[130][INFO ]: test流水号201710091436470000000004获取RspBody中的入参加入到inParm列表完成
[2017-10-09 14:36:52,011][TxnService-1]com.ods.service.TxnService[143][DEBUG]: 获取的交易名称是:test 交易处理类名为:com.ods.transaction.test
[2017-10-09 14:36:52,011][TxnService-1]com.ods.service.TxnService[151][INFO ]: test流水号201710091436470000000004实例化 交易对应的处理类
[2017-10-09 14:36:52,011][TxnService-1]com.ods.service.TxnService[161][INFO ]: test流水号201710091436470000000004数据库操作交易处理完成
[2017-10-09 14:36:52,011][TxnService-1]com.ods.service.TxnService[188][INFO ]: test流水号201710091436470000000004生成key值 完成
[2017-10-09 14:36:52,026][TxnService-1]com.ods.service.TxnService[191][INFO ]: test流水号201710091436470000000004处理完成
[2017-10-09 14:36:52,026][TxnService-1]com.ods.service.TxnService[86][INFO ]: test流水号201710091436480000000008处理开始
[2017-10-09 14:36:52,026][TxnService-1]com.ods.service.TxnService[122][INFO ]: test流水号201710091436480000000008:(ft_no,123)
[2017-10-09 14:36:52,026][TxnService-1]com.ods.service.TxnService[122][INFO ]: test流水号201710091436480000000008:(num,987)
[2017-10-09 14:36:52,026][TxnService-1]com.ods.service.TxnService[122][INFO ]: test流水号201710091436480000000008:(sa_acct_no,963)
[2017-10-09 14:36:52,026][TxnService-1]com.ods.service.TxnService[130][INFO ]: test流水号201710091436480000000008获取RspBody中的入参加入到inParm列表完成
[2017-10-09 14:36:52,026][TxnService-1]com.ods.service.TxnService[143][DEBUG]: 获取的交易名称是:test 交易处理类名为:com.ods.transaction.test
[2017-10-09 14:36:52,026][TxnService-1]com.ods.service.TxnService[151][INFO ]: test流水号201710091436480000000008实例化 交易对应的处理类
[2017-10-09 14:36:52,026][TxnService-1]com.ods.service.TxnService[161][INFO ]: test流水号201710091436480000000008数据库操作交易处理完成
[2017-10-09 14:36:52,026][TxnService-1]com.ods.service.TxnService[188][INFO ]: test流水号201710091436480000000008生成key值 完成
[2017-10-09 14:36:52,026][TxnService-1]com.ods.service.TxnService[191][INFO ]: test流水号201710091436480000000008处理完成
