[2017-10-09 14:24:22,163][main]com.ods.service.UnPackService[53][INFO ]: 初始化队列完成, 输入队列:[UnpackQueue] 输出队列:[TxnQueue]
[2017-10-09 14:24:22,166][main]com.ods.service.UnPackService[53][INFO ]: 初始化队列完成, 输入队列:[UnpackQueue] 输出队列:[TxnQueue]
[2017-10-09 14:24:22,167][main]com.ods.service.UnPackService[53][INFO ]: 初始化队列完成, 输入队列:[UnpackQueue] 输出队列:[TxnQueue]
[2017-10-09 14:24:22,168][main]com.ods.service.UnPackService[53][INFO ]: 初始化队列完成, 输入队列:[UnpackQueue] 输出队列:[TxnQueue]
[2017-10-09 14:24:22,171][main]com.ods.service.UnPackService[53][INFO ]: 初始化队列完成, 输入队列:[UnpackQueue] 输出队列:[TxnQueue]
[2017-10-09 14:24:32,256][UnPackService-0]com.ods.service.UnPackService[154][INFO ]: 201710091424300000000001 解包开始,待解析报文:<?xml version="1.0" encoding="utf-8" ?> <DATA>                                            <test>test</test>	<ENTITY>                                         		<FCCODE>1001</FCCODE>                        		<MTCODE>SDSD</MTCODE>                        		<CURRSTOCK>1234566</CURRSTOCK>               		<UPLOADTIME>2016-08-10 15:26:14</UPLOADTIME> 	</ENTITY>                                        	<ENTITY>                                         		<FCCODE>1002</FCCODE>                        		<MTCODE>GRDFF</MTCODE>                       		<CURRSTOCK>L6T7824SXGN175448</CURRSTOCK>     		<UPLOADTIME>2016-08-10 15:26:14</UPLOADTIME> 	</ENTITY>                                        	<ReqBody>                                        		<ft_no>123</ft_no>                           		<num>987</num>                               		<sa_acct_no>963</sa_acct_no>                 	</ReqBody>        </DATA>  
[2017-10-09 14:24:32,344][UnPackService-0]com.ods.service.UnPackService[174][INFO ]: 201710091424300000000001 ENTITY.FCCODE:[1001]
[2017-10-09 14:24:32,344][UnPackService-0]com.ods.service.UnPackService[174][INFO ]: 201710091424300000000001 ENTITY.MTCODE:[SDSD]
[2017-10-09 14:24:32,345][UnPackService-0]com.ods.service.UnPackService[174][INFO ]: 201710091424300000000001 ENTITY.CURRSTOCK:[1234566]
[2017-10-09 14:24:32,346][UnPackService-0]com.ods.service.UnPackService[174][INFO ]: 201710091424300000000001 ENTITY.UPLOADTIME:[2016-08-10 15:26:14]
[2017-10-09 14:24:32,346][UnPackService-0]com.ods.service.UnPackService[174][INFO ]: 201710091424300000000001 ENTITY2.FCCODE:[1002]
[2017-10-09 14:24:32,346][UnPackService-0]com.ods.service.UnPackService[174][INFO ]: 201710091424300000000001 ENTITY2.MTCODE:[GRDFF]
[2017-10-09 14:24:32,347][UnPackService-0]com.ods.service.UnPackService[174][INFO ]: 201710091424300000000001 ENTITY2.CURRSTOCK:[L6T7824SXGN175448]
[2017-10-09 14:24:32,348][UnPackService-0]com.ods.service.UnPackService[174][INFO ]: 201710091424300000000001 ENTITY2.UPLOADTIME:[2016-08-10 15:26:14]
[2017-10-09 14:24:32,348][UnPackService-0]com.ods.service.UnPackService[161][WARN ]: ReqBodyPath节点对应路径ReqBodyPathPath 未配置
[2017-10-09 14:24:32,348][UnPackService-0]com.ods.service.UnPackService[194][INFO ]: 201710091424300000000001 交易代号为: test
[2017-10-09 14:24:32,349][UnPackService-0]com.ods.service.UnPackService[217][INFO ]: 201710091424300000000001解包完成
[2017-10-09 14:35:51,125][main]com.ods.service.UnPackService[53][INFO ]: 初始化队列完成, 输入队列:[UnpackQueue] 输出队列:[TxnQueue]
[2017-10-09 14:35:51,128][main]com.ods.service.UnPackService[53][INFO ]: 初始化队列完成, 输入队列:[UnpackQueue] 输出队列:[TxnQueue]
[2017-10-09 14:35:51,128][main]com.ods.service.UnPackService[53][INFO ]: 初始化队列完成, 输入队列:[UnpackQueue] 输出队列:[TxnQueue]
[2017-10-09 14:35:51,129][main]com.ods.service.UnPackService[53][INFO ]: 初始化队列完成, 输入队列:[UnpackQueue] 输出队列:[TxnQueue]
[2017-10-09 14:35:51,130][main]com.ods.service.UnPackService[53][INFO ]: 初始化队列完成, 输入队列:[UnpackQueue] 输出队列:[TxnQueue]
[2017-10-09 14:36:21,239][UnPackService-3]com.ods.service.UnPackService[154][INFO ]: 201710091436180000000001 解包开始,待解析报文:<?xml version="1.0" encoding="utf-8" ?> <DATA>                                            <test>test</test>	<ENTITY>                                         		<FCCODE>1001</FCCODE>                        		<MTCODE>SDSD</MTCODE>                        		<CURRSTOCK>1234566</CURRSTOCK>               		<UPLOADTIME>2016-08-10 15:26:14</UPLOADTIME> 	</ENTITY>                                        	<ENTITY>                                         		<FCCODE>1002</FCCODE>                        		<MTCODE>GRDFF</MTCODE>                       		<CURRSTOCK>L6T7824SXGN175448</CURRSTOCK>     		<UPLOADTIME>2016-08-10 15:26:14</UPLOADTIME> 	</ENTITY>                                        	<ReqBody>                                        		<ft_no>123</ft_no>                           		<num>987</num>                               		<sa_acct_no>963</sa_acct_no>                 	</ReqBody>        </DATA>  
[2017-10-09 14:36:21,325][UnPackService-3]com.ods.service.UnPackService[174][INFO ]: 201710091436180000000001 ENTITY.FCCODE:[1001]
[2017-10-09 14:36:21,325][UnPackService-3]com.ods.service.UnPackService[174][INFO ]: 201710091436180000000001 ENTITY.MTCODE:[SDSD]
[2017-10-09 14:36:21,325][UnPackService-3]com.ods.service.UnPackService[174][INFO ]: 201710091436180000000001 ENTITY.CURRSTOCK:[1234566]
[2017-10-09 14:36:21,325][UnPackService-3]com.ods.service.UnPackService[174][INFO ]: 201710091436180000000001 ENTITY.UPLOADTIME:[2016-08-10 15:26:14]
[2017-10-09 14:36:21,325][UnPackService-3]com.ods.service.UnPackService[174][INFO ]: 201710091436180000000001 ENTITY2.FCCODE:[1002]
[2017-10-09 14:36:21,325][UnPackService-3]com.ods.service.UnPackService[174][INFO ]: 201710091436180000000001 ENTITY2.MTCODE:[GRDFF]
[2017-10-09 14:36:21,325][UnPackService-3]com.ods.service.UnPackService[174][INFO ]: 201710091436180000000001 ENTITY2.CURRSTOCK:[L6T7824SXGN175448]
[2017-10-09 14:36:21,329][UnPackService-3]com.ods.service.UnPackService[174][INFO ]: 201710091436180000000001 ENTITY2.UPLOADTIME:[2016-08-10 15:26:14]
[2017-10-09 14:36:21,329][UnPackService-3]com.ods.service.UnPackService[161][WARN ]: ReqBodyPath节点对应路径ReqBodyPathPath 未配置
[2017-10-09 14:36:21,329][UnPackService-3]com.ods.service.UnPackService[194][INFO ]: 201710091436180000000001 交易代号为: test
[2017-10-09 14:36:21,329][UnPackService-3]com.ods.service.UnPackService[217][INFO ]: 201710091436180000000001解包完成
[2017-10-09 14:36:46,186][UnPackService-1]com.ods.service.UnPackService[154][INFO ]: 201710091436440000000002 解包开始,待解析报文:<?xml version="1.0" encoding="utf-8" ?> <DATA>                                            <test>test</test>	<ENTITY>                                         		<FCCODE>1001</FCCODE>                        		<MTCODE>SDSD</MTCODE>                        		<CURRSTOCK>1234566</CURRSTOCK>               		<UPLOADTIME>2016-08-10 15:26:14</UPLOADTIME> 	</ENTITY>                                        	<ENTITY>                                         		<FCCODE>1002</FCCODE>                        		<MTCODE>GRDFF</MTCODE>                       		<CURRSTOCK>L6T7824SXGN175448</CURRSTOCK>     		<UPLOADTIME>2016-08-10 15:26:14</UPLOADTIME> 	</ENTITY>                                        	<ReqBody>                                        		<ft_no>123</ft_no>                           		<num>987</num>                               		<sa_acct_no>963</sa_acct_no>                 	</ReqBody>        </DATA>  
[2017-10-09 14:36:46,186][UnPackService-1]com.ods.service.UnPackService[174][INFO ]: 201710091436440000000002 ENTITY.FCCODE:[1001]
[2017-10-09 14:36:46,190][UnPackService-1]com.ods.service.UnPackService[174][INFO ]: 201710091436440000000002 ENTITY.MTCODE:[SDSD]
[2017-10-09 14:36:46,190][UnPackService-1]com.ods.service.UnPackService[174][INFO ]: 201710091436440000000002 ENTITY.CURRSTOCK:[1234566]
[2017-10-09 14:36:46,190][UnPackService-1]com.ods.service.UnPackService[174][INFO ]: 201710091436440000000002 ENTITY.UPLOADTIME:[2016-08-10 15:26:14]
[2017-10-09 14:36:46,190][UnPackService-1]com.ods.service.UnPackService[174][INFO ]: 201710091436440000000002 ENTITY2.FCCODE:[1002]
[2017-10-09 14:36:46,193][UnPackService-1]com.ods.service.UnPackService[174][INFO ]: 201710091436440000000002 ENTITY2.MTCODE:[GRDFF]
[2017-10-09 14:36:46,193][UnPackService-1]com.ods.service.UnPackService[174][INFO ]: 201710091436440000000002 ENTITY2.CURRSTOCK:[L6T7824SXGN175448]
[2017-10-09 14:36:46,193][UnPackService-1]com.ods.service.UnPackService[174][INFO ]: 201710091436440000000002 ENTITY2.UPLOADTIME:[2016-08-10 15:26:14]
[2017-10-09 14:36:46,193][UnPackService-1]com.ods.service.UnPackService[161][WARN ]: ReqBodyPath节点对应路径ReqBodyPathPath 未配置
[2017-10-09 14:36:46,193][UnPackService-1]com.ods.service.UnPackService[194][INFO ]: 201710091436440000000002 交易代号为: test
[2017-10-09 14:36:46,193][UnPackService-1]com.ods.service.UnPackService[217][INFO ]: 201710091436440000000002解包完成
[2017-10-09 14:36:51,200][UnPackService-1]com.ods.service.UnPackService[154][INFO ]: 201710091436460000000003 解包开始,待解析报文:<?xml version="1.0" encoding="utf-8" ?> <DATA>                                            <test>test</test>	<ENTITY>                                         		<FCCODE>1001</FCCODE>                        		<MTCODE>SDSD</MTCODE>                        		<CURRSTOCK>1234566</CURRSTOCK>               		<UPLOADTIME>2016-08-10 15:26:14</UPLOADTIME> 	</ENTITY>                                        	<ENTITY>                                         		<FCCODE>1002</FCCODE>                        		<MTCODE>GRDFF</MTCODE>                       		<CURRSTOCK>L6T7824SXGN175448</CURRSTOCK>     		<UPLOADTIME>2016-08-10 15:26:14</UPLOADTIME> 	</ENTITY>                                        	<ReqBody>                                        		<ft_no>123</ft_no>                           		<num>987</num>                               		<sa_acct_no>963</sa_acct_no>                 	</ReqBody>        </DATA>  
[2017-10-09 14:36:51,200][UnPackService-1]com.ods.service.UnPackService[174][INFO ]: 201710091436460000000003 ENTITY.FCCODE:[1001]
[2017-10-09 14:36:51,200][UnPackService-1]com.ods.service.UnPackService[174][INFO ]: 201710091436460000000003 ENTITY.MTCODE:[SDSD]
[2017-10-09 14:36:51,200][UnPackService-1]com.ods.service.UnPackService[174][INFO ]: 201710091436460000000003 ENTITY.CURRSTOCK:[1234566]
[2017-10-09 14:36:51,200][UnPackService-1]com.ods.service.UnPackService[174][INFO ]: 201710091436460000000003 ENTITY.UPLOADTIME:[2016-08-10 15:26:14]
[2017-10-09 14:36:51,200][UnPackService-1]com.ods.service.UnPackService[174][INFO ]: 201710091436460000000003 ENTITY2.FCCODE:[1002]
[2017-10-09 14:36:51,200][UnPackService-1]com.ods.service.UnPackService[174][INFO ]: 201710091436460000000003 ENTITY2.MTCODE:[GRDFF]
[2017-10-09 14:36:51,200][UnPackService-1]com.ods.service.UnPackService[174][INFO ]: 201710091436460000000003 ENTITY2.CURRSTOCK:[L6T7824SXGN175448]
[2017-10-09 14:36:51,200][UnPackService-1]com.ods.service.UnPackService[174][INFO ]: 201710091436460000000003 ENTITY2.UPLOADTIME:[2016-08-10 15:26:14]
[2017-10-09 14:36:51,200][UnPackService-1]com.ods.service.UnPackService[161][WARN ]: ReqBodyPath节点对应路径ReqBodyPathPath 未配置
[2017-10-09 14:36:51,200][UnPackService-1]com.ods.service.UnPackService[194][INFO ]: 201710091436460000000003 交易代号为: test
[2017-10-09 14:36:51,200][UnPackService-1]com.ods.service.UnPackService[217][INFO ]: 201710091436460000000003解包完成
[2017-10-09 14:36:51,216][UnPackService-1]com.ods.service.UnPackService[154][INFO ]: 201710091436470000000004 解包开始,待解析报文:<?xml version="1.0" encoding="utf-8" ?> <DATA>                                            <test>test</test>	<ENTITY>                                         		<FCCODE>1001</FCCODE>                        		<MTCODE>SDSD</MTCODE>                        		<CURRSTOCK>1234566</CURRSTOCK>               		<UPLOADTIME>2016-08-10 15:26:14</UPLOADTIME> 	</ENTITY>                                        	<ENTITY>                                         		<FCCODE>1002</FCCODE>                        		<MTCODE>GRDFF</MTCODE>                       		<CURRSTOCK>L6T7824SXGN175448</CURRSTOCK>     		<UPLOADTIME>2016-08-10 15:26:14</UPLOADTIME> 	</ENTITY>                                        	<ReqBody>                                        		<ft_no>123</ft_no>                           		<num>987</num>                               		<sa_acct_no>963</sa_acct_no>                 	</ReqBody>        </DATA>  
[2017-10-09 14:36:51,216][UnPackService-1]com.ods.service.UnPackService[174][INFO ]: 201710091436470000000004 ENTITY.FCCODE:[1001]
[2017-10-09 14:36:51,216][UnPackService-1]com.ods.service.UnPackService[174][INFO ]: 201710091436470000000004 ENTITY.MTCODE:[SDSD]
[2017-10-09 14:36:51,294][UnPackService-1]com.ods.service.UnPackService[174][INFO ]: 201710091436470000000004 ENTITY.CURRSTOCK:[1234566]
[2017-10-09 14:36:51,294][UnPackService-1]com.ods.service.UnPackService[174][INFO ]: 201710091436470000000004 ENTITY.UPLOADTIME:[2016-08-10 15:26:14]
[2017-10-09 14:36:51,294][UnPackService-4]com.ods.service.UnPackService[154][INFO ]: 201710091436470000000005 解包开始,待解析报文:<?xml version="1.0" encoding="utf-8" ?> <DATA>                                            <test>test</test>	<ENTITY>                                         		<FCCODE>1001</FCCODE>                        		<MTCODE>SDSD</MTCODE>                        		<CURRSTOCK>1234566</CURRSTOCK>               		<UPLOADTIME>2016-08-10 15:26:14</UPLOADTIME> 	</ENTITY>                                        	<ENTITY>                                         		<FCCODE>1002</FCCODE>                        		<MTCODE>GRDFF</MTCODE>                       		<CURRSTOCK>L6T7824SXGN175448</CURRSTOCK>     		<UPLOADTIME>2016-08-10 15:26:14</UPLOADTIME> 	</ENTITY>                                        	<ReqBody>                                        		<ft_no>123</ft_no>                           		<num>987</num>                               		<sa_acct_no>963</sa_acct_no>                 	</ReqBody>        </DATA>  
[2017-10-09 14:36:51,294][UnPackService-4]com.ods.service.UnPackService[174][INFO ]: 201710091436470000000005 ENTITY.FCCODE:[1001]
[2017-10-09 14:36:51,309][UnPackService-4]com.ods.service.UnPackService[174][INFO ]: 201710091436470000000005 ENTITY.MTCODE:[SDSD]
[2017-10-09 14:36:51,309][UnPackService-4]com.ods.service.UnPackService[174][INFO ]: 201710091436470000000005 ENTITY.CURRSTOCK:[1234566]
[2017-10-09 14:36:51,294][UnPackService-0]com.ods.service.UnPackService[154][INFO ]: 201710091436480000000007 解包开始,待解析报文:<?xml version="1.0" encoding="utf-8" ?> <DATA>                                            <test>test</test>	<ENTITY>                                         		<FCCODE>1001</FCCODE>                        		<MTCODE>SDSD</MTCODE>                        		<CURRSTOCK>1234566</CURRSTOCK>               		<UPLOADTIME>2016-08-10 15:26:14</UPLOADTIME> 	</ENTITY>                                        	<ENTITY>                                         		<FCCODE>1002</FCCODE>                        		<MTCODE>GRDFF</MTCODE>                       		<CURRSTOCK>L6T7824SXGN175448</CURRSTOCK>     		<UPLOADTIME>2016-08-10 15:26:14</UPLOADTIME> 	</ENTITY>                                        	<ReqBody>                                        		<ft_no>123</ft_no>                           		<num>987</num>                               		<sa_acct_no>963</sa_acct_no>                 	</ReqBody>        </DATA>  
[2017-10-09 14:36:51,309][UnPackService-0]com.ods.service.UnPackService[174][INFO ]: 201710091436480000000007 ENTITY.FCCODE:[1001]
[2017-10-09 14:36:51,309][UnPackService-0]com.ods.service.UnPackService[174][INFO ]: 201710091436480000000007 ENTITY.MTCODE:[SDSD]
[2017-10-09 14:36:51,309][UnPackService-0]com.ods.service.UnPackService[174][INFO ]: 201710091436480000000007 ENTITY.CURRSTOCK:[1234566]
[2017-10-09 14:36:51,309][UnPackService-0]com.ods.service.UnPackService[174][INFO ]: 201710091436480000000007 ENTITY.UPLOADTIME:[2016-08-10 15:26:14]
[2017-10-09 14:36:51,309][UnPackService-0]com.ods.service.UnPackService[174][INFO ]: 201710091436480000000007 ENTITY2.FCCODE:[1002]
[2017-10-09 14:36:51,309][UnPackService-0]com.ods.service.UnPackService[174][INFO ]: 201710091436480000000007 ENTITY2.MTCODE:[GRDFF]
[2017-10-09 14:36:51,309][UnPackService-0]com.ods.service.UnPackService[174][INFO ]: 201710091436480000000007 ENTITY2.CURRSTOCK:[L6T7824SXGN175448]
[2017-10-09 14:36:51,309][UnPackService-0]com.ods.service.UnPackService[174][INFO ]: 201710091436480000000007 ENTITY2.UPLOADTIME:[2016-08-10 15:26:14]
[2017-10-09 14:36:51,309][UnPackService-0]com.ods.service.UnPackService[161][WARN ]: ReqBodyPath节点对应路径ReqBodyPathPath 未配置
[2017-10-09 14:36:51,309][UnPackService-0]com.ods.service.UnPackService[194][INFO ]: 201710091436480000000007 交易代号为: test
[2017-10-09 14:36:51,294][UnPackService-2]com.ods.service.UnPackService[154][INFO ]: 201710091436480000000006 解包开始,待解析报文:<?xml version="1.0" encoding="utf-8" ?> <DATA>                                            <test>test</test>	<ENTITY>                                         		<FCCODE>1001</FCCODE>                        		<MTCODE>SDSD</MTCODE>                        		<CURRSTOCK>1234566</CURRSTOCK>               		<UPLOADTIME>2016-08-10 15:26:14</UPLOADTIME> 	</ENTITY>                                        	<ENTITY>                                         		<FCCODE>1002</FCCODE>                        		<MTCODE>GRDFF</MTCODE>                       		<CURRSTOCK>L6T7824SXGN175448</CURRSTOCK>     		<UPLOADTIME>2016-08-10 15:26:14</UPLOADTIME> 	</ENTITY>                                        	<ReqBody>                                        		<ft_no>123</ft_no>                           		<num>987</num>                               		<sa_acct_no>963</sa_acct_no>                 	</ReqBody>        </DATA>  
[2017-10-09 14:36:51,324][UnPackService-0]com.ods.service.UnPackService[217][INFO ]: 201710091436480000000007解包完成
[2017-10-09 14:36:51,324][UnPackService-2]com.ods.service.UnPackService[174][INFO ]: 201710091436480000000006 ENTITY.FCCODE:[1001]
[2017-10-09 14:36:51,324][UnPackService-2]com.ods.service.UnPackService[174][INFO ]: 201710091436480000000006 ENTITY.MTCODE:[SDSD]
[2017-10-09 14:36:51,324][UnPackService-2]com.ods.service.UnPackService[174][INFO ]: 201710091436480000000006 ENTITY.CURRSTOCK:[1234566]
[2017-10-09 14:36:51,324][UnPackService-2]com.ods.service.UnPackService[174][INFO ]: 201710091436480000000006 ENTITY.UPLOADTIME:[2016-08-10 15:26:14]
[2017-10-09 14:36:51,324][UnPackService-2]com.ods.service.UnPackService[174][INFO ]: 201710091436480000000006 ENTITY2.FCCODE:[1002]
[2017-10-09 14:36:51,324][UnPackService-2]com.ods.service.UnPackService[174][INFO ]: 201710091436480000000006 ENTITY2.MTCODE:[GRDFF]
[2017-10-09 14:36:51,324][UnPackService-2]com.ods.service.UnPackService[174][INFO ]: 201710091436480000000006 ENTITY2.CURRSTOCK:[L6T7824SXGN175448]
[2017-10-09 14:36:51,309][UnPackService-4]com.ods.service.UnPackService[174][INFO ]: 201710091436470000000005 ENTITY.UPLOADTIME:[2016-08-10 15:26:14]
[2017-10-09 14:36:51,324][UnPackService-2]com.ods.service.UnPackService[174][INFO ]: 201710091436480000000006 ENTITY2.UPLOADTIME:[2016-08-10 15:26:14]
[2017-10-09 14:36:51,324][UnPackService-2]com.ods.service.UnPackService[161][WARN ]: ReqBodyPath节点对应路径ReqBodyPathPath 未配置
[2017-10-09 14:36:51,324][UnPackService-4]com.ods.service.UnPackService[174][INFO ]: 201710091436470000000005 ENTITY2.FCCODE:[1002]
[2017-10-09 14:36:51,294][UnPackService-1]com.ods.service.UnPackService[174][INFO ]: 201710091436470000000004 ENTITY2.FCCODE:[1002]
[2017-10-09 14:36:51,324][UnPackService-4]com.ods.service.UnPackService[174][INFO ]: 201710091436470000000005 ENTITY2.MTCODE:[GRDFF]
[2017-10-09 14:36:51,324][UnPackService-1]com.ods.service.UnPackService[174][INFO ]: 201710091436470000000004 ENTITY2.MTCODE:[GRDFF]
[2017-10-09 14:36:51,324][UnPackService-2]com.ods.service.UnPackService[194][INFO ]: 201710091436480000000006 交易代号为: test
[2017-10-09 14:36:51,324][UnPackService-2]com.ods.service.UnPackService[217][INFO ]: 201710091436480000000006解包完成
[2017-10-09 14:36:51,324][UnPackService-0]com.ods.service.UnPackService[154][INFO ]: 201710091436480000000008 解包开始,待解析报文:<?xml version="1.0" encoding="utf-8" ?> <DATA>                                            <test>test</test>	<ENTITY>                                         		<FCCODE>1001</FCCODE>                        		<MTCODE>SDSD</MTCODE>                        		<CURRSTOCK>1234566</CURRSTOCK>               		<UPLOADTIME>2016-08-10 15:26:14</UPLOADTIME> 	</ENTITY>                                        	<ENTITY>                                         		<FCCODE>1002</FCCODE>                        		<MTCODE>GRDFF</MTCODE>                       		<CURRSTOCK>L6T7824SXGN175448</CURRSTOCK>     		<UPLOADTIME>2016-08-10 15:26:14</UPLOADTIME> 	</ENTITY>                                        	<ReqBody>                                        		<ft_no>123</ft_no>                           		<num>987</num>                               		<sa_acct_no>963</sa_acct_no>                 	</ReqBody>        </DATA>  
[2017-10-09 14:36:51,324][UnPackService-1]com.ods.service.UnPackService[174][INFO ]: 201710091436470000000004 ENTITY2.CURRSTOCK:[L6T7824SXGN175448]
[2017-10-09 14:36:51,324][UnPackService-0]com.ods.service.UnPackService[174][INFO ]: 201710091436480000000008 ENTITY.FCCODE:[1001]
[2017-10-09 14:36:51,324][UnPackService-4]com.ods.service.UnPackService[174][INFO ]: 201710091436470000000005 ENTITY2.CURRSTOCK:[L6T7824SXGN175448]
[2017-10-09 14:36:51,324][UnPackService-0]com.ods.service.UnPackService[174][INFO ]: 201710091436480000000008 ENTITY.MTCODE:[SDSD]
[2017-10-09 14:36:51,324][UnPackService-1]com.ods.service.UnPackService[174][INFO ]: 201710091436470000000004 ENTITY2.UPLOADTIME:[2016-08-10 15:26:14]
[2017-10-09 14:36:51,324][UnPackService-1]com.ods.service.UnPackService[161][WARN ]: ReqBodyPath节点对应路径ReqBodyPathPath 未配置
[2017-10-09 14:36:51,324][UnPackService-4]com.ods.service.UnPackService[174][INFO ]: 201710091436470000000005 ENTITY2.UPLOADTIME:[2016-08-10 15:26:14]
[2017-10-09 14:36:51,324][UnPackService-4]com.ods.service.UnPackService[161][WARN ]: ReqBodyPath节点对应路径ReqBodyPathPath 未配置
[2017-10-09 14:36:51,324][UnPackService-4]com.ods.service.UnPackService[194][INFO ]: 201710091436470000000005 交易代号为: test
[2017-10-09 14:36:51,324][UnPackService-0]com.ods.service.UnPackService[174][INFO ]: 201710091436480000000008 ENTITY.CURRSTOCK:[1234566]
[2017-10-09 14:36:51,324][UnPackService-4]com.ods.service.UnPackService[217][INFO ]: 201710091436470000000005解包完成
[2017-10-09 14:36:51,324][UnPackService-0]com.ods.service.UnPackService[174][INFO ]: 201710091436480000000008 ENTITY.UPLOADTIME:[2016-08-10 15:26:14]
[2017-10-09 14:36:51,324][UnPackService-1]com.ods.service.UnPackService[194][INFO ]: 201710091436470000000004 交易代号为: test
[2017-10-09 14:36:51,324][UnPackService-1]com.ods.service.UnPackService[217][INFO ]: 201710091436470000000004解包完成
[2017-10-09 14:36:51,324][UnPackService-0]com.ods.service.UnPackService[174][INFO ]: 201710091436480000000008 ENTITY2.FCCODE:[1002]
[2017-10-09 14:36:51,324][UnPackService-0]com.ods.service.UnPackService[174][INFO ]: 201710091436480000000008 ENTITY2.MTCODE:[GRDFF]
[2017-10-09 14:36:51,324][UnPackService-0]com.ods.service.UnPackService[174][INFO ]: 201710091436480000000008 ENTITY2.CURRSTOCK:[L6T7824SXGN175448]
[2017-10-09 14:36:51,324][UnPackService-0]com.ods.service.UnPackService[174][INFO ]: 201710091436480000000008 ENTITY2.UPLOADTIME:[2016-08-10 15:26:14]
[2017-10-09 14:36:51,324][UnPackService-0]com.ods.service.UnPackService[161][WARN ]: ReqBodyPath节点对应路径ReqBodyPathPath 未配置
[2017-10-09 14:36:51,324][UnPackService-0]com.ods.service.UnPackService[194][INFO ]: 201710091436480000000008 交易代号为: test
[2017-10-09 14:36:51,324][UnPackService-0]com.ods.service.UnPackService[217][INFO ]: 201710091436480000000008解包完成
