[2017-10-25 10:10:44,728][main]com.ods.log.OdsLog[118][INFO ]: QueueManager 不存在,创建新实例
[2017-10-25 10:10:44,735][main]com.ods.log.OdsLog[190][INFO ]: 日志记录实例:QueueManager实例创建完成
[2017-10-25 10:10:44,737][main]com.ods.manager.QueueManager[73][INFO ]: 初始化队列HandlerQuene完成
[2017-10-25 10:10:44,737][main]com.ods.manager.QueueManager[73][INFO ]: 初始化队列UnpackQueue完成
[2017-10-25 10:10:44,738][main]com.ods.manager.QueueManager[73][INFO ]: 初始化队列PackQueue完成
[2017-10-25 10:10:44,741][main]com.ods.manager.QueueManager[73][INFO ]: 初始化队列TxnQueue完成
[2017-10-25 10:10:44,741][main]com.ods.manager.QueueManager[73][INFO ]: 初始化队列ManagerQuene完成
[2017-10-25 10:10:44,742][main]com.ods.manager.QueueManager[73][INFO ]: 初始化队列FailQueue完成
[2017-10-25 10:10:44,743][main]com.ods.manager.QueueManager[73][INFO ]: 初始化队列SuccessQueue完成
[2017-10-25 10:10:44,744][main]com.ods.log.OdsLog[118][INFO ]: DbPool 不存在,创建新实例
[2017-10-25 10:10:44,745][main]com.ods.log.OdsLog[190][INFO ]: 日志记录实例:DbPool实例创建完成
[2017-10-25 10:10:44,924][main]com.ods.db.DbPool[72][INFO ]: 数据库连接池建立完毕
[2017-10-25 10:10:44,925][main]com.ods.manager.TxnConfigManager[35][INFO ]: 加载交易与交易配置文件对照关系的花名册:开始
[2017-10-25 10:10:44,929][main]com.ods.manager.TxnConfigManager[53][INFO ]: 加载交易与交易配置文件对照关系的花名册:完成
[2017-10-25 10:10:44,930][main]com.ods.manager.InitSystem[58][WARN ]: 系统交易超时时间获取出错, 设置为默认时间60
[2017-10-25 10:10:44,936][main]com.ods.log.OdsLog[118][INFO ]: UnPackService 不存在,创建新实例
[2017-10-25 10:10:44,941][main]com.ods.log.OdsLog[190][INFO ]: 日志记录实例:UnPackService实例创建完成
[2017-10-25 10:10:44,942][main]com.ods.service.UnPackService[52][INFO ]: 服务初始化完成, 输入队列:[UnpackQueue] 输出队列:[TxnQueue]
[2017-10-25 10:10:44,944][main]com.ods.service.UnPackService[52][INFO ]: 服务初始化完成, 输入队列:[UnpackQueue] 输出队列:[TxnQueue]
[2017-10-25 10:10:44,950][main]com.ods.service.UnPackService[52][INFO ]: 服务初始化完成, 输入队列:[UnpackQueue] 输出队列:[TxnQueue]
[2017-10-25 10:10:44,952][main]com.ods.service.UnPackService[52][INFO ]: 服务初始化完成, 输入队列:[UnpackQueue] 输出队列:[TxnQueue]
[2017-10-25 10:10:44,958][main]com.ods.service.UnPackService[52][INFO ]: 服务初始化完成, 输入队列:[UnpackQueue] 输出队列:[TxnQueue]
[2017-10-25 10:10:44,960][main]com.ods.manager.InitSystem[103][INFO ]: UnPackService 启动成功, 启动线程数:5 线程名  UnPackService-0 UnPackService-1 UnPackService-2 UnPackService-3 UnPackService-4
[2017-10-25 10:10:44,963][main]com.ods.log.OdsLog[118][INFO ]: TxnService 不存在,创建新实例
[2017-10-25 10:10:44,965][main]com.ods.log.OdsLog[190][INFO ]: 日志记录实例:TxnService实例创建完成
[2017-10-25 10:10:44,966][main]com.ods.service.TxnService[50][INFO ]: 服务初始化完成, 输入队列:[TxnQueue] 输出队列:[PackQueue]
[2017-10-25 10:10:44,967][main]com.ods.service.TxnService[50][INFO ]: 服务初始化完成, 输入队列:[TxnQueue] 输出队列:[PackQueue]
[2017-10-25 10:10:44,969][main]com.ods.service.TxnService[50][INFO ]: 服务初始化完成, 输入队列:[TxnQueue] 输出队列:[PackQueue]
[2017-10-25 10:10:44,971][main]com.ods.service.TxnService[50][INFO ]: 服务初始化完成, 输入队列:[TxnQueue] 输出队列:[PackQueue]
[2017-10-25 10:10:44,975][main]com.ods.service.TxnService[50][INFO ]: 服务初始化完成, 输入队列:[TxnQueue] 输出队列:[PackQueue]
[2017-10-25 10:10:44,977][main]com.ods.manager.InitSystem[113][INFO ]: TxnService 启动成功, 启动线程数:5 线程名  TxnService-0 TxnService-1 TxnService-2 TxnService-3 TxnService-4
[2017-10-25 10:10:45,079][main]com.ods.log.OdsLog[118][INFO ]: PackService 不存在,创建新实例
[2017-10-25 10:10:45,080][main]com.ods.log.OdsLog[190][INFO ]: 日志记录实例:PackService实例创建完成
[2017-10-25 10:10:45,081][main]com.ods.service.EsbPackService[52][INFO ]: 服务初始化完成, 输入队列:[PackQueue] 输出队列:[SuccessQueue]
[2017-10-25 10:10:45,082][main]com.ods.service.EsbPackService[52][INFO ]: 服务初始化完成, 输入队列:[PackQueue] 输出队列:[SuccessQueue]
[2017-10-25 10:10:45,087][main]com.ods.service.EsbPackService[52][INFO ]: 服务初始化完成, 输入队列:[PackQueue] 输出队列:[SuccessQueue]
[2017-10-25 10:10:45,091][main]com.ods.service.EsbPackService[52][INFO ]: 服务初始化完成, 输入队列:[PackQueue] 输出队列:[SuccessQueue]
[2017-10-25 10:10:45,094][main]com.ods.service.EsbPackService[52][INFO ]: 服务初始化完成, 输入队列:[PackQueue] 输出队列:[SuccessQueue]
[2017-10-25 10:10:45,097][main]com.ods.manager.InitSystem[123][INFO ]: EsbPackService 启动成功, 启动线程数:5 线程名  EsbPackService-0 EsbPackService-1 EsbPackService-2 EsbPackService-3 EsbPackService-4
[2017-10-25 10:10:45,105][main]com.ods.log.OdsLog[118][INFO ]: SendService 不存在,创建新实例
[2017-10-25 10:10:45,106][main]com.ods.log.OdsLog[190][INFO ]: 日志记录实例:SendService实例创建完成
[2017-10-25 10:10:45,107][main]com.ods.service.SendSuccMsgService[42][INFO ]: 服务初始化完成, 输入队列:[SuccessQueue] 输出队列:[null]
[2017-10-25 10:10:45,108][main]com.ods.service.SendSuccMsgService[42][INFO ]: 服务初始化完成, 输入队列:[SuccessQueue] 输出队列:[null]
[2017-10-25 10:10:45,110][main]com.ods.service.SendSuccMsgService[42][INFO ]: 服务初始化完成, 输入队列:[SuccessQueue] 输出队列:[null]
[2017-10-25 10:10:45,111][main]com.ods.service.SendSuccMsgService[42][INFO ]: 服务初始化完成, 输入队列:[SuccessQueue] 输出队列:[null]
[2017-10-25 10:10:45,113][main]com.ods.service.SendSuccMsgService[42][INFO ]: 服务初始化完成, 输入队列:[SuccessQueue] 输出队列:[null]
[2017-10-25 10:10:45,115][main]com.ods.manager.InitSystem[133][INFO ]: SendSuccMsgService 启动成功, 启动线程数:5 线程名:  SendSuccMsgService-0 SendSuccMsgService-1 SendSuccMsgService-2 SendSuccMsgService-3 SendSuccMsgService-4
[2017-10-25 10:10:45,120][main]com.ods.service.SendFailMsgService[42][INFO ]: 服务初始化完成, 输入队列:[FailQueue] 输出队列:[null]
[2017-10-25 10:10:45,122][main]com.ods.service.SendFailMsgService[42][INFO ]: 服务初始化完成, 输入队列:[FailQueue] 输出队列:[null]
[2017-10-25 10:10:45,124][main]com.ods.service.SendFailMsgService[42][INFO ]: 服务初始化完成, 输入队列:[FailQueue] 输出队列:[null]
[2017-10-25 10:10:45,129][main]com.ods.service.SendFailMsgService[42][INFO ]: 服务初始化完成, 输入队列:[FailQueue] 输出队列:[null]
[2017-10-25 10:10:45,138][main]com.ods.service.SendFailMsgService[42][INFO ]: 服务初始化完成, 输入队列:[FailQueue] 输出队列:[null]
[2017-10-25 10:10:45,154][main]com.ods.manager.InitSystem[143][INFO ]: SendFailMsgService 启动成功, 启动线程数:5 线程名  SendFailMsgService-0 SendFailMsgService-1 SendFailMsgService-2 SendFailMsgService-3 SendFailMsgService-4
[2017-10-25 10:10:45,155][main]com.ods.log.OdsLog[118][INFO ]: Handler 不存在,创建新实例
[2017-10-25 10:10:45,159][main]com.ods.log.OdsLog[190][INFO ]: 日志记录实例:Handler实例创建完成
[2017-10-25 10:10:50,127][main]com.ods.manager.InitSystem[174][INFO ]: WebService发布完成, 地址:http://127.0.0.1:8090/queryods
[2017-10-25 10:10:50,127][main]com.ods.manager.InitSystem[179][INFO ]: 系统启动成功
[2017-10-25 10:10:50,941][pool-1-thread-1]com.ods.manager.QueueManager[91][INFO ]: 201710251010500000000001加入到队列UnpackQueue完成,操作结果:true
[2017-10-25 10:10:50,955][UnPackService-3]com.ods.manager.QueueManager[107][INFO ]: 获取 UnpackQueue队列元素完成,获取元素的系统流水号:201710251010500000000001
[2017-10-25 10:10:51,100][UnPackService-3]com.ods.service.UnPackService[159][INFO ]: 201710251010500000000001 解包开始,待解析报文:<?xml version="1.0" encoding="UTF-8"?><soapenv:Envelope xmlns:soapenv="http://schemas.xmlsoap.org/soap/envelope/"  xmlns:s="http://esb.dcitsbiz.com/services/S030010001"> 	<soapenv:Header/>	<soapenv:Body>		<s:ReqS03001000101>			<s:ReqSysHead>				<s:SvcId>S030010001</s:SvcId>				<s:SvcScn>01</s:SvcScn>				<s:MAC>8888888888888888888</s:MAC> 				<s:SvcSplrTxnCd>test</s:SvcSplrTxnCd>				<s:CnsmrSysId>TESTTEST</s:CnsmrSysId>				<s:TxnDt>2017-08-24</s:TxnDt>				<s:TxnTm>15:00</s:TxnTm>				<s:CnsmrSeqNo>99999999</s:CnsmrSeqNo>				<s:OrigCnsmrSeqNo>12423543654766576879</s:OrigCnsmrSeqNo>				<s:OrigCnsmrId>1004</s:OrigCnsmrId>			</s:ReqSysHead>			<s:ReqAppHead>				<s:TxnTlrId>12312453456</s:TxnTlrId>			</s:ReqAppHead>			<s:ReqLocalHead>			</s:ReqLocalHead>			<s:ReqBody>				<s:AcctId>1234567890</s:AcctId>				<s:StartDt>20170502</s:StartDt>				<s:EndDt>20170805</s:EndDt>				<s:PageSize>60</s:PageSize>			</s:ReqBody>		</s:ReqS03001000101>	</soapenv:Body></soapenv:Envelope>
[2017-10-25 10:10:51,101][UnPackService-3]com.ods.service.UnPackService[177][INFO ]: 开始解析 ReqSysHead, 包含字段:SvcId,SvcScn,SvcSpltTxnCd,SvcCstTxnCd,MAC,CnsmrSysId,TxnDt,TxnTm,AcgDt,CnsmrSeqNo,TxnChnlTp,ChnlNo,TxnTmlId,CnsmrsvrId,OrigCnsmrSeqNo,OrigCnsmrId,OrigtmlId,OrigcnsmrsveId,UsrLng,Fileflg,
[2017-10-25 10:10:51,242][UnPackService-3]com.ods.service.UnPackService[205][INFO ]: 流水号 201710251010500000000001 中解析出 ReqSysHead.SvcId 为 [S030010001]
[2017-10-25 10:10:51,243][UnPackService-3]com.ods.service.UnPackService[205][INFO ]: 流水号 201710251010500000000001 中解析出 ReqSysHead.SvcScn 为 [01]
[2017-10-25 10:10:51,243][UnPackService-3]com.ods.service.UnPackService[209][INFO ]: 流水号 201710251010500000000001 中解析出 ReqSysHead.SvcSpltTxnCd为 NULL 
[2017-10-25 10:10:51,244][UnPackService-3]com.ods.service.UnPackService[209][INFO ]: 流水号 201710251010500000000001 中解析出 ReqSysHead.SvcCstTxnCd为 NULL 
[2017-10-25 10:10:51,245][UnPackService-3]com.ods.service.UnPackService[205][INFO ]: 流水号 201710251010500000000001 中解析出 ReqSysHead.MAC 为 [8888888888888888888]
[2017-10-25 10:10:51,246][UnPackService-3]com.ods.service.UnPackService[205][INFO ]: 流水号 201710251010500000000001 中解析出 ReqSysHead.CnsmrSysId 为 [TESTTEST]
[2017-10-25 10:10:51,247][UnPackService-3]com.ods.service.UnPackService[205][INFO ]: 流水号 201710251010500000000001 中解析出 ReqSysHead.TxnDt 为 [2017-08-24]
[2017-10-25 10:10:51,248][UnPackService-3]com.ods.service.UnPackService[205][INFO ]: 流水号 201710251010500000000001 中解析出 ReqSysHead.TxnTm 为 [15:00]
[2017-10-25 10:10:51,249][UnPackService-3]com.ods.service.UnPackService[209][INFO ]: 流水号 201710251010500000000001 中解析出 ReqSysHead.AcgDt为 NULL 
[2017-10-25 10:10:51,250][UnPackService-3]com.ods.service.UnPackService[205][INFO ]: 流水号 201710251010500000000001 中解析出 ReqSysHead.CnsmrSeqNo 为 [99999999]
[2017-10-25 10:10:51,251][UnPackService-3]com.ods.service.UnPackService[209][INFO ]: 流水号 201710251010500000000001 中解析出 ReqSysHead.TxnChnlTp为 NULL 
[2017-10-25 10:10:51,252][UnPackService-3]com.ods.service.UnPackService[209][INFO ]: 流水号 201710251010500000000001 中解析出 ReqSysHead.ChnlNo为 NULL 
[2017-10-25 10:10:51,252][UnPackService-3]com.ods.service.UnPackService[209][INFO ]: 流水号 201710251010500000000001 中解析出 ReqSysHead.TxnTmlId为 NULL 
[2017-10-25 10:10:51,253][UnPackService-3]com.ods.service.UnPackService[209][INFO ]: 流水号 201710251010500000000001 中解析出 ReqSysHead.CnsmrsvrId为 NULL 
[2017-10-25 10:10:51,254][UnPackService-3]com.ods.service.UnPackService[205][INFO ]: 流水号 201710251010500000000001 中解析出 ReqSysHead.OrigCnsmrSeqNo 为 [12423543654766576879]
[2017-10-25 10:10:51,255][UnPackService-3]com.ods.service.UnPackService[205][INFO ]: 流水号 201710251010500000000001 中解析出 ReqSysHead.OrigCnsmrId 为 [1004]
[2017-10-25 10:10:51,256][UnPackService-3]com.ods.service.UnPackService[209][INFO ]: 流水号 201710251010500000000001 中解析出 ReqSysHead.OrigtmlId为 NULL 
[2017-10-25 10:10:51,256][UnPackService-3]com.ods.service.UnPackService[209][INFO ]: 流水号 201710251010500000000001 中解析出 ReqSysHead.OrigcnsmrsveId为 NULL 
[2017-10-25 10:10:51,257][UnPackService-3]com.ods.service.UnPackService[209][INFO ]: 流水号 201710251010500000000001 中解析出 ReqSysHead.UsrLng为 NULL 
[2017-10-25 10:10:51,258][UnPackService-3]com.ods.service.UnPackService[209][INFO ]: 流水号 201710251010500000000001 中解析出 ReqSysHead.Fileflg为 NULL 
[2017-10-25 10:10:51,258][UnPackService-3]com.ods.service.UnPackService[177][INFO ]: 开始解析 ReqAppHead, 包含字段:TxnTlrId,OrgId,TlrPwsd,TlrLvl,TlrTp,aprvFlg,AprvTlrInf,AprvTlrId,AprvOrgId,AprvTlrLvl,AprvTlrTp,Ahrflg,AhrTlrInf,AhrTlrId,AhrOrgId,AhrtlrPswd,AhrTlrLvl,AhrTlrTp,Scndflg,
[2017-10-25 10:10:51,259][UnPackService-3]com.ods.service.UnPackService[205][INFO ]: 流水号 201710251010500000000001 中解析出 ReqAppHead.TxnTlrId 为 [12312453456]
[2017-10-25 10:10:51,259][UnPackService-3]com.ods.service.UnPackService[209][INFO ]: 流水号 201710251010500000000001 中解析出 ReqAppHead.OrgId为 NULL 
[2017-10-25 10:10:51,260][UnPackService-3]com.ods.service.UnPackService[209][INFO ]: 流水号 201710251010500000000001 中解析出 ReqAppHead.TlrPwsd为 NULL 
[2017-10-25 10:10:51,261][UnPackService-3]com.ods.service.UnPackService[209][INFO ]: 流水号 201710251010500000000001 中解析出 ReqAppHead.TlrLvl为 NULL 
[2017-10-25 10:10:51,261][UnPackService-3]com.ods.service.UnPackService[209][INFO ]: 流水号 201710251010500000000001 中解析出 ReqAppHead.TlrTp为 NULL 
[2017-10-25 10:10:51,262][UnPackService-3]com.ods.service.UnPackService[209][INFO ]: 流水号 201710251010500000000001 中解析出 ReqAppHead.aprvFlg为 NULL 
[2017-10-25 10:10:51,263][UnPackService-3]com.ods.service.UnPackService[209][INFO ]: 流水号 201710251010500000000001 中解析出 ReqAppHead.AprvTlrInf为 NULL 
[2017-10-25 10:10:51,263][UnPackService-3]com.ods.service.UnPackService[209][INFO ]: 流水号 201710251010500000000001 中解析出 ReqAppHead.AprvTlrId为 NULL 
[2017-10-25 10:10:51,264][UnPackService-3]com.ods.service.UnPackService[209][INFO ]: 流水号 201710251010500000000001 中解析出 ReqAppHead.AprvOrgId为 NULL 
[2017-10-25 10:10:51,265][UnPackService-3]com.ods.service.UnPackService[209][INFO ]: 流水号 201710251010500000000001 中解析出 ReqAppHead.AprvTlrLvl为 NULL 
[2017-10-25 10:10:51,265][UnPackService-3]com.ods.service.UnPackService[209][INFO ]: 流水号 201710251010500000000001 中解析出 ReqAppHead.AprvTlrTp为 NULL 
[2017-10-25 10:10:51,266][UnPackService-3]com.ods.service.UnPackService[209][INFO ]: 流水号 201710251010500000000001 中解析出 ReqAppHead.Ahrflg为 NULL 
[2017-10-25 10:10:51,267][UnPackService-3]com.ods.service.UnPackService[209][INFO ]: 流水号 201710251010500000000001 中解析出 ReqAppHead.AhrTlrInf为 NULL 
[2017-10-25 10:10:51,267][UnPackService-3]com.ods.service.UnPackService[209][INFO ]: 流水号 201710251010500000000001 中解析出 ReqAppHead.AhrTlrId为 NULL 
[2017-10-25 10:10:51,268][UnPackService-3]com.ods.service.UnPackService[209][INFO ]: 流水号 201710251010500000000001 中解析出 ReqAppHead.AhrOrgId为 NULL 
[2017-10-25 10:10:51,269][UnPackService-3]com.ods.service.UnPackService[209][INFO ]: 流水号 201710251010500000000001 中解析出 ReqAppHead.AhrtlrPswd为 NULL 
[2017-10-25 10:10:51,269][UnPackService-3]com.ods.service.UnPackService[209][INFO ]: 流水号 201710251010500000000001 中解析出 ReqAppHead.AhrTlrLvl为 NULL 
[2017-10-25 10:10:51,270][UnPackService-3]com.ods.service.UnPackService[209][INFO ]: 流水号 201710251010500000000001 中解析出 ReqAppHead.AhrTlrTp为 NULL 
[2017-10-25 10:10:51,271][UnPackService-3]com.ods.service.UnPackService[209][INFO ]: 流水号 201710251010500000000001 中解析出 ReqAppHead.Scndflg为 NULL 
[2017-10-25 10:10:51,272][UnPackService-3]com.ods.service.UnPackService[172][WARN ]: ReqLocalHead节点对应字段为空或未配置[],跳过对ReqLocalHead的解析
[2017-10-25 10:10:51,272][UnPackService-3]com.ods.service.UnPackService[172][WARN ]: ReqBody节点对应字段为空或未配置[],跳过对ReqBody的解析
[2017-10-25 10:10:51,273][UnPackService-3]com.ods.service.UnPackService[237][INFO ]: 201710251010500000000001 交易代号为: test
[2017-10-25 10:10:51,275][UnPackService-3]com.ods.service.UnPackService[262][INFO ]: 201710251010500000000001解包完成
[2017-10-25 10:10:51,275][UnPackService-3]com.ods.manager.QueueManager[91][INFO ]: 201710251010500000000001加入到队列TxnQueue完成,操作结果:true
[2017-10-25 10:10:51,322][TxnService-2]com.ods.manager.QueueManager[107][INFO ]: 获取 TxnQueue队列元素完成,获取元素的系统流水号:201710251010500000000001
[2017-10-25 10:10:51,322][TxnService-2]com.ods.service.TxnService[86][INFO ]: test流水号201710251010500000000001处理开始
[2017-10-25 10:10:51,324][TxnService-2]com.ods.service.TxnService[140][INFO ]: test流水号201710251010500000000001获取RspBody中的入参加入到inParm列表完成
[2017-10-25 10:10:51,326][TxnService-2]com.ods.log.OdsLog[118][INFO ]: AccnoQuary 不存在,创建新实例
[2017-10-25 10:10:51,327][TxnService-2]com.ods.log.OdsLog[190][INFO ]: 日志记录实例:AccnoQuary实例创建完成
[2017-10-25 10:10:51,328][TxnService-2]com.ods.service.TxnService[161][INFO ]: test流水号201710251010500000000001实例化 交易对应的处理类
[2017-10-25 10:10:51,328][TxnService-2]com.ods.transaction.test[24][INFO ]: {StartDt=20170502, AcctId=1234567890, EndDt=20170805, PageSize=60}
[2017-10-25 10:10:51,342][TxnService-2]com.ods.log.OdsLog[118][INFO ]: DbQuery 不存在,创建新实例
[2017-10-25 10:10:51,343][TxnService-2]com.ods.log.OdsLog[190][INFO ]: 日志记录实例:DbQuery实例创建完成
[2017-10-25 10:10:51,343][TxnService-2]com.ods.db.DbQuery[34][INFO ]: 查询开始,SQL[select * from TEST] 入参[null] 
[2017-10-25 10:10:52,715][TxnService-2]com.alibaba.druid.pool.DruidDataSource[889][INFO ]: {dataSource-1} inited
[2017-10-25 10:10:52,873][TxnService-2]com.ods.db.DbQuery[52][INFO ]: 查询完成,SQL[select * from TEST] 入参[null] 
[2017-10-25 10:10:52,883][TxnService-2]com.ods.service.TxnService[177][INFO ]: test流水号201710251010500000000001数据库操作交易处理完成
[2017-10-25 10:10:52,887][TxnService-2]com.ods.service.TxnService[215][INFO ]: test流水号201710251010500000000001生成key值 完成
[2017-10-25 10:10:52,888][TxnService-2]com.ods.manager.QueueManager[91][INFO ]: 201710251010500000000001加入到队列PackQueue完成,操作结果:true
[2017-10-25 10:10:52,888][TxnService-2]com.ods.service.TxnService[218][INFO ]: test流水号201710251010500000000001处理完成
[2017-10-25 10:10:52,889][EsbPackService-3]com.ods.manager.QueueManager[107][INFO ]: 获取 PackQueue队列元素完成,获取元素的系统流水号:201710251010500000000001
[2017-10-25 10:10:57,235][EsbPackService-3]com.ods.manager.QueueManager[91][INFO ]: 201710251010500000000001加入到队列SuccessQueue完成,操作结果:true
[2017-10-25 10:10:57,240][SendSuccMsgService-4]com.ods.manager.QueueManager[107][INFO ]: 获取 SuccessQueue队列元素完成,获取元素的系统流水号:201710251010500000000001
[2017-10-25 10:10:57,240][pool-1-thread-1]com.ods.manager.Handler[53][INFO ]: wake UP
