[2017-10-25 10:10:51,328][TxnService-2]com.ods.transaction.test[24][INFO ]: {StartDt=20170502, AcctId=1234567890, EndDt=20170805, PageSize=60}
[2017-10-25 10:10:52,873][TxnService-2]com.ods.transaction.test[29][DEBUG]: 
[2017-10-25 10:10:52,873][TxnService-2]com.ods.transaction.test[30][DEBUG]: qwert
[2017-10-25 10:10:52,874][TxnService-2]com.ods.transaction.test[31][DEBUG]: 
[2017-10-25 10:10:52,874][TxnService-2]com.ods.transaction.test[32][DEBUG]: 19
[2017-10-25 10:10:52,874][TxnService-2]com.ods.transaction.test[29][DEBUG]: 
[2017-10-25 10:10:52,874][TxnService-2]com.ods.transaction.test[30][DEBUG]: asdfg
[2017-10-25 10:10:52,874][TxnService-2]com.ods.transaction.test[31][DEBUG]: 
[2017-10-25 10:10:52,875][TxnService-2]com.ods.transaction.test[32][DEBUG]: 19
[2017-10-25 10:10:52,875][TxnService-2]com.ods.transaction.test[29][DEBUG]: 
[2017-10-25 10:10:52,875][TxnService-2]com.ods.transaction.test[30][DEBUG]: tyuio
[2017-10-25 10:10:52,875][TxnService-2]com.ods.transaction.test[31][DEBUG]: 
[2017-10-25 10:10:52,875][TxnService-2]com.ods.transaction.test[32][DEBUG]: 19
[2017-10-25 10:10:52,875][TxnService-2]com.ods.transaction.test[29][DEBUG]: 
[2017-10-25 10:10:52,876][TxnService-2]com.ods.transaction.test[30][DEBUG]: oiuyt
[2017-10-25 10:10:52,876][TxnService-2]com.ods.transaction.test[31][DEBUG]: 
[2017-10-25 10:10:52,876][TxnService-2]com.ods.transaction.test[32][DEBUG]: 19
[2017-10-25 10:10:52,876][TxnService-2]com.ods.transaction.test[29][DEBUG]: 
[2017-10-25 10:10:52,876][TxnService-2]com.ods.transaction.test[30][DEBUG]: sddsgs
[2017-10-25 10:10:52,877][TxnService-2]com.ods.transaction.test[31][DEBUG]: 
[2017-10-25 10:10:52,877][TxnService-2]com.ods.transaction.test[32][DEBUG]: 19
[2017-10-25 10:10:52,878][TxnService-2]com.ods.transaction.test[29][DEBUG]: 
[2017-10-25 10:10:52,878][TxnService-2]com.ods.transaction.test[30][DEBUG]: zxcvb
[2017-10-25 10:10:52,878][TxnService-2]com.ods.transaction.test[31][DEBUG]: 
[2017-10-25 10:10:52,878][TxnService-2]com.ods.transaction.test[32][DEBUG]: 19
[2017-10-25 10:10:52,878][TxnService-2]com.ods.transaction.test[29][DEBUG]: 
[2017-10-25 10:10:52,878][TxnService-2]com.ods.transaction.test[30][DEBUG]: bnm,./
[2017-10-25 10:10:52,879][TxnService-2]com.ods.transaction.test[31][DEBUG]: 
[2017-10-25 10:10:52,879][TxnService-2]com.ods.transaction.test[32][DEBUG]: 19
[2017-10-25 10:10:52,879][TxnService-2]com.ods.transaction.test[29][DEBUG]: 
[2017-10-25 10:10:52,879][TxnService-2]com.ods.transaction.test[30][DEBUG]: poiut
[2017-10-25 10:10:52,879][TxnService-2]com.ods.transaction.test[31][DEBUG]: 
[2017-10-25 10:10:52,879][TxnService-2]com.ods.transaction.test[32][DEBUG]: 19
[2017-10-25 10:10:52,879][TxnService-2]com.ods.transaction.test[29][DEBUG]: 
[2017-10-25 10:10:52,880][TxnService-2]com.ods.transaction.test[30][DEBUG]: wewtwr
[2017-10-25 10:10:52,880][TxnService-2]com.ods.transaction.test[31][DEBUG]: 
[2017-10-25 10:10:52,880][TxnService-2]com.ods.transaction.test[32][DEBUG]: 19
[2017-10-25 10:10:52,880][TxnService-2]com.ods.transaction.test[29][DEBUG]: 
[2017-10-25 10:10:52,880][TxnService-2]com.ods.transaction.test[30][DEBUG]: rtyr
[2017-10-25 10:10:52,881][TxnService-2]com.ods.transaction.test[31][DEBUG]: 
[2017-10-25 10:10:52,881][TxnService-2]com.ods.transaction.test[32][DEBUG]: 19
[2017-10-25 10:10:52,881][TxnService-2]com.ods.transaction.test[29][DEBUG]: 
[2017-10-25 10:10:52,881][TxnService-2]com.ods.transaction.test[30][DEBUG]: eryey
[2017-10-25 10:10:52,881][TxnService-2]com.ods.transaction.test[31][DEBUG]: 
[2017-10-25 10:10:52,881][TxnService-2]com.ods.transaction.test[32][DEBUG]: 19
