[2017-10-24 19:32:50,937][TxnService-0]com.ods.transaction.test[24][INFO ]: {StartDt=20170502, AcctId=1234567890, EndDt=20170805, PageSize=60}
[2017-10-24 19:32:53,522][TxnService-0]com.ods.transaction.test[29][DEBUG]: 
[2017-10-24 19:32:53,523][TxnService-0]com.ods.transaction.test[30][DEBUG]: qwert
[2017-10-24 19:32:53,523][TxnService-0]com.ods.transaction.test[31][DEBUG]: 
[2017-10-24 19:32:53,523][TxnService-0]com.ods.transaction.test[32][DEBUG]: 19
[2017-10-24 19:32:53,523][TxnService-0]com.ods.transaction.test[29][DEBUG]: 
[2017-10-24 19:32:53,523][TxnService-0]com.ods.transaction.test[30][DEBUG]: asdfg
[2017-10-24 19:32:53,524][TxnService-0]com.ods.transaction.test[31][DEBUG]: 
[2017-10-24 19:32:53,524][TxnService-0]com.ods.transaction.test[32][DEBUG]: 19
[2017-10-24 19:32:53,524][TxnService-0]com.ods.transaction.test[29][DEBUG]: 
[2017-10-24 19:32:53,524][TxnService-0]com.ods.transaction.test[30][DEBUG]: tyuio
[2017-10-24 19:32:53,524][TxnService-0]com.ods.transaction.test[31][DEBUG]: 
[2017-10-24 19:32:53,524][TxnService-0]com.ods.transaction.test[32][DEBUG]: 19
[2017-10-24 19:32:53,524][TxnService-0]com.ods.transaction.test[29][DEBUG]: 
[2017-10-24 19:32:53,524][TxnService-0]com.ods.transaction.test[30][DEBUG]: oiuyt
[2017-10-24 19:32:53,525][TxnService-0]com.ods.transaction.test[31][DEBUG]: 
[2017-10-24 19:32:53,525][TxnService-0]com.ods.transaction.test[32][DEBUG]: 19
[2017-10-24 19:32:53,525][TxnService-0]com.ods.transaction.test[29][DEBUG]: 
[2017-10-24 19:32:53,525][TxnService-0]com.ods.transaction.test[30][DEBUG]: sddsgs
[2017-10-24 19:32:53,525][TxnService-0]com.ods.transaction.test[31][DEBUG]: 
[2017-10-24 19:32:53,525][TxnService-0]com.ods.transaction.test[32][DEBUG]: 19
[2017-10-24 19:32:53,525][TxnService-0]com.ods.transaction.test[29][DEBUG]: 
[2017-10-24 19:32:53,525][TxnService-0]com.ods.transaction.test[30][DEBUG]: zxcvb
[2017-10-24 19:32:53,526][TxnService-0]com.ods.transaction.test[31][DEBUG]: 
[2017-10-24 19:32:53,526][TxnService-0]com.ods.transaction.test[32][DEBUG]: 19
[2017-10-24 19:32:53,526][TxnService-0]com.ods.transaction.test[29][DEBUG]: 
[2017-10-24 19:32:53,526][TxnService-0]com.ods.transaction.test[30][DEBUG]: bnm,./
[2017-10-24 19:32:53,526][TxnService-0]com.ods.transaction.test[31][DEBUG]: 
[2017-10-24 19:32:53,526][TxnService-0]com.ods.transaction.test[32][DEBUG]: 19
[2017-10-24 19:32:53,526][TxnService-0]com.ods.transaction.test[29][DEBUG]: 
[2017-10-24 19:32:53,526][TxnService-0]com.ods.transaction.test[30][DEBUG]: poiut
[2017-10-24 19:32:53,526][TxnService-0]com.ods.transaction.test[31][DEBUG]: 
[2017-10-24 19:32:53,527][TxnService-0]com.ods.transaction.test[32][DEBUG]: 19
[2017-10-24 19:32:53,527][TxnService-0]com.ods.transaction.test[29][DEBUG]: 
[2017-10-24 19:32:53,527][TxnService-0]com.ods.transaction.test[30][DEBUG]: wewtwr
[2017-10-24 19:32:53,527][TxnService-0]com.ods.transaction.test[31][DEBUG]: 
[2017-10-24 19:32:53,527][TxnService-0]com.ods.transaction.test[32][DEBUG]: 19
[2017-10-24 19:32:53,527][TxnService-0]com.ods.transaction.test[29][DEBUG]: 
[2017-10-24 19:32:53,527][TxnService-0]com.ods.transaction.test[30][DEBUG]: rtyr
[2017-10-24 19:32:53,527][TxnService-0]com.ods.transaction.test[31][DEBUG]: 
[2017-10-24 19:32:53,528][TxnService-0]com.ods.transaction.test[32][DEBUG]: 19
[2017-10-24 19:32:53,528][TxnService-0]com.ods.transaction.test[29][DEBUG]: 
[2017-10-24 19:32:53,528][TxnService-0]com.ods.transaction.test[30][DEBUG]: eryey
[2017-10-24 19:32:53,528][TxnService-0]com.ods.transaction.test[31][DEBUG]: 
[2017-10-24 19:32:53,528][TxnService-0]com.ods.transaction.test[32][DEBUG]: 19
[2017-10-24 19:34:21,627][TxnService-4]com.ods.transaction.test[24][INFO ]: {StartDt=20170502, AcctId=1234567890, EndDt=20170805, PageSize=60}
[2017-10-24 19:34:21,737][TxnService-4]com.ods.transaction.test[29][DEBUG]: 
[2017-10-24 19:34:21,738][TxnService-4]com.ods.transaction.test[30][DEBUG]: qwert
[2017-10-24 19:34:21,738][TxnService-4]com.ods.transaction.test[31][DEBUG]: 
[2017-10-24 19:34:21,738][TxnService-4]com.ods.transaction.test[32][DEBUG]: 19
[2017-10-24 19:34:21,739][TxnService-4]com.ods.transaction.test[29][DEBUG]: 
[2017-10-24 19:34:21,739][TxnService-4]com.ods.transaction.test[30][DEBUG]: asdfg
[2017-10-24 19:34:21,739][TxnService-4]com.ods.transaction.test[31][DEBUG]: 
[2017-10-24 19:34:21,740][TxnService-4]com.ods.transaction.test[32][DEBUG]: 19
[2017-10-24 19:34:21,740][TxnService-4]com.ods.transaction.test[29][DEBUG]: 
[2017-10-24 19:34:21,740][TxnService-4]com.ods.transaction.test[30][DEBUG]: tyuio
[2017-10-24 19:34:21,740][TxnService-4]com.ods.transaction.test[31][DEBUG]: 
[2017-10-24 19:34:21,741][TxnService-4]com.ods.transaction.test[32][DEBUG]: 19
[2017-10-24 19:34:21,741][TxnService-4]com.ods.transaction.test[29][DEBUG]: 
[2017-10-24 19:34:21,741][TxnService-4]com.ods.transaction.test[30][DEBUG]: oiuyt
[2017-10-24 19:34:21,741][TxnService-4]com.ods.transaction.test[31][DEBUG]: 
[2017-10-24 19:34:21,742][TxnService-4]com.ods.transaction.test[32][DEBUG]: 19
[2017-10-24 19:34:21,742][TxnService-4]com.ods.transaction.test[29][DEBUG]: 
[2017-10-24 19:34:21,742][TxnService-4]com.ods.transaction.test[30][DEBUG]: sddsgs
[2017-10-24 19:34:21,743][TxnService-4]com.ods.transaction.test[31][DEBUG]: 
[2017-10-24 19:34:21,743][TxnService-4]com.ods.transaction.test[32][DEBUG]: 19
[2017-10-24 19:34:21,743][TxnService-4]com.ods.transaction.test[29][DEBUG]: 
[2017-10-24 19:34:21,743][TxnService-4]com.ods.transaction.test[30][DEBUG]: zxcvb
[2017-10-24 19:34:21,744][TxnService-4]com.ods.transaction.test[31][DEBUG]: 
[2017-10-24 19:34:21,744][TxnService-4]com.ods.transaction.test[32][DEBUG]: 19
[2017-10-24 19:34:21,744][TxnService-4]com.ods.transaction.test[29][DEBUG]: 
[2017-10-24 19:34:21,745][TxnService-4]com.ods.transaction.test[30][DEBUG]: bnm,./
[2017-10-24 19:34:21,745][TxnService-4]com.ods.transaction.test[31][DEBUG]: 
[2017-10-24 19:34:21,745][TxnService-4]com.ods.transaction.test[32][DEBUG]: 19
[2017-10-24 19:34:21,746][TxnService-4]com.ods.transaction.test[29][DEBUG]: 
[2017-10-24 19:34:21,746][TxnService-4]com.ods.transaction.test[30][DEBUG]: poiut
[2017-10-24 19:34:21,746][TxnService-4]com.ods.transaction.test[31][DEBUG]: 
[2017-10-24 19:34:21,746][TxnService-4]com.ods.transaction.test[32][DEBUG]: 19
[2017-10-24 19:34:21,747][TxnService-4]com.ods.transaction.test[29][DEBUG]: 
[2017-10-24 19:34:21,747][TxnService-4]com.ods.transaction.test[30][DEBUG]: wewtwr
[2017-10-24 19:34:21,747][TxnService-4]com.ods.transaction.test[31][DEBUG]: 
[2017-10-24 19:34:21,748][TxnService-4]com.ods.transaction.test[32][DEBUG]: 19
[2017-10-24 19:34:21,748][TxnService-4]com.ods.transaction.test[29][DEBUG]: 
[2017-10-24 19:34:21,748][TxnService-4]com.ods.transaction.test[30][DEBUG]: rtyr
[2017-10-24 19:34:21,748][TxnService-4]com.ods.transaction.test[31][DEBUG]: 
[2017-10-24 19:34:21,749][TxnService-4]com.ods.transaction.test[32][DEBUG]: 19
[2017-10-24 19:34:21,749][TxnService-4]com.ods.transaction.test[29][DEBUG]: 
[2017-10-24 19:34:21,749][TxnService-4]com.ods.transaction.test[30][DEBUG]: eryey
[2017-10-24 19:34:21,749][TxnService-4]com.ods.transaction.test[31][DEBUG]: 
[2017-10-24 19:34:21,750][TxnService-4]com.ods.transaction.test[32][DEBUG]: 19
[2017-10-24 19:35:38,599][TxnService-3]com.ods.transaction.test[24][INFO ]: {StartDt=20170502, AcctId=1234567890, EndDt=20170805, PageSize=60}
[2017-10-24 19:35:38,638][TxnService-3]com.ods.transaction.test[29][DEBUG]: 
[2017-10-24 19:35:38,638][TxnService-3]com.ods.transaction.test[30][DEBUG]: qwert
[2017-10-24 19:35:38,638][TxnService-3]com.ods.transaction.test[31][DEBUG]: 
[2017-10-24 19:35:38,638][TxnService-3]com.ods.transaction.test[32][DEBUG]: 19
[2017-10-24 19:35:38,639][TxnService-3]com.ods.transaction.test[29][DEBUG]: 
[2017-10-24 19:35:38,639][TxnService-3]com.ods.transaction.test[30][DEBUG]: asdfg
[2017-10-24 19:35:38,639][TxnService-3]com.ods.transaction.test[31][DEBUG]: 
[2017-10-24 19:35:38,639][TxnService-3]com.ods.transaction.test[32][DEBUG]: 19
[2017-10-24 19:35:38,639][TxnService-3]com.ods.transaction.test[29][DEBUG]: 
[2017-10-24 19:35:38,639][TxnService-3]com.ods.transaction.test[30][DEBUG]: tyuio
[2017-10-24 19:35:38,639][TxnService-3]com.ods.transaction.test[31][DEBUG]: 
[2017-10-24 19:35:38,639][TxnService-3]com.ods.transaction.test[32][DEBUG]: 19
[2017-10-24 19:35:38,639][TxnService-3]com.ods.transaction.test[29][DEBUG]: 
[2017-10-24 19:35:38,639][TxnService-3]com.ods.transaction.test[30][DEBUG]: oiuyt
[2017-10-24 19:35:38,639][TxnService-3]com.ods.transaction.test[31][DEBUG]: 
[2017-10-24 19:35:38,639][TxnService-3]com.ods.transaction.test[32][DEBUG]: 19
[2017-10-24 19:35:38,639][TxnService-3]com.ods.transaction.test[29][DEBUG]: 
[2017-10-24 19:35:38,640][TxnService-3]com.ods.transaction.test[30][DEBUG]: sddsgs
[2017-10-24 19:35:38,640][TxnService-3]com.ods.transaction.test[31][DEBUG]: 
[2017-10-24 19:35:38,640][TxnService-3]com.ods.transaction.test[32][DEBUG]: 19
[2017-10-24 19:35:38,640][TxnService-3]com.ods.transaction.test[29][DEBUG]: 
[2017-10-24 19:35:38,640][TxnService-3]com.ods.transaction.test[30][DEBUG]: zxcvb
[2017-10-24 19:35:38,640][TxnService-3]com.ods.transaction.test[31][DEBUG]: 
[2017-10-24 19:35:38,640][TxnService-3]com.ods.transaction.test[32][DEBUG]: 19
[2017-10-24 19:35:38,640][TxnService-3]com.ods.transaction.test[29][DEBUG]: 
[2017-10-24 19:35:38,640][TxnService-3]com.ods.transaction.test[30][DEBUG]: bnm,./
[2017-10-24 19:35:38,640][TxnService-3]com.ods.transaction.test[31][DEBUG]: 
[2017-10-24 19:35:38,640][TxnService-3]com.ods.transaction.test[32][DEBUG]: 19
[2017-10-24 19:35:38,640][TxnService-3]com.ods.transaction.test[29][DEBUG]: 
[2017-10-24 19:35:38,640][TxnService-3]com.ods.transaction.test[30][DEBUG]: poiut
[2017-10-24 19:35:38,640][TxnService-3]com.ods.transaction.test[31][DEBUG]: 
[2017-10-24 19:35:38,641][TxnService-3]com.ods.transaction.test[32][DEBUG]: 19
[2017-10-24 19:35:38,641][TxnService-3]com.ods.transaction.test[29][DEBUG]: 
[2017-10-24 19:35:38,641][TxnService-3]com.ods.transaction.test[30][DEBUG]: wewtwr
[2017-10-24 19:35:38,641][TxnService-3]com.ods.transaction.test[31][DEBUG]: 
[2017-10-24 19:35:38,641][TxnService-3]com.ods.transaction.test[32][DEBUG]: 19
[2017-10-24 19:35:38,641][TxnService-3]com.ods.transaction.test[29][DEBUG]: 
[2017-10-24 19:35:38,641][TxnService-3]com.ods.transaction.test[30][DEBUG]: rtyr
[2017-10-24 19:35:38,641][TxnService-3]com.ods.transaction.test[31][DEBUG]: 
[2017-10-24 19:35:38,641][TxnService-3]com.ods.transaction.test[32][DEBUG]: 19
[2017-10-24 19:35:38,641][TxnService-3]com.ods.transaction.test[29][DEBUG]: 
[2017-10-24 19:35:38,641][TxnService-3]com.ods.transaction.test[30][DEBUG]: eryey
[2017-10-24 19:35:38,641][TxnService-3]com.ods.transaction.test[31][DEBUG]: 
[2017-10-24 19:35:38,641][TxnService-3]com.ods.transaction.test[32][DEBUG]: 19
[2017-10-24 19:36:16,506][TxnService-0]com.ods.transaction.test[24][INFO ]: {StartDt=20170502, AcctId=1234567890, EndDt=20170805, PageSize=60}
[2017-10-24 19:36:16,518][TxnService-0]com.ods.transaction.test[29][DEBUG]: 
[2017-10-24 19:36:16,519][TxnService-0]com.ods.transaction.test[30][DEBUG]: qwert
[2017-10-24 19:36:16,519][TxnService-0]com.ods.transaction.test[31][DEBUG]: 
[2017-10-24 19:36:16,519][TxnService-0]com.ods.transaction.test[32][DEBUG]: 19
[2017-10-24 19:36:16,519][TxnService-0]com.ods.transaction.test[29][DEBUG]: 
[2017-10-24 19:36:16,520][TxnService-0]com.ods.transaction.test[30][DEBUG]: asdfg
[2017-10-24 19:36:16,520][TxnService-0]com.ods.transaction.test[31][DEBUG]: 
[2017-10-24 19:36:16,520][TxnService-0]com.ods.transaction.test[32][DEBUG]: 19
[2017-10-24 19:36:16,520][TxnService-0]com.ods.transaction.test[29][DEBUG]: 
[2017-10-24 19:36:16,520][TxnService-0]com.ods.transaction.test[30][DEBUG]: tyuio
[2017-10-24 19:36:16,521][TxnService-0]com.ods.transaction.test[31][DEBUG]: 
[2017-10-24 19:36:16,521][TxnService-0]com.ods.transaction.test[32][DEBUG]: 19
[2017-10-24 19:36:16,521][TxnService-0]com.ods.transaction.test[29][DEBUG]: 
[2017-10-24 19:36:16,521][TxnService-0]com.ods.transaction.test[30][DEBUG]: oiuyt
[2017-10-24 19:36:16,521][TxnService-0]com.ods.transaction.test[31][DEBUG]: 
[2017-10-24 19:36:16,522][TxnService-0]com.ods.transaction.test[32][DEBUG]: 19
[2017-10-24 19:36:16,522][TxnService-0]com.ods.transaction.test[29][DEBUG]: 
[2017-10-24 19:36:16,522][TxnService-0]com.ods.transaction.test[30][DEBUG]: sddsgs
[2017-10-24 19:36:16,522][TxnService-0]com.ods.transaction.test[31][DEBUG]: 
[2017-10-24 19:36:16,522][TxnService-0]com.ods.transaction.test[32][DEBUG]: 19
[2017-10-24 19:36:16,523][TxnService-0]com.ods.transaction.test[29][DEBUG]: 
[2017-10-24 19:36:16,523][TxnService-0]com.ods.transaction.test[30][DEBUG]: zxcvb
[2017-10-24 19:36:16,523][TxnService-0]com.ods.transaction.test[31][DEBUG]: 
[2017-10-24 19:36:16,523][TxnService-0]com.ods.transaction.test[32][DEBUG]: 19
[2017-10-24 19:36:16,523][TxnService-0]com.ods.transaction.test[29][DEBUG]: 
[2017-10-24 19:36:16,524][TxnService-0]com.ods.transaction.test[30][DEBUG]: bnm,./
[2017-10-24 19:36:16,524][TxnService-0]com.ods.transaction.test[31][DEBUG]: 
[2017-10-24 19:36:16,524][TxnService-0]com.ods.transaction.test[32][DEBUG]: 19
[2017-10-24 19:36:16,524][TxnService-0]com.ods.transaction.test[29][DEBUG]: 
[2017-10-24 19:36:16,524][TxnService-0]com.ods.transaction.test[30][DEBUG]: poiut
[2017-10-24 19:36:16,524][TxnService-0]com.ods.transaction.test[31][DEBUG]: 
[2017-10-24 19:36:16,525][TxnService-0]com.ods.transaction.test[32][DEBUG]: 19
[2017-10-24 19:36:16,525][TxnService-0]com.ods.transaction.test[29][DEBUG]: 
[2017-10-24 19:36:16,525][TxnService-0]com.ods.transaction.test[30][DEBUG]: wewtwr
[2017-10-24 19:36:16,525][TxnService-0]com.ods.transaction.test[31][DEBUG]: 
[2017-10-24 19:36:16,525][TxnService-0]com.ods.transaction.test[32][DEBUG]: 19
[2017-10-24 19:36:16,526][TxnService-0]com.ods.transaction.test[29][DEBUG]: 
[2017-10-24 19:36:16,526][TxnService-0]com.ods.transaction.test[30][DEBUG]: rtyr
[2017-10-24 19:36:16,526][TxnService-0]com.ods.transaction.test[31][DEBUG]: 
[2017-10-24 19:36:16,526][TxnService-0]com.ods.transaction.test[32][DEBUG]: 19
[2017-10-24 19:36:16,527][TxnService-0]com.ods.transaction.test[29][DEBUG]: 
[2017-10-24 19:36:16,527][TxnService-0]com.ods.transaction.test[30][DEBUG]: eryey
[2017-10-24 19:36:16,528][TxnService-0]com.ods.transaction.test[31][DEBUG]: 
[2017-10-24 19:36:16,529][TxnService-0]com.ods.transaction.test[32][DEBUG]: 19
[2017-10-24 19:38:36,885][TxnService-1]com.ods.transaction.test[24][INFO ]: {StartDt=20170502, AcctId=1234567890, EndDt=20170805, PageSize=60}
[2017-10-24 19:38:36,977][TxnService-1]com.ods.transaction.test[29][DEBUG]: 
[2017-10-24 19:38:36,977][TxnService-1]com.ods.transaction.test[30][DEBUG]: qwert
[2017-10-24 19:38:36,978][TxnService-1]com.ods.transaction.test[31][DEBUG]: 
[2017-10-24 19:38:36,978][TxnService-1]com.ods.transaction.test[32][DEBUG]: 19
[2017-10-24 19:38:36,978][TxnService-1]com.ods.transaction.test[29][DEBUG]: 
[2017-10-24 19:38:36,978][TxnService-1]com.ods.transaction.test[30][DEBUG]: asdfg
[2017-10-24 19:38:36,978][TxnService-1]com.ods.transaction.test[31][DEBUG]: 
[2017-10-24 19:38:36,978][TxnService-1]com.ods.transaction.test[32][DEBUG]: 19
[2017-10-24 19:38:36,978][TxnService-1]com.ods.transaction.test[29][DEBUG]: 
[2017-10-24 19:38:36,978][TxnService-1]com.ods.transaction.test[30][DEBUG]: tyuio
[2017-10-24 19:38:36,978][TxnService-1]com.ods.transaction.test[31][DEBUG]: 
[2017-10-24 19:38:36,978][TxnService-1]com.ods.transaction.test[32][DEBUG]: 19
[2017-10-24 19:38:36,978][TxnService-1]com.ods.transaction.test[29][DEBUG]: 
[2017-10-24 19:38:36,978][TxnService-1]com.ods.transaction.test[30][DEBUG]: oiuyt
[2017-10-24 19:38:36,978][TxnService-1]com.ods.transaction.test[31][DEBUG]: 
[2017-10-24 19:38:36,978][TxnService-1]com.ods.transaction.test[32][DEBUG]: 19
[2017-10-24 19:38:36,978][TxnService-1]com.ods.transaction.test[29][DEBUG]: 
[2017-10-24 19:38:36,978][TxnService-1]com.ods.transaction.test[30][DEBUG]: sddsgs
[2017-10-24 19:38:36,978][TxnService-1]com.ods.transaction.test[31][DEBUG]: 
[2017-10-24 19:38:36,979][TxnService-1]com.ods.transaction.test[32][DEBUG]: 19
[2017-10-24 19:38:36,979][TxnService-1]com.ods.transaction.test[29][DEBUG]: 
[2017-10-24 19:38:36,979][TxnService-1]com.ods.transaction.test[30][DEBUG]: zxcvb
[2017-10-24 19:38:36,979][TxnService-1]com.ods.transaction.test[31][DEBUG]: 
[2017-10-24 19:38:36,979][TxnService-1]com.ods.transaction.test[32][DEBUG]: 19
[2017-10-24 19:38:36,979][TxnService-1]com.ods.transaction.test[29][DEBUG]: 
[2017-10-24 19:38:36,979][TxnService-1]com.ods.transaction.test[30][DEBUG]: bnm,./
[2017-10-24 19:38:36,979][TxnService-1]com.ods.transaction.test[31][DEBUG]: 
[2017-10-24 19:38:36,979][TxnService-1]com.ods.transaction.test[32][DEBUG]: 19
[2017-10-24 19:38:36,979][TxnService-1]com.ods.transaction.test[29][DEBUG]: 
[2017-10-24 19:38:36,979][TxnService-1]com.ods.transaction.test[30][DEBUG]: poiut
[2017-10-24 19:38:36,979][TxnService-1]com.ods.transaction.test[31][DEBUG]: 
[2017-10-24 19:38:36,979][TxnService-1]com.ods.transaction.test[32][DEBUG]: 19
[2017-10-24 19:38:36,980][TxnService-1]com.ods.transaction.test[29][DEBUG]: 
[2017-10-24 19:38:36,980][TxnService-1]com.ods.transaction.test[30][DEBUG]: wewtwr
[2017-10-24 19:38:36,980][TxnService-1]com.ods.transaction.test[31][DEBUG]: 
[2017-10-24 19:38:36,980][TxnService-1]com.ods.transaction.test[32][DEBUG]: 19
[2017-10-24 19:38:36,980][TxnService-1]com.ods.transaction.test[29][DEBUG]: 
[2017-10-24 19:38:36,980][TxnService-1]com.ods.transaction.test[30][DEBUG]: rtyr
[2017-10-24 19:38:36,980][TxnService-1]com.ods.transaction.test[31][DEBUG]: 
[2017-10-24 19:38:36,980][TxnService-1]com.ods.transaction.test[32][DEBUG]: 19
[2017-10-24 19:38:36,980][TxnService-1]com.ods.transaction.test[29][DEBUG]: 
[2017-10-24 19:38:36,980][TxnService-1]com.ods.transaction.test[30][DEBUG]: eryey
[2017-10-24 19:38:36,980][TxnService-1]com.ods.transaction.test[31][DEBUG]: 
[2017-10-24 19:38:36,980][TxnService-1]com.ods.transaction.test[32][DEBUG]: 19
[2017-10-24 19:41:49,378][TxnService-2]com.ods.transaction.test[24][INFO ]: {StartDt=20170502, AcctId=1234567890, EndDt=20170805, PageSize=60}
[2017-10-24 19:41:50,243][TxnService-2]com.ods.transaction.test[29][DEBUG]: 
[2017-10-24 19:41:50,243][TxnService-2]com.ods.transaction.test[30][DEBUG]: qwert
[2017-10-24 19:41:50,243][TxnService-2]com.ods.transaction.test[31][DEBUG]: 
[2017-10-24 19:41:50,243][TxnService-2]com.ods.transaction.test[32][DEBUG]: 19
[2017-10-24 19:41:50,243][TxnService-2]com.ods.transaction.test[29][DEBUG]: 
[2017-10-24 19:41:50,243][TxnService-2]com.ods.transaction.test[30][DEBUG]: asdfg
[2017-10-24 19:41:50,243][TxnService-2]com.ods.transaction.test[31][DEBUG]: 
[2017-10-24 19:41:50,243][TxnService-2]com.ods.transaction.test[32][DEBUG]: 19
[2017-10-24 19:41:50,243][TxnService-2]com.ods.transaction.test[29][DEBUG]: 
[2017-10-24 19:41:50,243][TxnService-2]com.ods.transaction.test[30][DEBUG]: tyuio
[2017-10-24 19:41:50,243][TxnService-2]com.ods.transaction.test[31][DEBUG]: 
[2017-10-24 19:41:50,243][TxnService-2]com.ods.transaction.test[32][DEBUG]: 19
[2017-10-24 19:41:50,244][TxnService-2]com.ods.transaction.test[29][DEBUG]: 
[2017-10-24 19:41:50,244][TxnService-2]com.ods.transaction.test[30][DEBUG]: oiuyt
[2017-10-24 19:41:50,244][TxnService-2]com.ods.transaction.test[31][DEBUG]: 
[2017-10-24 19:41:50,244][TxnService-2]com.ods.transaction.test[32][DEBUG]: 19
[2017-10-24 19:41:50,244][TxnService-2]com.ods.transaction.test[29][DEBUG]: 
[2017-10-24 19:41:50,244][TxnService-2]com.ods.transaction.test[30][DEBUG]: sddsgs
[2017-10-24 19:41:50,244][TxnService-2]com.ods.transaction.test[31][DEBUG]: 
[2017-10-24 19:41:50,244][TxnService-2]com.ods.transaction.test[32][DEBUG]: 19
[2017-10-24 19:41:50,244][TxnService-2]com.ods.transaction.test[29][DEBUG]: 
[2017-10-24 19:41:50,244][TxnService-2]com.ods.transaction.test[30][DEBUG]: zxcvb
[2017-10-24 19:41:50,244][TxnService-2]com.ods.transaction.test[31][DEBUG]: 
[2017-10-24 19:41:50,245][TxnService-2]com.ods.transaction.test[32][DEBUG]: 19
[2017-10-24 19:41:50,245][TxnService-2]com.ods.transaction.test[29][DEBUG]: 
[2017-10-24 19:41:50,245][TxnService-2]com.ods.transaction.test[30][DEBUG]: bnm,./
[2017-10-24 19:41:50,245][TxnService-2]com.ods.transaction.test[31][DEBUG]: 
[2017-10-24 19:41:50,245][TxnService-2]com.ods.transaction.test[32][DEBUG]: 19
[2017-10-24 19:41:50,246][TxnService-2]com.ods.transaction.test[29][DEBUG]: 
[2017-10-24 19:41:50,246][TxnService-2]com.ods.transaction.test[30][DEBUG]: poiut
[2017-10-24 19:41:50,246][TxnService-2]com.ods.transaction.test[31][DEBUG]: 
[2017-10-24 19:41:50,246][TxnService-2]com.ods.transaction.test[32][DEBUG]: 19
[2017-10-24 19:41:50,247][TxnService-2]com.ods.transaction.test[29][DEBUG]: 
[2017-10-24 19:41:50,247][TxnService-2]com.ods.transaction.test[30][DEBUG]: wewtwr
[2017-10-24 19:41:50,247][TxnService-2]com.ods.transaction.test[31][DEBUG]: 
[2017-10-24 19:41:50,247][TxnService-2]com.ods.transaction.test[32][DEBUG]: 19
[2017-10-24 19:41:50,248][TxnService-2]com.ods.transaction.test[29][DEBUG]: 
[2017-10-24 19:41:50,248][TxnService-2]com.ods.transaction.test[30][DEBUG]: rtyr
[2017-10-24 19:41:50,248][TxnService-2]com.ods.transaction.test[31][DEBUG]: 
[2017-10-24 19:41:50,249][TxnService-2]com.ods.transaction.test[32][DEBUG]: 19
[2017-10-24 19:41:50,249][TxnService-2]com.ods.transaction.test[29][DEBUG]: 
[2017-10-24 19:41:50,249][TxnService-2]com.ods.transaction.test[30][DEBUG]: eryey
[2017-10-24 19:41:50,250][TxnService-2]com.ods.transaction.test[31][DEBUG]: 
[2017-10-24 19:41:50,250][TxnService-2]com.ods.transaction.test[32][DEBUG]: 19
[2017-10-24 19:44:31,168][TxnService-1]com.ods.transaction.test[24][INFO ]: {StartDt=20170502, AcctId=1234567890, EndDt=20170805, PageSize=60}
[2017-10-24 19:44:32,037][TxnService-1]com.ods.transaction.test[29][DEBUG]: 
[2017-10-24 19:44:32,037][TxnService-1]com.ods.transaction.test[30][DEBUG]: qwert
[2017-10-24 19:44:32,037][TxnService-1]com.ods.transaction.test[31][DEBUG]: 
[2017-10-24 19:44:32,037][TxnService-1]com.ods.transaction.test[32][DEBUG]: 19
[2017-10-24 19:44:32,037][TxnService-1]com.ods.transaction.test[29][DEBUG]: 
[2017-10-24 19:44:32,037][TxnService-1]com.ods.transaction.test[30][DEBUG]: asdfg
[2017-10-24 19:44:32,037][TxnService-1]com.ods.transaction.test[31][DEBUG]: 
[2017-10-24 19:44:32,037][TxnService-1]com.ods.transaction.test[32][DEBUG]: 19
[2017-10-24 19:44:32,037][TxnService-1]com.ods.transaction.test[29][DEBUG]: 
[2017-10-24 19:44:32,038][TxnService-1]com.ods.transaction.test[30][DEBUG]: tyuio
[2017-10-24 19:44:32,038][TxnService-1]com.ods.transaction.test[31][DEBUG]: 
[2017-10-24 19:44:32,038][TxnService-1]com.ods.transaction.test[32][DEBUG]: 19
[2017-10-24 19:44:32,038][TxnService-1]com.ods.transaction.test[29][DEBUG]: 
[2017-10-24 19:44:32,038][TxnService-1]com.ods.transaction.test[30][DEBUG]: oiuyt
[2017-10-24 19:44:32,038][TxnService-1]com.ods.transaction.test[31][DEBUG]: 
[2017-10-24 19:44:32,038][TxnService-1]com.ods.transaction.test[32][DEBUG]: 19
[2017-10-24 19:44:32,038][TxnService-1]com.ods.transaction.test[29][DEBUG]: 
[2017-10-24 19:44:32,038][TxnService-1]com.ods.transaction.test[30][DEBUG]: sddsgs
[2017-10-24 19:44:32,038][TxnService-1]com.ods.transaction.test[31][DEBUG]: 
[2017-10-24 19:44:32,038][TxnService-1]com.ods.transaction.test[32][DEBUG]: 19
[2017-10-24 19:44:32,038][TxnService-1]com.ods.transaction.test[29][DEBUG]: 
[2017-10-24 19:44:32,038][TxnService-1]com.ods.transaction.test[30][DEBUG]: zxcvb
[2017-10-24 19:44:32,039][TxnService-1]com.ods.transaction.test[31][DEBUG]: 
[2017-10-24 19:44:32,039][TxnService-1]com.ods.transaction.test[32][DEBUG]: 19
[2017-10-24 19:44:32,039][TxnService-1]com.ods.transaction.test[29][DEBUG]: 
[2017-10-24 19:44:32,039][TxnService-1]com.ods.transaction.test[30][DEBUG]: bnm,./
[2017-10-24 19:44:32,040][TxnService-1]com.ods.transaction.test[31][DEBUG]: 
[2017-10-24 19:44:32,040][TxnService-1]com.ods.transaction.test[32][DEBUG]: 19
[2017-10-24 19:44:32,040][TxnService-1]com.ods.transaction.test[29][DEBUG]: 
[2017-10-24 19:44:32,040][TxnService-1]com.ods.transaction.test[30][DEBUG]: poiut
[2017-10-24 19:44:32,040][TxnService-1]com.ods.transaction.test[31][DEBUG]: 
[2017-10-24 19:44:32,040][TxnService-1]com.ods.transaction.test[32][DEBUG]: 19
[2017-10-24 19:44:32,041][TxnService-1]com.ods.transaction.test[29][DEBUG]: 
[2017-10-24 19:44:32,041][TxnService-1]com.ods.transaction.test[30][DEBUG]: wewtwr
[2017-10-24 19:44:32,041][TxnService-1]com.ods.transaction.test[31][DEBUG]: 
[2017-10-24 19:44:32,041][TxnService-1]com.ods.transaction.test[32][DEBUG]: 19
[2017-10-24 19:44:32,041][TxnService-1]com.ods.transaction.test[29][DEBUG]: 
[2017-10-24 19:44:32,041][TxnService-1]com.ods.transaction.test[30][DEBUG]: rtyr
[2017-10-24 19:44:32,042][TxnService-1]com.ods.transaction.test[31][DEBUG]: 
[2017-10-24 19:44:32,042][TxnService-1]com.ods.transaction.test[32][DEBUG]: 19
[2017-10-24 19:44:32,042][TxnService-1]com.ods.transaction.test[29][DEBUG]: 
[2017-10-24 19:44:32,042][TxnService-1]com.ods.transaction.test[30][DEBUG]: eryey
[2017-10-24 19:44:32,042][TxnService-1]com.ods.transaction.test[31][DEBUG]: 
[2017-10-24 19:44:32,042][TxnService-1]com.ods.transaction.test[32][DEBUG]: 19
[2017-10-24 19:44:53,127][TxnService-1]com.ods.transaction.test[24][INFO ]: {StartDt=20170502, AcctId=1234567890, EndDt=20170805, PageSize=60}
[2017-10-24 19:44:53,131][TxnService-1]com.ods.transaction.test[29][DEBUG]: 
[2017-10-24 19:44:53,131][TxnService-1]com.ods.transaction.test[30][DEBUG]: qwert
[2017-10-24 19:44:53,132][TxnService-1]com.ods.transaction.test[31][DEBUG]: 
[2017-10-24 19:44:53,132][TxnService-1]com.ods.transaction.test[32][DEBUG]: 19
[2017-10-24 19:44:53,132][TxnService-1]com.ods.transaction.test[29][DEBUG]: 
[2017-10-24 19:44:53,132][TxnService-1]com.ods.transaction.test[30][DEBUG]: asdfg
[2017-10-24 19:44:53,132][TxnService-1]com.ods.transaction.test[31][DEBUG]: 
[2017-10-24 19:44:53,132][TxnService-1]com.ods.transaction.test[32][DEBUG]: 19
[2017-10-24 19:44:53,132][TxnService-1]com.ods.transaction.test[29][DEBUG]: 
[2017-10-24 19:44:53,132][TxnService-1]com.ods.transaction.test[30][DEBUG]: tyuio
[2017-10-24 19:44:53,132][TxnService-1]com.ods.transaction.test[31][DEBUG]: 
[2017-10-24 19:44:53,132][TxnService-1]com.ods.transaction.test[32][DEBUG]: 19
[2017-10-24 19:44:53,132][TxnService-1]com.ods.transaction.test[29][DEBUG]: 
[2017-10-24 19:44:53,132][TxnService-1]com.ods.transaction.test[30][DEBUG]: oiuyt
[2017-10-24 19:44:53,132][TxnService-1]com.ods.transaction.test[31][DEBUG]: 
[2017-10-24 19:44:53,132][TxnService-1]com.ods.transaction.test[32][DEBUG]: 19
[2017-10-24 19:44:53,132][TxnService-1]com.ods.transaction.test[29][DEBUG]: 
[2017-10-24 19:44:53,132][TxnService-1]com.ods.transaction.test[30][DEBUG]: sddsgs
[2017-10-24 19:44:53,133][TxnService-1]com.ods.transaction.test[31][DEBUG]: 
[2017-10-24 19:44:53,133][TxnService-1]com.ods.transaction.test[32][DEBUG]: 19
[2017-10-24 19:44:53,133][TxnService-1]com.ods.transaction.test[29][DEBUG]: 
[2017-10-24 19:44:53,133][TxnService-1]com.ods.transaction.test[30][DEBUG]: zxcvb
[2017-10-24 19:44:53,133][TxnService-1]com.ods.transaction.test[31][DEBUG]: 
[2017-10-24 19:44:53,133][TxnService-1]com.ods.transaction.test[32][DEBUG]: 19
[2017-10-24 19:44:53,133][TxnService-1]com.ods.transaction.test[29][DEBUG]: 
[2017-10-24 19:44:53,133][TxnService-1]com.ods.transaction.test[30][DEBUG]: bnm,./
[2017-10-24 19:44:53,133][TxnService-1]com.ods.transaction.test[31][DEBUG]: 
[2017-10-24 19:44:53,133][TxnService-1]com.ods.transaction.test[32][DEBUG]: 19
[2017-10-24 19:44:53,133][TxnService-1]com.ods.transaction.test[29][DEBUG]: 
[2017-10-24 19:44:53,133][TxnService-1]com.ods.transaction.test[30][DEBUG]: poiut
[2017-10-24 19:44:53,133][TxnService-1]com.ods.transaction.test[31][DEBUG]: 
[2017-10-24 19:44:53,133][TxnService-1]com.ods.transaction.test[32][DEBUG]: 19
[2017-10-24 19:44:53,133][TxnService-1]com.ods.transaction.test[29][DEBUG]: 
[2017-10-24 19:44:53,133][TxnService-1]com.ods.transaction.test[30][DEBUG]: wewtwr
[2017-10-24 19:44:53,133][TxnService-1]com.ods.transaction.test[31][DEBUG]: 
[2017-10-24 19:44:53,133][TxnService-1]com.ods.transaction.test[32][DEBUG]: 19
[2017-10-24 19:44:53,134][TxnService-1]com.ods.transaction.test[29][DEBUG]: 
[2017-10-24 19:44:53,134][TxnService-1]com.ods.transaction.test[30][DEBUG]: rtyr
[2017-10-24 19:44:53,134][TxnService-1]com.ods.transaction.test[31][DEBUG]: 
[2017-10-24 19:44:53,134][TxnService-1]com.ods.transaction.test[32][DEBUG]: 19
[2017-10-24 19:44:53,134][TxnService-1]com.ods.transaction.test[29][DEBUG]: 
[2017-10-24 19:44:53,134][TxnService-1]com.ods.transaction.test[30][DEBUG]: eryey
[2017-10-24 19:44:53,134][TxnService-1]com.ods.transaction.test[31][DEBUG]: 
[2017-10-24 19:44:53,134][TxnService-1]com.ods.transaction.test[32][DEBUG]: 19
[2017-10-24 19:48:27,612][TxnService-4]com.ods.transaction.test[24][INFO ]: {StartDt=20170502, AcctId=1234567890, EndDt=20170805, PageSize=60}
[2017-10-24 19:48:28,473][TxnService-4]com.ods.transaction.test[29][DEBUG]: 
[2017-10-24 19:48:28,473][TxnService-4]com.ods.transaction.test[30][DEBUG]: qwert
[2017-10-24 19:48:28,473][TxnService-4]com.ods.transaction.test[31][DEBUG]: 
[2017-10-24 19:48:28,473][TxnService-4]com.ods.transaction.test[32][DEBUG]: 19
[2017-10-24 19:48:28,473][TxnService-4]com.ods.transaction.test[29][DEBUG]: 
[2017-10-24 19:48:28,473][TxnService-4]com.ods.transaction.test[30][DEBUG]: asdfg
[2017-10-24 19:48:28,473][TxnService-4]com.ods.transaction.test[31][DEBUG]: 
[2017-10-24 19:48:28,473][TxnService-4]com.ods.transaction.test[32][DEBUG]: 19
[2017-10-24 19:48:28,473][TxnService-4]com.ods.transaction.test[29][DEBUG]: 
[2017-10-24 19:48:28,473][TxnService-4]com.ods.transaction.test[30][DEBUG]: tyuio
[2017-10-24 19:48:28,473][TxnService-4]com.ods.transaction.test[31][DEBUG]: 
[2017-10-24 19:48:28,474][TxnService-4]com.ods.transaction.test[32][DEBUG]: 19
[2017-10-24 19:48:28,474][TxnService-4]com.ods.transaction.test[29][DEBUG]: 
[2017-10-24 19:48:28,474][TxnService-4]com.ods.transaction.test[30][DEBUG]: oiuyt
[2017-10-24 19:48:28,474][TxnService-4]com.ods.transaction.test[31][DEBUG]: 
[2017-10-24 19:48:28,474][TxnService-4]com.ods.transaction.test[32][DEBUG]: 19
[2017-10-24 19:48:28,474][TxnService-4]com.ods.transaction.test[29][DEBUG]: 
[2017-10-24 19:48:28,474][TxnService-4]com.ods.transaction.test[30][DEBUG]: sddsgs
[2017-10-24 19:48:28,474][TxnService-4]com.ods.transaction.test[31][DEBUG]: 
[2017-10-24 19:48:28,474][TxnService-4]com.ods.transaction.test[32][DEBUG]: 19
[2017-10-24 19:48:28,474][TxnService-4]com.ods.transaction.test[29][DEBUG]: 
[2017-10-24 19:48:28,474][TxnService-4]com.ods.transaction.test[30][DEBUG]: zxcvb
[2017-10-24 19:48:28,474][TxnService-4]com.ods.transaction.test[31][DEBUG]: 
[2017-10-24 19:48:28,474][TxnService-4]com.ods.transaction.test[32][DEBUG]: 19
[2017-10-24 19:48:28,474][TxnService-4]com.ods.transaction.test[29][DEBUG]: 
[2017-10-24 19:48:28,475][TxnService-4]com.ods.transaction.test[30][DEBUG]: bnm,./
[2017-10-24 19:48:28,475][TxnService-4]com.ods.transaction.test[31][DEBUG]: 
[2017-10-24 19:48:28,475][TxnService-4]com.ods.transaction.test[32][DEBUG]: 19
[2017-10-24 19:48:28,475][TxnService-4]com.ods.transaction.test[29][DEBUG]: 
[2017-10-24 19:48:28,475][TxnService-4]com.ods.transaction.test[30][DEBUG]: poiut
[2017-10-24 19:48:28,475][TxnService-4]com.ods.transaction.test[31][DEBUG]: 
[2017-10-24 19:48:28,475][TxnService-4]com.ods.transaction.test[32][DEBUG]: 19
[2017-10-24 19:48:28,475][TxnService-4]com.ods.transaction.test[29][DEBUG]: 
[2017-10-24 19:48:28,475][TxnService-4]com.ods.transaction.test[30][DEBUG]: wewtwr
[2017-10-24 19:48:28,475][TxnService-4]com.ods.transaction.test[31][DEBUG]: 
[2017-10-24 19:48:28,475][TxnService-4]com.ods.transaction.test[32][DEBUG]: 19
[2017-10-24 19:48:28,475][TxnService-4]com.ods.transaction.test[29][DEBUG]: 
[2017-10-24 19:48:28,475][TxnService-4]com.ods.transaction.test[30][DEBUG]: rtyr
[2017-10-24 19:48:28,475][TxnService-4]com.ods.transaction.test[31][DEBUG]: 
[2017-10-24 19:48:28,475][TxnService-4]com.ods.transaction.test[32][DEBUG]: 19
[2017-10-24 19:48:28,476][TxnService-4]com.ods.transaction.test[29][DEBUG]: 
[2017-10-24 19:48:28,476][TxnService-4]com.ods.transaction.test[30][DEBUG]: eryey
[2017-10-24 19:48:28,476][TxnService-4]com.ods.transaction.test[31][DEBUG]: 
[2017-10-24 19:48:28,476][TxnService-4]com.ods.transaction.test[32][DEBUG]: 19
[2017-10-24 19:49:50,522][TxnService-2]com.ods.transaction.test[24][INFO ]: {StartDt=20170502, AcctId=1234567890, EndDt=20170805, PageSize=60}
[2017-10-24 19:49:51,392][TxnService-2]com.ods.transaction.test[29][DEBUG]: 
[2017-10-24 19:49:51,392][TxnService-2]com.ods.transaction.test[30][DEBUG]: qwert
[2017-10-24 19:49:51,392][TxnService-2]com.ods.transaction.test[31][DEBUG]: 
[2017-10-24 19:49:51,392][TxnService-2]com.ods.transaction.test[32][DEBUG]: 19
[2017-10-24 19:49:51,392][TxnService-2]com.ods.transaction.test[29][DEBUG]: 
[2017-10-24 19:49:51,392][TxnService-2]com.ods.transaction.test[30][DEBUG]: asdfg
[2017-10-24 19:49:51,392][TxnService-2]com.ods.transaction.test[31][DEBUG]: 
[2017-10-24 19:49:51,392][TxnService-2]com.ods.transaction.test[32][DEBUG]: 19
[2017-10-24 19:49:51,392][TxnService-2]com.ods.transaction.test[29][DEBUG]: 
[2017-10-24 19:49:51,392][TxnService-2]com.ods.transaction.test[30][DEBUG]: tyuio
[2017-10-24 19:49:51,392][TxnService-2]com.ods.transaction.test[31][DEBUG]: 
[2017-10-24 19:49:51,393][TxnService-2]com.ods.transaction.test[32][DEBUG]: 19
[2017-10-24 19:49:51,393][TxnService-2]com.ods.transaction.test[29][DEBUG]: 
[2017-10-24 19:49:51,393][TxnService-2]com.ods.transaction.test[30][DEBUG]: oiuyt
[2017-10-24 19:49:51,393][TxnService-2]com.ods.transaction.test[31][DEBUG]: 
[2017-10-24 19:49:51,393][TxnService-2]com.ods.transaction.test[32][DEBUG]: 19
[2017-10-24 19:49:51,393][TxnService-2]com.ods.transaction.test[29][DEBUG]: 
[2017-10-24 19:49:51,393][TxnService-2]com.ods.transaction.test[30][DEBUG]: sddsgs
[2017-10-24 19:49:51,393][TxnService-2]com.ods.transaction.test[31][DEBUG]: 
[2017-10-24 19:49:51,393][TxnService-2]com.ods.transaction.test[32][DEBUG]: 19
[2017-10-24 19:49:51,394][TxnService-2]com.ods.transaction.test[29][DEBUG]: 
[2017-10-24 19:49:51,394][TxnService-2]com.ods.transaction.test[30][DEBUG]: zxcvb
[2017-10-24 19:49:51,394][TxnService-2]com.ods.transaction.test[31][DEBUG]: 
[2017-10-24 19:49:51,394][TxnService-2]com.ods.transaction.test[32][DEBUG]: 19
[2017-10-24 19:49:51,394][TxnService-2]com.ods.transaction.test[29][DEBUG]: 
[2017-10-24 19:49:51,394][TxnService-2]com.ods.transaction.test[30][DEBUG]: bnm,./
[2017-10-24 19:49:51,394][TxnService-2]com.ods.transaction.test[31][DEBUG]: 
[2017-10-24 19:49:51,394][TxnService-2]com.ods.transaction.test[32][DEBUG]: 19
[2017-10-24 19:49:51,394][TxnService-2]com.ods.transaction.test[29][DEBUG]: 
[2017-10-24 19:49:51,394][TxnService-2]com.ods.transaction.test[30][DEBUG]: poiut
[2017-10-24 19:49:51,395][TxnService-2]com.ods.transaction.test[31][DEBUG]: 
[2017-10-24 19:49:51,395][TxnService-2]com.ods.transaction.test[32][DEBUG]: 19
[2017-10-24 19:49:51,395][TxnService-2]com.ods.transaction.test[29][DEBUG]: 
[2017-10-24 19:49:51,395][TxnService-2]com.ods.transaction.test[30][DEBUG]: wewtwr
[2017-10-24 19:49:51,395][TxnService-2]com.ods.transaction.test[31][DEBUG]: 
[2017-10-24 19:49:51,395][TxnService-2]com.ods.transaction.test[32][DEBUG]: 19
[2017-10-24 19:49:51,395][TxnService-2]com.ods.transaction.test[29][DEBUG]: 
[2017-10-24 19:49:51,395][TxnService-2]com.ods.transaction.test[30][DEBUG]: rtyr
[2017-10-24 19:49:51,395][TxnService-2]com.ods.transaction.test[31][DEBUG]: 
[2017-10-24 19:49:51,396][TxnService-2]com.ods.transaction.test[32][DEBUG]: 19
[2017-10-24 19:49:51,396][TxnService-2]com.ods.transaction.test[29][DEBUG]: 
[2017-10-24 19:49:51,396][TxnService-2]com.ods.transaction.test[30][DEBUG]: eryey
[2017-10-24 19:49:51,396][TxnService-2]com.ods.transaction.test[31][DEBUG]: 
[2017-10-24 19:49:51,396][TxnService-2]com.ods.transaction.test[32][DEBUG]: 19
