[2017-10-13 16:46:27,786][TxnService-3]com.ods.transaction.test[24][INFO ]: {StartDt=20170502, AcctId=1234567890, EndDt=20170805, PageSize=60}
[2017-10-13 16:46:31,927][TxnService-3]com.ods.transaction.test[29][DEBUG]: 
[2017-10-13 16:46:31,927][TxnService-3]com.ods.transaction.test[30][DEBUG]: qwert
[2017-10-13 16:46:31,927][TxnService-3]com.ods.transaction.test[31][DEBUG]: 
[2017-10-13 16:46:31,928][TxnService-3]com.ods.transaction.test[32][DEBUG]: 19
[2017-10-13 16:46:31,928][TxnService-3]com.ods.transaction.test[29][DEBUG]: 
[2017-10-13 16:46:31,928][TxnService-3]com.ods.transaction.test[30][DEBUG]: asdfg
[2017-10-13 16:46:31,928][TxnService-3]com.ods.transaction.test[31][DEBUG]: 
[2017-10-13 16:46:31,928][TxnService-3]com.ods.transaction.test[32][DEBUG]: 19
[2017-10-13 16:46:31,929][TxnService-3]com.ods.transaction.test[29][DEBUG]: 
[2017-10-13 16:46:31,929][TxnService-3]com.ods.transaction.test[30][DEBUG]: tyuio
[2017-10-13 16:46:31,929][TxnService-3]com.ods.transaction.test[31][DEBUG]: 
[2017-10-13 16:46:31,929][TxnService-3]com.ods.transaction.test[32][DEBUG]: 19
[2017-10-13 16:46:31,929][TxnService-3]com.ods.transaction.test[29][DEBUG]: 
[2017-10-13 16:46:31,929][TxnService-3]com.ods.transaction.test[30][DEBUG]: oiuyt
[2017-10-13 16:46:31,929][TxnService-3]com.ods.transaction.test[31][DEBUG]: 
[2017-10-13 16:46:31,929][TxnService-3]com.ods.transaction.test[32][DEBUG]: 19
[2017-10-13 16:46:31,929][TxnService-3]com.ods.transaction.test[29][DEBUG]: 
[2017-10-13 16:46:31,930][TxnService-3]com.ods.transaction.test[30][DEBUG]: sddsgs
[2017-10-13 16:46:31,930][TxnService-3]com.ods.transaction.test[31][DEBUG]: 
[2017-10-13 16:46:31,930][TxnService-3]com.ods.transaction.test[32][DEBUG]: 19
[2017-10-13 16:46:31,930][TxnService-3]com.ods.transaction.test[29][DEBUG]: 
[2017-10-13 16:46:31,930][TxnService-3]com.ods.transaction.test[30][DEBUG]: zxcvb
[2017-10-13 16:46:31,930][TxnService-3]com.ods.transaction.test[31][DEBUG]: 
[2017-10-13 16:46:31,930][TxnService-3]com.ods.transaction.test[32][DEBUG]: 19
[2017-10-13 16:46:31,930][TxnService-3]com.ods.transaction.test[29][DEBUG]: 
[2017-10-13 16:46:31,931][TxnService-3]com.ods.transaction.test[30][DEBUG]: bnm,./
[2017-10-13 16:46:31,931][TxnService-3]com.ods.transaction.test[31][DEBUG]: 
[2017-10-13 16:46:31,931][TxnService-3]com.ods.transaction.test[32][DEBUG]: 19
[2017-10-13 16:46:31,932][TxnService-3]com.ods.transaction.test[29][DEBUG]: 
[2017-10-13 16:46:31,932][TxnService-3]com.ods.transaction.test[30][DEBUG]: poiut
[2017-10-13 16:46:31,932][TxnService-3]com.ods.transaction.test[31][DEBUG]: 
[2017-10-13 16:46:31,932][TxnService-3]com.ods.transaction.test[32][DEBUG]: 19
[2017-10-13 16:46:31,932][TxnService-3]com.ods.transaction.test[29][DEBUG]: 
[2017-10-13 16:46:31,932][TxnService-3]com.ods.transaction.test[30][DEBUG]: wewtwr
[2017-10-13 16:46:31,933][TxnService-3]com.ods.transaction.test[31][DEBUG]: 
[2017-10-13 16:46:31,933][TxnService-3]com.ods.transaction.test[32][DEBUG]: 19
[2017-10-13 16:46:31,933][TxnService-3]com.ods.transaction.test[29][DEBUG]: 
[2017-10-13 16:46:31,933][TxnService-3]com.ods.transaction.test[30][DEBUG]: rtyr
[2017-10-13 16:46:31,933][TxnService-3]com.ods.transaction.test[31][DEBUG]: 
[2017-10-13 16:46:31,933][TxnService-3]com.ods.transaction.test[32][DEBUG]: 19
[2017-10-13 16:46:31,934][TxnService-3]com.ods.transaction.test[29][DEBUG]: 
[2017-10-13 16:46:31,934][TxnService-3]com.ods.transaction.test[30][DEBUG]: eryey
[2017-10-13 16:46:31,934][TxnService-3]com.ods.transaction.test[31][DEBUG]: 
[2017-10-13 16:46:31,934][TxnService-3]com.ods.transaction.test[32][DEBUG]: 19
[2017-10-13 16:47:34,506][TxnService-0]com.ods.transaction.test[24][INFO ]: {StartDt=20170502, AcctId=1234567890, EndDt=20170805, PageSize=60}
[2017-10-13 16:47:34,658][TxnService-0]com.ods.transaction.test[29][DEBUG]: 
[2017-10-13 16:47:34,658][TxnService-0]com.ods.transaction.test[30][DEBUG]: qwert
[2017-10-13 16:47:34,659][TxnService-0]com.ods.transaction.test[31][DEBUG]: 
[2017-10-13 16:47:34,659][TxnService-0]com.ods.transaction.test[32][DEBUG]: 19
[2017-10-13 16:47:34,659][TxnService-0]com.ods.transaction.test[29][DEBUG]: 
[2017-10-13 16:47:34,659][TxnService-0]com.ods.transaction.test[30][DEBUG]: asdfg
[2017-10-13 16:47:34,659][TxnService-0]com.ods.transaction.test[31][DEBUG]: 
[2017-10-13 16:47:34,659][TxnService-0]com.ods.transaction.test[32][DEBUG]: 19
[2017-10-13 16:47:34,659][TxnService-0]com.ods.transaction.test[29][DEBUG]: 
[2017-10-13 16:47:34,659][TxnService-0]com.ods.transaction.test[30][DEBUG]: tyuio
[2017-10-13 16:47:34,659][TxnService-0]com.ods.transaction.test[31][DEBUG]: 
[2017-10-13 16:47:34,659][TxnService-0]com.ods.transaction.test[32][DEBUG]: 19
[2017-10-13 16:47:34,659][TxnService-0]com.ods.transaction.test[29][DEBUG]: 
[2017-10-13 16:47:34,659][TxnService-0]com.ods.transaction.test[30][DEBUG]: oiuyt
[2017-10-13 16:47:34,659][TxnService-0]com.ods.transaction.test[31][DEBUG]: 
[2017-10-13 16:47:34,659][TxnService-0]com.ods.transaction.test[32][DEBUG]: 19
[2017-10-13 16:47:34,659][TxnService-0]com.ods.transaction.test[29][DEBUG]: 
[2017-10-13 16:47:34,659][TxnService-0]com.ods.transaction.test[30][DEBUG]: sddsgs
[2017-10-13 16:47:34,659][TxnService-0]com.ods.transaction.test[31][DEBUG]: 
[2017-10-13 16:47:34,660][TxnService-0]com.ods.transaction.test[32][DEBUG]: 19
[2017-10-13 16:47:34,660][TxnService-0]com.ods.transaction.test[29][DEBUG]: 
[2017-10-13 16:47:34,660][TxnService-0]com.ods.transaction.test[30][DEBUG]: zxcvb
[2017-10-13 16:47:34,660][TxnService-0]com.ods.transaction.test[31][DEBUG]: 
[2017-10-13 16:47:34,660][TxnService-0]com.ods.transaction.test[32][DEBUG]: 19
[2017-10-13 16:47:34,660][TxnService-0]com.ods.transaction.test[29][DEBUG]: 
[2017-10-13 16:47:34,660][TxnService-0]com.ods.transaction.test[30][DEBUG]: bnm,./
[2017-10-13 16:47:34,660][TxnService-0]com.ods.transaction.test[31][DEBUG]: 
[2017-10-13 16:47:34,660][TxnService-0]com.ods.transaction.test[32][DEBUG]: 19
[2017-10-13 16:47:34,660][TxnService-0]com.ods.transaction.test[29][DEBUG]: 
[2017-10-13 16:47:34,660][TxnService-0]com.ods.transaction.test[30][DEBUG]: poiut
[2017-10-13 16:47:34,660][TxnService-0]com.ods.transaction.test[31][DEBUG]: 
[2017-10-13 16:47:34,660][TxnService-0]com.ods.transaction.test[32][DEBUG]: 19
[2017-10-13 16:47:34,660][TxnService-0]com.ods.transaction.test[29][DEBUG]: 
[2017-10-13 16:47:34,660][TxnService-0]com.ods.transaction.test[30][DEBUG]: wewtwr
[2017-10-13 16:47:34,661][TxnService-0]com.ods.transaction.test[31][DEBUG]: 
[2017-10-13 16:47:34,661][TxnService-0]com.ods.transaction.test[32][DEBUG]: 19
[2017-10-13 16:47:34,661][TxnService-0]com.ods.transaction.test[29][DEBUG]: 
[2017-10-13 16:47:34,661][TxnService-0]com.ods.transaction.test[30][DEBUG]: rtyr
[2017-10-13 16:47:34,661][TxnService-0]com.ods.transaction.test[31][DEBUG]: 
[2017-10-13 16:47:34,661][TxnService-0]com.ods.transaction.test[32][DEBUG]: 19
[2017-10-13 16:47:34,661][TxnService-0]com.ods.transaction.test[29][DEBUG]: 
[2017-10-13 16:47:34,661][TxnService-0]com.ods.transaction.test[30][DEBUG]: eryey
[2017-10-13 16:47:34,661][TxnService-0]com.ods.transaction.test[31][DEBUG]: 
[2017-10-13 16:47:34,661][TxnService-0]com.ods.transaction.test[32][DEBUG]: 19
