[2017-10-13 16:11:16,275][main]com.ods.service.EsbPackService[56][INFO ]: 服务初始化完成, 输入队列:[PackQueue] 输出队列:[SuccessQueue]
[2017-10-13 16:11:16,286][main]com.ods.service.EsbPackService[56][INFO ]: 服务初始化完成, 输入队列:[PackQueue] 输出队列:[SuccessQueue]
[2017-10-13 16:11:16,288][main]com.ods.service.EsbPackService[56][INFO ]: 服务初始化完成, 输入队列:[PackQueue] 输出队列:[SuccessQueue]
[2017-10-13 16:11:16,289][main]com.ods.service.EsbPackService[56][INFO ]: 服务初始化完成, 输入队列:[PackQueue] 输出队列:[SuccessQueue]
[2017-10-13 16:11:16,292][main]com.ods.service.EsbPackService[56][INFO ]: 服务初始化完成, 输入队列:[PackQueue] 输出队列:[SuccessQueue]
[2017-10-13 16:46:35,633][EsbPackService-3]com.ods.service.EsbPackService[158][DEBUG]: 201710131646270000000001组织 SysHhead 完成,共3步,当前完成第1步
[2017-10-13 16:46:35,638][EsbPackService-3]com.ods.service.EsbPackService[162][DEBUG]: 201710131646270000000001组织 AppHead 完成,共3步,当前完成第2步
[2017-10-13 16:46:47,444][EsbPackService-3]com.ods.service.EsbPackService[349][DEBUG]: test流水号201710131646270000000001获取交易配置完成
[2017-10-13 16:47:28,413][EsbPackService-3]com.ods.service.EsbPackService[93][ERROR]: 流水号201710131646270000000001 组包出错:java.lang.NullPointerException
com.ods.exception.TxnException: java.lang.NullPointerException
	at com.ods.service.EsbPackService.packRspBody(EsbPackService.java:355)
	at com.ods.service.EsbPackService.packEsbMsg(EsbPackService.java:165)
	at com.ods.service.EsbPackService.run(EsbPackService.java:91)
Caused by: java.lang.NullPointerException
	at com.ods.service.EsbPackService.packRspBody(EsbPackService.java:353)
	... 2 more
[2017-10-13 16:47:36,829][EsbPackService-1]com.ods.service.EsbPackService[158][DEBUG]: 201710131647340000000002组织 SysHhead 完成,共3步,当前完成第1步
[2017-10-13 16:47:36,831][EsbPackService-1]com.ods.service.EsbPackService[162][DEBUG]: 201710131647340000000002组织 AppHead 完成,共3步,当前完成第2步
[2017-10-13 16:48:01,209][EsbPackService-1]com.ods.service.EsbPackService[349][DEBUG]: test流水号201710131647340000000002获取交易配置完成
[2017-10-13 16:54:01,987][EsbPackService-1]com.ods.service.EsbPackService[349][DEBUG]: test流水号201710131647340000000002获取交易配置完成
[2017-10-13 16:54:02,169][EsbPackService-1]com.ods.service.EsbPackService[?][ERROR]: 流水号201710131647340000000002 组包出现Exception异常:
java.lang.ClassCastException: java.math.BigDecimal cannot be cast to java.lang.String
	at com.ods.service.EsbPackService.packRspBody(EsbPackService.java:365)
	at com.ods.service.EsbPackService.packEsbMsg(Unknown Source)
	at com.ods.service.EsbPackService.run(Unknown Source)
