[2017-10-13 16:11:16,127][main]com.ods.service.UnPackService[53][INFO ]: 服务初始化完成, 输入队列:[UnpackQueue] 输出队列:[TxnQueue]
[2017-10-13 16:11:16,153][main]com.ods.service.UnPackService[53][INFO ]: 服务初始化完成, 输入队列:[UnpackQueue] 输出队列:[TxnQueue]
[2017-10-13 16:11:16,163][main]com.ods.service.UnPackService[53][INFO ]: 服务初始化完成, 输入队列:[UnpackQueue] 输出队列:[TxnQueue]
[2017-10-13 16:11:16,167][main]com.ods.service.UnPackService[53][INFO ]: 服务初始化完成, 输入队列:[UnpackQueue] 输出队列:[TxnQueue]
[2017-10-13 16:11:16,172][main]com.ods.service.UnPackService[53][INFO ]: 服务初始化完成, 输入队列:[UnpackQueue] 输出队列:[TxnQueue]
[2017-10-13 16:46:27,559][UnPackService-2]com.ods.service.UnPackService[159][INFO ]: 201710131646270000000001 解包开始,待解析报文:<?xml version="1.0" encoding="UTF-8"?><soapenv:Envelope xmlns:soapenv="http://schemas.xmlsoap.org/soap/envelope/"  xmlns:s="http://esb.dcitsbiz.com/services/S030010001"> 	<soapenv:Header/>	<soapenv:Body>		<s:ReqS03001000101>			<s:ReqSysHead>				<s:SvcId>S030010001</s:SvcId>				<s:SvcScn>01</s:SvcScn>				<s:MAC>8888888888888888888</s:MAC> 				<s:SvcSplrTxnCd>test</s:SvcSplrTxnCd>				<s:CnsmrSysId>TESTTEST</s:CnsmrSysId>				<s:TxnDt>2017-08-24</s:TxnDt>				<s:TxnTm>15:00</s:TxnTm>				<s:CnsmrSeqNo>99999999</s:CnsmrSeqNo>				<s:OrigCnsmrSeqNo>12423543654766576879</s:OrigCnsmrSeqNo>				<s:OrigCnsmrId>1004</s:OrigCnsmrId>			</s:ReqSysHead>			<s:ReqAppHead>				<s:TxnTlrId>12312453456</s:TxnTlrId>			</s:ReqAppHead>			<s:ReqLocalHead>			</s:ReqLocalHead>			<s:ReqBody>				<s:AcctId>1234567890</s:AcctId>				<s:StartDt>20170502</s:StartDt>				<s:EndDt>20170805</s:EndDt>				<s:PageSize>60</s:PageSize>			</s:ReqBody>		</s:ReqS03001000101>	</soapenv:Body></soapenv:Envelope>
[2017-10-13 16:46:27,559][UnPackService-2]com.ods.service.UnPackService[177][INFO ]: 开始解析 ReqSysHead, 包含字段:SvcId,SvcScn,SvcSpltTxnCd,SvcCstTxnCd,MAC,CnsmrSysId,TxnDt,TxnTm,AcgDt,CnsmrSeqNo,TxnChnlTp,ChnlNo,TxnTmlId,CnsmrsvrId,OrigCnsmrSeqNo,OrigCnsmrId,OrigtmlId,OrigcnsmrsveId,UsrLng,Fileflg,
[2017-10-13 16:46:27,680][UnPackService-2]com.ods.service.UnPackService[205][INFO ]: 流水号 201710131646270000000001 中解析出 ReqSysHead.SvcId 为 [S030010001]
[2017-10-13 16:46:27,681][UnPackService-2]com.ods.service.UnPackService[218][DEBUG]: 获取完成ReqSysHead.SvcId
[2017-10-13 16:46:27,681][UnPackService-2]com.ods.service.UnPackService[205][INFO ]: 流水号 201710131646270000000001 中解析出 ReqSysHead.SvcScn 为 [01]
[2017-10-13 16:46:27,681][UnPackService-2]com.ods.service.UnPackService[218][DEBUG]: 获取完成ReqSysHead.SvcScn
[2017-10-13 16:46:27,682][UnPackService-2]com.ods.service.UnPackService[218][DEBUG]: 获取完成ReqSysHead.SvcSpltTxnCd
[2017-10-13 16:46:27,683][UnPackService-2]com.ods.service.UnPackService[218][DEBUG]: 获取完成ReqSysHead.SvcCstTxnCd
[2017-10-13 16:46:27,683][UnPackService-2]com.ods.service.UnPackService[205][INFO ]: 流水号 201710131646270000000001 中解析出 ReqSysHead.MAC 为 [8888888888888888888]
[2017-10-13 16:46:27,683][UnPackService-2]com.ods.service.UnPackService[218][DEBUG]: 获取完成ReqSysHead.MAC
[2017-10-13 16:46:27,684][UnPackService-2]com.ods.service.UnPackService[205][INFO ]: 流水号 201710131646270000000001 中解析出 ReqSysHead.CnsmrSysId 为 [TESTTEST]
[2017-10-13 16:46:27,684][UnPackService-2]com.ods.service.UnPackService[218][DEBUG]: 获取完成ReqSysHead.CnsmrSysId
[2017-10-13 16:46:27,685][UnPackService-2]com.ods.service.UnPackService[205][INFO ]: 流水号 201710131646270000000001 中解析出 ReqSysHead.TxnDt 为 [2017-08-24]
[2017-10-13 16:46:27,685][UnPackService-2]com.ods.service.UnPackService[218][DEBUG]: 获取完成ReqSysHead.TxnDt
[2017-10-13 16:46:27,686][UnPackService-2]com.ods.service.UnPackService[205][INFO ]: 流水号 201710131646270000000001 中解析出 ReqSysHead.TxnTm 为 [15:00]
[2017-10-13 16:46:27,686][UnPackService-2]com.ods.service.UnPackService[218][DEBUG]: 获取完成ReqSysHead.TxnTm
[2017-10-13 16:46:27,686][UnPackService-2]com.ods.service.UnPackService[218][DEBUG]: 获取完成ReqSysHead.AcgDt
[2017-10-13 16:46:27,687][UnPackService-2]com.ods.service.UnPackService[205][INFO ]: 流水号 201710131646270000000001 中解析出 ReqSysHead.CnsmrSeqNo 为 [99999999]
[2017-10-13 16:46:27,687][UnPackService-2]com.ods.service.UnPackService[218][DEBUG]: 获取完成ReqSysHead.CnsmrSeqNo
[2017-10-13 16:46:27,688][UnPackService-2]com.ods.service.UnPackService[218][DEBUG]: 获取完成ReqSysHead.TxnChnlTp
[2017-10-13 16:46:27,688][UnPackService-2]com.ods.service.UnPackService[218][DEBUG]: 获取完成ReqSysHead.ChnlNo
[2017-10-13 16:46:27,689][UnPackService-2]com.ods.service.UnPackService[218][DEBUG]: 获取完成ReqSysHead.TxnTmlId
[2017-10-13 16:46:27,689][UnPackService-2]com.ods.service.UnPackService[218][DEBUG]: 获取完成ReqSysHead.CnsmrsvrId
[2017-10-13 16:46:27,690][UnPackService-2]com.ods.service.UnPackService[205][INFO ]: 流水号 201710131646270000000001 中解析出 ReqSysHead.OrigCnsmrSeqNo 为 [12423543654766576879]
[2017-10-13 16:46:27,690][UnPackService-2]com.ods.service.UnPackService[218][DEBUG]: 获取完成ReqSysHead.OrigCnsmrSeqNo
[2017-10-13 16:46:27,691][UnPackService-2]com.ods.service.UnPackService[205][INFO ]: 流水号 201710131646270000000001 中解析出 ReqSysHead.OrigCnsmrId 为 [1004]
[2017-10-13 16:46:27,691][UnPackService-2]com.ods.service.UnPackService[218][DEBUG]: 获取完成ReqSysHead.OrigCnsmrId
[2017-10-13 16:46:27,692][UnPackService-2]com.ods.service.UnPackService[218][DEBUG]: 获取完成ReqSysHead.OrigtmlId
[2017-10-13 16:46:27,692][UnPackService-2]com.ods.service.UnPackService[218][DEBUG]: 获取完成ReqSysHead.OrigcnsmrsveId
[2017-10-13 16:46:27,692][UnPackService-2]com.ods.service.UnPackService[218][DEBUG]: 获取完成ReqSysHead.UsrLng
[2017-10-13 16:46:27,693][UnPackService-2]com.ods.service.UnPackService[218][DEBUG]: 获取完成ReqSysHead.Fileflg
[2017-10-13 16:46:27,693][UnPackService-2]com.ods.service.UnPackService[177][INFO ]: 开始解析 ReqAppHead, 包含字段:TxnTlrId,OrgId,TlrPwsd,TlrLvl,TlrTp,aprvFlg,AprvTlrInf,AprvTlrId,AprvOrgId,AprvTlrLvl,AprvTlrTp,Ahrflg,AhrTlrInf,AhrTlrId,AhrOrgId,AhrtlrPswd,AhrTlrLvl,AhrTlrTp,Scndflg,
[2017-10-13 16:46:27,693][UnPackService-2]com.ods.service.UnPackService[205][INFO ]: 流水号 201710131646270000000001 中解析出 ReqAppHead.TxnTlrId 为 [12312453456]
[2017-10-13 16:46:27,693][UnPackService-2]com.ods.service.UnPackService[218][DEBUG]: 获取完成ReqAppHead.TxnTlrId
[2017-10-13 16:46:27,693][UnPackService-2]com.ods.service.UnPackService[218][DEBUG]: 获取完成ReqAppHead.OrgId
[2017-10-13 16:46:27,694][UnPackService-2]com.ods.service.UnPackService[218][DEBUG]: 获取完成ReqAppHead.TlrPwsd
[2017-10-13 16:46:27,694][UnPackService-2]com.ods.service.UnPackService[218][DEBUG]: 获取完成ReqAppHead.TlrLvl
[2017-10-13 16:46:27,694][UnPackService-2]com.ods.service.UnPackService[218][DEBUG]: 获取完成ReqAppHead.TlrTp
[2017-10-13 16:46:27,695][UnPackService-2]com.ods.service.UnPackService[218][DEBUG]: 获取完成ReqAppHead.aprvFlg
[2017-10-13 16:46:27,695][UnPackService-2]com.ods.service.UnPackService[218][DEBUG]: 获取完成ReqAppHead.AprvTlrInf
[2017-10-13 16:46:27,695][UnPackService-2]com.ods.service.UnPackService[218][DEBUG]: 获取完成ReqAppHead.AprvTlrId
[2017-10-13 16:46:27,695][UnPackService-2]com.ods.service.UnPackService[218][DEBUG]: 获取完成ReqAppHead.AprvOrgId
[2017-10-13 16:46:27,696][UnPackService-2]com.ods.service.UnPackService[218][DEBUG]: 获取完成ReqAppHead.AprvTlrLvl
[2017-10-13 16:46:27,697][UnPackService-2]com.ods.service.UnPackService[218][DEBUG]: 获取完成ReqAppHead.AprvTlrTp
[2017-10-13 16:46:27,697][UnPackService-2]com.ods.service.UnPackService[218][DEBUG]: 获取完成ReqAppHead.Ahrflg
[2017-10-13 16:46:27,698][UnPackService-2]com.ods.service.UnPackService[218][DEBUG]: 获取完成ReqAppHead.AhrTlrInf
[2017-10-13 16:46:27,698][UnPackService-2]com.ods.service.UnPackService[218][DEBUG]: 获取完成ReqAppHead.AhrTlrId
[2017-10-13 16:46:27,698][UnPackService-2]com.ods.service.UnPackService[218][DEBUG]: 获取完成ReqAppHead.AhrOrgId
[2017-10-13 16:46:27,699][UnPackService-2]com.ods.service.UnPackService[218][DEBUG]: 获取完成ReqAppHead.AhrtlrPswd
[2017-10-13 16:46:27,699][UnPackService-2]com.ods.service.UnPackService[218][DEBUG]: 获取完成ReqAppHead.AhrTlrLvl
[2017-10-13 16:46:27,700][UnPackService-2]com.ods.service.UnPackService[218][DEBUG]: 获取完成ReqAppHead.AhrTlrTp
[2017-10-13 16:46:27,700][UnPackService-2]com.ods.service.UnPackService[218][DEBUG]: 获取完成ReqAppHead.Scndflg
[2017-10-13 16:46:27,700][UnPackService-2]com.ods.service.UnPackService[172][WARN ]: ReqLocalHead节点对应字段为空或未配置[],跳过对ReqLocalHead的解析
[2017-10-13 16:46:27,700][UnPackService-2]com.ods.service.UnPackService[172][WARN ]: ReqBody节点对应字段为空或未配置[],跳过对ReqBody的解析
[2017-10-13 16:46:27,700][UnPackService-2]com.ods.service.UnPackService[234][INFO ]: 201710131646270000000001 交易代号为: test
[2017-10-13 16:46:27,701][UnPackService-2]com.ods.service.UnPackService[259][INFO ]: 201710131646270000000001解包完成
[2017-10-13 16:47:27,294][pool-1-thread-1]com.ods.common.PackEsbFailMsg[179][INFO ]: esbpack.properties未加载,重新加载
[2017-10-13 16:47:27,316][pool-1-thread-1]com.ods.common.PackEsbFailMsg[210][INFO ]: ReqSysHead.SvcId:[soapenv:Envelope/soapenv:Body/s:ReqS03001000101/s:ReqSysHead/s:SvcId]
[2017-10-13 16:47:27,317][pool-1-thread-1]com.ods.common.PackEsbFailMsg[214][INFO ]: ReqSysHead.SvcId:[S030010001]
[2017-10-13 16:47:27,320][pool-1-thread-1]com.ods.common.PackEsbFailMsg[210][INFO ]: ReqSysHead.SvcScn:[soapenv:Envelope/soapenv:Body/s:ReqS03001000101/s:ReqSysHead/s:SvcScn]
[2017-10-13 16:47:27,321][pool-1-thread-1]com.ods.common.PackEsbFailMsg[214][INFO ]: ReqSysHead.SvcScn:[01]
[2017-10-13 16:47:27,323][pool-1-thread-1]com.ods.common.PackEsbFailMsg[210][INFO ]: ReqSysHead.SvcSpltTxnCd:[soapenv:Envelope/soapenv:Body/s:ReqS03001000101/s:ReqSysHead/s:SvcSpltTxnCd]
[2017-10-13 16:47:27,327][pool-1-thread-1]com.ods.common.PackEsbFailMsg[210][INFO ]: ReqSysHead.SvcCstTxnCd:[soapenv:Envelope/soapenv:Body/s:ReqS03001000101/s:ReqSysHead/s:SvcCstTxnCd]
[2017-10-13 16:47:27,329][pool-1-thread-1]com.ods.common.PackEsbFailMsg[210][INFO ]: ReqSysHead.MAC:[soapenv:Envelope/soapenv:Body/s:ReqS03001000101/s:ReqSysHead/s:MAC]
[2017-10-13 16:47:27,330][pool-1-thread-1]com.ods.common.PackEsbFailMsg[214][INFO ]: ReqSysHead.MAC:[8888888888888888888]
[2017-10-13 16:47:27,331][pool-1-thread-1]com.ods.common.PackEsbFailMsg[210][INFO ]: ReqSysHead.CnsmrSysId:[soapenv:Envelope/soapenv:Body/s:ReqS03001000101/s:ReqSysHead/s:CnsmrSysId]
[2017-10-13 16:47:27,332][pool-1-thread-1]com.ods.common.PackEsbFailMsg[214][INFO ]: ReqSysHead.CnsmrSysId:[TESTTEST]
[2017-10-13 16:47:27,333][pool-1-thread-1]com.ods.common.PackEsbFailMsg[210][INFO ]: ReqSysHead.TxnDt:[soapenv:Envelope/soapenv:Body/s:ReqS03001000101/s:ReqSysHead/s:TxnDt]
[2017-10-13 16:47:27,335][pool-1-thread-1]com.ods.common.PackEsbFailMsg[214][INFO ]: ReqSysHead.TxnDt:[2017-08-24]
[2017-10-13 16:47:27,338][pool-1-thread-1]com.ods.common.PackEsbFailMsg[210][INFO ]: ReqSysHead.TxnTm:[soapenv:Envelope/soapenv:Body/s:ReqS03001000101/s:ReqSysHead/s:TxnTm]
[2017-10-13 16:47:27,339][pool-1-thread-1]com.ods.common.PackEsbFailMsg[214][INFO ]: ReqSysHead.TxnTm:[15:00]
[2017-10-13 16:47:27,349][pool-1-thread-1]com.ods.common.PackEsbFailMsg[210][INFO ]: ReqSysHead.AcgDt:[soapenv:Envelope/soapenv:Body/s:ReqS03001000101/s:ReqSysHead/s:AcgDt]
[2017-10-13 16:47:27,351][pool-1-thread-1]com.ods.common.PackEsbFailMsg[210][INFO ]: ReqSysHead.CnsmrSeqNo:[soapenv:Envelope/soapenv:Body/s:ReqS03001000101/s:ReqSysHead/s:CnsmrSeqNo]
[2017-10-13 16:47:27,351][pool-1-thread-1]com.ods.common.PackEsbFailMsg[214][INFO ]: ReqSysHead.CnsmrSeqNo:[99999999]
[2017-10-13 16:47:27,352][pool-1-thread-1]com.ods.common.PackEsbFailMsg[210][INFO ]: ReqSysHead.TxnChnlTp:[soapenv:Envelope/soapenv:Body/s:ReqS03001000101/s:ReqSysHead/s:TxnChnlTp]
[2017-10-13 16:47:27,353][pool-1-thread-1]com.ods.common.PackEsbFailMsg[210][INFO ]: ReqSysHead.ChnlNo:[soapenv:Envelope/soapenv:Body/s:ReqS03001000101/s:ReqSysHead/s:ChnlNo]
[2017-10-13 16:47:27,354][pool-1-thread-1]com.ods.common.PackEsbFailMsg[210][INFO ]: ReqSysHead.TxnTmlId:[soapenv:Envelope/soapenv:Body/s:ReqS03001000101/s:ReqSysHead/s:TxnTmlId]
[2017-10-13 16:47:27,354][pool-1-thread-1]com.ods.common.PackEsbFailMsg[210][INFO ]: ReqSysHead.CnsmrsvrId:[soapenv:Envelope/soapenv:Body/s:ReqS03001000101/s:ReqSysHead/s:CnsmrsvrId]
[2017-10-13 16:47:27,355][pool-1-thread-1]com.ods.common.PackEsbFailMsg[210][INFO ]: ReqSysHead.OrigCnsmrSeqNo:[soapenv:Envelope/soapenv:Body/s:ReqS03001000101/s:ReqSysHead/s:OrigCnsmrSeqNo]
[2017-10-13 16:47:27,355][pool-1-thread-1]com.ods.common.PackEsbFailMsg[214][INFO ]: ReqSysHead.OrigCnsmrSeqNo:[12423543654766576879]
[2017-10-13 16:47:27,356][pool-1-thread-1]com.ods.common.PackEsbFailMsg[210][INFO ]: ReqSysHead.OrigCnsmrId:[soapenv:Envelope/soapenv:Body/s:ReqS03001000101/s:ReqSysHead/s:OrigCnsmrId]
[2017-10-13 16:47:27,357][pool-1-thread-1]com.ods.common.PackEsbFailMsg[214][INFO ]: ReqSysHead.OrigCnsmrId:[1004]
[2017-10-13 16:47:27,357][pool-1-thread-1]com.ods.common.PackEsbFailMsg[210][INFO ]: ReqSysHead.OrigtmlId:[soapenv:Envelope/soapenv:Body/s:ReqS03001000101/s:ReqSysHead/s:OrigtmlId]
[2017-10-13 16:47:27,357][pool-1-thread-1]com.ods.common.PackEsbFailMsg[210][INFO ]: ReqSysHead.OrigcnsmrsveId:[soapenv:Envelope/soapenv:Body/s:ReqS03001000101/s:ReqSysHead/s:OrigcnsmrsveId]
[2017-10-13 16:47:27,358][pool-1-thread-1]com.ods.common.PackEsbFailMsg[210][INFO ]: ReqSysHead.UsrLng:[soapenv:Envelope/soapenv:Body/s:ReqS03001000101/s:ReqSysHead/s:UsrLng]
[2017-10-13 16:47:27,359][pool-1-thread-1]com.ods.common.PackEsbFailMsg[210][INFO ]: ReqSysHead.Fileflg:[soapenv:Envelope/soapenv:Body/s:ReqS03001000101/s:ReqSysHead/s:Fileflg]
[2017-10-13 16:47:27,373][pool-1-thread-1]com.ods.common.PackEsbFailMsg[68][DEBUG]:   <soapeng:Envlope><soapenv:Header/><soapenv:Body><s:RspS03001000101><s:ReqSysHead><SvcId>S030010001</SvcId><SvcScn>01</SvcScn><SvcSpltTxnCd></SvcSpltTxnCd><SvcCstTxnCd></SvcCstTxnCd><MAC>8888888888888888888</MAC><CnsmrSysId>TESTTEST</CnsmrSysId><Vrsn></Vrsn><CnsmrSeqNo></CnsmrSeqNo><SvcSplrSysId></SvcSplrSysId><SvcSplrSeqNo>201710131646270000000001</SvcSplrSeqNo><TxnDt>2017-08-24</TxnDt><TxnTm>15:00</TxnTm><AcgDt></AcgDt><SvcSplrSvrId></SvcSplrSvrId><TxnChnlTp></TxnChnlTp><ChnlNo></ChnlNo><TxnTmlId></TxnTmlId><OrigCnsmrId></OrigCnsmrId><OrigCnsmrSeqNo>12423543654766576879</OrigCnsmrSeqNo><OrigtmlId></OrigtmlId><OrigcnsmrsveId></OrigcnsmrsveId><UsrLng></UsrLng><Fileflg></Fileflg><TxnSt>F</TxnSt><RetCd>TimeOut</RetCd><RetMsg>交易超时</RetMsg></s:ReqSysHead></s:RspS03001000101></soapenv:Body></soapeng:Envlope>

[2017-10-13 16:47:34,449][UnPackService-1]com.ods.service.UnPackService[159][INFO ]: 201710131647340000000002 解包开始,待解析报文:<?xml version="1.0" encoding="UTF-8"?><soapenv:Envelope xmlns:soapenv="http://schemas.xmlsoap.org/soap/envelope/"  xmlns:s="http://esb.dcitsbiz.com/services/S030010001"> 	<soapenv:Header/>	<soapenv:Body>		<s:ReqS03001000101>			<s:ReqSysHead>				<s:SvcId>S030010001</s:SvcId>				<s:SvcScn>01</s:SvcScn>				<s:MAC>8888888888888888888</s:MAC> 				<s:SvcSplrTxnCd>test</s:SvcSplrTxnCd>				<s:CnsmrSysId>TESTTEST</s:CnsmrSysId>				<s:TxnDt>2017-08-24</s:TxnDt>				<s:TxnTm>15:00</s:TxnTm>				<s:CnsmrSeqNo>99999999</s:CnsmrSeqNo>				<s:OrigCnsmrSeqNo>12423543654766576879</s:OrigCnsmrSeqNo>				<s:OrigCnsmrId>1004</s:OrigCnsmrId>			</s:ReqSysHead>			<s:ReqAppHead>				<s:TxnTlrId>12312453456</s:TxnTlrId>			</s:ReqAppHead>			<s:ReqLocalHead>			</s:ReqLocalHead>			<s:ReqBody>				<s:AcctId>1234567890</s:AcctId>				<s:StartDt>20170502</s:StartDt>				<s:EndDt>20170805</s:EndDt>				<s:PageSize>60</s:PageSize>			</s:ReqBody>		</s:ReqS03001000101>	</soapenv:Body></soapenv:Envelope>
[2017-10-13 16:47:34,450][UnPackService-1]com.ods.service.UnPackService[177][INFO ]: 开始解析 ReqSysHead, 包含字段:SvcId,SvcScn,SvcSpltTxnCd,SvcCstTxnCd,MAC,CnsmrSysId,TxnDt,TxnTm,AcgDt,CnsmrSeqNo,TxnChnlTp,ChnlNo,TxnTmlId,CnsmrsvrId,OrigCnsmrSeqNo,OrigCnsmrId,OrigtmlId,OrigcnsmrsveId,UsrLng,Fileflg,
[2017-10-13 16:47:34,453][UnPackService-1]com.ods.service.UnPackService[205][INFO ]: 流水号 201710131647340000000002 中解析出 ReqSysHead.SvcId 为 [S030010001]
[2017-10-13 16:47:34,453][UnPackService-1]com.ods.service.UnPackService[218][DEBUG]: 获取完成ReqSysHead.SvcId
[2017-10-13 16:47:34,454][UnPackService-1]com.ods.service.UnPackService[205][INFO ]: 流水号 201710131647340000000002 中解析出 ReqSysHead.SvcScn 为 [01]
[2017-10-13 16:47:34,455][UnPackService-1]com.ods.service.UnPackService[218][DEBUG]: 获取完成ReqSysHead.SvcScn
[2017-10-13 16:47:34,457][UnPackService-1]com.ods.service.UnPackService[218][DEBUG]: 获取完成ReqSysHead.SvcSpltTxnCd
[2017-10-13 16:47:34,458][UnPackService-1]com.ods.service.UnPackService[218][DEBUG]: 获取完成ReqSysHead.SvcCstTxnCd
[2017-10-13 16:47:34,459][UnPackService-1]com.ods.service.UnPackService[205][INFO ]: 流水号 201710131647340000000002 中解析出 ReqSysHead.MAC 为 [8888888888888888888]
[2017-10-13 16:47:34,460][UnPackService-1]com.ods.service.UnPackService[218][DEBUG]: 获取完成ReqSysHead.MAC
[2017-10-13 16:47:34,462][UnPackService-1]com.ods.service.UnPackService[205][INFO ]: 流水号 201710131647340000000002 中解析出 ReqSysHead.CnsmrSysId 为 [TESTTEST]
[2017-10-13 16:47:34,462][UnPackService-1]com.ods.service.UnPackService[218][DEBUG]: 获取完成ReqSysHead.CnsmrSysId
[2017-10-13 16:47:34,463][UnPackService-1]com.ods.service.UnPackService[205][INFO ]: 流水号 201710131647340000000002 中解析出 ReqSysHead.TxnDt 为 [2017-08-24]
[2017-10-13 16:47:34,465][UnPackService-1]com.ods.service.UnPackService[218][DEBUG]: 获取完成ReqSysHead.TxnDt
[2017-10-13 16:47:34,466][UnPackService-1]com.ods.service.UnPackService[205][INFO ]: 流水号 201710131647340000000002 中解析出 ReqSysHead.TxnTm 为 [15:00]
[2017-10-13 16:47:34,466][UnPackService-1]com.ods.service.UnPackService[218][DEBUG]: 获取完成ReqSysHead.TxnTm
[2017-10-13 16:47:34,467][UnPackService-1]com.ods.service.UnPackService[218][DEBUG]: 获取完成ReqSysHead.AcgDt
[2017-10-13 16:47:34,468][UnPackService-1]com.ods.service.UnPackService[205][INFO ]: 流水号 201710131647340000000002 中解析出 ReqSysHead.CnsmrSeqNo 为 [99999999]
[2017-10-13 16:47:34,468][UnPackService-1]com.ods.service.UnPackService[218][DEBUG]: 获取完成ReqSysHead.CnsmrSeqNo
[2017-10-13 16:47:34,469][UnPackService-1]com.ods.service.UnPackService[218][DEBUG]: 获取完成ReqSysHead.TxnChnlTp
[2017-10-13 16:47:34,469][UnPackService-1]com.ods.service.UnPackService[218][DEBUG]: 获取完成ReqSysHead.ChnlNo
[2017-10-13 16:47:34,471][UnPackService-1]com.ods.service.UnPackService[218][DEBUG]: 获取完成ReqSysHead.TxnTmlId
[2017-10-13 16:47:34,472][UnPackService-1]com.ods.service.UnPackService[218][DEBUG]: 获取完成ReqSysHead.CnsmrsvrId
[2017-10-13 16:47:34,472][UnPackService-1]com.ods.service.UnPackService[205][INFO ]: 流水号 201710131647340000000002 中解析出 ReqSysHead.OrigCnsmrSeqNo 为 [12423543654766576879]
[2017-10-13 16:47:34,473][UnPackService-1]com.ods.service.UnPackService[218][DEBUG]: 获取完成ReqSysHead.OrigCnsmrSeqNo
[2017-10-13 16:47:34,474][UnPackService-1]com.ods.service.UnPackService[205][INFO ]: 流水号 201710131647340000000002 中解析出 ReqSysHead.OrigCnsmrId 为 [1004]
[2017-10-13 16:47:34,475][UnPackService-1]com.ods.service.UnPackService[218][DEBUG]: 获取完成ReqSysHead.OrigCnsmrId
[2017-10-13 16:47:34,475][UnPackService-1]com.ods.service.UnPackService[218][DEBUG]: 获取完成ReqSysHead.OrigtmlId
[2017-10-13 16:47:34,476][UnPackService-1]com.ods.service.UnPackService[218][DEBUG]: 获取完成ReqSysHead.OrigcnsmrsveId
[2017-10-13 16:47:34,477][UnPackService-1]com.ods.service.UnPackService[218][DEBUG]: 获取完成ReqSysHead.UsrLng
[2017-10-13 16:47:34,477][UnPackService-1]com.ods.service.UnPackService[218][DEBUG]: 获取完成ReqSysHead.Fileflg
[2017-10-13 16:47:34,477][UnPackService-1]com.ods.service.UnPackService[177][INFO ]: 开始解析 ReqAppHead, 包含字段:TxnTlrId,OrgId,TlrPwsd,TlrLvl,TlrTp,aprvFlg,AprvTlrInf,AprvTlrId,AprvOrgId,AprvTlrLvl,AprvTlrTp,Ahrflg,AhrTlrInf,AhrTlrId,AhrOrgId,AhrtlrPswd,AhrTlrLvl,AhrTlrTp,Scndflg,
[2017-10-13 16:47:34,478][UnPackService-1]com.ods.service.UnPackService[205][INFO ]: 流水号 201710131647340000000002 中解析出 ReqAppHead.TxnTlrId 为 [12312453456]
[2017-10-13 16:47:34,480][UnPackService-1]com.ods.service.UnPackService[218][DEBUG]: 获取完成ReqAppHead.TxnTlrId
[2017-10-13 16:47:34,480][UnPackService-1]com.ods.service.UnPackService[218][DEBUG]: 获取完成ReqAppHead.OrgId
[2017-10-13 16:47:34,482][UnPackService-1]com.ods.service.UnPackService[218][DEBUG]: 获取完成ReqAppHead.TlrPwsd
[2017-10-13 16:47:34,483][UnPackService-1]com.ods.service.UnPackService[218][DEBUG]: 获取完成ReqAppHead.TlrLvl
[2017-10-13 16:47:34,484][UnPackService-1]com.ods.service.UnPackService[218][DEBUG]: 获取完成ReqAppHead.TlrTp
[2017-10-13 16:47:34,486][UnPackService-1]com.ods.service.UnPackService[218][DEBUG]: 获取完成ReqAppHead.aprvFlg
[2017-10-13 16:47:34,487][UnPackService-1]com.ods.service.UnPackService[218][DEBUG]: 获取完成ReqAppHead.AprvTlrInf
[2017-10-13 16:47:34,488][UnPackService-1]com.ods.service.UnPackService[218][DEBUG]: 获取完成ReqAppHead.AprvTlrId
[2017-10-13 16:47:34,489][UnPackService-1]com.ods.service.UnPackService[218][DEBUG]: 获取完成ReqAppHead.AprvOrgId
[2017-10-13 16:47:34,490][UnPackService-1]com.ods.service.UnPackService[218][DEBUG]: 获取完成ReqAppHead.AprvTlrLvl
[2017-10-13 16:47:34,491][UnPackService-1]com.ods.service.UnPackService[218][DEBUG]: 获取完成ReqAppHead.AprvTlrTp
[2017-10-13 16:47:34,492][UnPackService-1]com.ods.service.UnPackService[218][DEBUG]: 获取完成ReqAppHead.Ahrflg
[2017-10-13 16:47:34,492][UnPackService-1]com.ods.service.UnPackService[218][DEBUG]: 获取完成ReqAppHead.AhrTlrInf
[2017-10-13 16:47:34,493][UnPackService-1]com.ods.service.UnPackService[218][DEBUG]: 获取完成ReqAppHead.AhrTlrId
[2017-10-13 16:47:34,493][UnPackService-1]com.ods.service.UnPackService[218][DEBUG]: 获取完成ReqAppHead.AhrOrgId
[2017-10-13 16:47:34,494][UnPackService-1]com.ods.service.UnPackService[218][DEBUG]: 获取完成ReqAppHead.AhrtlrPswd
[2017-10-13 16:47:34,494][UnPackService-1]com.ods.service.UnPackService[218][DEBUG]: 获取完成ReqAppHead.AhrTlrLvl
[2017-10-13 16:47:34,495][UnPackService-1]com.ods.service.UnPackService[218][DEBUG]: 获取完成ReqAppHead.AhrTlrTp
[2017-10-13 16:47:34,495][UnPackService-1]com.ods.service.UnPackService[218][DEBUG]: 获取完成ReqAppHead.Scndflg
[2017-10-13 16:47:34,495][UnPackService-1]com.ods.service.UnPackService[172][WARN ]: ReqLocalHead节点对应字段为空或未配置[],跳过对ReqLocalHead的解析
[2017-10-13 16:47:34,495][UnPackService-1]com.ods.service.UnPackService[172][WARN ]: ReqBody节点对应字段为空或未配置[],跳过对ReqBody的解析
[2017-10-13 16:47:34,496][UnPackService-1]com.ods.service.UnPackService[234][INFO ]: 201710131647340000000002 交易代号为: test
[2017-10-13 16:47:34,496][UnPackService-1]com.ods.service.UnPackService[259][INFO ]: 201710131647340000000002解包完成
[2017-10-13 16:48:34,407][pool-1-thread-1]com.ods.common.PackEsbFailMsg[210][INFO ]: ReqSysHead.SvcId:[soapenv:Envelope/soapenv:Body/s:ReqS03001000101/s:ReqSysHead/s:SvcId]
[2017-10-13 16:48:34,409][pool-1-thread-1]com.ods.common.PackEsbFailMsg[214][INFO ]: ReqSysHead.SvcId:[S030010001]
[2017-10-13 16:48:34,411][pool-1-thread-1]com.ods.common.PackEsbFailMsg[210][INFO ]: ReqSysHead.SvcScn:[soapenv:Envelope/soapenv:Body/s:ReqS03001000101/s:ReqSysHead/s:SvcScn]
[2017-10-13 16:48:34,411][pool-1-thread-1]com.ods.common.PackEsbFailMsg[214][INFO ]: ReqSysHead.SvcScn:[01]
[2017-10-13 16:48:34,412][pool-1-thread-1]com.ods.common.PackEsbFailMsg[210][INFO ]: ReqSysHead.SvcSpltTxnCd:[soapenv:Envelope/soapenv:Body/s:ReqS03001000101/s:ReqSysHead/s:SvcSpltTxnCd]
[2017-10-13 16:48:34,413][pool-1-thread-1]com.ods.common.PackEsbFailMsg[210][INFO ]: ReqSysHead.SvcCstTxnCd:[soapenv:Envelope/soapenv:Body/s:ReqS03001000101/s:ReqSysHead/s:SvcCstTxnCd]
[2017-10-13 16:48:34,414][pool-1-thread-1]com.ods.common.PackEsbFailMsg[210][INFO ]: ReqSysHead.MAC:[soapenv:Envelope/soapenv:Body/s:ReqS03001000101/s:ReqSysHead/s:MAC]
[2017-10-13 16:48:34,415][pool-1-thread-1]com.ods.common.PackEsbFailMsg[214][INFO ]: ReqSysHead.MAC:[8888888888888888888]
[2017-10-13 16:48:34,419][pool-1-thread-1]com.ods.common.PackEsbFailMsg[210][INFO ]: ReqSysHead.CnsmrSysId:[soapenv:Envelope/soapenv:Body/s:ReqS03001000101/s:ReqSysHead/s:CnsmrSysId]
[2017-10-13 16:48:34,420][pool-1-thread-1]com.ods.common.PackEsbFailMsg[214][INFO ]: ReqSysHead.CnsmrSysId:[TESTTEST]
[2017-10-13 16:48:34,421][pool-1-thread-1]com.ods.common.PackEsbFailMsg[210][INFO ]: ReqSysHead.TxnDt:[soapenv:Envelope/soapenv:Body/s:ReqS03001000101/s:ReqSysHead/s:TxnDt]
[2017-10-13 16:48:34,422][pool-1-thread-1]com.ods.common.PackEsbFailMsg[214][INFO ]: ReqSysHead.TxnDt:[2017-08-24]
[2017-10-13 16:48:34,423][pool-1-thread-1]com.ods.common.PackEsbFailMsg[210][INFO ]: ReqSysHead.TxnTm:[soapenv:Envelope/soapenv:Body/s:ReqS03001000101/s:ReqSysHead/s:TxnTm]
[2017-10-13 16:48:34,424][pool-1-thread-1]com.ods.common.PackEsbFailMsg[214][INFO ]: ReqSysHead.TxnTm:[15:00]
[2017-10-13 16:48:34,425][pool-1-thread-1]com.ods.common.PackEsbFailMsg[210][INFO ]: ReqSysHead.AcgDt:[soapenv:Envelope/soapenv:Body/s:ReqS03001000101/s:ReqSysHead/s:AcgDt]
[2017-10-13 16:48:34,427][pool-1-thread-1]com.ods.common.PackEsbFailMsg[210][INFO ]: ReqSysHead.CnsmrSeqNo:[soapenv:Envelope/soapenv:Body/s:ReqS03001000101/s:ReqSysHead/s:CnsmrSeqNo]
[2017-10-13 16:48:34,428][pool-1-thread-1]com.ods.common.PackEsbFailMsg[214][INFO ]: ReqSysHead.CnsmrSeqNo:[99999999]
[2017-10-13 16:48:34,429][pool-1-thread-1]com.ods.common.PackEsbFailMsg[210][INFO ]: ReqSysHead.TxnChnlTp:[soapenv:Envelope/soapenv:Body/s:ReqS03001000101/s:ReqSysHead/s:TxnChnlTp]
[2017-10-13 16:48:34,430][pool-1-thread-1]com.ods.common.PackEsbFailMsg[210][INFO ]: ReqSysHead.ChnlNo:[soapenv:Envelope/soapenv:Body/s:ReqS03001000101/s:ReqSysHead/s:ChnlNo]
[2017-10-13 16:48:34,431][pool-1-thread-1]com.ods.common.PackEsbFailMsg[210][INFO ]: ReqSysHead.TxnTmlId:[soapenv:Envelope/soapenv:Body/s:ReqS03001000101/s:ReqSysHead/s:TxnTmlId]
[2017-10-13 16:48:34,440][pool-1-thread-1]com.ods.common.PackEsbFailMsg[210][INFO ]: ReqSysHead.CnsmrsvrId:[soapenv:Envelope/soapenv:Body/s:ReqS03001000101/s:ReqSysHead/s:CnsmrsvrId]
[2017-10-13 16:48:34,450][pool-1-thread-1]com.ods.common.PackEsbFailMsg[210][INFO ]: ReqSysHead.OrigCnsmrSeqNo:[soapenv:Envelope/soapenv:Body/s:ReqS03001000101/s:ReqSysHead/s:OrigCnsmrSeqNo]
[2017-10-13 16:48:34,453][pool-1-thread-1]com.ods.common.PackEsbFailMsg[214][INFO ]: ReqSysHead.OrigCnsmrSeqNo:[12423543654766576879]
[2017-10-13 16:48:34,454][pool-1-thread-1]com.ods.common.PackEsbFailMsg[210][INFO ]: ReqSysHead.OrigCnsmrId:[soapenv:Envelope/soapenv:Body/s:ReqS03001000101/s:ReqSysHead/s:OrigCnsmrId]
[2017-10-13 16:48:34,454][pool-1-thread-1]com.ods.common.PackEsbFailMsg[214][INFO ]: ReqSysHead.OrigCnsmrId:[1004]
[2017-10-13 16:48:34,455][pool-1-thread-1]com.ods.common.PackEsbFailMsg[210][INFO ]: ReqSysHead.OrigtmlId:[soapenv:Envelope/soapenv:Body/s:ReqS03001000101/s:ReqSysHead/s:OrigtmlId]
[2017-10-13 16:48:34,456][pool-1-thread-1]com.ods.common.PackEsbFailMsg[210][INFO ]: ReqSysHead.OrigcnsmrsveId:[soapenv:Envelope/soapenv:Body/s:ReqS03001000101/s:ReqSysHead/s:OrigcnsmrsveId]
[2017-10-13 16:48:34,456][pool-1-thread-1]com.ods.common.PackEsbFailMsg[210][INFO ]: ReqSysHead.UsrLng:[soapenv:Envelope/soapenv:Body/s:ReqS03001000101/s:ReqSysHead/s:UsrLng]
[2017-10-13 16:48:34,457][pool-1-thread-1]com.ods.common.PackEsbFailMsg[210][INFO ]: ReqSysHead.Fileflg:[soapenv:Envelope/soapenv:Body/s:ReqS03001000101/s:ReqSysHead/s:Fileflg]
[2017-10-13 16:48:34,464][pool-1-thread-1]com.ods.common.PackEsbFailMsg[68][DEBUG]:   <soapeng:Envlope><soapenv:Header/><soapenv:Body><s:RspS03001000101><s:ReqSysHead><SvcId>S030010001</SvcId><SvcScn>01</SvcScn><SvcSpltTxnCd></SvcSpltTxnCd><SvcCstTxnCd></SvcCstTxnCd><MAC>8888888888888888888</MAC><CnsmrSysId>TESTTEST</CnsmrSysId><Vrsn></Vrsn><CnsmrSeqNo></CnsmrSeqNo><SvcSplrSysId></SvcSplrSysId><SvcSplrSeqNo>201710131647340000000002</SvcSplrSeqNo><TxnDt>2017-08-24</TxnDt><TxnTm>15:00</TxnTm><AcgDt></AcgDt><SvcSplrSvrId></SvcSplrSvrId><TxnChnlTp></TxnChnlTp><ChnlNo></ChnlNo><TxnTmlId></TxnTmlId><OrigCnsmrId></OrigCnsmrId><OrigCnsmrSeqNo>12423543654766576879</OrigCnsmrSeqNo><OrigtmlId></OrigtmlId><OrigcnsmrsveId></OrigcnsmrsveId><UsrLng></UsrLng><Fileflg></Fileflg><TxnSt>F</TxnSt><RetCd>TimeOut</RetCd><RetMsg>交易超时</RetMsg></s:ReqSysHead></s:RspS03001000101></soapenv:Body></soapeng:Envlope>

