[2017-10-12 11:25:56,693][TxnService-2]com.ods.transaction.test[28][INFO ]: 
[2017-10-12 11:25:56,693][TxnService-2]com.ods.transaction.test[29][INFO ]: qwert
[2017-10-12 11:25:56,693][TxnService-2]com.ods.transaction.test[30][INFO ]: 
[2017-10-12 11:25:56,693][TxnService-2]com.ods.transaction.test[31][INFO ]: 19
[2017-10-12 11:25:56,693][TxnService-2]com.ods.transaction.test[28][INFO ]: 
[2017-10-12 11:25:56,693][TxnService-2]com.ods.transaction.test[29][INFO ]: asdfg
[2017-10-12 11:25:56,694][TxnService-2]com.ods.transaction.test[30][INFO ]: 
[2017-10-12 11:25:56,694][TxnService-2]com.ods.transaction.test[31][INFO ]: 19
[2017-10-12 11:25:56,694][TxnService-2]com.ods.transaction.test[28][INFO ]: 
[2017-10-12 11:25:56,694][TxnService-2]com.ods.transaction.test[29][INFO ]: tyuio
[2017-10-12 11:25:56,694][TxnService-2]com.ods.transaction.test[30][INFO ]: 
[2017-10-12 11:25:56,695][TxnService-2]com.ods.transaction.test[31][INFO ]: 19
[2017-10-12 11:25:56,695][TxnService-2]com.ods.transaction.test[28][INFO ]: 
[2017-10-12 11:25:56,695][TxnService-2]com.ods.transaction.test[29][INFO ]: oiuyt
[2017-10-12 11:25:56,695][TxnService-2]com.ods.transaction.test[30][INFO ]: 
[2017-10-12 11:25:56,695][TxnService-2]com.ods.transaction.test[31][INFO ]: 19
[2017-10-12 11:25:56,696][TxnService-2]com.ods.transaction.test[28][INFO ]: 
[2017-10-12 11:25:56,696][TxnService-2]com.ods.transaction.test[29][INFO ]: sddsgs
[2017-10-12 11:25:56,696][TxnService-2]com.ods.transaction.test[30][INFO ]: 
[2017-10-12 11:25:56,696][TxnService-2]com.ods.transaction.test[31][INFO ]: 19
[2017-10-12 11:25:56,697][TxnService-2]com.ods.transaction.test[28][INFO ]: 
[2017-10-12 11:25:56,697][TxnService-2]com.ods.transaction.test[29][INFO ]: zxcvb
[2017-10-12 11:25:56,697][TxnService-2]com.ods.transaction.test[30][INFO ]: 
[2017-10-12 11:25:56,697][TxnService-2]com.ods.transaction.test[31][INFO ]: 19
[2017-10-12 11:25:56,697][TxnService-2]com.ods.transaction.test[28][INFO ]: 
[2017-10-12 11:25:56,697][TxnService-2]com.ods.transaction.test[29][INFO ]: bnm,./
[2017-10-12 11:25:56,698][TxnService-2]com.ods.transaction.test[30][INFO ]: 
[2017-10-12 11:25:56,698][TxnService-2]com.ods.transaction.test[31][INFO ]: 19
[2017-10-12 11:25:56,698][TxnService-2]com.ods.transaction.test[28][INFO ]: 
[2017-10-12 11:25:56,698][TxnService-2]com.ods.transaction.test[29][INFO ]: poiut
[2017-10-12 11:25:56,698][TxnService-2]com.ods.transaction.test[30][INFO ]: 
[2017-10-12 11:25:56,699][TxnService-2]com.ods.transaction.test[31][INFO ]: 19
[2017-10-12 11:25:56,699][TxnService-2]com.ods.transaction.test[28][INFO ]: 
[2017-10-12 11:25:56,699][TxnService-2]com.ods.transaction.test[29][INFO ]: wewtwr
[2017-10-12 11:25:56,699][TxnService-2]com.ods.transaction.test[30][INFO ]: 
[2017-10-12 11:25:56,699][TxnService-2]com.ods.transaction.test[31][INFO ]: 19
[2017-10-12 11:25:56,699][TxnService-2]com.ods.transaction.test[28][INFO ]: 
[2017-10-12 11:25:56,700][TxnService-2]com.ods.transaction.test[29][INFO ]: rtyr
[2017-10-12 11:25:56,700][TxnService-2]com.ods.transaction.test[30][INFO ]: 
[2017-10-12 11:25:56,700][TxnService-2]com.ods.transaction.test[31][INFO ]: 19
[2017-10-12 11:25:56,700][TxnService-2]com.ods.transaction.test[28][INFO ]: 
[2017-10-12 11:25:56,700][TxnService-2]com.ods.transaction.test[29][INFO ]: eryey
[2017-10-12 11:25:56,700][TxnService-2]com.ods.transaction.test[30][INFO ]: 
[2017-10-12 11:25:56,701][TxnService-2]com.ods.transaction.test[31][INFO ]: 19
[2017-10-12 11:38:41,126][TxnService-4]com.ods.transaction.test[28][INFO ]: 
[2017-10-12 11:38:41,126][TxnService-4]com.ods.transaction.test[29][INFO ]: qwert
[2017-10-12 11:38:41,126][TxnService-4]com.ods.transaction.test[30][INFO ]: 
[2017-10-12 11:38:41,126][TxnService-4]com.ods.transaction.test[31][INFO ]: 19
[2017-10-12 11:38:41,126][TxnService-4]com.ods.transaction.test[28][INFO ]: 
[2017-10-12 11:38:41,126][TxnService-4]com.ods.transaction.test[29][INFO ]: asdfg
[2017-10-12 11:38:41,127][TxnService-4]com.ods.transaction.test[30][INFO ]: 
[2017-10-12 11:38:41,127][TxnService-4]com.ods.transaction.test[31][INFO ]: 19
[2017-10-12 11:38:41,127][TxnService-4]com.ods.transaction.test[28][INFO ]: 
[2017-10-12 11:38:41,128][TxnService-4]com.ods.transaction.test[29][INFO ]: tyuio
[2017-10-12 11:38:41,128][TxnService-4]com.ods.transaction.test[30][INFO ]: 
[2017-10-12 11:38:41,128][TxnService-4]com.ods.transaction.test[31][INFO ]: 19
[2017-10-12 11:38:41,128][TxnService-4]com.ods.transaction.test[28][INFO ]: 
[2017-10-12 11:38:41,128][TxnService-4]com.ods.transaction.test[29][INFO ]: oiuyt
[2017-10-12 11:38:41,128][TxnService-4]com.ods.transaction.test[30][INFO ]: 
[2017-10-12 11:38:41,129][TxnService-4]com.ods.transaction.test[31][INFO ]: 19
[2017-10-12 11:38:41,129][TxnService-4]com.ods.transaction.test[28][INFO ]: 
[2017-10-12 11:38:41,129][TxnService-4]com.ods.transaction.test[29][INFO ]: sddsgs
[2017-10-12 11:38:41,129][TxnService-4]com.ods.transaction.test[30][INFO ]: 
[2017-10-12 11:38:41,130][TxnService-4]com.ods.transaction.test[31][INFO ]: 19
[2017-10-12 11:38:41,130][TxnService-4]com.ods.transaction.test[28][INFO ]: 
[2017-10-12 11:38:41,130][TxnService-4]com.ods.transaction.test[29][INFO ]: zxcvb
[2017-10-12 11:38:41,130][TxnService-4]com.ods.transaction.test[30][INFO ]: 
[2017-10-12 11:38:41,130][TxnService-4]com.ods.transaction.test[31][INFO ]: 19
[2017-10-12 11:38:41,131][TxnService-4]com.ods.transaction.test[28][INFO ]: 
[2017-10-12 11:38:41,131][TxnService-4]com.ods.transaction.test[29][INFO ]: bnm,./
[2017-10-12 11:38:41,131][TxnService-4]com.ods.transaction.test[30][INFO ]: 
[2017-10-12 11:38:41,131][TxnService-4]com.ods.transaction.test[31][INFO ]: 19
[2017-10-12 11:38:41,131][TxnService-4]com.ods.transaction.test[28][INFO ]: 
[2017-10-12 11:38:41,131][TxnService-4]com.ods.transaction.test[29][INFO ]: poiut
[2017-10-12 11:38:41,131][TxnService-4]com.ods.transaction.test[30][INFO ]: 
[2017-10-12 11:38:41,132][TxnService-4]com.ods.transaction.test[31][INFO ]: 19
[2017-10-12 11:38:41,132][TxnService-4]com.ods.transaction.test[28][INFO ]: 
[2017-10-12 11:38:41,132][TxnService-4]com.ods.transaction.test[29][INFO ]: wewtwr
[2017-10-12 11:38:41,132][TxnService-4]com.ods.transaction.test[30][INFO ]: 
[2017-10-12 11:38:41,132][TxnService-4]com.ods.transaction.test[31][INFO ]: 19
[2017-10-12 11:38:41,133][TxnService-4]com.ods.transaction.test[28][INFO ]: 
[2017-10-12 11:38:41,133][TxnService-4]com.ods.transaction.test[29][INFO ]: rtyr
[2017-10-12 11:38:41,133][TxnService-4]com.ods.transaction.test[30][INFO ]: 
[2017-10-12 11:38:41,133][TxnService-4]com.ods.transaction.test[31][INFO ]: 19
[2017-10-12 11:38:41,133][TxnService-4]com.ods.transaction.test[28][INFO ]: 
[2017-10-12 11:38:41,133][TxnService-4]com.ods.transaction.test[29][INFO ]: eryey
[2017-10-12 11:38:41,133][TxnService-4]com.ods.transaction.test[30][INFO ]: 
[2017-10-12 11:38:41,134][TxnService-4]com.ods.transaction.test[31][INFO ]: 19
[2017-10-12 11:45:51,342][TxnService-3]com.ods.transaction.test[28][INFO ]: 
[2017-10-12 11:45:51,342][TxnService-3]com.ods.transaction.test[29][INFO ]: qwert
[2017-10-12 11:45:51,342][TxnService-3]com.ods.transaction.test[30][INFO ]: 
[2017-10-12 11:45:51,342][TxnService-3]com.ods.transaction.test[31][INFO ]: 19
[2017-10-12 11:45:51,343][TxnService-3]com.ods.transaction.test[28][INFO ]: 
[2017-10-12 11:45:51,343][TxnService-3]com.ods.transaction.test[29][INFO ]: asdfg
[2017-10-12 11:45:51,343][TxnService-3]com.ods.transaction.test[30][INFO ]: 
[2017-10-12 11:45:51,343][TxnService-3]com.ods.transaction.test[31][INFO ]: 19
[2017-10-12 11:45:51,343][TxnService-3]com.ods.transaction.test[28][INFO ]: 
[2017-10-12 11:45:51,344][TxnService-3]com.ods.transaction.test[29][INFO ]: tyuio
[2017-10-12 11:45:51,344][TxnService-3]com.ods.transaction.test[30][INFO ]: 
[2017-10-12 11:45:51,344][TxnService-3]com.ods.transaction.test[31][INFO ]: 19
[2017-10-12 11:45:51,344][TxnService-3]com.ods.transaction.test[28][INFO ]: 
[2017-10-12 11:45:51,345][TxnService-3]com.ods.transaction.test[29][INFO ]: oiuyt
[2017-10-12 11:45:51,345][TxnService-3]com.ods.transaction.test[30][INFO ]: 
[2017-10-12 11:45:51,345][TxnService-3]com.ods.transaction.test[31][INFO ]: 19
[2017-10-12 11:45:51,345][TxnService-3]com.ods.transaction.test[28][INFO ]: 
[2017-10-12 11:45:51,346][TxnService-3]com.ods.transaction.test[29][INFO ]: sddsgs
[2017-10-12 11:45:51,346][TxnService-3]com.ods.transaction.test[30][INFO ]: 
[2017-10-12 11:45:51,346][TxnService-3]com.ods.transaction.test[31][INFO ]: 19
[2017-10-12 11:45:51,347][TxnService-3]com.ods.transaction.test[28][INFO ]: 
[2017-10-12 11:45:51,347][TxnService-3]com.ods.transaction.test[29][INFO ]: zxcvb
[2017-10-12 11:45:51,348][TxnService-3]com.ods.transaction.test[30][INFO ]: 
[2017-10-12 11:45:51,348][TxnService-3]com.ods.transaction.test[31][INFO ]: 19
[2017-10-12 11:45:51,349][TxnService-3]com.ods.transaction.test[28][INFO ]: 
[2017-10-12 11:45:51,349][TxnService-3]com.ods.transaction.test[29][INFO ]: bnm,./
[2017-10-12 11:45:51,349][TxnService-3]com.ods.transaction.test[30][INFO ]: 
[2017-10-12 11:45:51,349][TxnService-3]com.ods.transaction.test[31][INFO ]: 19
[2017-10-12 11:45:51,350][TxnService-3]com.ods.transaction.test[28][INFO ]: 
[2017-10-12 11:45:51,350][TxnService-3]com.ods.transaction.test[29][INFO ]: poiut
[2017-10-12 11:45:51,350][TxnService-3]com.ods.transaction.test[30][INFO ]: 
[2017-10-12 11:45:51,350][TxnService-3]com.ods.transaction.test[31][INFO ]: 19
[2017-10-12 11:45:51,350][TxnService-3]com.ods.transaction.test[28][INFO ]: 
[2017-10-12 11:45:51,351][TxnService-3]com.ods.transaction.test[29][INFO ]: wewtwr
[2017-10-12 11:45:51,351][TxnService-3]com.ods.transaction.test[30][INFO ]: 
[2017-10-12 11:45:51,351][TxnService-3]com.ods.transaction.test[31][INFO ]: 19
[2017-10-12 11:45:51,351][TxnService-3]com.ods.transaction.test[28][INFO ]: 
[2017-10-12 11:45:51,351][TxnService-3]com.ods.transaction.test[29][INFO ]: rtyr
[2017-10-12 11:45:51,351][TxnService-3]com.ods.transaction.test[30][INFO ]: 
[2017-10-12 11:45:51,351][TxnService-3]com.ods.transaction.test[31][INFO ]: 19
[2017-10-12 11:45:51,351][TxnService-3]com.ods.transaction.test[28][INFO ]: 
[2017-10-12 11:45:51,352][TxnService-3]com.ods.transaction.test[29][INFO ]: eryey
[2017-10-12 11:45:51,352][TxnService-3]com.ods.transaction.test[30][INFO ]: 
[2017-10-12 11:45:51,352][TxnService-3]com.ods.transaction.test[31][INFO ]: 19
[2017-10-12 11:46:20,056][TxnService-3]com.ods.transaction.test[28][INFO ]: 
[2017-10-12 11:46:20,056][TxnService-3]com.ods.transaction.test[29][INFO ]: qwert
[2017-10-12 11:46:20,056][TxnService-3]com.ods.transaction.test[30][INFO ]: 
[2017-10-12 11:46:20,056][TxnService-3]com.ods.transaction.test[31][INFO ]: 19
[2017-10-12 11:46:20,056][TxnService-3]com.ods.transaction.test[28][INFO ]: 
[2017-10-12 11:46:20,056][TxnService-3]com.ods.transaction.test[29][INFO ]: asdfg
[2017-10-12 11:46:20,056][TxnService-3]com.ods.transaction.test[30][INFO ]: 
[2017-10-12 11:46:20,057][TxnService-3]com.ods.transaction.test[31][INFO ]: 19
[2017-10-12 11:46:20,057][TxnService-3]com.ods.transaction.test[28][INFO ]: 
[2017-10-12 11:46:20,057][TxnService-3]com.ods.transaction.test[29][INFO ]: tyuio
[2017-10-12 11:46:20,057][TxnService-3]com.ods.transaction.test[30][INFO ]: 
[2017-10-12 11:46:20,057][TxnService-3]com.ods.transaction.test[31][INFO ]: 19
[2017-10-12 11:46:20,057][TxnService-3]com.ods.transaction.test[28][INFO ]: 
[2017-10-12 11:46:20,057][TxnService-3]com.ods.transaction.test[29][INFO ]: oiuyt
[2017-10-12 11:46:20,057][TxnService-3]com.ods.transaction.test[30][INFO ]: 
[2017-10-12 11:46:20,058][TxnService-3]com.ods.transaction.test[31][INFO ]: 19
[2017-10-12 11:46:20,058][TxnService-3]com.ods.transaction.test[28][INFO ]: 
[2017-10-12 11:46:20,058][TxnService-3]com.ods.transaction.test[29][INFO ]: sddsgs
[2017-10-12 11:46:20,058][TxnService-3]com.ods.transaction.test[30][INFO ]: 
[2017-10-12 11:46:20,058][TxnService-3]com.ods.transaction.test[31][INFO ]: 19
[2017-10-12 11:46:20,058][TxnService-3]com.ods.transaction.test[28][INFO ]: 
[2017-10-12 11:46:20,058][TxnService-3]com.ods.transaction.test[29][INFO ]: zxcvb
[2017-10-12 11:46:20,059][TxnService-3]com.ods.transaction.test[30][INFO ]: 
[2017-10-12 11:46:20,059][TxnService-3]com.ods.transaction.test[31][INFO ]: 19
[2017-10-12 11:46:20,059][TxnService-3]com.ods.transaction.test[28][INFO ]: 
[2017-10-12 11:46:20,059][TxnService-3]com.ods.transaction.test[29][INFO ]: bnm,./
[2017-10-12 11:46:20,059][TxnService-3]com.ods.transaction.test[30][INFO ]: 
[2017-10-12 11:46:20,059][TxnService-3]com.ods.transaction.test[31][INFO ]: 19
[2017-10-12 11:46:20,059][TxnService-3]com.ods.transaction.test[28][INFO ]: 
[2017-10-12 11:46:20,060][TxnService-3]com.ods.transaction.test[29][INFO ]: poiut
[2017-10-12 11:46:20,060][TxnService-3]com.ods.transaction.test[30][INFO ]: 
[2017-10-12 11:46:20,060][TxnService-3]com.ods.transaction.test[31][INFO ]: 19
[2017-10-12 11:46:20,060][TxnService-3]com.ods.transaction.test[28][INFO ]: 
[2017-10-12 11:46:20,060][TxnService-3]com.ods.transaction.test[29][INFO ]: wewtwr
[2017-10-12 11:46:20,060][TxnService-3]com.ods.transaction.test[30][INFO ]: 
[2017-10-12 11:46:20,060][TxnService-3]com.ods.transaction.test[31][INFO ]: 19
[2017-10-12 11:46:20,060][TxnService-3]com.ods.transaction.test[28][INFO ]: 
[2017-10-12 11:46:20,061][TxnService-3]com.ods.transaction.test[29][INFO ]: rtyr
[2017-10-12 11:46:20,061][TxnService-3]com.ods.transaction.test[30][INFO ]: 
[2017-10-12 11:46:20,061][TxnService-3]com.ods.transaction.test[31][INFO ]: 19
[2017-10-12 11:46:20,061][TxnService-3]com.ods.transaction.test[28][INFO ]: 
[2017-10-12 11:46:20,061][TxnService-3]com.ods.transaction.test[29][INFO ]: eryey
[2017-10-12 11:46:20,061][TxnService-3]com.ods.transaction.test[30][INFO ]: 
[2017-10-12 11:46:20,061][TxnService-3]com.ods.transaction.test[31][INFO ]: 19
[2017-10-12 11:49:06,683][TxnService-2]com.ods.transaction.test[24][INFO ]: {StartDt=20170502, AcctId=1234567890, EndDt=20170805, PageSize=60}
[2017-10-12 11:49:07,699][TxnService-2]com.ods.transaction.test[29][INFO ]: 
[2017-10-12 11:49:07,699][TxnService-2]com.ods.transaction.test[30][INFO ]: qwert
[2017-10-12 11:49:07,699][TxnService-2]com.ods.transaction.test[31][INFO ]: 
[2017-10-12 11:49:07,699][TxnService-2]com.ods.transaction.test[32][INFO ]: 19
[2017-10-12 11:49:07,700][TxnService-2]com.ods.transaction.test[29][INFO ]: 
[2017-10-12 11:49:07,700][TxnService-2]com.ods.transaction.test[30][INFO ]: asdfg
[2017-10-12 11:49:07,700][TxnService-2]com.ods.transaction.test[31][INFO ]: 
[2017-10-12 11:49:07,700][TxnService-2]com.ods.transaction.test[32][INFO ]: 19
[2017-10-12 11:49:07,700][TxnService-2]com.ods.transaction.test[29][INFO ]: 
[2017-10-12 11:49:07,701][TxnService-2]com.ods.transaction.test[30][INFO ]: tyuio
[2017-10-12 11:49:07,701][TxnService-2]com.ods.transaction.test[31][INFO ]: 
[2017-10-12 11:49:07,701][TxnService-2]com.ods.transaction.test[32][INFO ]: 19
[2017-10-12 11:49:07,701][TxnService-2]com.ods.transaction.test[29][INFO ]: 
[2017-10-12 11:49:07,701][TxnService-2]com.ods.transaction.test[30][INFO ]: oiuyt
[2017-10-12 11:49:07,701][TxnService-2]com.ods.transaction.test[31][INFO ]: 
[2017-10-12 11:49:07,701][TxnService-2]com.ods.transaction.test[32][INFO ]: 19
[2017-10-12 11:49:07,702][TxnService-2]com.ods.transaction.test[29][INFO ]: 
[2017-10-12 11:49:07,702][TxnService-2]com.ods.transaction.test[30][INFO ]: sddsgs
[2017-10-12 11:49:07,702][TxnService-2]com.ods.transaction.test[31][INFO ]: 
[2017-10-12 11:49:07,702][TxnService-2]com.ods.transaction.test[32][INFO ]: 19
[2017-10-12 11:49:07,702][TxnService-2]com.ods.transaction.test[29][INFO ]: 
[2017-10-12 11:49:07,702][TxnService-2]com.ods.transaction.test[30][INFO ]: zxcvb
[2017-10-12 11:49:07,702][TxnService-2]com.ods.transaction.test[31][INFO ]: 
[2017-10-12 11:49:07,703][TxnService-2]com.ods.transaction.test[32][INFO ]: 19
[2017-10-12 11:49:07,703][TxnService-2]com.ods.transaction.test[29][INFO ]: 
[2017-10-12 11:49:07,703][TxnService-2]com.ods.transaction.test[30][INFO ]: bnm,./
[2017-10-12 11:49:07,703][TxnService-2]com.ods.transaction.test[31][INFO ]: 
[2017-10-12 11:49:07,703][TxnService-2]com.ods.transaction.test[32][INFO ]: 19
[2017-10-12 11:49:07,703][TxnService-2]com.ods.transaction.test[29][INFO ]: 
[2017-10-12 11:49:07,703][TxnService-2]com.ods.transaction.test[30][INFO ]: poiut
[2017-10-12 11:49:07,704][TxnService-2]com.ods.transaction.test[31][INFO ]: 
[2017-10-12 11:49:07,704][TxnService-2]com.ods.transaction.test[32][INFO ]: 19
[2017-10-12 11:49:07,704][TxnService-2]com.ods.transaction.test[29][INFO ]: 
[2017-10-12 11:49:07,704][TxnService-2]com.ods.transaction.test[30][INFO ]: wewtwr
[2017-10-12 11:49:07,704][TxnService-2]com.ods.transaction.test[31][INFO ]: 
[2017-10-12 11:49:07,705][TxnService-2]com.ods.transaction.test[32][INFO ]: 19
[2017-10-12 11:49:07,705][TxnService-2]com.ods.transaction.test[29][INFO ]: 
[2017-10-12 11:49:07,705][TxnService-2]com.ods.transaction.test[30][INFO ]: rtyr
[2017-10-12 11:49:07,705][TxnService-2]com.ods.transaction.test[31][INFO ]: 
[2017-10-12 11:49:07,705][TxnService-2]com.ods.transaction.test[32][INFO ]: 19
[2017-10-12 11:49:07,706][TxnService-2]com.ods.transaction.test[29][INFO ]: 
[2017-10-12 11:49:07,706][TxnService-2]com.ods.transaction.test[30][INFO ]: eryey
[2017-10-12 11:49:07,706][TxnService-2]com.ods.transaction.test[31][INFO ]: 
[2017-10-12 11:49:07,706][TxnService-2]com.ods.transaction.test[32][INFO ]: 19
[2017-10-12 11:50:31,686][TxnService-2]com.ods.transaction.test[24][INFO ]: {StartDt=20170502, AcctId=1234567890, EndDt=20170805, PageSize=60}
[2017-10-12 11:50:31,749][TxnService-2]com.ods.transaction.test[29][DEBUG]: 
[2017-10-12 11:50:31,749][TxnService-2]com.ods.transaction.test[30][DEBUG]: qwert
[2017-10-12 11:50:31,749][TxnService-2]com.ods.transaction.test[31][DEBUG]: 
[2017-10-12 11:50:31,749][TxnService-2]com.ods.transaction.test[32][DEBUG]: 19
[2017-10-12 11:50:31,749][TxnService-2]com.ods.transaction.test[29][DEBUG]: 
[2017-10-12 11:50:31,749][TxnService-2]com.ods.transaction.test[30][DEBUG]: asdfg
[2017-10-12 11:50:31,749][TxnService-2]com.ods.transaction.test[31][DEBUG]: 
[2017-10-12 11:50:31,749][TxnService-2]com.ods.transaction.test[32][DEBUG]: 19
[2017-10-12 11:50:31,749][TxnService-2]com.ods.transaction.test[29][DEBUG]: 
[2017-10-12 11:50:31,750][TxnService-2]com.ods.transaction.test[30][DEBUG]: tyuio
[2017-10-12 11:50:31,750][TxnService-2]com.ods.transaction.test[31][DEBUG]: 
[2017-10-12 11:50:31,750][TxnService-2]com.ods.transaction.test[32][DEBUG]: 19
[2017-10-12 11:50:31,750][TxnService-2]com.ods.transaction.test[29][DEBUG]: 
[2017-10-12 11:50:31,750][TxnService-2]com.ods.transaction.test[30][DEBUG]: oiuyt
[2017-10-12 11:50:31,750][TxnService-2]com.ods.transaction.test[31][DEBUG]: 
[2017-10-12 11:50:31,750][TxnService-2]com.ods.transaction.test[32][DEBUG]: 19
[2017-10-12 11:50:31,750][TxnService-2]com.ods.transaction.test[29][DEBUG]: 
[2017-10-12 11:50:31,750][TxnService-2]com.ods.transaction.test[30][DEBUG]: sddsgs
[2017-10-12 11:50:31,750][TxnService-2]com.ods.transaction.test[31][DEBUG]: 
[2017-10-12 11:50:31,750][TxnService-2]com.ods.transaction.test[32][DEBUG]: 19
[2017-10-12 11:50:31,750][TxnService-2]com.ods.transaction.test[29][DEBUG]: 
[2017-10-12 11:50:31,751][TxnService-2]com.ods.transaction.test[30][DEBUG]: zxcvb
[2017-10-12 11:50:31,751][TxnService-2]com.ods.transaction.test[31][DEBUG]: 
[2017-10-12 11:50:31,751][TxnService-2]com.ods.transaction.test[32][DEBUG]: 19
[2017-10-12 11:50:31,751][TxnService-2]com.ods.transaction.test[29][DEBUG]: 
[2017-10-12 11:50:31,751][TxnService-2]com.ods.transaction.test[30][DEBUG]: bnm,./
[2017-10-12 11:50:31,751][TxnService-2]com.ods.transaction.test[31][DEBUG]: 
[2017-10-12 11:50:31,751][TxnService-2]com.ods.transaction.test[32][DEBUG]: 19
[2017-10-12 11:50:31,752][TxnService-2]com.ods.transaction.test[29][DEBUG]: 
[2017-10-12 11:50:31,752][TxnService-2]com.ods.transaction.test[30][DEBUG]: poiut
[2017-10-12 11:50:31,752][TxnService-2]com.ods.transaction.test[31][DEBUG]: 
[2017-10-12 11:50:31,752][TxnService-2]com.ods.transaction.test[32][DEBUG]: 19
[2017-10-12 11:50:31,752][TxnService-2]com.ods.transaction.test[29][DEBUG]: 
[2017-10-12 11:50:31,753][TxnService-2]com.ods.transaction.test[30][DEBUG]: wewtwr
[2017-10-12 11:50:31,753][TxnService-2]com.ods.transaction.test[31][DEBUG]: 
[2017-10-12 11:50:31,753][TxnService-2]com.ods.transaction.test[32][DEBUG]: 19
[2017-10-12 11:50:31,753][TxnService-2]com.ods.transaction.test[29][DEBUG]: 
[2017-10-12 11:50:31,753][TxnService-2]com.ods.transaction.test[30][DEBUG]: rtyr
[2017-10-12 11:50:31,753][TxnService-2]com.ods.transaction.test[31][DEBUG]: 
[2017-10-12 11:50:31,753][TxnService-2]com.ods.transaction.test[32][DEBUG]: 19
[2017-10-12 11:50:31,753][TxnService-2]com.ods.transaction.test[29][DEBUG]: 
[2017-10-12 11:50:31,754][TxnService-2]com.ods.transaction.test[30][DEBUG]: eryey
[2017-10-12 11:50:31,754][TxnService-2]com.ods.transaction.test[31][DEBUG]: 
[2017-10-12 11:50:31,754][TxnService-2]com.ods.transaction.test[32][DEBUG]: 19
[2017-10-12 11:53:09,591][TxnService-4]com.ods.transaction.test[24][INFO ]: {StartDt=20170502, AcctId=1234567890, EndDt=20170805, PageSize=60}
[2017-10-12 11:53:09,634][TxnService-4]com.ods.transaction.test[29][DEBUG]: 
[2017-10-12 11:53:09,634][TxnService-4]com.ods.transaction.test[30][DEBUG]: qwert
[2017-10-12 11:53:09,634][TxnService-4]com.ods.transaction.test[31][DEBUG]: 
[2017-10-12 11:53:09,634][TxnService-4]com.ods.transaction.test[32][DEBUG]: 19
[2017-10-12 11:53:09,634][TxnService-4]com.ods.transaction.test[29][DEBUG]: 
[2017-10-12 11:53:09,635][TxnService-4]com.ods.transaction.test[30][DEBUG]: asdfg
[2017-10-12 11:53:09,635][TxnService-4]com.ods.transaction.test[31][DEBUG]: 
[2017-10-12 11:53:09,635][TxnService-4]com.ods.transaction.test[32][DEBUG]: 19
[2017-10-12 11:53:09,635][TxnService-4]com.ods.transaction.test[29][DEBUG]: 
[2017-10-12 11:53:09,635][TxnService-4]com.ods.transaction.test[30][DEBUG]: tyuio
[2017-10-12 11:53:09,635][TxnService-4]com.ods.transaction.test[31][DEBUG]: 
[2017-10-12 11:53:09,635][TxnService-4]com.ods.transaction.test[32][DEBUG]: 19
[2017-10-12 11:53:09,635][TxnService-4]com.ods.transaction.test[29][DEBUG]: 
[2017-10-12 11:53:09,635][TxnService-4]com.ods.transaction.test[30][DEBUG]: oiuyt
[2017-10-12 11:53:09,635][TxnService-4]com.ods.transaction.test[31][DEBUG]: 
[2017-10-12 11:53:09,635][TxnService-4]com.ods.transaction.test[32][DEBUG]: 19
[2017-10-12 11:53:09,636][TxnService-4]com.ods.transaction.test[29][DEBUG]: 
[2017-10-12 11:53:09,636][TxnService-4]com.ods.transaction.test[30][DEBUG]: sddsgs
[2017-10-12 11:53:09,636][TxnService-4]com.ods.transaction.test[31][DEBUG]: 
[2017-10-12 11:53:09,636][TxnService-4]com.ods.transaction.test[32][DEBUG]: 19
[2017-10-12 11:53:09,636][TxnService-4]com.ods.transaction.test[29][DEBUG]: 
[2017-10-12 11:53:09,636][TxnService-4]com.ods.transaction.test[30][DEBUG]: zxcvb
[2017-10-12 11:53:09,636][TxnService-4]com.ods.transaction.test[31][DEBUG]: 
[2017-10-12 11:53:09,636][TxnService-4]com.ods.transaction.test[32][DEBUG]: 19
[2017-10-12 11:53:09,636][TxnService-4]com.ods.transaction.test[29][DEBUG]: 
[2017-10-12 11:53:09,636][TxnService-4]com.ods.transaction.test[30][DEBUG]: bnm,./
[2017-10-12 11:53:09,636][TxnService-4]com.ods.transaction.test[31][DEBUG]: 
[2017-10-12 11:53:09,636][TxnService-4]com.ods.transaction.test[32][DEBUG]: 19
[2017-10-12 11:53:09,636][TxnService-4]com.ods.transaction.test[29][DEBUG]: 
[2017-10-12 11:53:09,637][TxnService-4]com.ods.transaction.test[30][DEBUG]: poiut
[2017-10-12 11:53:09,637][TxnService-4]com.ods.transaction.test[31][DEBUG]: 
[2017-10-12 11:53:09,637][TxnService-4]com.ods.transaction.test[32][DEBUG]: 19
[2017-10-12 11:53:09,637][TxnService-4]com.ods.transaction.test[29][DEBUG]: 
[2017-10-12 11:53:09,637][TxnService-4]com.ods.transaction.test[30][DEBUG]: wewtwr
[2017-10-12 11:53:09,637][TxnService-4]com.ods.transaction.test[31][DEBUG]: 
[2017-10-12 11:53:09,637][TxnService-4]com.ods.transaction.test[32][DEBUG]: 19
[2017-10-12 11:53:09,637][TxnService-4]com.ods.transaction.test[29][DEBUG]: 
[2017-10-12 11:53:09,637][TxnService-4]com.ods.transaction.test[30][DEBUG]: rtyr
[2017-10-12 11:53:09,637][TxnService-4]com.ods.transaction.test[31][DEBUG]: 
[2017-10-12 11:53:09,638][TxnService-4]com.ods.transaction.test[32][DEBUG]: 19
[2017-10-12 11:53:09,638][TxnService-4]com.ods.transaction.test[29][DEBUG]: 
[2017-10-12 11:53:09,638][TxnService-4]com.ods.transaction.test[30][DEBUG]: eryey
[2017-10-12 11:53:09,638][TxnService-4]com.ods.transaction.test[31][DEBUG]: 
[2017-10-12 11:53:09,638][TxnService-4]com.ods.transaction.test[32][DEBUG]: 19
[2017-10-12 11:55:34,501][TxnService-4]com.ods.transaction.test[24][INFO ]: {StartDt=20170502, AcctId=1234567890, EndDt=20170805, PageSize=60}
[2017-10-12 11:55:34,572][TxnService-4]com.ods.transaction.test[29][DEBUG]: 
[2017-10-12 11:55:34,572][TxnService-4]com.ods.transaction.test[30][DEBUG]: qwert
[2017-10-12 11:55:34,572][TxnService-4]com.ods.transaction.test[31][DEBUG]: 
[2017-10-12 11:55:34,572][TxnService-4]com.ods.transaction.test[32][DEBUG]: 19
[2017-10-12 11:55:34,572][TxnService-4]com.ods.transaction.test[29][DEBUG]: 
[2017-10-12 11:55:34,572][TxnService-4]com.ods.transaction.test[30][DEBUG]: asdfg
[2017-10-12 11:55:34,572][TxnService-4]com.ods.transaction.test[31][DEBUG]: 
[2017-10-12 11:55:34,572][TxnService-4]com.ods.transaction.test[32][DEBUG]: 19
[2017-10-12 11:55:34,572][TxnService-4]com.ods.transaction.test[29][DEBUG]: 
[2017-10-12 11:55:34,572][TxnService-4]com.ods.transaction.test[30][DEBUG]: tyuio
[2017-10-12 11:55:34,572][TxnService-4]com.ods.transaction.test[31][DEBUG]: 
[2017-10-12 11:55:34,572][TxnService-4]com.ods.transaction.test[32][DEBUG]: 19
[2017-10-12 11:55:34,572][TxnService-4]com.ods.transaction.test[29][DEBUG]: 
[2017-10-12 11:55:34,572][TxnService-4]com.ods.transaction.test[30][DEBUG]: oiuyt
[2017-10-12 11:55:34,572][TxnService-4]com.ods.transaction.test[31][DEBUG]: 
[2017-10-12 11:55:34,573][TxnService-4]com.ods.transaction.test[32][DEBUG]: 19
[2017-10-12 11:55:34,573][TxnService-4]com.ods.transaction.test[29][DEBUG]: 
[2017-10-12 11:55:34,573][TxnService-4]com.ods.transaction.test[30][DEBUG]: sddsgs
[2017-10-12 11:55:34,573][TxnService-4]com.ods.transaction.test[31][DEBUG]: 
[2017-10-12 11:55:34,573][TxnService-4]com.ods.transaction.test[32][DEBUG]: 19
[2017-10-12 11:55:34,573][TxnService-4]com.ods.transaction.test[29][DEBUG]: 
[2017-10-12 11:55:34,573][TxnService-4]com.ods.transaction.test[30][DEBUG]: zxcvb
[2017-10-12 11:55:34,573][TxnService-4]com.ods.transaction.test[31][DEBUG]: 
[2017-10-12 11:55:34,573][TxnService-4]com.ods.transaction.test[32][DEBUG]: 19
[2017-10-12 11:55:34,573][TxnService-4]com.ods.transaction.test[29][DEBUG]: 
[2017-10-12 11:55:34,573][TxnService-4]com.ods.transaction.test[30][DEBUG]: bnm,./
[2017-10-12 11:55:34,573][TxnService-4]com.ods.transaction.test[31][DEBUG]: 
[2017-10-12 11:55:34,573][TxnService-4]com.ods.transaction.test[32][DEBUG]: 19
[2017-10-12 11:55:34,573][TxnService-4]com.ods.transaction.test[29][DEBUG]: 
[2017-10-12 11:55:34,573][TxnService-4]com.ods.transaction.test[30][DEBUG]: poiut
[2017-10-12 11:55:34,573][TxnService-4]com.ods.transaction.test[31][DEBUG]: 
[2017-10-12 11:55:34,573][TxnService-4]com.ods.transaction.test[32][DEBUG]: 19
[2017-10-12 11:55:34,573][TxnService-4]com.ods.transaction.test[29][DEBUG]: 
[2017-10-12 11:55:34,574][TxnService-4]com.ods.transaction.test[30][DEBUG]: wewtwr
[2017-10-12 11:55:34,574][TxnService-4]com.ods.transaction.test[31][DEBUG]: 
[2017-10-12 11:55:34,574][TxnService-4]com.ods.transaction.test[32][DEBUG]: 19
[2017-10-12 11:55:34,574][TxnService-4]com.ods.transaction.test[29][DEBUG]: 
[2017-10-12 11:55:34,574][TxnService-4]com.ods.transaction.test[30][DEBUG]: rtyr
[2017-10-12 11:55:34,574][TxnService-4]com.ods.transaction.test[31][DEBUG]: 
[2017-10-12 11:55:34,574][TxnService-4]com.ods.transaction.test[32][DEBUG]: 19
[2017-10-12 11:55:34,574][TxnService-4]com.ods.transaction.test[29][DEBUG]: 
[2017-10-12 11:55:34,574][TxnService-4]com.ods.transaction.test[30][DEBUG]: eryey
[2017-10-12 11:55:34,574][TxnService-4]com.ods.transaction.test[31][DEBUG]: 
[2017-10-12 11:55:34,574][TxnService-4]com.ods.transaction.test[32][DEBUG]: 19
[2017-10-12 11:56:29,925][TxnService-0]com.ods.transaction.test[24][INFO ]: {StartDt=20170502, AcctId=1234567890, EndDt=20170805, PageSize=60}
[2017-10-12 11:56:30,828][TxnService-0]com.ods.transaction.test[29][DEBUG]: 
[2017-10-12 11:56:30,828][TxnService-0]com.ods.transaction.test[30][DEBUG]: qwert
[2017-10-12 11:56:30,828][TxnService-0]com.ods.transaction.test[31][DEBUG]: 
[2017-10-12 11:56:30,828][TxnService-0]com.ods.transaction.test[32][DEBUG]: 19
[2017-10-12 11:56:30,828][TxnService-0]com.ods.transaction.test[29][DEBUG]: 
[2017-10-12 11:56:30,828][TxnService-0]com.ods.transaction.test[30][DEBUG]: asdfg
[2017-10-12 11:56:30,828][TxnService-0]com.ods.transaction.test[31][DEBUG]: 
[2017-10-12 11:56:30,829][TxnService-0]com.ods.transaction.test[32][DEBUG]: 19
[2017-10-12 11:56:30,829][TxnService-0]com.ods.transaction.test[29][DEBUG]: 
[2017-10-12 11:56:30,829][TxnService-0]com.ods.transaction.test[30][DEBUG]: tyuio
[2017-10-12 11:56:30,829][TxnService-0]com.ods.transaction.test[31][DEBUG]: 
[2017-10-12 11:56:30,829][TxnService-0]com.ods.transaction.test[32][DEBUG]: 19
[2017-10-12 11:56:30,829][TxnService-0]com.ods.transaction.test[29][DEBUG]: 
[2017-10-12 11:56:30,829][TxnService-0]com.ods.transaction.test[30][DEBUG]: oiuyt
[2017-10-12 11:56:30,829][TxnService-0]com.ods.transaction.test[31][DEBUG]: 
[2017-10-12 11:56:30,829][TxnService-0]com.ods.transaction.test[32][DEBUG]: 19
[2017-10-12 11:56:30,830][TxnService-0]com.ods.transaction.test[29][DEBUG]: 
[2017-10-12 11:56:30,830][TxnService-0]com.ods.transaction.test[30][DEBUG]: sddsgs
[2017-10-12 11:56:30,830][TxnService-0]com.ods.transaction.test[31][DEBUG]: 
[2017-10-12 11:56:30,830][TxnService-0]com.ods.transaction.test[32][DEBUG]: 19
[2017-10-12 11:56:30,830][TxnService-0]com.ods.transaction.test[29][DEBUG]: 
[2017-10-12 11:56:30,830][TxnService-0]com.ods.transaction.test[30][DEBUG]: zxcvb
[2017-10-12 11:56:30,831][TxnService-0]com.ods.transaction.test[31][DEBUG]: 
[2017-10-12 11:56:30,832][TxnService-0]com.ods.transaction.test[32][DEBUG]: 19
[2017-10-12 11:56:30,832][TxnService-0]com.ods.transaction.test[29][DEBUG]: 
[2017-10-12 11:56:30,833][TxnService-0]com.ods.transaction.test[30][DEBUG]: bnm,./
[2017-10-12 11:56:30,833][TxnService-0]com.ods.transaction.test[31][DEBUG]: 
[2017-10-12 11:56:30,833][TxnService-0]com.ods.transaction.test[32][DEBUG]: 19
[2017-10-12 11:56:30,834][TxnService-0]com.ods.transaction.test[29][DEBUG]: 
[2017-10-12 11:56:30,834][TxnService-0]com.ods.transaction.test[30][DEBUG]: poiut
[2017-10-12 11:56:30,834][TxnService-0]com.ods.transaction.test[31][DEBUG]: 
[2017-10-12 11:56:30,834][TxnService-0]com.ods.transaction.test[32][DEBUG]: 19
[2017-10-12 11:56:30,834][TxnService-0]com.ods.transaction.test[29][DEBUG]: 
[2017-10-12 11:56:30,834][TxnService-0]com.ods.transaction.test[30][DEBUG]: wewtwr
[2017-10-12 11:56:30,835][TxnService-0]com.ods.transaction.test[31][DEBUG]: 
[2017-10-12 11:56:30,835][TxnService-0]com.ods.transaction.test[32][DEBUG]: 19
[2017-10-12 11:56:30,836][TxnService-0]com.ods.transaction.test[29][DEBUG]: 
[2017-10-12 11:56:30,836][TxnService-0]com.ods.transaction.test[30][DEBUG]: rtyr
[2017-10-12 11:56:30,836][TxnService-0]com.ods.transaction.test[31][DEBUG]: 
[2017-10-12 11:56:30,836][TxnService-0]com.ods.transaction.test[32][DEBUG]: 19
[2017-10-12 11:56:30,837][TxnService-0]com.ods.transaction.test[29][DEBUG]: 
[2017-10-12 11:56:30,837][TxnService-0]com.ods.transaction.test[30][DEBUG]: eryey
[2017-10-12 11:56:30,837][TxnService-0]com.ods.transaction.test[31][DEBUG]: 
[2017-10-12 11:56:30,837][TxnService-0]com.ods.transaction.test[32][DEBUG]: 19
[2017-10-12 12:00:20,229][TxnService-0]com.ods.transaction.test[24][INFO ]: {StartDt=20170502, AcctId=1234567890, EndDt=20170805, PageSize=60}
[2017-10-12 12:00:21,063][TxnService-0]com.ods.transaction.test[29][DEBUG]: 
[2017-10-12 12:00:21,064][TxnService-0]com.ods.transaction.test[30][DEBUG]: qwert
[2017-10-12 12:00:21,064][TxnService-0]com.ods.transaction.test[31][DEBUG]: 
[2017-10-12 12:00:21,064][TxnService-0]com.ods.transaction.test[32][DEBUG]: 19
[2017-10-12 12:00:21,064][TxnService-0]com.ods.transaction.test[29][DEBUG]: 
[2017-10-12 12:00:21,064][TxnService-0]com.ods.transaction.test[30][DEBUG]: asdfg
[2017-10-12 12:00:21,065][TxnService-0]com.ods.transaction.test[31][DEBUG]: 
[2017-10-12 12:00:21,065][TxnService-0]com.ods.transaction.test[32][DEBUG]: 19
[2017-10-12 12:00:21,065][TxnService-0]com.ods.transaction.test[29][DEBUG]: 
[2017-10-12 12:00:21,065][TxnService-0]com.ods.transaction.test[30][DEBUG]: tyuio
[2017-10-12 12:00:21,065][TxnService-0]com.ods.transaction.test[31][DEBUG]: 
[2017-10-12 12:00:21,065][TxnService-0]com.ods.transaction.test[32][DEBUG]: 19
[2017-10-12 12:00:21,065][TxnService-0]com.ods.transaction.test[29][DEBUG]: 
[2017-10-12 12:00:21,065][TxnService-0]com.ods.transaction.test[30][DEBUG]: oiuyt
[2017-10-12 12:00:21,066][TxnService-0]com.ods.transaction.test[31][DEBUG]: 
[2017-10-12 12:00:21,066][TxnService-0]com.ods.transaction.test[32][DEBUG]: 19
[2017-10-12 12:00:21,066][TxnService-0]com.ods.transaction.test[29][DEBUG]: 
[2017-10-12 12:00:21,066][TxnService-0]com.ods.transaction.test[30][DEBUG]: sddsgs
[2017-10-12 12:00:21,066][TxnService-0]com.ods.transaction.test[31][DEBUG]: 
[2017-10-12 12:00:21,066][TxnService-0]com.ods.transaction.test[32][DEBUG]: 19
[2017-10-12 12:00:21,067][TxnService-0]com.ods.transaction.test[29][DEBUG]: 
[2017-10-12 12:00:21,067][TxnService-0]com.ods.transaction.test[30][DEBUG]: zxcvb
[2017-10-12 12:00:21,067][TxnService-0]com.ods.transaction.test[31][DEBUG]: 
[2017-10-12 12:00:21,067][TxnService-0]com.ods.transaction.test[32][DEBUG]: 19
[2017-10-12 12:00:21,067][TxnService-0]com.ods.transaction.test[29][DEBUG]: 
[2017-10-12 12:00:21,067][TxnService-0]com.ods.transaction.test[30][DEBUG]: bnm,./
[2017-10-12 12:00:21,068][TxnService-0]com.ods.transaction.test[31][DEBUG]: 
[2017-10-12 12:00:21,068][TxnService-0]com.ods.transaction.test[32][DEBUG]: 19
[2017-10-12 12:00:21,068][TxnService-0]com.ods.transaction.test[29][DEBUG]: 
[2017-10-12 12:00:21,068][TxnService-0]com.ods.transaction.test[30][DEBUG]: poiut
[2017-10-12 12:00:21,068][TxnService-0]com.ods.transaction.test[31][DEBUG]: 
[2017-10-12 12:00:21,068][TxnService-0]com.ods.transaction.test[32][DEBUG]: 19
[2017-10-12 12:00:21,068][TxnService-0]com.ods.transaction.test[29][DEBUG]: 
[2017-10-12 12:00:21,068][TxnService-0]com.ods.transaction.test[30][DEBUG]: wewtwr
[2017-10-12 12:00:21,068][TxnService-0]com.ods.transaction.test[31][DEBUG]: 
[2017-10-12 12:00:21,069][TxnService-0]com.ods.transaction.test[32][DEBUG]: 19
[2017-10-12 12:00:21,069][TxnService-0]com.ods.transaction.test[29][DEBUG]: 
[2017-10-12 12:00:21,069][TxnService-0]com.ods.transaction.test[30][DEBUG]: rtyr
[2017-10-12 12:00:21,069][TxnService-0]com.ods.transaction.test[31][DEBUG]: 
[2017-10-12 12:00:21,069][TxnService-0]com.ods.transaction.test[32][DEBUG]: 19
[2017-10-12 12:00:21,069][TxnService-0]com.ods.transaction.test[29][DEBUG]: 
[2017-10-12 12:00:21,069][TxnService-0]com.ods.transaction.test[30][DEBUG]: eryey
[2017-10-12 12:00:21,069][TxnService-0]com.ods.transaction.test[31][DEBUG]: 
[2017-10-12 12:00:21,069][TxnService-0]com.ods.transaction.test[32][DEBUG]: 19
[2017-10-12 14:58:49,119][TxnService-2]com.ods.transaction.test[24][INFO ]: {StartDt=20170502, AcctId=1234567890, EndDt=20170805, PageSize=60}
[2017-10-12 14:58:49,262][TxnService-2]com.ods.transaction.test[29][DEBUG]: 
[2017-10-12 14:58:49,262][TxnService-2]com.ods.transaction.test[30][DEBUG]: qwert
[2017-10-12 14:58:49,262][TxnService-2]com.ods.transaction.test[31][DEBUG]: 
[2017-10-12 14:58:49,263][TxnService-2]com.ods.transaction.test[32][DEBUG]: 19
[2017-10-12 14:58:49,263][TxnService-2]com.ods.transaction.test[29][DEBUG]: 
[2017-10-12 14:58:49,263][TxnService-2]com.ods.transaction.test[30][DEBUG]: asdfg
[2017-10-12 14:58:49,263][TxnService-2]com.ods.transaction.test[31][DEBUG]: 
[2017-10-12 14:58:49,263][TxnService-2]com.ods.transaction.test[32][DEBUG]: 19
[2017-10-12 14:58:49,263][TxnService-2]com.ods.transaction.test[29][DEBUG]: 
[2017-10-12 14:58:49,264][TxnService-2]com.ods.transaction.test[30][DEBUG]: tyuio
[2017-10-12 14:58:49,264][TxnService-2]com.ods.transaction.test[31][DEBUG]: 
[2017-10-12 14:58:49,264][TxnService-2]com.ods.transaction.test[32][DEBUG]: 19
[2017-10-12 14:58:49,264][TxnService-2]com.ods.transaction.test[29][DEBUG]: 
[2017-10-12 14:58:49,264][TxnService-2]com.ods.transaction.test[30][DEBUG]: oiuyt
[2017-10-12 14:58:49,264][TxnService-2]com.ods.transaction.test[31][DEBUG]: 
[2017-10-12 14:58:49,264][TxnService-2]com.ods.transaction.test[32][DEBUG]: 19
[2017-10-12 14:58:49,264][TxnService-2]com.ods.transaction.test[29][DEBUG]: 
[2017-10-12 14:58:49,264][TxnService-2]com.ods.transaction.test[30][DEBUG]: sddsgs
[2017-10-12 14:58:49,265][TxnService-2]com.ods.transaction.test[31][DEBUG]: 
[2017-10-12 14:58:49,265][TxnService-2]com.ods.transaction.test[32][DEBUG]: 19
[2017-10-12 14:58:49,265][TxnService-2]com.ods.transaction.test[29][DEBUG]: 
[2017-10-12 14:58:49,265][TxnService-2]com.ods.transaction.test[30][DEBUG]: zxcvb
[2017-10-12 14:58:49,265][TxnService-2]com.ods.transaction.test[31][DEBUG]: 
[2017-10-12 14:58:49,265][TxnService-2]com.ods.transaction.test[32][DEBUG]: 19
[2017-10-12 14:58:49,265][TxnService-2]com.ods.transaction.test[29][DEBUG]: 
[2017-10-12 14:58:49,265][TxnService-2]com.ods.transaction.test[30][DEBUG]: bnm,./
[2017-10-12 14:58:49,265][TxnService-2]com.ods.transaction.test[31][DEBUG]: 
[2017-10-12 14:58:49,265][TxnService-2]com.ods.transaction.test[32][DEBUG]: 19
[2017-10-12 14:58:49,266][TxnService-2]com.ods.transaction.test[29][DEBUG]: 
[2017-10-12 14:58:49,266][TxnService-2]com.ods.transaction.test[30][DEBUG]: poiut
[2017-10-12 14:58:49,266][TxnService-2]com.ods.transaction.test[31][DEBUG]: 
[2017-10-12 14:58:49,266][TxnService-2]com.ods.transaction.test[32][DEBUG]: 19
[2017-10-12 14:58:49,266][TxnService-2]com.ods.transaction.test[29][DEBUG]: 
[2017-10-12 14:58:49,266][TxnService-2]com.ods.transaction.test[30][DEBUG]: wewtwr
[2017-10-12 14:58:49,266][TxnService-2]com.ods.transaction.test[31][DEBUG]: 
[2017-10-12 14:58:49,266][TxnService-2]com.ods.transaction.test[32][DEBUG]: 19
[2017-10-12 14:58:49,266][TxnService-2]com.ods.transaction.test[29][DEBUG]: 
[2017-10-12 14:58:49,266][TxnService-2]com.ods.transaction.test[30][DEBUG]: rtyr
[2017-10-12 14:58:49,266][TxnService-2]com.ods.transaction.test[31][DEBUG]: 
[2017-10-12 14:58:49,266][TxnService-2]com.ods.transaction.test[32][DEBUG]: 19
[2017-10-12 14:58:49,267][TxnService-2]com.ods.transaction.test[29][DEBUG]: 
[2017-10-12 14:58:49,267][TxnService-2]com.ods.transaction.test[30][DEBUG]: eryey
[2017-10-12 14:58:49,267][TxnService-2]com.ods.transaction.test[31][DEBUG]: 
[2017-10-12 14:58:49,267][TxnService-2]com.ods.transaction.test[32][DEBUG]: 19
[2017-10-12 15:04:34,748][TxnService-0]com.ods.transaction.test[24][INFO ]: {StartDt=20170502, AcctId=1234567890, EndDt=20170805, PageSize=60}
[2017-10-12 15:04:34,818][TxnService-0]com.ods.transaction.test[29][DEBUG]: 
[2017-10-12 15:04:34,818][TxnService-0]com.ods.transaction.test[30][DEBUG]: qwert
[2017-10-12 15:04:34,818][TxnService-0]com.ods.transaction.test[31][DEBUG]: 
[2017-10-12 15:04:34,818][TxnService-0]com.ods.transaction.test[32][DEBUG]: 19
[2017-10-12 15:04:34,818][TxnService-0]com.ods.transaction.test[29][DEBUG]: 
[2017-10-12 15:04:34,818][TxnService-0]com.ods.transaction.test[30][DEBUG]: asdfg
[2017-10-12 15:04:34,818][TxnService-0]com.ods.transaction.test[31][DEBUG]: 
[2017-10-12 15:04:34,818][TxnService-0]com.ods.transaction.test[32][DEBUG]: 19
[2017-10-12 15:04:34,818][TxnService-0]com.ods.transaction.test[29][DEBUG]: 
[2017-10-12 15:04:34,818][TxnService-0]com.ods.transaction.test[30][DEBUG]: tyuio
[2017-10-12 15:04:34,818][TxnService-0]com.ods.transaction.test[31][DEBUG]: 
[2017-10-12 15:04:34,818][TxnService-0]com.ods.transaction.test[32][DEBUG]: 19
[2017-10-12 15:04:34,818][TxnService-0]com.ods.transaction.test[29][DEBUG]: 
[2017-10-12 15:04:34,819][TxnService-0]com.ods.transaction.test[30][DEBUG]: oiuyt
[2017-10-12 15:04:34,819][TxnService-0]com.ods.transaction.test[31][DEBUG]: 
[2017-10-12 15:04:34,819][TxnService-0]com.ods.transaction.test[32][DEBUG]: 19
[2017-10-12 15:04:34,819][TxnService-0]com.ods.transaction.test[29][DEBUG]: 
[2017-10-12 15:04:34,819][TxnService-0]com.ods.transaction.test[30][DEBUG]: sddsgs
[2017-10-12 15:04:34,819][TxnService-0]com.ods.transaction.test[31][DEBUG]: 
[2017-10-12 15:04:34,819][TxnService-0]com.ods.transaction.test[32][DEBUG]: 19
[2017-10-12 15:04:34,819][TxnService-0]com.ods.transaction.test[29][DEBUG]: 
[2017-10-12 15:04:34,819][TxnService-0]com.ods.transaction.test[30][DEBUG]: zxcvb
[2017-10-12 15:04:34,819][TxnService-0]com.ods.transaction.test[31][DEBUG]: 
[2017-10-12 15:04:34,819][TxnService-0]com.ods.transaction.test[32][DEBUG]: 19
[2017-10-12 15:04:34,819][TxnService-0]com.ods.transaction.test[29][DEBUG]: 
[2017-10-12 15:04:34,820][TxnService-0]com.ods.transaction.test[30][DEBUG]: bnm,./
[2017-10-12 15:04:34,820][TxnService-0]com.ods.transaction.test[31][DEBUG]: 
[2017-10-12 15:04:34,820][TxnService-0]com.ods.transaction.test[32][DEBUG]: 19
[2017-10-12 15:04:34,820][TxnService-0]com.ods.transaction.test[29][DEBUG]: 
[2017-10-12 15:04:34,820][TxnService-0]com.ods.transaction.test[30][DEBUG]: poiut
[2017-10-12 15:04:34,820][TxnService-0]com.ods.transaction.test[31][DEBUG]: 
[2017-10-12 15:04:34,820][TxnService-0]com.ods.transaction.test[32][DEBUG]: 19
[2017-10-12 15:04:34,820][TxnService-0]com.ods.transaction.test[29][DEBUG]: 
[2017-10-12 15:04:34,820][TxnService-0]com.ods.transaction.test[30][DEBUG]: wewtwr
[2017-10-12 15:04:34,820][TxnService-0]com.ods.transaction.test[31][DEBUG]: 
[2017-10-12 15:04:34,820][TxnService-0]com.ods.transaction.test[32][DEBUG]: 19
[2017-10-12 15:04:34,820][TxnService-0]com.ods.transaction.test[29][DEBUG]: 
[2017-10-12 15:04:34,820][TxnService-0]com.ods.transaction.test[30][DEBUG]: rtyr
[2017-10-12 15:04:34,820][TxnService-0]com.ods.transaction.test[31][DEBUG]: 
[2017-10-12 15:04:34,821][TxnService-0]com.ods.transaction.test[32][DEBUG]: 19
[2017-10-12 15:04:34,821][TxnService-0]com.ods.transaction.test[29][DEBUG]: 
[2017-10-12 15:04:34,821][TxnService-0]com.ods.transaction.test[30][DEBUG]: eryey
[2017-10-12 15:04:34,821][TxnService-0]com.ods.transaction.test[31][DEBUG]: 
[2017-10-12 15:04:34,821][TxnService-0]com.ods.transaction.test[32][DEBUG]: 19
[2017-10-12 15:06:05,582][TxnService-2]com.ods.transaction.test[24][INFO ]: {StartDt=20170502, AcctId=1234567890, EndDt=20170805, PageSize=60}
[2017-10-12 15:06:06,434][TxnService-2]com.ods.transaction.test[29][DEBUG]: 
[2017-10-12 15:06:06,434][TxnService-2]com.ods.transaction.test[30][DEBUG]: qwert
[2017-10-12 15:06:06,434][TxnService-2]com.ods.transaction.test[31][DEBUG]: 
[2017-10-12 15:06:06,434][TxnService-2]com.ods.transaction.test[32][DEBUG]: 19
[2017-10-12 15:06:06,434][TxnService-2]com.ods.transaction.test[29][DEBUG]: 
[2017-10-12 15:06:06,434][TxnService-2]com.ods.transaction.test[30][DEBUG]: asdfg
[2017-10-12 15:06:06,434][TxnService-2]com.ods.transaction.test[31][DEBUG]: 
[2017-10-12 15:06:06,434][TxnService-2]com.ods.transaction.test[32][DEBUG]: 19
[2017-10-12 15:06:06,435][TxnService-2]com.ods.transaction.test[29][DEBUG]: 
[2017-10-12 15:06:06,435][TxnService-2]com.ods.transaction.test[30][DEBUG]: tyuio
[2017-10-12 15:06:06,436][TxnService-2]com.ods.transaction.test[31][DEBUG]: 
[2017-10-12 15:06:06,436][TxnService-2]com.ods.transaction.test[32][DEBUG]: 19
[2017-10-12 15:06:06,436][TxnService-2]com.ods.transaction.test[29][DEBUG]: 
[2017-10-12 15:06:06,436][TxnService-2]com.ods.transaction.test[30][DEBUG]: oiuyt
[2017-10-12 15:06:06,436][TxnService-2]com.ods.transaction.test[31][DEBUG]: 
[2017-10-12 15:06:06,436][TxnService-2]com.ods.transaction.test[32][DEBUG]: 19
[2017-10-12 15:06:06,436][TxnService-2]com.ods.transaction.test[29][DEBUG]: 
[2017-10-12 15:06:06,436][TxnService-2]com.ods.transaction.test[30][DEBUG]: sddsgs
[2017-10-12 15:06:06,437][TxnService-2]com.ods.transaction.test[31][DEBUG]: 
[2017-10-12 15:06:06,437][TxnService-2]com.ods.transaction.test[32][DEBUG]: 19
[2017-10-12 15:06:06,437][TxnService-2]com.ods.transaction.test[29][DEBUG]: 
[2017-10-12 15:06:06,437][TxnService-2]com.ods.transaction.test[30][DEBUG]: zxcvb
[2017-10-12 15:06:06,437][TxnService-2]com.ods.transaction.test[31][DEBUG]: 
[2017-10-12 15:06:06,437][TxnService-2]com.ods.transaction.test[32][DEBUG]: 19
[2017-10-12 15:06:06,437][TxnService-2]com.ods.transaction.test[29][DEBUG]: 
[2017-10-12 15:06:06,438][TxnService-2]com.ods.transaction.test[30][DEBUG]: bnm,./
[2017-10-12 15:06:06,438][TxnService-2]com.ods.transaction.test[31][DEBUG]: 
[2017-10-12 15:06:06,438][TxnService-2]com.ods.transaction.test[32][DEBUG]: 19
[2017-10-12 15:06:06,438][TxnService-2]com.ods.transaction.test[29][DEBUG]: 
[2017-10-12 15:06:06,438][TxnService-2]com.ods.transaction.test[30][DEBUG]: poiut
[2017-10-12 15:06:06,439][TxnService-2]com.ods.transaction.test[31][DEBUG]: 
[2017-10-12 15:06:06,439][TxnService-2]com.ods.transaction.test[32][DEBUG]: 19
[2017-10-12 15:06:06,439][TxnService-2]com.ods.transaction.test[29][DEBUG]: 
[2017-10-12 15:06:06,439][TxnService-2]com.ods.transaction.test[30][DEBUG]: wewtwr
[2017-10-12 15:06:06,439][TxnService-2]com.ods.transaction.test[31][DEBUG]: 
[2017-10-12 15:06:06,439][TxnService-2]com.ods.transaction.test[32][DEBUG]: 19
[2017-10-12 15:06:06,440][TxnService-2]com.ods.transaction.test[29][DEBUG]: 
[2017-10-12 15:06:06,440][TxnService-2]com.ods.transaction.test[30][DEBUG]: rtyr
[2017-10-12 15:06:06,440][TxnService-2]com.ods.transaction.test[31][DEBUG]: 
[2017-10-12 15:06:06,440][TxnService-2]com.ods.transaction.test[32][DEBUG]: 19
[2017-10-12 15:06:06,440][TxnService-2]com.ods.transaction.test[29][DEBUG]: 
[2017-10-12 15:06:06,440][TxnService-2]com.ods.transaction.test[30][DEBUG]: eryey
[2017-10-12 15:06:06,440][TxnService-2]com.ods.transaction.test[31][DEBUG]: 
[2017-10-12 15:06:06,440][TxnService-2]com.ods.transaction.test[32][DEBUG]: 19
[2017-10-12 15:12:56,582][TxnService-4]com.ods.transaction.test[24][INFO ]: {StartDt=20170502, AcctId=1234567890, EndDt=20170805, PageSize=60}
[2017-10-12 15:12:57,476][TxnService-4]com.ods.transaction.test[29][DEBUG]: 
[2017-10-12 15:12:57,476][TxnService-4]com.ods.transaction.test[30][DEBUG]: qwert
[2017-10-12 15:12:57,476][TxnService-4]com.ods.transaction.test[31][DEBUG]: 
[2017-10-12 15:12:57,476][TxnService-4]com.ods.transaction.test[32][DEBUG]: 19
[2017-10-12 15:12:57,477][TxnService-4]com.ods.transaction.test[29][DEBUG]: 
[2017-10-12 15:12:57,477][TxnService-4]com.ods.transaction.test[30][DEBUG]: asdfg
[2017-10-12 15:12:57,477][TxnService-4]com.ods.transaction.test[31][DEBUG]: 
[2017-10-12 15:12:57,477][TxnService-4]com.ods.transaction.test[32][DEBUG]: 19
[2017-10-12 15:12:57,477][TxnService-4]com.ods.transaction.test[29][DEBUG]: 
[2017-10-12 15:12:57,477][TxnService-4]com.ods.transaction.test[30][DEBUG]: tyuio
[2017-10-12 15:12:57,478][TxnService-4]com.ods.transaction.test[31][DEBUG]: 
[2017-10-12 15:12:57,478][TxnService-4]com.ods.transaction.test[32][DEBUG]: 19
[2017-10-12 15:12:57,478][TxnService-4]com.ods.transaction.test[29][DEBUG]: 
[2017-10-12 15:12:57,478][TxnService-4]com.ods.transaction.test[30][DEBUG]: oiuyt
[2017-10-12 15:12:57,478][TxnService-4]com.ods.transaction.test[31][DEBUG]: 
[2017-10-12 15:12:57,478][TxnService-4]com.ods.transaction.test[32][DEBUG]: 19
[2017-10-12 15:12:57,479][TxnService-4]com.ods.transaction.test[29][DEBUG]: 
[2017-10-12 15:12:57,479][TxnService-4]com.ods.transaction.test[30][DEBUG]: sddsgs
[2017-10-12 15:12:57,480][TxnService-4]com.ods.transaction.test[31][DEBUG]: 
[2017-10-12 15:12:57,480][TxnService-4]com.ods.transaction.test[32][DEBUG]: 19
[2017-10-12 15:12:57,480][TxnService-4]com.ods.transaction.test[29][DEBUG]: 
[2017-10-12 15:12:57,481][TxnService-4]com.ods.transaction.test[30][DEBUG]: zxcvb
[2017-10-12 15:12:57,482][TxnService-4]com.ods.transaction.test[31][DEBUG]: 
[2017-10-12 15:12:57,482][TxnService-4]com.ods.transaction.test[32][DEBUG]: 19
[2017-10-12 15:12:57,482][TxnService-4]com.ods.transaction.test[29][DEBUG]: 
[2017-10-12 15:12:57,482][TxnService-4]com.ods.transaction.test[30][DEBUG]: bnm,./
[2017-10-12 15:12:57,483][TxnService-4]com.ods.transaction.test[31][DEBUG]: 
[2017-10-12 15:12:57,483][TxnService-4]com.ods.transaction.test[32][DEBUG]: 19
[2017-10-12 15:12:57,483][TxnService-4]com.ods.transaction.test[29][DEBUG]: 
[2017-10-12 15:12:57,483][TxnService-4]com.ods.transaction.test[30][DEBUG]: poiut
[2017-10-12 15:12:57,483][TxnService-4]com.ods.transaction.test[31][DEBUG]: 
[2017-10-12 15:12:57,483][TxnService-4]com.ods.transaction.test[32][DEBUG]: 19
[2017-10-12 15:12:57,483][TxnService-4]com.ods.transaction.test[29][DEBUG]: 
[2017-10-12 15:12:57,483][TxnService-4]com.ods.transaction.test[30][DEBUG]: wewtwr
[2017-10-12 15:12:57,483][TxnService-4]com.ods.transaction.test[31][DEBUG]: 
[2017-10-12 15:12:57,484][TxnService-4]com.ods.transaction.test[32][DEBUG]: 19
[2017-10-12 15:12:57,484][TxnService-4]com.ods.transaction.test[29][DEBUG]: 
[2017-10-12 15:12:57,484][TxnService-4]com.ods.transaction.test[30][DEBUG]: rtyr
[2017-10-12 15:12:57,484][TxnService-4]com.ods.transaction.test[31][DEBUG]: 
[2017-10-12 15:12:57,484][TxnService-4]com.ods.transaction.test[32][DEBUG]: 19
[2017-10-12 15:12:57,484][TxnService-4]com.ods.transaction.test[29][DEBUG]: 
[2017-10-12 15:12:57,484][TxnService-4]com.ods.transaction.test[30][DEBUG]: eryey
[2017-10-12 15:12:57,484][TxnService-4]com.ods.transaction.test[31][DEBUG]: 
[2017-10-12 15:12:57,484][TxnService-4]com.ods.transaction.test[32][DEBUG]: 19
