[2017-10-23 15:15:15,112][TxnService-1]com.ods.transaction.test[24][INFO ]: {StartDt=20170502, AcctId=1234567890, EndDt=20170805, PageSize=60}
[2017-10-23 15:15:20,499][TxnService-1]com.ods.transaction.test[29][DEBUG]: 
[2017-10-23 15:15:20,499][TxnService-1]com.ods.transaction.test[30][DEBUG]: qwert
[2017-10-23 15:15:20,500][TxnService-1]com.ods.transaction.test[31][DEBUG]: 
[2017-10-23 15:15:20,500][TxnService-1]com.ods.transaction.test[32][DEBUG]: 19
[2017-10-23 15:15:20,500][TxnService-1]com.ods.transaction.test[29][DEBUG]: 
[2017-10-23 15:15:20,500][TxnService-1]com.ods.transaction.test[30][DEBUG]: asdfg
[2017-10-23 15:15:20,501][TxnService-1]com.ods.transaction.test[31][DEBUG]: 
[2017-10-23 15:15:20,501][TxnService-1]com.ods.transaction.test[32][DEBUG]: 19
[2017-10-23 15:15:20,501][TxnService-1]com.ods.transaction.test[29][DEBUG]: 
[2017-10-23 15:15:20,502][TxnService-1]com.ods.transaction.test[30][DEBUG]: tyuio
[2017-10-23 15:15:20,502][TxnService-1]com.ods.transaction.test[31][DEBUG]: 
[2017-10-23 15:15:20,502][TxnService-1]com.ods.transaction.test[32][DEBUG]: 19
[2017-10-23 15:15:20,502][TxnService-1]com.ods.transaction.test[29][DEBUG]: 
[2017-10-23 15:15:20,502][TxnService-1]com.ods.transaction.test[30][DEBUG]: oiuyt
[2017-10-23 15:15:20,502][TxnService-1]com.ods.transaction.test[31][DEBUG]: 
[2017-10-23 15:15:20,503][TxnService-1]com.ods.transaction.test[32][DEBUG]: 19
[2017-10-23 15:15:20,503][TxnService-1]com.ods.transaction.test[29][DEBUG]: 
[2017-10-23 15:15:20,503][TxnService-1]com.ods.transaction.test[30][DEBUG]: sddsgs
[2017-10-23 15:15:20,503][TxnService-1]com.ods.transaction.test[31][DEBUG]: 
[2017-10-23 15:15:20,503][TxnService-1]com.ods.transaction.test[32][DEBUG]: 19
[2017-10-23 15:15:20,504][TxnService-1]com.ods.transaction.test[29][DEBUG]: 
[2017-10-23 15:15:20,504][TxnService-1]com.ods.transaction.test[30][DEBUG]: zxcvb
[2017-10-23 15:15:20,504][TxnService-1]com.ods.transaction.test[31][DEBUG]: 
[2017-10-23 15:15:20,504][TxnService-1]com.ods.transaction.test[32][DEBUG]: 19
[2017-10-23 15:15:20,505][TxnService-1]com.ods.transaction.test[29][DEBUG]: 
[2017-10-23 15:15:20,505][TxnService-1]com.ods.transaction.test[30][DEBUG]: bnm,./
[2017-10-23 15:15:20,505][TxnService-1]com.ods.transaction.test[31][DEBUG]: 
[2017-10-23 15:15:20,505][TxnService-1]com.ods.transaction.test[32][DEBUG]: 19
[2017-10-23 15:15:20,505][TxnService-1]com.ods.transaction.test[29][DEBUG]: 
[2017-10-23 15:15:20,505][TxnService-1]com.ods.transaction.test[30][DEBUG]: poiut
[2017-10-23 15:15:20,506][TxnService-1]com.ods.transaction.test[31][DEBUG]: 
[2017-10-23 15:15:20,506][TxnService-1]com.ods.transaction.test[32][DEBUG]: 19
[2017-10-23 15:15:20,506][TxnService-1]com.ods.transaction.test[29][DEBUG]: 
[2017-10-23 15:15:20,506][TxnService-1]com.ods.transaction.test[30][DEBUG]: wewtwr
[2017-10-23 15:15:20,506][TxnService-1]com.ods.transaction.test[31][DEBUG]: 
[2017-10-23 15:15:20,507][TxnService-1]com.ods.transaction.test[32][DEBUG]: 19
[2017-10-23 15:15:20,507][TxnService-1]com.ods.transaction.test[29][DEBUG]: 
[2017-10-23 15:15:20,507][TxnService-1]com.ods.transaction.test[30][DEBUG]: rtyr
[2017-10-23 15:15:20,508][TxnService-1]com.ods.transaction.test[31][DEBUG]: 
[2017-10-23 15:15:20,508][TxnService-1]com.ods.transaction.test[32][DEBUG]: 19
[2017-10-23 15:15:20,509][TxnService-1]com.ods.transaction.test[29][DEBUG]: 
[2017-10-23 15:15:20,509][TxnService-1]com.ods.transaction.test[30][DEBUG]: eryey
[2017-10-23 15:15:20,509][TxnService-1]com.ods.transaction.test[31][DEBUG]: 
[2017-10-23 15:15:20,510][TxnService-1]com.ods.transaction.test[32][DEBUG]: 19
[2017-10-23 16:20:05,033][TxnService-1]com.ods.transaction.test[24][INFO ]: {StartDt=20170502, AcctId=1234567890, EndDt=20170805, PageSize=60}
[2017-10-23 16:20:06,019][TxnService-1]com.ods.transaction.test[29][DEBUG]: 
[2017-10-23 16:20:06,019][TxnService-1]com.ods.transaction.test[30][DEBUG]: qwert
[2017-10-23 16:20:06,019][TxnService-1]com.ods.transaction.test[31][DEBUG]: 
[2017-10-23 16:20:06,019][TxnService-1]com.ods.transaction.test[32][DEBUG]: 19
[2017-10-23 16:20:06,020][TxnService-1]com.ods.transaction.test[29][DEBUG]: 
[2017-10-23 16:20:06,020][TxnService-1]com.ods.transaction.test[30][DEBUG]: asdfg
[2017-10-23 16:20:06,020][TxnService-1]com.ods.transaction.test[31][DEBUG]: 
[2017-10-23 16:20:06,020][TxnService-1]com.ods.transaction.test[32][DEBUG]: 19
[2017-10-23 16:20:06,020][TxnService-1]com.ods.transaction.test[29][DEBUG]: 
[2017-10-23 16:20:06,020][TxnService-1]com.ods.transaction.test[30][DEBUG]: tyuio
[2017-10-23 16:20:06,020][TxnService-1]com.ods.transaction.test[31][DEBUG]: 
[2017-10-23 16:20:06,020][TxnService-1]com.ods.transaction.test[32][DEBUG]: 19
[2017-10-23 16:20:06,020][TxnService-1]com.ods.transaction.test[29][DEBUG]: 
[2017-10-23 16:20:06,020][TxnService-1]com.ods.transaction.test[30][DEBUG]: oiuyt
[2017-10-23 16:20:06,020][TxnService-1]com.ods.transaction.test[31][DEBUG]: 
[2017-10-23 16:20:06,020][TxnService-1]com.ods.transaction.test[32][DEBUG]: 19
[2017-10-23 16:20:06,020][TxnService-1]com.ods.transaction.test[29][DEBUG]: 
[2017-10-23 16:20:06,020][TxnService-1]com.ods.transaction.test[30][DEBUG]: sddsgs
[2017-10-23 16:20:06,021][TxnService-1]com.ods.transaction.test[31][DEBUG]: 
[2017-10-23 16:20:06,021][TxnService-1]com.ods.transaction.test[32][DEBUG]: 19
[2017-10-23 16:20:06,021][TxnService-1]com.ods.transaction.test[29][DEBUG]: 
[2017-10-23 16:20:06,021][TxnService-1]com.ods.transaction.test[30][DEBUG]: zxcvb
[2017-10-23 16:20:06,021][TxnService-1]com.ods.transaction.test[31][DEBUG]: 
[2017-10-23 16:20:06,021][TxnService-1]com.ods.transaction.test[32][DEBUG]: 19
[2017-10-23 16:20:06,021][TxnService-1]com.ods.transaction.test[29][DEBUG]: 
[2017-10-23 16:20:06,021][TxnService-1]com.ods.transaction.test[30][DEBUG]: bnm,./
[2017-10-23 16:20:06,021][TxnService-1]com.ods.transaction.test[31][DEBUG]: 
[2017-10-23 16:20:06,022][TxnService-1]com.ods.transaction.test[32][DEBUG]: 19
[2017-10-23 16:20:06,022][TxnService-1]com.ods.transaction.test[29][DEBUG]: 
[2017-10-23 16:20:06,022][TxnService-1]com.ods.transaction.test[30][DEBUG]: poiut
[2017-10-23 16:20:06,022][TxnService-1]com.ods.transaction.test[31][DEBUG]: 
[2017-10-23 16:20:06,022][TxnService-1]com.ods.transaction.test[32][DEBUG]: 19
[2017-10-23 16:20:06,022][TxnService-1]com.ods.transaction.test[29][DEBUG]: 
[2017-10-23 16:20:06,022][TxnService-1]com.ods.transaction.test[30][DEBUG]: wewtwr
[2017-10-23 16:20:06,022][TxnService-1]com.ods.transaction.test[31][DEBUG]: 
[2017-10-23 16:20:06,022][TxnService-1]com.ods.transaction.test[32][DEBUG]: 19
[2017-10-23 16:20:06,023][TxnService-1]com.ods.transaction.test[29][DEBUG]: 
[2017-10-23 16:20:06,023][TxnService-1]com.ods.transaction.test[30][DEBUG]: rtyr
[2017-10-23 16:20:06,023][TxnService-1]com.ods.transaction.test[31][DEBUG]: 
[2017-10-23 16:20:06,023][TxnService-1]com.ods.transaction.test[32][DEBUG]: 19
[2017-10-23 16:20:06,023][TxnService-1]com.ods.transaction.test[29][DEBUG]: 
[2017-10-23 16:20:06,023][TxnService-1]com.ods.transaction.test[30][DEBUG]: eryey
[2017-10-23 16:20:06,024][TxnService-1]com.ods.transaction.test[31][DEBUG]: 
[2017-10-23 16:20:06,024][TxnService-1]com.ods.transaction.test[32][DEBUG]: 19
[2017-10-23 16:24:31,031][TxnService-3]com.ods.transaction.test[24][INFO ]: {StartDt=20170502, AcctId=1234567890, EndDt=20170805, PageSize=60}
[2017-10-23 16:24:31,855][TxnService-3]com.ods.transaction.test[29][DEBUG]: 
[2017-10-23 16:24:31,855][TxnService-3]com.ods.transaction.test[30][DEBUG]: qwert
[2017-10-23 16:24:31,855][TxnService-3]com.ods.transaction.test[31][DEBUG]: 
[2017-10-23 16:24:31,856][TxnService-3]com.ods.transaction.test[32][DEBUG]: 19
[2017-10-23 16:24:31,856][TxnService-3]com.ods.transaction.test[29][DEBUG]: 
[2017-10-23 16:24:31,856][TxnService-3]com.ods.transaction.test[30][DEBUG]: asdfg
[2017-10-23 16:24:31,856][TxnService-3]com.ods.transaction.test[31][DEBUG]: 
[2017-10-23 16:24:31,856][TxnService-3]com.ods.transaction.test[32][DEBUG]: 19
[2017-10-23 16:24:31,856][TxnService-3]com.ods.transaction.test[29][DEBUG]: 
[2017-10-23 16:24:31,856][TxnService-3]com.ods.transaction.test[30][DEBUG]: tyuio
[2017-10-23 16:24:31,856][TxnService-3]com.ods.transaction.test[31][DEBUG]: 
[2017-10-23 16:24:31,856][TxnService-3]com.ods.transaction.test[32][DEBUG]: 19
[2017-10-23 16:24:31,856][TxnService-3]com.ods.transaction.test[29][DEBUG]: 
[2017-10-23 16:24:31,856][TxnService-3]com.ods.transaction.test[30][DEBUG]: oiuyt
[2017-10-23 16:24:31,857][TxnService-3]com.ods.transaction.test[31][DEBUG]: 
[2017-10-23 16:24:31,857][TxnService-3]com.ods.transaction.test[32][DEBUG]: 19
[2017-10-23 16:24:31,857][TxnService-3]com.ods.transaction.test[29][DEBUG]: 
[2017-10-23 16:24:31,857][TxnService-3]com.ods.transaction.test[30][DEBUG]: sddsgs
[2017-10-23 16:24:31,857][TxnService-3]com.ods.transaction.test[31][DEBUG]: 
[2017-10-23 16:24:31,857][TxnService-3]com.ods.transaction.test[32][DEBUG]: 19
[2017-10-23 16:24:31,857][TxnService-3]com.ods.transaction.test[29][DEBUG]: 
[2017-10-23 16:24:31,858][TxnService-3]com.ods.transaction.test[30][DEBUG]: zxcvb
[2017-10-23 16:24:31,858][TxnService-3]com.ods.transaction.test[31][DEBUG]: 
[2017-10-23 16:24:31,858][TxnService-3]com.ods.transaction.test[32][DEBUG]: 19
[2017-10-23 16:24:31,858][TxnService-3]com.ods.transaction.test[29][DEBUG]: 
[2017-10-23 16:24:31,858][TxnService-3]com.ods.transaction.test[30][DEBUG]: bnm,./
[2017-10-23 16:24:31,858][TxnService-3]com.ods.transaction.test[31][DEBUG]: 
[2017-10-23 16:24:31,858][TxnService-3]com.ods.transaction.test[32][DEBUG]: 19
[2017-10-23 16:24:31,858][TxnService-3]com.ods.transaction.test[29][DEBUG]: 
[2017-10-23 16:24:31,858][TxnService-3]com.ods.transaction.test[30][DEBUG]: poiut
[2017-10-23 16:24:31,858][TxnService-3]com.ods.transaction.test[31][DEBUG]: 
[2017-10-23 16:24:31,858][TxnService-3]com.ods.transaction.test[32][DEBUG]: 19
[2017-10-23 16:24:31,858][TxnService-3]com.ods.transaction.test[29][DEBUG]: 
[2017-10-23 16:24:31,858][TxnService-3]com.ods.transaction.test[30][DEBUG]: wewtwr
[2017-10-23 16:24:31,858][TxnService-3]com.ods.transaction.test[31][DEBUG]: 
[2017-10-23 16:24:31,858][TxnService-3]com.ods.transaction.test[32][DEBUG]: 19
[2017-10-23 16:24:31,859][TxnService-3]com.ods.transaction.test[29][DEBUG]: 
[2017-10-23 16:24:31,859][TxnService-3]com.ods.transaction.test[30][DEBUG]: rtyr
[2017-10-23 16:24:31,859][TxnService-3]com.ods.transaction.test[31][DEBUG]: 
[2017-10-23 16:24:31,859][TxnService-3]com.ods.transaction.test[32][DEBUG]: 19
[2017-10-23 16:24:31,859][TxnService-3]com.ods.transaction.test[29][DEBUG]: 
[2017-10-23 16:24:31,859][TxnService-3]com.ods.transaction.test[30][DEBUG]: eryey
[2017-10-23 16:24:31,859][TxnService-3]com.ods.transaction.test[31][DEBUG]: 
[2017-10-23 16:24:31,859][TxnService-3]com.ods.transaction.test[32][DEBUG]: 19
[2017-10-23 16:55:12,238][TxnService-0]com.ods.transaction.test[24][INFO ]: {StartDt=20170502, AcctId=1234567890, EndDt=20170805, PageSize=60}
[2017-10-23 16:55:13,075][TxnService-0]com.ods.transaction.test[29][DEBUG]: 
[2017-10-23 16:55:13,076][TxnService-0]com.ods.transaction.test[30][DEBUG]: qwert
[2017-10-23 16:55:13,076][TxnService-0]com.ods.transaction.test[31][DEBUG]: 
[2017-10-23 16:55:13,076][TxnService-0]com.ods.transaction.test[32][DEBUG]: 19
[2017-10-23 16:55:13,076][TxnService-0]com.ods.transaction.test[29][DEBUG]: 
[2017-10-23 16:55:13,076][TxnService-0]com.ods.transaction.test[30][DEBUG]: asdfg
[2017-10-23 16:55:13,076][TxnService-0]com.ods.transaction.test[31][DEBUG]: 
[2017-10-23 16:55:13,076][TxnService-0]com.ods.transaction.test[32][DEBUG]: 19
[2017-10-23 16:55:13,076][TxnService-0]com.ods.transaction.test[29][DEBUG]: 
[2017-10-23 16:55:13,076][TxnService-0]com.ods.transaction.test[30][DEBUG]: tyuio
[2017-10-23 16:55:13,076][TxnService-0]com.ods.transaction.test[31][DEBUG]: 
[2017-10-23 16:55:13,076][TxnService-0]com.ods.transaction.test[32][DEBUG]: 19
[2017-10-23 16:55:13,076][TxnService-0]com.ods.transaction.test[29][DEBUG]: 
[2017-10-23 16:55:13,077][TxnService-0]com.ods.transaction.test[30][DEBUG]: oiuyt
[2017-10-23 16:55:13,077][TxnService-0]com.ods.transaction.test[31][DEBUG]: 
[2017-10-23 16:55:13,077][TxnService-0]com.ods.transaction.test[32][DEBUG]: 19
[2017-10-23 16:55:13,077][TxnService-0]com.ods.transaction.test[29][DEBUG]: 
[2017-10-23 16:55:13,077][TxnService-0]com.ods.transaction.test[30][DEBUG]: sddsgs
[2017-10-23 16:55:13,077][TxnService-0]com.ods.transaction.test[31][DEBUG]: 
[2017-10-23 16:55:13,077][TxnService-0]com.ods.transaction.test[32][DEBUG]: 19
[2017-10-23 16:55:13,077][TxnService-0]com.ods.transaction.test[29][DEBUG]: 
[2017-10-23 16:55:13,077][TxnService-0]com.ods.transaction.test[30][DEBUG]: zxcvb
[2017-10-23 16:55:13,077][TxnService-0]com.ods.transaction.test[31][DEBUG]: 
[2017-10-23 16:55:13,077][TxnService-0]com.ods.transaction.test[32][DEBUG]: 19
[2017-10-23 16:55:13,077][TxnService-0]com.ods.transaction.test[29][DEBUG]: 
[2017-10-23 16:55:13,078][TxnService-0]com.ods.transaction.test[30][DEBUG]: bnm,./
[2017-10-23 16:55:13,078][TxnService-0]com.ods.transaction.test[31][DEBUG]: 
[2017-10-23 16:55:13,078][TxnService-0]com.ods.transaction.test[32][DEBUG]: 19
[2017-10-23 16:55:13,078][TxnService-0]com.ods.transaction.test[29][DEBUG]: 
[2017-10-23 16:55:13,078][TxnService-0]com.ods.transaction.test[30][DEBUG]: poiut
[2017-10-23 16:55:13,078][TxnService-0]com.ods.transaction.test[31][DEBUG]: 
[2017-10-23 16:55:13,078][TxnService-0]com.ods.transaction.test[32][DEBUG]: 19
[2017-10-23 16:55:13,078][TxnService-0]com.ods.transaction.test[29][DEBUG]: 
[2017-10-23 16:55:13,078][TxnService-0]com.ods.transaction.test[30][DEBUG]: wewtwr
[2017-10-23 16:55:13,079][TxnService-0]com.ods.transaction.test[31][DEBUG]: 
[2017-10-23 16:55:13,079][TxnService-0]com.ods.transaction.test[32][DEBUG]: 19
[2017-10-23 16:55:13,079][TxnService-0]com.ods.transaction.test[29][DEBUG]: 
[2017-10-23 16:55:13,079][TxnService-0]com.ods.transaction.test[30][DEBUG]: rtyr
[2017-10-23 16:55:13,079][TxnService-0]com.ods.transaction.test[31][DEBUG]: 
[2017-10-23 16:55:13,080][TxnService-0]com.ods.transaction.test[32][DEBUG]: 19
[2017-10-23 16:55:13,080][TxnService-0]com.ods.transaction.test[29][DEBUG]: 
[2017-10-23 16:55:13,080][TxnService-0]com.ods.transaction.test[30][DEBUG]: eryey
[2017-10-23 16:55:13,080][TxnService-0]com.ods.transaction.test[31][DEBUG]: 
[2017-10-23 16:55:13,080][TxnService-0]com.ods.transaction.test[32][DEBUG]: 19
[2017-10-23 19:18:15,803][TxnService-4]com.ods.transaction.test[24][INFO ]: {StartDt=20170502, AcctId=1234567890, EndDt=20170805, PageSize=60}
[2017-10-23 19:18:16,788][TxnService-4]com.ods.transaction.test[29][DEBUG]: 
[2017-10-23 19:18:16,788][TxnService-4]com.ods.transaction.test[30][DEBUG]: qwert
[2017-10-23 19:18:16,788][TxnService-4]com.ods.transaction.test[31][DEBUG]: 
[2017-10-23 19:18:16,789][TxnService-4]com.ods.transaction.test[32][DEBUG]: 19
[2017-10-23 19:18:16,789][TxnService-4]com.ods.transaction.test[29][DEBUG]: 
[2017-10-23 19:18:16,789][TxnService-4]com.ods.transaction.test[30][DEBUG]: asdfg
[2017-10-23 19:18:16,789][TxnService-4]com.ods.transaction.test[31][DEBUG]: 
[2017-10-23 19:18:16,789][TxnService-4]com.ods.transaction.test[32][DEBUG]: 19
[2017-10-23 19:18:16,789][TxnService-4]com.ods.transaction.test[29][DEBUG]: 
[2017-10-23 19:18:16,789][TxnService-4]com.ods.transaction.test[30][DEBUG]: tyuio
[2017-10-23 19:18:16,789][TxnService-4]com.ods.transaction.test[31][DEBUG]: 
[2017-10-23 19:18:16,789][TxnService-4]com.ods.transaction.test[32][DEBUG]: 19
[2017-10-23 19:18:16,790][TxnService-4]com.ods.transaction.test[29][DEBUG]: 
[2017-10-23 19:18:16,790][TxnService-4]com.ods.transaction.test[30][DEBUG]: oiuyt
[2017-10-23 19:18:16,790][TxnService-4]com.ods.transaction.test[31][DEBUG]: 
[2017-10-23 19:18:16,790][TxnService-4]com.ods.transaction.test[32][DEBUG]: 19
[2017-10-23 19:18:16,790][TxnService-4]com.ods.transaction.test[29][DEBUG]: 
[2017-10-23 19:18:16,790][TxnService-4]com.ods.transaction.test[30][DEBUG]: sddsgs
[2017-10-23 19:18:16,790][TxnService-4]com.ods.transaction.test[31][DEBUG]: 
[2017-10-23 19:18:16,790][TxnService-4]com.ods.transaction.test[32][DEBUG]: 19
[2017-10-23 19:18:16,790][TxnService-4]com.ods.transaction.test[29][DEBUG]: 
[2017-10-23 19:18:16,791][TxnService-4]com.ods.transaction.test[30][DEBUG]: zxcvb
[2017-10-23 19:18:16,791][TxnService-4]com.ods.transaction.test[31][DEBUG]: 
[2017-10-23 19:18:16,791][TxnService-4]com.ods.transaction.test[32][DEBUG]: 19
[2017-10-23 19:18:16,791][TxnService-4]com.ods.transaction.test[29][DEBUG]: 
[2017-10-23 19:18:16,791][TxnService-4]com.ods.transaction.test[30][DEBUG]: bnm,./
[2017-10-23 19:18:16,791][TxnService-4]com.ods.transaction.test[31][DEBUG]: 
[2017-10-23 19:18:16,791][TxnService-4]com.ods.transaction.test[32][DEBUG]: 19
[2017-10-23 19:18:16,792][TxnService-4]com.ods.transaction.test[29][DEBUG]: 
[2017-10-23 19:18:16,792][TxnService-4]com.ods.transaction.test[30][DEBUG]: poiut
[2017-10-23 19:18:16,792][TxnService-4]com.ods.transaction.test[31][DEBUG]: 
[2017-10-23 19:18:16,792][TxnService-4]com.ods.transaction.test[32][DEBUG]: 19
[2017-10-23 19:18:16,792][TxnService-4]com.ods.transaction.test[29][DEBUG]: 
[2017-10-23 19:18:16,792][TxnService-4]com.ods.transaction.test[30][DEBUG]: wewtwr
[2017-10-23 19:18:16,792][TxnService-4]com.ods.transaction.test[31][DEBUG]: 
[2017-10-23 19:18:16,792][TxnService-4]com.ods.transaction.test[32][DEBUG]: 19
[2017-10-23 19:18:16,793][TxnService-4]com.ods.transaction.test[29][DEBUG]: 
[2017-10-23 19:18:16,793][TxnService-4]com.ods.transaction.test[30][DEBUG]: rtyr
[2017-10-23 19:18:16,793][TxnService-4]com.ods.transaction.test[31][DEBUG]: 
[2017-10-23 19:18:16,793][TxnService-4]com.ods.transaction.test[32][DEBUG]: 19
[2017-10-23 19:18:16,793][TxnService-4]com.ods.transaction.test[29][DEBUG]: 
[2017-10-23 19:18:16,793][TxnService-4]com.ods.transaction.test[30][DEBUG]: eryey
[2017-10-23 19:18:16,794][TxnService-4]com.ods.transaction.test[31][DEBUG]: 
[2017-10-23 19:18:16,794][TxnService-4]com.ods.transaction.test[32][DEBUG]: 19
[2017-10-23 19:51:09,069][TxnService-0]com.ods.transaction.test[24][INFO ]: {StartDt=20170502, AcctId=1234567890, EndDt=20170805, PageSize=60}
[2017-10-23 19:51:09,904][TxnService-0]com.ods.transaction.test[29][DEBUG]: 
[2017-10-23 19:51:09,904][TxnService-0]com.ods.transaction.test[30][DEBUG]: qwert
[2017-10-23 19:51:09,905][TxnService-0]com.ods.transaction.test[31][DEBUG]: 
[2017-10-23 19:51:09,905][TxnService-0]com.ods.transaction.test[32][DEBUG]: 19
[2017-10-23 19:51:09,905][TxnService-0]com.ods.transaction.test[29][DEBUG]: 
[2017-10-23 19:51:09,905][TxnService-0]com.ods.transaction.test[30][DEBUG]: asdfg
[2017-10-23 19:51:09,905][TxnService-0]com.ods.transaction.test[31][DEBUG]: 
[2017-10-23 19:51:09,905][TxnService-0]com.ods.transaction.test[32][DEBUG]: 19
[2017-10-23 19:51:09,905][TxnService-0]com.ods.transaction.test[29][DEBUG]: 
[2017-10-23 19:51:09,905][TxnService-0]com.ods.transaction.test[30][DEBUG]: tyuio
[2017-10-23 19:51:09,905][TxnService-0]com.ods.transaction.test[31][DEBUG]: 
[2017-10-23 19:51:09,906][TxnService-0]com.ods.transaction.test[32][DEBUG]: 19
[2017-10-23 19:51:09,906][TxnService-0]com.ods.transaction.test[29][DEBUG]: 
[2017-10-23 19:51:09,906][TxnService-0]com.ods.transaction.test[30][DEBUG]: oiuyt
[2017-10-23 19:51:09,906][TxnService-0]com.ods.transaction.test[31][DEBUG]: 
[2017-10-23 19:51:09,906][TxnService-0]com.ods.transaction.test[32][DEBUG]: 19
[2017-10-23 19:51:09,906][TxnService-0]com.ods.transaction.test[29][DEBUG]: 
[2017-10-23 19:51:09,906][TxnService-0]com.ods.transaction.test[30][DEBUG]: sddsgs
[2017-10-23 19:51:09,906][TxnService-0]com.ods.transaction.test[31][DEBUG]: 
[2017-10-23 19:51:09,906][TxnService-0]com.ods.transaction.test[32][DEBUG]: 19
[2017-10-23 19:51:09,906][TxnService-0]com.ods.transaction.test[29][DEBUG]: 
[2017-10-23 19:51:09,906][TxnService-0]com.ods.transaction.test[30][DEBUG]: zxcvb
[2017-10-23 19:51:09,906][TxnService-0]com.ods.transaction.test[31][DEBUG]: 
[2017-10-23 19:51:09,907][TxnService-0]com.ods.transaction.test[32][DEBUG]: 19
[2017-10-23 19:51:09,907][TxnService-0]com.ods.transaction.test[29][DEBUG]: 
[2017-10-23 19:51:09,907][TxnService-0]com.ods.transaction.test[30][DEBUG]: bnm,./
[2017-10-23 19:51:09,907][TxnService-0]com.ods.transaction.test[31][DEBUG]: 
[2017-10-23 19:51:09,907][TxnService-0]com.ods.transaction.test[32][DEBUG]: 19
[2017-10-23 19:51:09,907][TxnService-0]com.ods.transaction.test[29][DEBUG]: 
[2017-10-23 19:51:09,907][TxnService-0]com.ods.transaction.test[30][DEBUG]: poiut
[2017-10-23 19:51:09,907][TxnService-0]com.ods.transaction.test[31][DEBUG]: 
[2017-10-23 19:51:09,907][TxnService-0]com.ods.transaction.test[32][DEBUG]: 19
[2017-10-23 19:51:09,907][TxnService-0]com.ods.transaction.test[29][DEBUG]: 
[2017-10-23 19:51:09,907][TxnService-0]com.ods.transaction.test[30][DEBUG]: wewtwr
[2017-10-23 19:51:09,907][TxnService-0]com.ods.transaction.test[31][DEBUG]: 
[2017-10-23 19:51:09,908][TxnService-0]com.ods.transaction.test[32][DEBUG]: 19
[2017-10-23 19:51:09,908][TxnService-0]com.ods.transaction.test[29][DEBUG]: 
[2017-10-23 19:51:09,908][TxnService-0]com.ods.transaction.test[30][DEBUG]: rtyr
[2017-10-23 19:51:09,908][TxnService-0]com.ods.transaction.test[31][DEBUG]: 
[2017-10-23 19:51:09,908][TxnService-0]com.ods.transaction.test[32][DEBUG]: 19
[2017-10-23 19:51:09,908][TxnService-0]com.ods.transaction.test[29][DEBUG]: 
[2017-10-23 19:51:09,908][TxnService-0]com.ods.transaction.test[30][DEBUG]: eryey
[2017-10-23 19:51:09,908][TxnService-0]com.ods.transaction.test[31][DEBUG]: 
[2017-10-23 19:51:09,908][TxnService-0]com.ods.transaction.test[32][DEBUG]: 19
[2017-10-23 19:55:03,821][TxnService-0]com.ods.transaction.test[24][INFO ]: {StartDt=20170502, AcctId=1234567890, EndDt=20170805, PageSize=60}
[2017-10-23 19:55:03,867][TxnService-0]com.ods.transaction.test[29][DEBUG]: 
[2017-10-23 19:55:03,867][TxnService-0]com.ods.transaction.test[30][DEBUG]: qwert
[2017-10-23 19:55:03,867][TxnService-0]com.ods.transaction.test[31][DEBUG]: 
[2017-10-23 19:55:03,867][TxnService-0]com.ods.transaction.test[32][DEBUG]: 19
[2017-10-23 19:55:03,867][TxnService-0]com.ods.transaction.test[29][DEBUG]: 
[2017-10-23 19:55:03,867][TxnService-0]com.ods.transaction.test[30][DEBUG]: asdfg
[2017-10-23 19:55:03,867][TxnService-0]com.ods.transaction.test[31][DEBUG]: 
[2017-10-23 19:55:03,867][TxnService-0]com.ods.transaction.test[32][DEBUG]: 19
[2017-10-23 19:55:03,867][TxnService-0]com.ods.transaction.test[29][DEBUG]: 
[2017-10-23 19:55:03,868][TxnService-0]com.ods.transaction.test[30][DEBUG]: tyuio
[2017-10-23 19:55:03,868][TxnService-0]com.ods.transaction.test[31][DEBUG]: 
[2017-10-23 19:55:03,868][TxnService-0]com.ods.transaction.test[32][DEBUG]: 19
[2017-10-23 19:55:03,868][TxnService-0]com.ods.transaction.test[29][DEBUG]: 
[2017-10-23 19:55:03,868][TxnService-0]com.ods.transaction.test[30][DEBUG]: oiuyt
[2017-10-23 19:55:03,868][TxnService-0]com.ods.transaction.test[31][DEBUG]: 
[2017-10-23 19:55:03,868][TxnService-0]com.ods.transaction.test[32][DEBUG]: 19
[2017-10-23 19:55:03,868][TxnService-0]com.ods.transaction.test[29][DEBUG]: 
[2017-10-23 19:55:03,868][TxnService-0]com.ods.transaction.test[30][DEBUG]: sddsgs
[2017-10-23 19:55:03,868][TxnService-0]com.ods.transaction.test[31][DEBUG]: 
[2017-10-23 19:55:03,868][TxnService-0]com.ods.transaction.test[32][DEBUG]: 19
[2017-10-23 19:55:03,868][TxnService-0]com.ods.transaction.test[29][DEBUG]: 
[2017-10-23 19:55:03,868][TxnService-0]com.ods.transaction.test[30][DEBUG]: zxcvb
[2017-10-23 19:55:03,868][TxnService-0]com.ods.transaction.test[31][DEBUG]: 
[2017-10-23 19:55:03,868][TxnService-0]com.ods.transaction.test[32][DEBUG]: 19
[2017-10-23 19:55:03,868][TxnService-0]com.ods.transaction.test[29][DEBUG]: 
[2017-10-23 19:55:03,868][TxnService-0]com.ods.transaction.test[30][DEBUG]: bnm,./
[2017-10-23 19:55:03,868][TxnService-0]com.ods.transaction.test[31][DEBUG]: 
[2017-10-23 19:55:03,868][TxnService-0]com.ods.transaction.test[32][DEBUG]: 19
[2017-10-23 19:55:03,868][TxnService-0]com.ods.transaction.test[29][DEBUG]: 
[2017-10-23 19:55:03,868][TxnService-0]com.ods.transaction.test[30][DEBUG]: poiut
[2017-10-23 19:55:03,868][TxnService-0]com.ods.transaction.test[31][DEBUG]: 
[2017-10-23 19:55:03,868][TxnService-0]com.ods.transaction.test[32][DEBUG]: 19
[2017-10-23 19:55:03,868][TxnService-0]com.ods.transaction.test[29][DEBUG]: 
[2017-10-23 19:55:03,868][TxnService-0]com.ods.transaction.test[30][DEBUG]: wewtwr
[2017-10-23 19:55:03,869][TxnService-0]com.ods.transaction.test[31][DEBUG]: 
[2017-10-23 19:55:03,869][TxnService-0]com.ods.transaction.test[32][DEBUG]: 19
[2017-10-23 19:55:03,869][TxnService-0]com.ods.transaction.test[29][DEBUG]: 
[2017-10-23 19:55:03,869][TxnService-0]com.ods.transaction.test[30][DEBUG]: rtyr
[2017-10-23 19:55:03,869][TxnService-0]com.ods.transaction.test[31][DEBUG]: 
[2017-10-23 19:55:03,869][TxnService-0]com.ods.transaction.test[32][DEBUG]: 19
[2017-10-23 19:55:03,869][TxnService-0]com.ods.transaction.test[29][DEBUG]: 
[2017-10-23 19:55:03,869][TxnService-0]com.ods.transaction.test[30][DEBUG]: eryey
[2017-10-23 19:55:03,869][TxnService-0]com.ods.transaction.test[31][DEBUG]: 
[2017-10-23 19:55:03,869][TxnService-0]com.ods.transaction.test[32][DEBUG]: 19
[2017-10-23 20:00:34,573][TxnService-0]com.ods.transaction.test[24][INFO ]: {StartDt=20170502, AcctId=1234567890, EndDt=20170805, PageSize=60}
[2017-10-23 20:00:35,443][TxnService-0]com.ods.transaction.test[29][DEBUG]: 
[2017-10-23 20:00:35,443][TxnService-0]com.ods.transaction.test[30][DEBUG]: qwert
[2017-10-23 20:00:35,443][TxnService-0]com.ods.transaction.test[31][DEBUG]: 
[2017-10-23 20:00:35,443][TxnService-0]com.ods.transaction.test[32][DEBUG]: 19
[2017-10-23 20:00:35,443][TxnService-0]com.ods.transaction.test[29][DEBUG]: 
[2017-10-23 20:00:35,444][TxnService-0]com.ods.transaction.test[30][DEBUG]: asdfg
[2017-10-23 20:00:35,444][TxnService-0]com.ods.transaction.test[31][DEBUG]: 
[2017-10-23 20:00:35,444][TxnService-0]com.ods.transaction.test[32][DEBUG]: 19
[2017-10-23 20:00:35,444][TxnService-0]com.ods.transaction.test[29][DEBUG]: 
[2017-10-23 20:00:35,444][TxnService-0]com.ods.transaction.test[30][DEBUG]: tyuio
[2017-10-23 20:00:35,444][TxnService-0]com.ods.transaction.test[31][DEBUG]: 
[2017-10-23 20:00:35,444][TxnService-0]com.ods.transaction.test[32][DEBUG]: 19
[2017-10-23 20:00:35,444][TxnService-0]com.ods.transaction.test[29][DEBUG]: 
[2017-10-23 20:00:35,444][TxnService-0]com.ods.transaction.test[30][DEBUG]: oiuyt
[2017-10-23 20:00:35,444][TxnService-0]com.ods.transaction.test[31][DEBUG]: 
[2017-10-23 20:00:35,444][TxnService-0]com.ods.transaction.test[32][DEBUG]: 19
[2017-10-23 20:00:35,444][TxnService-0]com.ods.transaction.test[29][DEBUG]: 
[2017-10-23 20:00:35,445][TxnService-0]com.ods.transaction.test[30][DEBUG]: sddsgs
[2017-10-23 20:00:35,445][TxnService-0]com.ods.transaction.test[31][DEBUG]: 
[2017-10-23 20:00:35,445][TxnService-0]com.ods.transaction.test[32][DEBUG]: 19
[2017-10-23 20:00:35,445][TxnService-0]com.ods.transaction.test[29][DEBUG]: 
[2017-10-23 20:00:35,445][TxnService-0]com.ods.transaction.test[30][DEBUG]: zxcvb
[2017-10-23 20:00:35,445][TxnService-0]com.ods.transaction.test[31][DEBUG]: 
[2017-10-23 20:00:35,445][TxnService-0]com.ods.transaction.test[32][DEBUG]: 19
[2017-10-23 20:00:35,445][TxnService-0]com.ods.transaction.test[29][DEBUG]: 
[2017-10-23 20:00:35,445][TxnService-0]com.ods.transaction.test[30][DEBUG]: bnm,./
[2017-10-23 20:00:35,445][TxnService-0]com.ods.transaction.test[31][DEBUG]: 
[2017-10-23 20:00:35,445][TxnService-0]com.ods.transaction.test[32][DEBUG]: 19
[2017-10-23 20:00:35,445][TxnService-0]com.ods.transaction.test[29][DEBUG]: 
[2017-10-23 20:00:35,446][TxnService-0]com.ods.transaction.test[30][DEBUG]: poiut
[2017-10-23 20:00:35,446][TxnService-0]com.ods.transaction.test[31][DEBUG]: 
[2017-10-23 20:00:35,446][TxnService-0]com.ods.transaction.test[32][DEBUG]: 19
[2017-10-23 20:00:35,446][TxnService-0]com.ods.transaction.test[29][DEBUG]: 
[2017-10-23 20:00:35,446][TxnService-0]com.ods.transaction.test[30][DEBUG]: wewtwr
[2017-10-23 20:00:35,446][TxnService-0]com.ods.transaction.test[31][DEBUG]: 
[2017-10-23 20:00:35,446][TxnService-0]com.ods.transaction.test[32][DEBUG]: 19
[2017-10-23 20:00:35,446][TxnService-0]com.ods.transaction.test[29][DEBUG]: 
[2017-10-23 20:00:35,446][TxnService-0]com.ods.transaction.test[30][DEBUG]: rtyr
[2017-10-23 20:00:35,446][TxnService-0]com.ods.transaction.test[31][DEBUG]: 
[2017-10-23 20:00:35,446][TxnService-0]com.ods.transaction.test[32][DEBUG]: 19
[2017-10-23 20:00:35,447][TxnService-0]com.ods.transaction.test[29][DEBUG]: 
[2017-10-23 20:00:35,447][TxnService-0]com.ods.transaction.test[30][DEBUG]: eryey
[2017-10-23 20:00:35,447][TxnService-0]com.ods.transaction.test[31][DEBUG]: 
[2017-10-23 20:00:35,447][TxnService-0]com.ods.transaction.test[32][DEBUG]: 19
[2017-10-23 20:01:17,514][TxnService-2]com.ods.transaction.test[24][INFO ]: {StartDt=20170502, AcctId=1234567890, EndDt=20170805, PageSize=60}
[2017-10-23 20:01:17,521][TxnService-2]com.ods.transaction.test[29][DEBUG]: 
[2017-10-23 20:01:17,521][TxnService-2]com.ods.transaction.test[30][DEBUG]: qwert
[2017-10-23 20:01:17,521][TxnService-2]com.ods.transaction.test[31][DEBUG]: 
[2017-10-23 20:01:17,521][TxnService-2]com.ods.transaction.test[32][DEBUG]: 19
[2017-10-23 20:01:17,522][TxnService-2]com.ods.transaction.test[29][DEBUG]: 
[2017-10-23 20:01:17,522][TxnService-2]com.ods.transaction.test[30][DEBUG]: asdfg
[2017-10-23 20:01:17,522][TxnService-2]com.ods.transaction.test[31][DEBUG]: 
[2017-10-23 20:01:17,522][TxnService-2]com.ods.transaction.test[32][DEBUG]: 19
[2017-10-23 20:01:17,522][TxnService-2]com.ods.transaction.test[29][DEBUG]: 
[2017-10-23 20:01:17,522][TxnService-2]com.ods.transaction.test[30][DEBUG]: tyuio
[2017-10-23 20:01:17,522][TxnService-2]com.ods.transaction.test[31][DEBUG]: 
[2017-10-23 20:01:17,522][TxnService-2]com.ods.transaction.test[32][DEBUG]: 19
[2017-10-23 20:01:17,522][TxnService-2]com.ods.transaction.test[29][DEBUG]: 
[2017-10-23 20:01:17,522][TxnService-2]com.ods.transaction.test[30][DEBUG]: oiuyt
[2017-10-23 20:01:17,522][TxnService-2]com.ods.transaction.test[31][DEBUG]: 
[2017-10-23 20:01:17,522][TxnService-2]com.ods.transaction.test[32][DEBUG]: 19
[2017-10-23 20:01:17,522][TxnService-2]com.ods.transaction.test[29][DEBUG]: 
[2017-10-23 20:01:17,522][TxnService-2]com.ods.transaction.test[30][DEBUG]: sddsgs
[2017-10-23 20:01:17,522][TxnService-2]com.ods.transaction.test[31][DEBUG]: 
[2017-10-23 20:01:17,522][TxnService-2]com.ods.transaction.test[32][DEBUG]: 19
[2017-10-23 20:01:17,523][TxnService-2]com.ods.transaction.test[29][DEBUG]: 
[2017-10-23 20:01:17,523][TxnService-2]com.ods.transaction.test[30][DEBUG]: zxcvb
[2017-10-23 20:01:17,523][TxnService-2]com.ods.transaction.test[31][DEBUG]: 
[2017-10-23 20:01:17,523][TxnService-2]com.ods.transaction.test[32][DEBUG]: 19
[2017-10-23 20:01:17,523][TxnService-2]com.ods.transaction.test[29][DEBUG]: 
[2017-10-23 20:01:17,523][TxnService-2]com.ods.transaction.test[30][DEBUG]: bnm,./
[2017-10-23 20:01:17,523][TxnService-2]com.ods.transaction.test[31][DEBUG]: 
[2017-10-23 20:01:17,523][TxnService-2]com.ods.transaction.test[32][DEBUG]: 19
[2017-10-23 20:01:17,523][TxnService-2]com.ods.transaction.test[29][DEBUG]: 
[2017-10-23 20:01:17,523][TxnService-2]com.ods.transaction.test[30][DEBUG]: poiut
[2017-10-23 20:01:17,523][TxnService-2]com.ods.transaction.test[31][DEBUG]: 
[2017-10-23 20:01:17,523][TxnService-2]com.ods.transaction.test[32][DEBUG]: 19
[2017-10-23 20:01:17,523][TxnService-2]com.ods.transaction.test[29][DEBUG]: 
[2017-10-23 20:01:17,523][TxnService-2]com.ods.transaction.test[30][DEBUG]: wewtwr
[2017-10-23 20:01:17,523][TxnService-2]com.ods.transaction.test[31][DEBUG]: 
[2017-10-23 20:01:17,524][TxnService-2]com.ods.transaction.test[32][DEBUG]: 19
[2017-10-23 20:01:17,524][TxnService-2]com.ods.transaction.test[29][DEBUG]: 
[2017-10-23 20:01:17,524][TxnService-2]com.ods.transaction.test[30][DEBUG]: rtyr
[2017-10-23 20:01:17,524][TxnService-2]com.ods.transaction.test[31][DEBUG]: 
[2017-10-23 20:01:17,524][TxnService-2]com.ods.transaction.test[32][DEBUG]: 19
[2017-10-23 20:01:17,524][TxnService-2]com.ods.transaction.test[29][DEBUG]: 
[2017-10-23 20:01:17,524][TxnService-2]com.ods.transaction.test[30][DEBUG]: eryey
[2017-10-23 20:01:17,524][TxnService-2]com.ods.transaction.test[31][DEBUG]: 
[2017-10-23 20:01:17,524][TxnService-2]com.ods.transaction.test[32][DEBUG]: 19
[2017-10-23 20:02:27,824][TxnService-4]com.ods.transaction.test[24][INFO ]: {StartDt=20170502, AcctId=1234567890, EndDt=20170805, PageSize=60}
[2017-10-23 20:02:28,639][TxnService-4]com.ods.transaction.test[29][DEBUG]: 
[2017-10-23 20:02:28,639][TxnService-4]com.ods.transaction.test[30][DEBUG]: qwert
[2017-10-23 20:02:28,639][TxnService-4]com.ods.transaction.test[31][DEBUG]: 
[2017-10-23 20:02:28,639][TxnService-4]com.ods.transaction.test[32][DEBUG]: 19
[2017-10-23 20:02:28,639][TxnService-4]com.ods.transaction.test[29][DEBUG]: 
[2017-10-23 20:02:28,639][TxnService-4]com.ods.transaction.test[30][DEBUG]: asdfg
[2017-10-23 20:02:28,639][TxnService-4]com.ods.transaction.test[31][DEBUG]: 
[2017-10-23 20:02:28,639][TxnService-4]com.ods.transaction.test[32][DEBUG]: 19
[2017-10-23 20:02:28,639][TxnService-4]com.ods.transaction.test[29][DEBUG]: 
[2017-10-23 20:02:28,639][TxnService-4]com.ods.transaction.test[30][DEBUG]: tyuio
[2017-10-23 20:02:28,639][TxnService-4]com.ods.transaction.test[31][DEBUG]: 
[2017-10-23 20:02:28,639][TxnService-4]com.ods.transaction.test[32][DEBUG]: 19
[2017-10-23 20:02:28,639][TxnService-4]com.ods.transaction.test[29][DEBUG]: 
[2017-10-23 20:02:28,640][TxnService-4]com.ods.transaction.test[30][DEBUG]: oiuyt
[2017-10-23 20:02:28,640][TxnService-4]com.ods.transaction.test[31][DEBUG]: 
[2017-10-23 20:02:28,640][TxnService-4]com.ods.transaction.test[32][DEBUG]: 19
[2017-10-23 20:02:28,640][TxnService-4]com.ods.transaction.test[29][DEBUG]: 
[2017-10-23 20:02:28,640][TxnService-4]com.ods.transaction.test[30][DEBUG]: sddsgs
[2017-10-23 20:02:28,640][TxnService-4]com.ods.transaction.test[31][DEBUG]: 
[2017-10-23 20:02:28,640][TxnService-4]com.ods.transaction.test[32][DEBUG]: 19
[2017-10-23 20:02:28,640][TxnService-4]com.ods.transaction.test[29][DEBUG]: 
[2017-10-23 20:02:28,640][TxnService-4]com.ods.transaction.test[30][DEBUG]: zxcvb
[2017-10-23 20:02:28,640][TxnService-4]com.ods.transaction.test[31][DEBUG]: 
[2017-10-23 20:02:28,640][TxnService-4]com.ods.transaction.test[32][DEBUG]: 19
[2017-10-23 20:02:28,640][TxnService-4]com.ods.transaction.test[29][DEBUG]: 
[2017-10-23 20:02:28,640][TxnService-4]com.ods.transaction.test[30][DEBUG]: bnm,./
[2017-10-23 20:02:28,640][TxnService-4]com.ods.transaction.test[31][DEBUG]: 
[2017-10-23 20:02:28,641][TxnService-4]com.ods.transaction.test[32][DEBUG]: 19
[2017-10-23 20:02:28,641][TxnService-4]com.ods.transaction.test[29][DEBUG]: 
[2017-10-23 20:02:28,641][TxnService-4]com.ods.transaction.test[30][DEBUG]: poiut
[2017-10-23 20:02:28,641][TxnService-4]com.ods.transaction.test[31][DEBUG]: 
[2017-10-23 20:02:28,641][TxnService-4]com.ods.transaction.test[32][DEBUG]: 19
[2017-10-23 20:02:28,641][TxnService-4]com.ods.transaction.test[29][DEBUG]: 
[2017-10-23 20:02:28,641][TxnService-4]com.ods.transaction.test[30][DEBUG]: wewtwr
[2017-10-23 20:02:28,641][TxnService-4]com.ods.transaction.test[31][DEBUG]: 
[2017-10-23 20:02:28,641][TxnService-4]com.ods.transaction.test[32][DEBUG]: 19
[2017-10-23 20:02:28,641][TxnService-4]com.ods.transaction.test[29][DEBUG]: 
[2017-10-23 20:02:28,641][TxnService-4]com.ods.transaction.test[30][DEBUG]: rtyr
[2017-10-23 20:02:28,641][TxnService-4]com.ods.transaction.test[31][DEBUG]: 
[2017-10-23 20:02:28,642][TxnService-4]com.ods.transaction.test[32][DEBUG]: 19
[2017-10-23 20:02:28,642][TxnService-4]com.ods.transaction.test[29][DEBUG]: 
[2017-10-23 20:02:28,642][TxnService-4]com.ods.transaction.test[30][DEBUG]: eryey
[2017-10-23 20:02:28,642][TxnService-4]com.ods.transaction.test[31][DEBUG]: 
[2017-10-23 20:02:28,642][TxnService-4]com.ods.transaction.test[32][DEBUG]: 19
