[2017-10-23 15:04:37,426][main]com.ods.manager.QueueManager[73][INFO ]: 初始化队列HandlerQuene完成
[2017-10-23 15:04:37,427][main]com.ods.manager.QueueManager[73][INFO ]: 初始化队列UnpackQueue完成
[2017-10-23 15:04:37,427][main]com.ods.manager.QueueManager[73][INFO ]: 初始化队列PackQueue完成
[2017-10-23 15:04:37,433][main]com.ods.manager.QueueManager[73][INFO ]: 初始化队列TxnQueue完成
[2017-10-23 15:04:37,434][main]com.ods.manager.QueueManager[73][INFO ]: 初始化队列ManagerQuene完成
[2017-10-23 15:04:37,435][main]com.ods.manager.QueueManager[73][INFO ]: 初始化队列FailQueue完成
[2017-10-23 15:04:37,437][main]com.ods.manager.QueueManager[73][INFO ]: 初始化队列SuccessQueue完成
[2017-10-23 15:14:25,692][main]com.ods.manager.QueueManager[73][INFO ]: 初始化队列HandlerQuene完成
[2017-10-23 15:14:25,693][main]com.ods.manager.QueueManager[73][INFO ]: 初始化队列UnpackQueue完成
[2017-10-23 15:14:25,693][main]com.ods.manager.QueueManager[73][INFO ]: 初始化队列PackQueue完成
[2017-10-23 15:14:25,695][main]com.ods.manager.QueueManager[73][INFO ]: 初始化队列TxnQueue完成
[2017-10-23 15:14:25,696][main]com.ods.manager.QueueManager[73][INFO ]: 初始化队列ManagerQuene完成
[2017-10-23 15:14:25,696][main]com.ods.manager.QueueManager[73][INFO ]: 初始化队列FailQueue完成
[2017-10-23 15:14:25,696][main]com.ods.manager.QueueManager[73][INFO ]: 初始化队列SuccessQueue完成
[2017-10-23 15:14:41,843][main]com.ods.manager.QueueManager[73][INFO ]: 初始化队列HandlerQuene完成
[2017-10-23 15:14:41,844][main]com.ods.manager.QueueManager[73][INFO ]: 初始化队列UnpackQueue完成
[2017-10-23 15:14:41,844][main]com.ods.manager.QueueManager[73][INFO ]: 初始化队列PackQueue完成
[2017-10-23 15:14:41,846][main]com.ods.manager.QueueManager[73][INFO ]: 初始化队列TxnQueue完成
[2017-10-23 15:14:41,846][main]com.ods.manager.QueueManager[73][INFO ]: 初始化队列ManagerQuene完成
[2017-10-23 15:14:41,847][main]com.ods.manager.QueueManager[73][INFO ]: 初始化队列FailQueue完成
[2017-10-23 15:14:41,847][main]com.ods.manager.QueueManager[73][INFO ]: 初始化队列SuccessQueue完成
[2017-10-23 15:15:14,404][pool-1-thread-1]com.ods.manager.QueueManager[91][INFO ]: 201710231515140000000001加入到队列UnpackQueue完成,操作结果:true
[2017-10-23 15:15:14,435][UnPackService-3]com.ods.manager.QueueManager[107][INFO ]: 获取 UnpackQueue队列元素完成,获取元素的系统流水号:201710231515140000000001
[2017-10-23 15:15:15,037][UnPackService-3]com.ods.manager.QueueManager[91][INFO ]: 201710231515140000000001加入到队列TxnQueue完成,操作结果:true
[2017-10-23 15:15:15,087][TxnService-1]com.ods.manager.QueueManager[107][INFO ]: 获取 TxnQueue队列元素完成,获取元素的系统流水号:201710231515140000000001
[2017-10-23 15:15:20,554][TxnService-1]com.ods.manager.QueueManager[91][INFO ]: 201710231515140000000001加入到队列PackQueue完成,操作结果:true
[2017-10-23 15:15:20,583][EsbPackService-4]com.ods.manager.QueueManager[107][INFO ]: 获取 PackQueue队列元素完成,获取元素的系统流水号:201710231515140000000001
[2017-10-23 15:15:57,032][EsbPackService-4]com.ods.manager.QueueManager[91][INFO ]: 201710231515140000000001加入到队列SuccessQueue完成,操作结果:true
[2017-10-23 15:15:57,072][SendSuccMsgService-3]com.ods.manager.QueueManager[107][INFO ]: 获取 SuccessQueue队列元素完成,获取元素的系统流水号:201710231515140000000001
[2017-10-23 16:14:54,053][main]com.ods.manager.QueueManager[73][INFO ]: 初始化队列HandlerQuene完成
[2017-10-23 16:14:54,053][main]com.ods.manager.QueueManager[73][INFO ]: 初始化队列UnpackQueue完成
[2017-10-23 16:14:54,053][main]com.ods.manager.QueueManager[73][INFO ]: 初始化队列PackQueue完成
[2017-10-23 16:14:54,056][main]com.ods.manager.QueueManager[73][INFO ]: 初始化队列TxnQueue完成
[2017-10-23 16:14:54,056][main]com.ods.manager.QueueManager[73][INFO ]: 初始化队列ManagerQuene完成
[2017-10-23 16:14:54,056][main]com.ods.manager.QueueManager[73][INFO ]: 初始化队列FailQueue完成
[2017-10-23 16:14:54,057][main]com.ods.manager.QueueManager[73][INFO ]: 初始化队列SuccessQueue完成
[2017-10-23 16:20:04,815][pool-1-thread-1]com.ods.manager.QueueManager[91][INFO ]: 201710231620040000000001加入到队列UnpackQueue完成,操作结果:true
[2017-10-23 16:20:04,825][UnPackService-0]com.ods.manager.QueueManager[107][INFO ]: 获取 UnpackQueue队列元素完成,获取元素的系统流水号:201710231620040000000001
[2017-10-23 16:20:05,005][UnPackService-0]com.ods.manager.QueueManager[91][INFO ]: 201710231620040000000001加入到队列TxnQueue完成,操作结果:true
[2017-10-23 16:20:05,025][TxnService-1]com.ods.manager.QueueManager[107][INFO ]: 获取 TxnQueue队列元素完成,获取元素的系统流水号:201710231620040000000001
[2017-10-23 16:20:06,029][TxnService-1]com.ods.manager.QueueManager[91][INFO ]: 201710231620040000000001加入到队列PackQueue完成,操作结果:true
[2017-10-23 16:20:06,042][EsbPackService-4]com.ods.manager.QueueManager[107][INFO ]: 获取 PackQueue队列元素完成,获取元素的系统流水号:201710231620040000000001
[2017-10-23 16:20:11,030][EsbPackService-4]com.ods.manager.QueueManager[91][INFO ]: 201710231620040000000001加入到队列SuccessQueue完成,操作结果:true
[2017-10-23 16:20:11,081][SendSuccMsgService-1]com.ods.manager.QueueManager[107][INFO ]: 获取 SuccessQueue队列元素完成,获取元素的系统流水号:201710231620040000000001
[2017-10-23 16:24:24,088][main]com.ods.manager.QueueManager[73][INFO ]: 初始化队列HandlerQuene完成
[2017-10-23 16:24:24,089][main]com.ods.manager.QueueManager[73][INFO ]: 初始化队列UnpackQueue完成
[2017-10-23 16:24:24,090][main]com.ods.manager.QueueManager[73][INFO ]: 初始化队列PackQueue完成
[2017-10-23 16:24:24,093][main]com.ods.manager.QueueManager[73][INFO ]: 初始化队列TxnQueue完成
[2017-10-23 16:24:24,094][main]com.ods.manager.QueueManager[73][INFO ]: 初始化队列ManagerQuene完成
[2017-10-23 16:24:24,094][main]com.ods.manager.QueueManager[73][INFO ]: 初始化队列FailQueue完成
[2017-10-23 16:24:24,094][main]com.ods.manager.QueueManager[73][INFO ]: 初始化队列SuccessQueue完成
[2017-10-23 16:24:30,797][pool-1-thread-1]com.ods.manager.QueueManager[91][INFO ]: 201710231624300000000001加入到队列UnpackQueue完成,操作结果:true
[2017-10-23 16:24:30,824][UnPackService-4]com.ods.manager.QueueManager[107][INFO ]: 获取 UnpackQueue队列元素完成,获取元素的系统流水号:201710231624300000000001
[2017-10-23 16:24:30,998][UnPackService-4]com.ods.manager.QueueManager[91][INFO ]: 201710231624300000000001加入到队列TxnQueue完成,操作结果:true
[2017-10-23 16:24:31,025][TxnService-3]com.ods.manager.QueueManager[107][INFO ]: 获取 TxnQueue队列元素完成,获取元素的系统流水号:201710231624300000000001
[2017-10-23 16:24:31,865][TxnService-3]com.ods.manager.QueueManager[91][INFO ]: 201710231624300000000001加入到队列PackQueue完成,操作结果:true
[2017-10-23 16:24:31,871][EsbPackService-3]com.ods.manager.QueueManager[107][INFO ]: 获取 PackQueue队列元素完成,获取元素的系统流水号:201710231624300000000001
[2017-10-23 16:24:31,899][EsbPackService-3]com.ods.manager.QueueManager[91][INFO ]: 201710231624300000000001加入到队列SuccessQueue完成,操作结果:true
[2017-10-23 16:24:31,926][SendSuccMsgService-1]com.ods.manager.QueueManager[107][INFO ]: 获取 SuccessQueue队列元素完成,获取元素的系统流水号:201710231624300000000001
[2017-10-23 16:55:07,275][main]com.ods.manager.QueueManager[73][INFO ]: 初始化队列HandlerQuene完成
[2017-10-23 16:55:07,285][main]com.ods.manager.QueueManager[73][INFO ]: 初始化队列UnpackQueue完成
[2017-10-23 16:55:07,285][main]com.ods.manager.QueueManager[73][INFO ]: 初始化队列PackQueue完成
[2017-10-23 16:55:07,288][main]com.ods.manager.QueueManager[73][INFO ]: 初始化队列TxnQueue完成
[2017-10-23 16:55:07,288][main]com.ods.manager.QueueManager[73][INFO ]: 初始化队列ManagerQuene完成
[2017-10-23 16:55:07,288][main]com.ods.manager.QueueManager[73][INFO ]: 初始化队列FailQueue完成
[2017-10-23 16:55:07,289][main]com.ods.manager.QueueManager[73][INFO ]: 初始化队列SuccessQueue完成
[2017-10-23 16:55:11,981][pool-1-thread-1]com.ods.manager.QueueManager[91][INFO ]: 201710231655110000000001加入到队列UnpackQueue完成,操作结果:true
[2017-10-23 16:55:12,011][UnPackService-1]com.ods.manager.QueueManager[107][INFO ]: 获取 UnpackQueue队列元素完成,获取元素的系统流水号:201710231655110000000001
[2017-10-23 16:55:12,201][UnPackService-1]com.ods.manager.QueueManager[91][INFO ]: 201710231655110000000001加入到队列TxnQueue完成,操作结果:true
[2017-10-23 16:55:12,233][TxnService-0]com.ods.manager.QueueManager[107][INFO ]: 获取 TxnQueue队列元素完成,获取元素的系统流水号:201710231655110000000001
[2017-10-23 16:55:13,089][TxnService-0]com.ods.manager.QueueManager[91][INFO ]: 201710231655110000000001加入到队列PackQueue完成,操作结果:true
[2017-10-23 16:55:13,129][EsbPackService-1]com.ods.manager.QueueManager[107][INFO ]: 获取 PackQueue队列元素完成,获取元素的系统流水号:201710231655110000000001
[2017-10-23 16:55:13,163][EsbPackService-1]com.ods.manager.QueueManager[91][INFO ]: 201710231655110000000001加入到队列SuccessQueue完成,操作结果:true
[2017-10-23 16:55:13,179][SendSuccMsgService-1]com.ods.manager.QueueManager[107][INFO ]: 获取 SuccessQueue队列元素完成,获取元素的系统流水号:201710231655110000000001
[2017-10-23 19:18:05,942][main]com.ods.manager.QueueManager[73][INFO ]: 初始化队列HandlerQuene完成
[2017-10-23 19:18:05,943][main]com.ods.manager.QueueManager[73][INFO ]: 初始化队列UnpackQueue完成
[2017-10-23 19:18:05,943][main]com.ods.manager.QueueManager[73][INFO ]: 初始化队列PackQueue完成
[2017-10-23 19:18:05,945][main]com.ods.manager.QueueManager[73][INFO ]: 初始化队列TxnQueue完成
[2017-10-23 19:18:05,945][main]com.ods.manager.QueueManager[73][INFO ]: 初始化队列ManagerQuene完成
[2017-10-23 19:18:05,945][main]com.ods.manager.QueueManager[73][INFO ]: 初始化队列FailQueue完成
[2017-10-23 19:18:05,946][main]com.ods.manager.QueueManager[73][INFO ]: 初始化队列SuccessQueue完成
[2017-10-23 19:18:15,502][pool-1-thread-1]com.ods.manager.QueueManager[91][INFO ]: 201710231918150000000001加入到队列UnpackQueue完成,操作结果:true
[2017-10-23 19:18:15,540][UnPackService-2]com.ods.manager.QueueManager[107][INFO ]: 获取 UnpackQueue队列元素完成,获取元素的系统流水号:201710231918150000000001
[2017-10-23 19:18:15,755][UnPackService-2]com.ods.manager.QueueManager[91][INFO ]: 201710231918150000000001加入到队列TxnQueue完成,操作结果:true
[2017-10-23 19:18:15,799][TxnService-4]com.ods.manager.QueueManager[107][INFO ]: 获取 TxnQueue队列元素完成,获取元素的系统流水号:201710231918150000000001
[2017-10-23 19:18:16,801][TxnService-4]com.ods.manager.QueueManager[91][INFO ]: 201710231918150000000001加入到队列PackQueue完成,操作结果:true
[2017-10-23 19:18:16,802][EsbPackService-3]com.ods.manager.QueueManager[107][INFO ]: 获取 PackQueue队列元素完成,获取元素的系统流水号:201710231918150000000001
[2017-10-23 19:18:16,836][EsbPackService-3]com.ods.manager.QueueManager[91][INFO ]: 201710231918150000000001加入到队列SuccessQueue完成,操作结果:true
[2017-10-23 19:18:16,852][SendSuccMsgService-0]com.ods.manager.QueueManager[107][INFO ]: 获取 SuccessQueue队列元素完成,获取元素的系统流水号:201710231918150000000001
[2017-10-23 19:51:04,076][main]com.ods.manager.QueueManager[73][INFO ]: 初始化队列HandlerQuene完成
[2017-10-23 19:51:04,076][main]com.ods.manager.QueueManager[73][INFO ]: 初始化队列UnpackQueue完成
[2017-10-23 19:51:04,076][main]com.ods.manager.QueueManager[73][INFO ]: 初始化队列PackQueue完成
[2017-10-23 19:51:04,078][main]com.ods.manager.QueueManager[73][INFO ]: 初始化队列TxnQueue完成
[2017-10-23 19:51:04,078][main]com.ods.manager.QueueManager[73][INFO ]: 初始化队列ManagerQuene完成
[2017-10-23 19:51:04,079][main]com.ods.manager.QueueManager[73][INFO ]: 初始化队列FailQueue完成
[2017-10-23 19:51:04,079][main]com.ods.manager.QueueManager[73][INFO ]: 初始化队列SuccessQueue完成
[2017-10-23 19:51:08,801][pool-1-thread-1]com.ods.manager.QueueManager[91][INFO ]: 201710231951080000000001加入到队列UnpackQueue完成,操作结果:true
[2017-10-23 19:51:08,837][UnPackService-1]com.ods.manager.QueueManager[107][INFO ]: 获取 UnpackQueue队列元素完成,获取元素的系统流水号:201710231951080000000001
[2017-10-23 19:51:09,063][UnPackService-1]com.ods.manager.QueueManager[91][INFO ]: 201710231951080000000001加入到队列TxnQueue完成,操作结果:true
[2017-10-23 19:51:09,064][TxnService-0]com.ods.manager.QueueManager[107][INFO ]: 获取 TxnQueue队列元素完成,获取元素的系统流水号:201710231951080000000001
[2017-10-23 19:51:09,915][TxnService-0]com.ods.manager.QueueManager[91][INFO ]: 201710231951080000000001加入到队列PackQueue完成,操作结果:true
[2017-10-23 19:51:09,940][EsbPackService-1]com.ods.manager.QueueManager[107][INFO ]: 获取 PackQueue队列元素完成,获取元素的系统流水号:201710231951080000000001
[2017-10-23 19:51:09,967][EsbPackService-1]com.ods.manager.QueueManager[91][INFO ]: 201710231951080000000001加入到队列SuccessQueue完成,操作结果:true
[2017-10-23 19:51:09,991][SendSuccMsgService-4]com.ods.manager.QueueManager[107][INFO ]: 获取 SuccessQueue队列元素完成,获取元素的系统流水号:201710231951080000000001
[2017-10-23 19:55:03,752][pool-1-thread-2]com.ods.manager.QueueManager[91][INFO ]: 201710231955030000000002加入到队列UnpackQueue完成,操作结果:true
[2017-10-23 19:55:03,770][UnPackService-2]com.ods.manager.QueueManager[107][INFO ]: 获取 UnpackQueue队列元素完成,获取元素的系统流水号:201710231955030000000002
[2017-10-23 19:55:03,796][UnPackService-2]com.ods.manager.QueueManager[91][INFO ]: 201710231955030000000002加入到队列TxnQueue完成,操作结果:true
[2017-10-23 19:55:03,820][TxnService-0]com.ods.manager.QueueManager[107][INFO ]: 获取 TxnQueue队列元素完成,获取元素的系统流水号:201710231955030000000002
[2017-10-23 19:55:03,870][TxnService-0]com.ods.manager.QueueManager[91][INFO ]: 201710231955030000000002加入到队列PackQueue完成,操作结果:true
[2017-10-23 19:55:03,920][EsbPackService-1]com.ods.manager.QueueManager[107][INFO ]: 获取 PackQueue队列元素完成,获取元素的系统流水号:201710231955030000000002
[2017-10-23 20:00:28,189][main]com.ods.manager.QueueManager[73][INFO ]: 初始化队列HandlerQuene完成
[2017-10-23 20:00:28,189][main]com.ods.manager.QueueManager[73][INFO ]: 初始化队列UnpackQueue完成
[2017-10-23 20:00:28,190][main]com.ods.manager.QueueManager[73][INFO ]: 初始化队列PackQueue完成
[2017-10-23 20:00:28,192][main]com.ods.manager.QueueManager[73][INFO ]: 初始化队列TxnQueue完成
[2017-10-23 20:00:28,192][main]com.ods.manager.QueueManager[73][INFO ]: 初始化队列ManagerQuene完成
[2017-10-23 20:00:28,192][main]com.ods.manager.QueueManager[73][INFO ]: 初始化队列FailQueue完成
[2017-10-23 20:00:28,193][main]com.ods.manager.QueueManager[73][INFO ]: 初始化队列SuccessQueue完成
[2017-10-23 20:00:34,304][pool-1-thread-1]com.ods.manager.QueueManager[91][INFO ]: 201710232000340000000001加入到队列UnpackQueue完成,操作结果:true
[2017-10-23 20:00:34,313][UnPackService-3]com.ods.manager.QueueManager[107][INFO ]: 获取 UnpackQueue队列元素完成,获取元素的系统流水号:201710232000340000000001
[2017-10-23 20:00:34,542][UnPackService-3]com.ods.manager.QueueManager[91][INFO ]: 201710232000340000000001加入到队列TxnQueue完成,操作结果:true
[2017-10-23 20:00:34,567][TxnService-0]com.ods.manager.QueueManager[107][INFO ]: 获取 TxnQueue队列元素完成,获取元素的系统流水号:201710232000340000000001
[2017-10-23 20:00:35,452][TxnService-0]com.ods.manager.QueueManager[91][INFO ]: 201710232000340000000001加入到队列PackQueue完成,操作结果:true
[2017-10-23 20:00:35,472][EsbPackService-1]com.ods.manager.QueueManager[107][INFO ]: 获取 PackQueue队列元素完成,获取元素的系统流水号:201710232000340000000001
[2017-10-23 20:00:57,876][EsbPackService-1]com.ods.manager.QueueManager[91][INFO ]: 201710232000340000000001加入到队列SuccessQueue完成,操作结果:true
[2017-10-23 20:00:57,907][SendSuccMsgService-4]com.ods.manager.QueueManager[107][INFO ]: 获取 SuccessQueue队列元素完成,获取元素的系统流水号:201710232000340000000001
[2017-10-23 20:01:17,437][pool-1-thread-1]com.ods.manager.QueueManager[91][INFO ]: 201710232001170000000002加入到队列UnpackQueue完成,操作结果:true
[2017-10-23 20:01:17,462][UnPackService-0]com.ods.manager.QueueManager[107][INFO ]: 获取 UnpackQueue队列元素完成,获取元素的系统流水号:201710232001170000000002
[2017-10-23 20:01:17,488][UnPackService-0]com.ods.manager.QueueManager[91][INFO ]: 201710232001170000000002加入到队列TxnQueue完成,操作结果:true
[2017-10-23 20:01:17,512][TxnService-2]com.ods.manager.QueueManager[107][INFO ]: 获取 TxnQueue队列元素完成,获取元素的系统流水号:201710232001170000000002
[2017-10-23 20:01:17,526][TxnService-2]com.ods.manager.QueueManager[91][INFO ]: 201710232001170000000002加入到队列PackQueue完成,操作结果:true
[2017-10-23 20:01:17,526][EsbPackService-1]com.ods.manager.QueueManager[107][INFO ]: 获取 PackQueue队列元素完成,获取元素的系统流水号:201710232001170000000002
[2017-10-23 20:02:22,239][main]com.ods.manager.QueueManager[73][INFO ]: 初始化队列HandlerQuene完成
[2017-10-23 20:02:22,239][main]com.ods.manager.QueueManager[73][INFO ]: 初始化队列UnpackQueue完成
[2017-10-23 20:02:22,239][main]com.ods.manager.QueueManager[73][INFO ]: 初始化队列PackQueue完成
[2017-10-23 20:02:22,241][main]com.ods.manager.QueueManager[73][INFO ]: 初始化队列TxnQueue完成
[2017-10-23 20:02:22,242][main]com.ods.manager.QueueManager[73][INFO ]: 初始化队列ManagerQuene完成
[2017-10-23 20:02:22,242][main]com.ods.manager.QueueManager[73][INFO ]: 初始化队列FailQueue完成
[2017-10-23 20:02:22,242][main]com.ods.manager.QueueManager[73][INFO ]: 初始化队列SuccessQueue完成
[2017-10-23 20:02:27,571][pool-1-thread-1]com.ods.manager.QueueManager[91][INFO ]: 201710232002270000000001加入到队列UnpackQueue完成,操作结果:true
[2017-10-23 20:02:27,618][UnPackService-4]com.ods.manager.QueueManager[107][INFO ]: 获取 UnpackQueue队列元素完成,获取元素的系统流水号:201710232002270000000001
[2017-10-23 20:02:27,813][UnPackService-4]com.ods.manager.QueueManager[91][INFO ]: 201710232002270000000001加入到队列TxnQueue完成,操作结果:true
[2017-10-23 20:02:27,819][TxnService-4]com.ods.manager.QueueManager[107][INFO ]: 获取 TxnQueue队列元素完成,获取元素的系统流水号:201710232002270000000001
[2017-10-23 20:02:28,648][TxnService-4]com.ods.manager.QueueManager[91][INFO ]: 201710232002270000000001加入到队列PackQueue完成,操作结果:true
[2017-10-23 20:02:28,697][EsbPackService-1]com.ods.manager.QueueManager[107][INFO ]: 获取 PackQueue队列元素完成,获取元素的系统流水号:201710232002270000000001
[2017-10-23 20:02:30,376][EsbPackService-1]com.ods.manager.QueueManager[91][INFO ]: 201710232002270000000001加入到队列FailQueue完成,操作结果:true
[2017-10-23 20:02:30,377][SendFailMsgService-1]com.ods.manager.QueueManager[107][INFO ]: 获取 FailQueue队列元素完成,获取元素的系统流水号:201710232002270000000001
