[2017-10-23 15:04:37,989][main]com.ods.service.TxnService[52][INFO ]: 服务初始化完成, 输入队列:[TxnQueue] 输出队列:[PackQueue]
[2017-10-23 15:04:38,026][main]com.ods.service.TxnService[52][INFO ]: 服务初始化完成, 输入队列:[TxnQueue] 输出队列:[PackQueue]
[2017-10-23 15:04:38,029][main]com.ods.service.TxnService[52][INFO ]: 服务初始化完成, 输入队列:[TxnQueue] 输出队列:[PackQueue]
[2017-10-23 15:04:38,030][main]com.ods.service.TxnService[52][INFO ]: 服务初始化完成, 输入队列:[TxnQueue] 输出队列:[PackQueue]
[2017-10-23 15:04:38,031][main]com.ods.service.TxnService[52][INFO ]: 服务初始化完成, 输入队列:[TxnQueue] 输出队列:[PackQueue]
[2017-10-23 15:14:25,817][main]com.ods.service.TxnService[52][INFO ]: 服务初始化完成, 输入队列:[TxnQueue] 输出队列:[PackQueue]
[2017-10-23 15:14:25,818][main]com.ods.service.TxnService[52][INFO ]: 服务初始化完成, 输入队列:[TxnQueue] 输出队列:[PackQueue]
[2017-10-23 15:14:25,819][main]com.ods.service.TxnService[52][INFO ]: 服务初始化完成, 输入队列:[TxnQueue] 输出队列:[PackQueue]
[2017-10-23 15:14:25,821][main]com.ods.service.TxnService[52][INFO ]: 服务初始化完成, 输入队列:[TxnQueue] 输出队列:[PackQueue]
[2017-10-23 15:14:25,823][main]com.ods.service.TxnService[52][INFO ]: 服务初始化完成, 输入队列:[TxnQueue] 输出队列:[PackQueue]
[2017-10-23 15:14:41,956][main]com.ods.service.TxnService[52][INFO ]: 服务初始化完成, 输入队列:[TxnQueue] 输出队列:[PackQueue]
[2017-10-23 15:14:41,956][main]com.ods.service.TxnService[52][INFO ]: 服务初始化完成, 输入队列:[TxnQueue] 输出队列:[PackQueue]
[2017-10-23 15:14:41,960][main]com.ods.service.TxnService[52][INFO ]: 服务初始化完成, 输入队列:[TxnQueue] 输出队列:[PackQueue]
[2017-10-23 15:14:41,961][main]com.ods.service.TxnService[52][INFO ]: 服务初始化完成, 输入队列:[TxnQueue] 输出队列:[PackQueue]
[2017-10-23 15:14:41,964][main]com.ods.service.TxnService[52][INFO ]: 服务初始化完成, 输入队列:[TxnQueue] 输出队列:[PackQueue]
[2017-10-23 15:15:15,087][TxnService-1]com.ods.service.TxnService[88][INFO ]: test流水号201710231515140000000001处理开始
[2017-10-23 15:15:15,088][TxnService-1]com.ods.service.TxnService[149][INFO ]: test流水号201710231515140000000001获取RspBody中的入参加入到inParm列表完成
[2017-10-23 15:15:15,089][TxnService-1]com.ods.service.TxnService[162][DEBUG]: 获取的交易名称是:test 交易处理类名为:com.ods.transaction.test
[2017-10-23 15:15:15,112][TxnService-1]com.ods.service.TxnService[170][INFO ]: test流水号201710231515140000000001实例化 交易对应的处理类
[2017-10-23 15:15:20,524][TxnService-1]com.ods.service.TxnService[180][INFO ]: test流水号201710231515140000000001数据库操作交易处理完成
[2017-10-23 15:15:20,554][TxnService-1]com.ods.service.TxnService[207][INFO ]: test流水号201710231515140000000001生成key值 完成
[2017-10-23 15:15:20,554][TxnService-1]com.ods.service.TxnService[210][INFO ]: test流水号201710231515140000000001处理完成
[2017-10-23 16:14:54,170][main]com.ods.service.TxnService[52][INFO ]: 服务初始化完成, 输入队列:[TxnQueue] 输出队列:[PackQueue]
[2017-10-23 16:14:54,171][main]com.ods.service.TxnService[52][INFO ]: 服务初始化完成, 输入队列:[TxnQueue] 输出队列:[PackQueue]
[2017-10-23 16:14:54,174][main]com.ods.service.TxnService[52][INFO ]: 服务初始化完成, 输入队列:[TxnQueue] 输出队列:[PackQueue]
[2017-10-23 16:14:54,176][main]com.ods.service.TxnService[52][INFO ]: 服务初始化完成, 输入队列:[TxnQueue] 输出队列:[PackQueue]
[2017-10-23 16:14:54,177][main]com.ods.service.TxnService[52][INFO ]: 服务初始化完成, 输入队列:[TxnQueue] 输出队列:[PackQueue]
[2017-10-23 16:20:05,028][TxnService-1]com.ods.service.TxnService[88][INFO ]: test流水号201710231620040000000001处理开始
[2017-10-23 16:20:05,029][TxnService-1]com.ods.service.TxnService[149][INFO ]: test流水号201710231620040000000001获取RspBody中的入参加入到inParm列表完成
[2017-10-23 16:20:05,029][TxnService-1]com.ods.service.TxnService[162][DEBUG]: 获取的交易名称是:test 交易处理类名为:com.ods.transaction.test
[2017-10-23 16:20:05,032][TxnService-1]com.ods.service.TxnService[170][INFO ]: test流水号201710231620040000000001实例化 交易对应的处理类
[2017-10-23 16:20:06,025][TxnService-1]com.ods.service.TxnService[180][INFO ]: test流水号201710231620040000000001数据库操作交易处理完成
[2017-10-23 16:20:06,029][TxnService-1]com.ods.service.TxnService[207][INFO ]: test流水号201710231620040000000001生成key值 完成
[2017-10-23 16:20:06,029][TxnService-1]com.ods.service.TxnService[210][INFO ]: test流水号201710231620040000000001处理完成
[2017-10-23 16:24:24,253][main]com.ods.service.TxnService[52][INFO ]: 服务初始化完成, 输入队列:[TxnQueue] 输出队列:[PackQueue]
[2017-10-23 16:24:24,254][main]com.ods.service.TxnService[52][INFO ]: 服务初始化完成, 输入队列:[TxnQueue] 输出队列:[PackQueue]
[2017-10-23 16:24:24,255][main]com.ods.service.TxnService[52][INFO ]: 服务初始化完成, 输入队列:[TxnQueue] 输出队列:[PackQueue]
[2017-10-23 16:24:24,256][main]com.ods.service.TxnService[52][INFO ]: 服务初始化完成, 输入队列:[TxnQueue] 输出队列:[PackQueue]
[2017-10-23 16:24:24,257][main]com.ods.service.TxnService[52][INFO ]: 服务初始化完成, 输入队列:[TxnQueue] 输出队列:[PackQueue]
[2017-10-23 16:24:31,026][TxnService-3]com.ods.service.TxnService[88][INFO ]: test流水号201710231624300000000001处理开始
[2017-10-23 16:24:31,027][TxnService-3]com.ods.service.TxnService[149][INFO ]: test流水号201710231624300000000001获取RspBody中的入参加入到inParm列表完成
[2017-10-23 16:24:31,027][TxnService-3]com.ods.service.TxnService[162][DEBUG]: 获取的交易名称是:test 交易处理类名为:com.ods.transaction.test
[2017-10-23 16:24:31,030][TxnService-3]com.ods.service.TxnService[170][INFO ]: test流水号201710231624300000000001实例化 交易对应的处理类
[2017-10-23 16:24:31,860][TxnService-3]com.ods.service.TxnService[180][INFO ]: test流水号201710231624300000000001数据库操作交易处理完成
[2017-10-23 16:24:31,864][TxnService-3]com.ods.service.TxnService[208][INFO ]: test流水号201710231624300000000001生成key值 完成
[2017-10-23 16:24:31,865][TxnService-3]com.ods.service.TxnService[211][INFO ]: test流水号201710231624300000000001处理完成
[2017-10-23 16:55:07,405][main]com.ods.service.TxnService[49][INFO ]: 服务初始化完成, 输入队列:[TxnQueue] 输出队列:[PackQueue]
[2017-10-23 16:55:07,410][main]com.ods.service.TxnService[49][INFO ]: 服务初始化完成, 输入队列:[TxnQueue] 输出队列:[PackQueue]
[2017-10-23 16:55:07,410][main]com.ods.service.TxnService[49][INFO ]: 服务初始化完成, 输入队列:[TxnQueue] 输出队列:[PackQueue]
[2017-10-23 16:55:07,411][main]com.ods.service.TxnService[49][INFO ]: 服务初始化完成, 输入队列:[TxnQueue] 输出队列:[PackQueue]
[2017-10-23 16:55:07,412][main]com.ods.service.TxnService[49][INFO ]: 服务初始化完成, 输入队列:[TxnQueue] 输出队列:[PackQueue]
[2017-10-23 16:55:12,234][TxnService-0]com.ods.service.TxnService[85][INFO ]: test流水号201710231655110000000001处理开始
[2017-10-23 16:55:12,235][TxnService-0]com.ods.service.TxnService[146][INFO ]: test流水号201710231655110000000001获取RspBody中的入参加入到inParm列表完成
[2017-10-23 16:55:12,235][TxnService-0]com.ods.service.TxnService[159][DEBUG]: 获取的交易名称是:test 交易处理类名为:com.ods.transaction.test
[2017-10-23 16:55:12,238][TxnService-0]com.ods.service.TxnService[167][INFO ]: test流水号201710231655110000000001实例化 交易对应的处理类
[2017-10-23 16:55:13,081][TxnService-0]com.ods.service.TxnService[177][INFO ]: test流水号201710231655110000000001数据库操作交易处理完成
[2017-10-23 16:55:13,088][TxnService-0]com.ods.service.TxnService[205][INFO ]: test流水号201710231655110000000001生成key值 完成
[2017-10-23 16:55:13,089][TxnService-0]com.ods.service.TxnService[208][INFO ]: test流水号201710231655110000000001处理完成
[2017-10-23 19:18:06,078][main]com.ods.service.TxnService[50][INFO ]: 服务初始化完成, 输入队列:[TxnQueue] 输出队列:[PackQueue]
[2017-10-23 19:18:06,079][main]com.ods.service.TxnService[50][INFO ]: 服务初始化完成, 输入队列:[TxnQueue] 输出队列:[PackQueue]
[2017-10-23 19:18:06,079][main]com.ods.service.TxnService[50][INFO ]: 服务初始化完成, 输入队列:[TxnQueue] 输出队列:[PackQueue]
[2017-10-23 19:18:06,081][main]com.ods.service.TxnService[50][INFO ]: 服务初始化完成, 输入队列:[TxnQueue] 输出队列:[PackQueue]
[2017-10-23 19:18:06,083][main]com.ods.service.TxnService[50][INFO ]: 服务初始化完成, 输入队列:[TxnQueue] 输出队列:[PackQueue]
[2017-10-23 19:18:15,799][TxnService-4]com.ods.service.TxnService[86][INFO ]: test流水号201710231918150000000001处理开始
[2017-10-23 19:18:15,800][TxnService-4]com.ods.service.TxnService[147][INFO ]: test流水号201710231918150000000001获取RspBody中的入参加入到inParm列表完成
[2017-10-23 19:18:15,801][TxnService-4]com.ods.service.TxnService[160][DEBUG]: 获取的交易名称是:test 交易处理类名为:com.ods.transaction.test
[2017-10-23 19:18:15,803][TxnService-4]com.ods.service.TxnService[168][INFO ]: test流水号201710231918150000000001实例化 交易对应的处理类
[2017-10-23 19:18:16,795][TxnService-4]com.ods.service.TxnService[178][INFO ]: test流水号201710231918150000000001数据库操作交易处理完成
[2017-10-23 19:18:16,801][TxnService-4]com.ods.service.TxnService[206][INFO ]: test流水号201710231918150000000001生成key值 完成
[2017-10-23 19:18:16,801][TxnService-4]com.ods.service.TxnService[209][INFO ]: test流水号201710231918150000000001处理完成
[2017-10-23 19:51:04,194][main]com.ods.service.TxnService[50][INFO ]: 服务初始化完成, 输入队列:[TxnQueue] 输出队列:[PackQueue]
[2017-10-23 19:51:04,195][main]com.ods.service.TxnService[50][INFO ]: 服务初始化完成, 输入队列:[TxnQueue] 输出队列:[PackQueue]
[2017-10-23 19:51:04,196][main]com.ods.service.TxnService[50][INFO ]: 服务初始化完成, 输入队列:[TxnQueue] 输出队列:[PackQueue]
[2017-10-23 19:51:04,198][main]com.ods.service.TxnService[50][INFO ]: 服务初始化完成, 输入队列:[TxnQueue] 输出队列:[PackQueue]
[2017-10-23 19:51:04,199][main]com.ods.service.TxnService[50][INFO ]: 服务初始化完成, 输入队列:[TxnQueue] 输出队列:[PackQueue]
[2017-10-23 19:51:09,064][TxnService-0]com.ods.service.TxnService[86][INFO ]: test流水号201710231951080000000001处理开始
[2017-10-23 19:51:09,065][TxnService-0]com.ods.service.TxnService[140][INFO ]: test流水号201710231951080000000001获取RspBody中的入参加入到inParm列表完成
[2017-10-23 19:51:09,066][TxnService-0]com.ods.service.TxnService[153][DEBUG]: 获取的交易名称是:test 交易处理类名为:com.ods.transaction.test
[2017-10-23 19:51:09,069][TxnService-0]com.ods.service.TxnService[161][INFO ]: test流水号201710231951080000000001实例化 交易对应的处理类
[2017-10-23 19:51:09,910][TxnService-0]com.ods.service.TxnService[177][INFO ]: test流水号201710231951080000000001数据库操作交易处理完成
[2017-10-23 19:51:09,915][TxnService-0]com.ods.service.TxnService[215][INFO ]: test流水号201710231951080000000001生成key值 完成
[2017-10-23 19:51:09,915][TxnService-0]com.ods.service.TxnService[218][INFO ]: test流水号201710231951080000000001处理完成
[2017-10-23 19:55:03,820][TxnService-0]com.ods.service.TxnService[86][INFO ]: test流水号201710231955030000000002处理开始
[2017-10-23 19:55:03,821][TxnService-0]com.ods.service.TxnService[140][INFO ]: test流水号201710231955030000000002获取RspBody中的入参加入到inParm列表完成
[2017-10-23 19:55:03,821][TxnService-0]com.ods.service.TxnService[153][DEBUG]: 获取的交易名称是:test 交易处理类名为:com.ods.transaction.test
[2017-10-23 19:55:03,821][TxnService-0]com.ods.service.TxnService[161][INFO ]: test流水号201710231955030000000002实例化 交易对应的处理类
[2017-10-23 19:55:03,869][TxnService-0]com.ods.service.TxnService[177][INFO ]: test流水号201710231955030000000002数据库操作交易处理完成
[2017-10-23 19:55:03,870][TxnService-0]com.ods.service.TxnService[215][INFO ]: test流水号201710231955030000000002生成key值 完成
[2017-10-23 19:55:03,870][TxnService-0]com.ods.service.TxnService[218][INFO ]: test流水号201710231955030000000002处理完成
[2017-10-23 20:00:28,308][main]com.ods.service.TxnService[50][INFO ]: 服务初始化完成, 输入队列:[TxnQueue] 输出队列:[PackQueue]
[2017-10-23 20:00:28,310][main]com.ods.service.TxnService[50][INFO ]: 服务初始化完成, 输入队列:[TxnQueue] 输出队列:[PackQueue]
[2017-10-23 20:00:28,311][main]com.ods.service.TxnService[50][INFO ]: 服务初始化完成, 输入队列:[TxnQueue] 输出队列:[PackQueue]
[2017-10-23 20:00:28,312][main]com.ods.service.TxnService[50][INFO ]: 服务初始化完成, 输入队列:[TxnQueue] 输出队列:[PackQueue]
[2017-10-23 20:00:28,315][main]com.ods.service.TxnService[50][INFO ]: 服务初始化完成, 输入队列:[TxnQueue] 输出队列:[PackQueue]
[2017-10-23 20:00:34,567][TxnService-0]com.ods.service.TxnService[86][INFO ]: test流水号201710232000340000000001处理开始
[2017-10-23 20:00:34,569][TxnService-0]com.ods.service.TxnService[140][INFO ]: test流水号201710232000340000000001获取RspBody中的入参加入到inParm列表完成
[2017-10-23 20:00:34,569][TxnService-0]com.ods.service.TxnService[153][DEBUG]: 获取的交易名称是:test 交易处理类名为:com.ods.transaction.test
[2017-10-23 20:00:34,572][TxnService-0]com.ods.service.TxnService[161][INFO ]: test流水号201710232000340000000001实例化 交易对应的处理类
[2017-10-23 20:00:35,448][TxnService-0]com.ods.service.TxnService[177][INFO ]: test流水号201710232000340000000001数据库操作交易处理完成
[2017-10-23 20:00:35,451][TxnService-0]com.ods.service.TxnService[215][INFO ]: test流水号201710232000340000000001生成key值 完成
[2017-10-23 20:00:35,452][TxnService-0]com.ods.service.TxnService[218][INFO ]: test流水号201710232000340000000001处理完成
[2017-10-23 20:01:17,512][TxnService-2]com.ods.service.TxnService[86][INFO ]: test流水号201710232001170000000002处理开始
[2017-10-23 20:01:17,513][TxnService-2]com.ods.service.TxnService[140][INFO ]: test流水号201710232001170000000002获取RspBody中的入参加入到inParm列表完成
[2017-10-23 20:01:17,513][TxnService-2]com.ods.service.TxnService[153][DEBUG]: 获取的交易名称是:test 交易处理类名为:com.ods.transaction.test
[2017-10-23 20:01:17,513][TxnService-2]com.ods.service.TxnService[161][INFO ]: test流水号201710232001170000000002实例化 交易对应的处理类
[2017-10-23 20:01:17,524][TxnService-2]com.ods.service.TxnService[177][INFO ]: test流水号201710232001170000000002数据库操作交易处理完成
[2017-10-23 20:01:17,526][TxnService-2]com.ods.service.TxnService[215][INFO ]: test流水号201710232001170000000002生成key值 完成
[2017-10-23 20:01:17,526][TxnService-2]com.ods.service.TxnService[218][INFO ]: test流水号201710232001170000000002处理完成
[2017-10-23 20:02:22,356][main]com.ods.service.TxnService[50][INFO ]: 服务初始化完成, 输入队列:[TxnQueue] 输出队列:[PackQueue]
[2017-10-23 20:02:22,357][main]com.ods.service.TxnService[50][INFO ]: 服务初始化完成, 输入队列:[TxnQueue] 输出队列:[PackQueue]
[2017-10-23 20:02:22,358][main]com.ods.service.TxnService[50][INFO ]: 服务初始化完成, 输入队列:[TxnQueue] 输出队列:[PackQueue]
[2017-10-23 20:02:22,359][main]com.ods.service.TxnService[50][INFO ]: 服务初始化完成, 输入队列:[TxnQueue] 输出队列:[PackQueue]
[2017-10-23 20:02:22,361][main]com.ods.service.TxnService[50][INFO ]: 服务初始化完成, 输入队列:[TxnQueue] 输出队列:[PackQueue]
[2017-10-23 20:02:27,819][TxnService-4]com.ods.service.TxnService[86][INFO ]: test流水号201710232002270000000001处理开始
[2017-10-23 20:02:27,821][TxnService-4]com.ods.service.TxnService[140][INFO ]: test流水号201710232002270000000001获取RspBody中的入参加入到inParm列表完成
[2017-10-23 20:02:27,822][TxnService-4]com.ods.service.TxnService[153][DEBUG]: 获取的交易名称是:test 交易处理类名为:com.ods.transaction.test
[2017-10-23 20:02:27,824][TxnService-4]com.ods.service.TxnService[161][INFO ]: test流水号201710232002270000000001实例化 交易对应的处理类
[2017-10-23 20:02:28,643][TxnService-4]com.ods.service.TxnService[177][INFO ]: test流水号201710232002270000000001数据库操作交易处理完成
[2017-10-23 20:02:28,647][TxnService-4]com.ods.service.TxnService[215][INFO ]: test流水号201710232002270000000001生成key值 完成
[2017-10-23 20:02:28,648][TxnService-4]com.ods.service.TxnService[218][INFO ]: test流水号201710232002270000000001处理完成
