[2017-10-26 08:55:24,061][TxnService-3]com.ods.transaction.test[24][INFO ]: {StartDt=20170502, AcctId=1234567890, EndDt=20170805, PageSize=60}
[2017-10-26 08:55:25,514][TxnService-3]com.ods.transaction.test[29][DEBUG]: 
[2017-10-26 08:55:25,514][TxnService-3]com.ods.transaction.test[30][DEBUG]: qwert
[2017-10-26 08:55:25,515][TxnService-3]com.ods.transaction.test[31][DEBUG]: 
[2017-10-26 08:55:25,515][TxnService-3]com.ods.transaction.test[32][DEBUG]: 19
[2017-10-26 08:55:25,515][TxnService-3]com.ods.transaction.test[29][DEBUG]: 
[2017-10-26 08:55:25,515][TxnService-3]com.ods.transaction.test[30][DEBUG]: asdfg
[2017-10-26 08:55:25,515][TxnService-3]com.ods.transaction.test[31][DEBUG]: 
[2017-10-26 08:55:25,516][TxnService-3]com.ods.transaction.test[32][DEBUG]: 19
[2017-10-26 08:55:25,516][TxnService-3]com.ods.transaction.test[29][DEBUG]: 
[2017-10-26 08:55:25,516][TxnService-3]com.ods.transaction.test[30][DEBUG]: tyuio
[2017-10-26 08:55:25,516][TxnService-3]com.ods.transaction.test[31][DEBUG]: 
[2017-10-26 08:55:25,516][TxnService-3]com.ods.transaction.test[32][DEBUG]: 19
[2017-10-26 08:55:25,516][TxnService-3]com.ods.transaction.test[29][DEBUG]: 
[2017-10-26 08:55:25,516][TxnService-3]com.ods.transaction.test[30][DEBUG]: oiuyt
[2017-10-26 08:55:25,517][TxnService-3]com.ods.transaction.test[31][DEBUG]: 
[2017-10-26 08:55:25,517][TxnService-3]com.ods.transaction.test[32][DEBUG]: 19
[2017-10-26 08:55:25,517][TxnService-3]com.ods.transaction.test[29][DEBUG]: 
[2017-10-26 08:55:25,517][TxnService-3]com.ods.transaction.test[30][DEBUG]: sddsgs
[2017-10-26 08:55:25,517][TxnService-3]com.ods.transaction.test[31][DEBUG]: 
[2017-10-26 08:55:25,517][TxnService-3]com.ods.transaction.test[32][DEBUG]: 19
[2017-10-26 08:55:25,517][TxnService-3]com.ods.transaction.test[29][DEBUG]: 
[2017-10-26 08:55:25,517][TxnService-3]com.ods.transaction.test[30][DEBUG]: zxcvb
[2017-10-26 08:55:25,517][TxnService-3]com.ods.transaction.test[31][DEBUG]: 
[2017-10-26 08:55:25,518][TxnService-3]com.ods.transaction.test[32][DEBUG]: 19
[2017-10-26 08:55:25,518][TxnService-3]com.ods.transaction.test[29][DEBUG]: 
[2017-10-26 08:55:25,518][TxnService-3]com.ods.transaction.test[30][DEBUG]: bnm,./
[2017-10-26 08:55:25,518][TxnService-3]com.ods.transaction.test[31][DEBUG]: 
[2017-10-26 08:55:25,518][TxnService-3]com.ods.transaction.test[32][DEBUG]: 19
[2017-10-26 08:55:25,518][TxnService-3]com.ods.transaction.test[29][DEBUG]: 
[2017-10-26 08:55:25,518][TxnService-3]com.ods.transaction.test[30][DEBUG]: poiut
[2017-10-26 08:55:25,518][TxnService-3]com.ods.transaction.test[31][DEBUG]: 
[2017-10-26 08:55:25,518][TxnService-3]com.ods.transaction.test[32][DEBUG]: 19
[2017-10-26 08:55:25,519][TxnService-3]com.ods.transaction.test[29][DEBUG]: 
[2017-10-26 08:55:25,519][TxnService-3]com.ods.transaction.test[30][DEBUG]: wewtwr
[2017-10-26 08:55:25,519][TxnService-3]com.ods.transaction.test[31][DEBUG]: 
[2017-10-26 08:55:25,519][TxnService-3]com.ods.transaction.test[32][DEBUG]: 19
[2017-10-26 08:55:25,519][TxnService-3]com.ods.transaction.test[29][DEBUG]: 
[2017-10-26 08:55:25,519][TxnService-3]com.ods.transaction.test[30][DEBUG]: rtyr
[2017-10-26 08:55:25,520][TxnService-3]com.ods.transaction.test[31][DEBUG]: 
[2017-10-26 08:55:25,520][TxnService-3]com.ods.transaction.test[32][DEBUG]: 19
[2017-10-26 08:55:25,520][TxnService-3]com.ods.transaction.test[29][DEBUG]: 
[2017-10-26 08:55:25,520][TxnService-3]com.ods.transaction.test[30][DEBUG]: eryey
[2017-10-26 08:55:25,520][TxnService-3]com.ods.transaction.test[31][DEBUG]: 
[2017-10-26 08:55:25,521][TxnService-3]com.ods.transaction.test[32][DEBUG]: 19
[2017-10-26 09:04:54,118][TxnService-2]com.ods.transaction.test[24][INFO ]: {StartDt=20170502, AcctId=1234567890, EndDt=20170805, PageSize=60}
[2017-10-26 09:04:54,847][TxnService-2]com.ods.transaction.test[29][DEBUG]: 
[2017-10-26 09:04:54,847][TxnService-2]com.ods.transaction.test[30][DEBUG]: qwert
[2017-10-26 09:04:54,847][TxnService-2]com.ods.transaction.test[31][DEBUG]: 
[2017-10-26 09:04:54,847][TxnService-2]com.ods.transaction.test[32][DEBUG]: 19
[2017-10-26 09:04:54,847][TxnService-2]com.ods.transaction.test[29][DEBUG]: 
[2017-10-26 09:04:54,847][TxnService-2]com.ods.transaction.test[30][DEBUG]: asdfg
[2017-10-26 09:04:54,847][TxnService-2]com.ods.transaction.test[31][DEBUG]: 
[2017-10-26 09:04:54,847][TxnService-2]com.ods.transaction.test[32][DEBUG]: 19
[2017-10-26 09:04:54,848][TxnService-2]com.ods.transaction.test[29][DEBUG]: 
[2017-10-26 09:04:54,848][TxnService-2]com.ods.transaction.test[30][DEBUG]: tyuio
[2017-10-26 09:04:54,848][TxnService-2]com.ods.transaction.test[31][DEBUG]: 
[2017-10-26 09:04:54,848][TxnService-2]com.ods.transaction.test[32][DEBUG]: 19
[2017-10-26 09:04:54,848][TxnService-2]com.ods.transaction.test[29][DEBUG]: 
[2017-10-26 09:04:54,848][TxnService-2]com.ods.transaction.test[30][DEBUG]: oiuyt
[2017-10-26 09:04:54,848][TxnService-2]com.ods.transaction.test[31][DEBUG]: 
[2017-10-26 09:04:54,848][TxnService-2]com.ods.transaction.test[32][DEBUG]: 19
[2017-10-26 09:04:54,848][TxnService-2]com.ods.transaction.test[29][DEBUG]: 
[2017-10-26 09:04:54,848][TxnService-2]com.ods.transaction.test[30][DEBUG]: sddsgs
[2017-10-26 09:04:54,848][TxnService-2]com.ods.transaction.test[31][DEBUG]: 
[2017-10-26 09:04:54,849][TxnService-2]com.ods.transaction.test[32][DEBUG]: 19
[2017-10-26 09:04:54,849][TxnService-2]com.ods.transaction.test[29][DEBUG]: 
[2017-10-26 09:04:54,849][TxnService-2]com.ods.transaction.test[30][DEBUG]: zxcvb
[2017-10-26 09:04:54,849][TxnService-2]com.ods.transaction.test[31][DEBUG]: 
[2017-10-26 09:04:54,849][TxnService-2]com.ods.transaction.test[32][DEBUG]: 19
[2017-10-26 09:04:54,849][TxnService-2]com.ods.transaction.test[29][DEBUG]: 
[2017-10-26 09:04:54,849][TxnService-2]com.ods.transaction.test[30][DEBUG]: bnm,./
[2017-10-26 09:04:54,849][TxnService-2]com.ods.transaction.test[31][DEBUG]: 
[2017-10-26 09:04:54,849][TxnService-2]com.ods.transaction.test[32][DEBUG]: 19
[2017-10-26 09:04:54,849][TxnService-2]com.ods.transaction.test[29][DEBUG]: 
[2017-10-26 09:04:54,850][TxnService-2]com.ods.transaction.test[30][DEBUG]: poiut
[2017-10-26 09:04:54,850][TxnService-2]com.ods.transaction.test[31][DEBUG]: 
[2017-10-26 09:04:54,850][TxnService-2]com.ods.transaction.test[32][DEBUG]: 19
[2017-10-26 09:04:54,850][TxnService-2]com.ods.transaction.test[29][DEBUG]: 
[2017-10-26 09:04:54,850][TxnService-2]com.ods.transaction.test[30][DEBUG]: wewtwr
[2017-10-26 09:04:54,850][TxnService-2]com.ods.transaction.test[31][DEBUG]: 
[2017-10-26 09:04:54,850][TxnService-2]com.ods.transaction.test[32][DEBUG]: 19
[2017-10-26 09:04:54,850][TxnService-2]com.ods.transaction.test[29][DEBUG]: 
[2017-10-26 09:04:54,850][TxnService-2]com.ods.transaction.test[30][DEBUG]: rtyr
[2017-10-26 09:04:54,851][TxnService-2]com.ods.transaction.test[31][DEBUG]: 
[2017-10-26 09:04:54,851][TxnService-2]com.ods.transaction.test[32][DEBUG]: 19
[2017-10-26 09:04:54,851][TxnService-2]com.ods.transaction.test[29][DEBUG]: 
[2017-10-26 09:04:54,851][TxnService-2]com.ods.transaction.test[30][DEBUG]: eryey
[2017-10-26 09:04:54,851][TxnService-2]com.ods.transaction.test[31][DEBUG]: 
[2017-10-26 09:04:54,851][TxnService-2]com.ods.transaction.test[32][DEBUG]: 19
[2017-10-26 09:05:36,247][TxnService-4]com.ods.transaction.test[24][INFO ]: {StartDt=20170502, AcctId=1234567890, EndDt=20170805, PageSize=60}
[2017-10-26 09:05:36,252][TxnService-4]com.ods.transaction.test[29][DEBUG]: 
[2017-10-26 09:05:36,252][TxnService-4]com.ods.transaction.test[30][DEBUG]: qwert
[2017-10-26 09:05:36,252][TxnService-4]com.ods.transaction.test[31][DEBUG]: 
[2017-10-26 09:05:36,252][TxnService-4]com.ods.transaction.test[32][DEBUG]: 19
[2017-10-26 09:05:36,252][TxnService-4]com.ods.transaction.test[29][DEBUG]: 
[2017-10-26 09:05:36,252][TxnService-4]com.ods.transaction.test[30][DEBUG]: asdfg
[2017-10-26 09:05:36,252][TxnService-4]com.ods.transaction.test[31][DEBUG]: 
[2017-10-26 09:05:36,252][TxnService-4]com.ods.transaction.test[32][DEBUG]: 19
[2017-10-26 09:05:36,252][TxnService-4]com.ods.transaction.test[29][DEBUG]: 
[2017-10-26 09:05:36,252][TxnService-4]com.ods.transaction.test[30][DEBUG]: tyuio
[2017-10-26 09:05:36,252][TxnService-4]com.ods.transaction.test[31][DEBUG]: 
[2017-10-26 09:05:36,252][TxnService-4]com.ods.transaction.test[32][DEBUG]: 19
[2017-10-26 09:05:36,252][TxnService-4]com.ods.transaction.test[29][DEBUG]: 
[2017-10-26 09:05:36,252][TxnService-4]com.ods.transaction.test[30][DEBUG]: oiuyt
[2017-10-26 09:05:36,252][TxnService-4]com.ods.transaction.test[31][DEBUG]: 
[2017-10-26 09:05:36,252][TxnService-4]com.ods.transaction.test[32][DEBUG]: 19
[2017-10-26 09:05:36,252][TxnService-4]com.ods.transaction.test[29][DEBUG]: 
[2017-10-26 09:05:36,253][TxnService-4]com.ods.transaction.test[30][DEBUG]: sddsgs
[2017-10-26 09:05:36,253][TxnService-4]com.ods.transaction.test[31][DEBUG]: 
[2017-10-26 09:05:36,253][TxnService-4]com.ods.transaction.test[32][DEBUG]: 19
[2017-10-26 09:05:36,253][TxnService-4]com.ods.transaction.test[29][DEBUG]: 
[2017-10-26 09:05:36,253][TxnService-4]com.ods.transaction.test[30][DEBUG]: zxcvb
[2017-10-26 09:05:36,253][TxnService-4]com.ods.transaction.test[31][DEBUG]: 
[2017-10-26 09:05:36,253][TxnService-4]com.ods.transaction.test[32][DEBUG]: 19
[2017-10-26 09:05:36,253][TxnService-4]com.ods.transaction.test[29][DEBUG]: 
[2017-10-26 09:05:36,253][TxnService-4]com.ods.transaction.test[30][DEBUG]: bnm,./
[2017-10-26 09:05:36,253][TxnService-4]com.ods.transaction.test[31][DEBUG]: 
[2017-10-26 09:05:36,253][TxnService-4]com.ods.transaction.test[32][DEBUG]: 19
[2017-10-26 09:05:36,253][TxnService-4]com.ods.transaction.test[29][DEBUG]: 
[2017-10-26 09:05:36,253][TxnService-4]com.ods.transaction.test[30][DEBUG]: poiut
[2017-10-26 09:05:36,253][TxnService-4]com.ods.transaction.test[31][DEBUG]: 
[2017-10-26 09:05:36,253][TxnService-4]com.ods.transaction.test[32][DEBUG]: 19
[2017-10-26 09:05:36,254][TxnService-4]com.ods.transaction.test[29][DEBUG]: 
[2017-10-26 09:05:36,254][TxnService-4]com.ods.transaction.test[30][DEBUG]: wewtwr
[2017-10-26 09:05:36,254][TxnService-4]com.ods.transaction.test[31][DEBUG]: 
[2017-10-26 09:05:36,254][TxnService-4]com.ods.transaction.test[32][DEBUG]: 19
[2017-10-26 09:05:36,254][TxnService-4]com.ods.transaction.test[29][DEBUG]: 
[2017-10-26 09:05:36,254][TxnService-4]com.ods.transaction.test[30][DEBUG]: rtyr
[2017-10-26 09:05:36,254][TxnService-4]com.ods.transaction.test[31][DEBUG]: 
[2017-10-26 09:05:36,254][TxnService-4]com.ods.transaction.test[32][DEBUG]: 19
[2017-10-26 09:05:36,254][TxnService-4]com.ods.transaction.test[29][DEBUG]: 
[2017-10-26 09:05:36,254][TxnService-4]com.ods.transaction.test[30][DEBUG]: eryey
[2017-10-26 09:05:36,254][TxnService-4]com.ods.transaction.test[31][DEBUG]: 
[2017-10-26 09:05:36,254][TxnService-4]com.ods.transaction.test[32][DEBUG]: 19
[2017-10-26 09:08:05,346][TxnService-2]com.ods.transaction.test[24][INFO ]: {StartDt=20170502, AcctId=1234567890, EndDt=20170805, PageSize=60}
[2017-10-26 09:08:06,156][TxnService-2]com.ods.transaction.test[29][DEBUG]: 
[2017-10-26 09:08:06,156][TxnService-2]com.ods.transaction.test[30][DEBUG]: qwert
[2017-10-26 09:08:06,156][TxnService-2]com.ods.transaction.test[31][DEBUG]: 
[2017-10-26 09:08:06,156][TxnService-2]com.ods.transaction.test[32][DEBUG]: 19
[2017-10-26 09:08:06,157][TxnService-2]com.ods.transaction.test[29][DEBUG]: 
[2017-10-26 09:08:06,157][TxnService-2]com.ods.transaction.test[30][DEBUG]: asdfg
[2017-10-26 09:08:06,157][TxnService-2]com.ods.transaction.test[31][DEBUG]: 
[2017-10-26 09:08:06,157][TxnService-2]com.ods.transaction.test[32][DEBUG]: 19
[2017-10-26 09:08:06,157][TxnService-2]com.ods.transaction.test[29][DEBUG]: 
[2017-10-26 09:08:06,157][TxnService-2]com.ods.transaction.test[30][DEBUG]: tyuio
[2017-10-26 09:08:06,157][TxnService-2]com.ods.transaction.test[31][DEBUG]: 
[2017-10-26 09:08:06,157][TxnService-2]com.ods.transaction.test[32][DEBUG]: 19
[2017-10-26 09:08:06,157][TxnService-2]com.ods.transaction.test[29][DEBUG]: 
[2017-10-26 09:08:06,157][TxnService-2]com.ods.transaction.test[30][DEBUG]: oiuyt
[2017-10-26 09:08:06,157][TxnService-2]com.ods.transaction.test[31][DEBUG]: 
[2017-10-26 09:08:06,157][TxnService-2]com.ods.transaction.test[32][DEBUG]: 19
[2017-10-26 09:08:06,157][TxnService-2]com.ods.transaction.test[29][DEBUG]: 
[2017-10-26 09:08:06,157][TxnService-2]com.ods.transaction.test[30][DEBUG]: sddsgs
[2017-10-26 09:08:06,158][TxnService-2]com.ods.transaction.test[31][DEBUG]: 
[2017-10-26 09:08:06,158][TxnService-2]com.ods.transaction.test[32][DEBUG]: 19
[2017-10-26 09:08:06,158][TxnService-2]com.ods.transaction.test[29][DEBUG]: 
[2017-10-26 09:08:06,158][TxnService-2]com.ods.transaction.test[30][DEBUG]: zxcvb
[2017-10-26 09:08:06,158][TxnService-2]com.ods.transaction.test[31][DEBUG]: 
[2017-10-26 09:08:06,158][TxnService-2]com.ods.transaction.test[32][DEBUG]: 19
[2017-10-26 09:08:06,158][TxnService-2]com.ods.transaction.test[29][DEBUG]: 
[2017-10-26 09:08:06,158][TxnService-2]com.ods.transaction.test[30][DEBUG]: bnm,./
[2017-10-26 09:08:06,158][TxnService-2]com.ods.transaction.test[31][DEBUG]: 
[2017-10-26 09:08:06,158][TxnService-2]com.ods.transaction.test[32][DEBUG]: 19
[2017-10-26 09:08:06,158][TxnService-2]com.ods.transaction.test[29][DEBUG]: 
[2017-10-26 09:08:06,158][TxnService-2]com.ods.transaction.test[30][DEBUG]: poiut
[2017-10-26 09:08:06,158][TxnService-2]com.ods.transaction.test[31][DEBUG]: 
[2017-10-26 09:08:06,159][TxnService-2]com.ods.transaction.test[32][DEBUG]: 19
[2017-10-26 09:08:06,159][TxnService-2]com.ods.transaction.test[29][DEBUG]: 
[2017-10-26 09:08:06,159][TxnService-2]com.ods.transaction.test[30][DEBUG]: wewtwr
[2017-10-26 09:08:06,159][TxnService-2]com.ods.transaction.test[31][DEBUG]: 
[2017-10-26 09:08:06,159][TxnService-2]com.ods.transaction.test[32][DEBUG]: 19
[2017-10-26 09:08:06,159][TxnService-2]com.ods.transaction.test[29][DEBUG]: 
[2017-10-26 09:08:06,159][TxnService-2]com.ods.transaction.test[30][DEBUG]: rtyr
[2017-10-26 09:08:06,159][TxnService-2]com.ods.transaction.test[31][DEBUG]: 
[2017-10-26 09:08:06,159][TxnService-2]com.ods.transaction.test[32][DEBUG]: 19
[2017-10-26 09:08:06,160][TxnService-2]com.ods.transaction.test[29][DEBUG]: 
[2017-10-26 09:08:06,160][TxnService-2]com.ods.transaction.test[30][DEBUG]: eryey
[2017-10-26 09:08:06,160][TxnService-2]com.ods.transaction.test[31][DEBUG]: 
[2017-10-26 09:08:06,160][TxnService-2]com.ods.transaction.test[32][DEBUG]: 19
[2017-10-26 09:10:12,264][TxnService-3]com.ods.transaction.test[24][INFO ]: {StartDt=20170502, AcctId=1234567890, EndDt=20170805, PageSize=60}
[2017-10-26 09:10:13,209][TxnService-3]com.ods.transaction.test[29][DEBUG]: 
[2017-10-26 09:10:13,209][TxnService-3]com.ods.transaction.test[30][DEBUG]: qwert
[2017-10-26 09:10:13,209][TxnService-3]com.ods.transaction.test[31][DEBUG]: 
[2017-10-26 09:10:13,209][TxnService-3]com.ods.transaction.test[32][DEBUG]: 19
[2017-10-26 09:10:13,209][TxnService-3]com.ods.transaction.test[29][DEBUG]: 
[2017-10-26 09:10:13,209][TxnService-3]com.ods.transaction.test[30][DEBUG]: asdfg
[2017-10-26 09:10:13,209][TxnService-3]com.ods.transaction.test[31][DEBUG]: 
[2017-10-26 09:10:13,209][TxnService-3]com.ods.transaction.test[32][DEBUG]: 19
[2017-10-26 09:10:13,209][TxnService-3]com.ods.transaction.test[29][DEBUG]: 
[2017-10-26 09:10:13,209][TxnService-3]com.ods.transaction.test[30][DEBUG]: tyuio
[2017-10-26 09:10:13,209][TxnService-3]com.ods.transaction.test[31][DEBUG]: 
[2017-10-26 09:10:13,210][TxnService-3]com.ods.transaction.test[32][DEBUG]: 19
[2017-10-26 09:10:13,210][TxnService-3]com.ods.transaction.test[29][DEBUG]: 
[2017-10-26 09:10:13,210][TxnService-3]com.ods.transaction.test[30][DEBUG]: oiuyt
[2017-10-26 09:10:13,210][TxnService-3]com.ods.transaction.test[31][DEBUG]: 
[2017-10-26 09:10:13,210][TxnService-3]com.ods.transaction.test[32][DEBUG]: 19
[2017-10-26 09:10:13,210][TxnService-3]com.ods.transaction.test[29][DEBUG]: 
[2017-10-26 09:10:13,210][TxnService-3]com.ods.transaction.test[30][DEBUG]: sddsgs
[2017-10-26 09:10:13,210][TxnService-3]com.ods.transaction.test[31][DEBUG]: 
[2017-10-26 09:10:13,210][TxnService-3]com.ods.transaction.test[32][DEBUG]: 19
[2017-10-26 09:10:13,210][TxnService-3]com.ods.transaction.test[29][DEBUG]: 
[2017-10-26 09:10:13,211][TxnService-3]com.ods.transaction.test[30][DEBUG]: zxcvb
[2017-10-26 09:10:13,211][TxnService-3]com.ods.transaction.test[31][DEBUG]: 
[2017-10-26 09:10:13,211][TxnService-3]com.ods.transaction.test[32][DEBUG]: 19
[2017-10-26 09:10:13,211][TxnService-3]com.ods.transaction.test[29][DEBUG]: 
[2017-10-26 09:10:13,211][TxnService-3]com.ods.transaction.test[30][DEBUG]: bnm,./
[2017-10-26 09:10:13,211][TxnService-3]com.ods.transaction.test[31][DEBUG]: 
[2017-10-26 09:10:13,211][TxnService-3]com.ods.transaction.test[32][DEBUG]: 19
[2017-10-26 09:10:13,211][TxnService-3]com.ods.transaction.test[29][DEBUG]: 
[2017-10-26 09:10:13,211][TxnService-3]com.ods.transaction.test[30][DEBUG]: poiut
[2017-10-26 09:10:13,212][TxnService-3]com.ods.transaction.test[31][DEBUG]: 
[2017-10-26 09:10:13,212][TxnService-3]com.ods.transaction.test[32][DEBUG]: 19
[2017-10-26 09:10:13,212][TxnService-3]com.ods.transaction.test[29][DEBUG]: 
[2017-10-26 09:10:13,212][TxnService-3]com.ods.transaction.test[30][DEBUG]: wewtwr
[2017-10-26 09:10:13,212][TxnService-3]com.ods.transaction.test[31][DEBUG]: 
[2017-10-26 09:10:13,212][TxnService-3]com.ods.transaction.test[32][DEBUG]: 19
[2017-10-26 09:10:13,212][TxnService-3]com.ods.transaction.test[29][DEBUG]: 
[2017-10-26 09:10:13,212][TxnService-3]com.ods.transaction.test[30][DEBUG]: rtyr
[2017-10-26 09:10:13,213][TxnService-3]com.ods.transaction.test[31][DEBUG]: 
[2017-10-26 09:10:13,213][TxnService-3]com.ods.transaction.test[32][DEBUG]: 19
[2017-10-26 09:10:13,213][TxnService-3]com.ods.transaction.test[29][DEBUG]: 
[2017-10-26 09:10:13,213][TxnService-3]com.ods.transaction.test[30][DEBUG]: eryey
[2017-10-26 09:10:13,213][TxnService-3]com.ods.transaction.test[31][DEBUG]: 
[2017-10-26 09:10:13,213][TxnService-3]com.ods.transaction.test[32][DEBUG]: 19
[2017-10-26 09:10:55,213][TxnService-4]com.ods.transaction.test[24][INFO ]: {StartDt=20170502, AcctId=1234567890, EndDt=20170805, PageSize=60}
[2017-10-26 09:10:56,017][TxnService-4]com.ods.transaction.test[29][DEBUG]: 
[2017-10-26 09:10:56,017][TxnService-4]com.ods.transaction.test[30][DEBUG]: qwert
[2017-10-26 09:10:56,017][TxnService-4]com.ods.transaction.test[31][DEBUG]: 
[2017-10-26 09:10:56,017][TxnService-4]com.ods.transaction.test[32][DEBUG]: 19
[2017-10-26 09:10:56,017][TxnService-4]com.ods.transaction.test[29][DEBUG]: 
[2017-10-26 09:10:56,018][TxnService-4]com.ods.transaction.test[30][DEBUG]: asdfg
[2017-10-26 09:10:56,018][TxnService-4]com.ods.transaction.test[31][DEBUG]: 
[2017-10-26 09:10:56,018][TxnService-4]com.ods.transaction.test[32][DEBUG]: 19
[2017-10-26 09:10:56,018][TxnService-4]com.ods.transaction.test[29][DEBUG]: 
[2017-10-26 09:10:56,018][TxnService-4]com.ods.transaction.test[30][DEBUG]: tyuio
[2017-10-26 09:10:56,018][TxnService-4]com.ods.transaction.test[31][DEBUG]: 
[2017-10-26 09:10:56,018][TxnService-4]com.ods.transaction.test[32][DEBUG]: 19
[2017-10-26 09:10:56,018][TxnService-4]com.ods.transaction.test[29][DEBUG]: 
[2017-10-26 09:10:56,018][TxnService-4]com.ods.transaction.test[30][DEBUG]: oiuyt
[2017-10-26 09:10:56,018][TxnService-4]com.ods.transaction.test[31][DEBUG]: 
[2017-10-26 09:10:56,018][TxnService-4]com.ods.transaction.test[32][DEBUG]: 19
[2017-10-26 09:10:56,018][TxnService-4]com.ods.transaction.test[29][DEBUG]: 
[2017-10-26 09:10:56,018][TxnService-4]com.ods.transaction.test[30][DEBUG]: sddsgs
[2017-10-26 09:10:56,018][TxnService-4]com.ods.transaction.test[31][DEBUG]: 
[2017-10-26 09:10:56,019][TxnService-4]com.ods.transaction.test[32][DEBUG]: 19
[2017-10-26 09:10:56,019][TxnService-4]com.ods.transaction.test[29][DEBUG]: 
[2017-10-26 09:10:56,019][TxnService-4]com.ods.transaction.test[30][DEBUG]: zxcvb
[2017-10-26 09:10:56,019][TxnService-4]com.ods.transaction.test[31][DEBUG]: 
[2017-10-26 09:10:56,019][TxnService-4]com.ods.transaction.test[32][DEBUG]: 19
[2017-10-26 09:10:56,019][TxnService-4]com.ods.transaction.test[29][DEBUG]: 
[2017-10-26 09:10:56,019][TxnService-4]com.ods.transaction.test[30][DEBUG]: bnm,./
[2017-10-26 09:10:56,019][TxnService-4]com.ods.transaction.test[31][DEBUG]: 
[2017-10-26 09:10:56,019][TxnService-4]com.ods.transaction.test[32][DEBUG]: 19
[2017-10-26 09:10:56,019][TxnService-4]com.ods.transaction.test[29][DEBUG]: 
[2017-10-26 09:10:56,019][TxnService-4]com.ods.transaction.test[30][DEBUG]: poiut
[2017-10-26 09:10:56,020][TxnService-4]com.ods.transaction.test[31][DEBUG]: 
[2017-10-26 09:10:56,020][TxnService-4]com.ods.transaction.test[32][DEBUG]: 19
[2017-10-26 09:10:56,020][TxnService-4]com.ods.transaction.test[29][DEBUG]: 
[2017-10-26 09:10:56,020][TxnService-4]com.ods.transaction.test[30][DEBUG]: wewtwr
[2017-10-26 09:10:56,020][TxnService-4]com.ods.transaction.test[31][DEBUG]: 
[2017-10-26 09:10:56,020][TxnService-4]com.ods.transaction.test[32][DEBUG]: 19
[2017-10-26 09:10:56,020][TxnService-4]com.ods.transaction.test[29][DEBUG]: 
[2017-10-26 09:10:56,020][TxnService-4]com.ods.transaction.test[30][DEBUG]: rtyr
[2017-10-26 09:10:56,020][TxnService-4]com.ods.transaction.test[31][DEBUG]: 
[2017-10-26 09:10:56,020][TxnService-4]com.ods.transaction.test[32][DEBUG]: 19
[2017-10-26 09:10:56,021][TxnService-4]com.ods.transaction.test[29][DEBUG]: 
[2017-10-26 09:10:56,021][TxnService-4]com.ods.transaction.test[30][DEBUG]: eryey
[2017-10-26 09:10:56,021][TxnService-4]com.ods.transaction.test[31][DEBUG]: 
[2017-10-26 09:10:56,021][TxnService-4]com.ods.transaction.test[32][DEBUG]: 19
