[2017-10-26 08:55:10,606][main]com.ods.service.EsbPackService[52][INFO ]: 服务初始化完成, 输入队列:[PackQueue] 输出队列:[SuccessQueue]
[2017-10-26 08:55:10,608][main]com.ods.service.EsbPackService[52][INFO ]: 服务初始化完成, 输入队列:[PackQueue] 输出队列:[SuccessQueue]
[2017-10-26 08:55:10,610][main]com.ods.service.EsbPackService[52][INFO ]: 服务初始化完成, 输入队列:[PackQueue] 输出队列:[SuccessQueue]
[2017-10-26 08:55:10,611][main]com.ods.service.EsbPackService[52][INFO ]: 服务初始化完成, 输入队列:[PackQueue] 输出队列:[SuccessQueue]
[2017-10-26 08:55:10,615][main]com.ods.service.EsbPackService[52][INFO ]: 服务初始化完成, 输入队列:[PackQueue] 输出队列:[SuccessQueue]
[2017-10-26 09:04:46,574][main]com.ods.service.EsbPackService[52][INFO ]: 服务初始化完成, 输入队列:[PackQueue] 输出队列:[SuccessQueue]
[2017-10-26 09:04:46,575][main]com.ods.service.EsbPackService[52][INFO ]: 服务初始化完成, 输入队列:[PackQueue] 输出队列:[SuccessQueue]
[2017-10-26 09:04:46,576][main]com.ods.service.EsbPackService[52][INFO ]: 服务初始化完成, 输入队列:[PackQueue] 输出队列:[SuccessQueue]
[2017-10-26 09:04:46,577][main]com.ods.service.EsbPackService[52][INFO ]: 服务初始化完成, 输入队列:[PackQueue] 输出队列:[SuccessQueue]
[2017-10-26 09:04:46,578][main]com.ods.service.EsbPackService[52][INFO ]: 服务初始化完成, 输入队列:[PackQueue] 输出队列:[SuccessQueue]
[2017-10-26 09:08:01,783][main]com.ods.service.EsbPackService[52][INFO ]: 服务初始化完成, 输入队列:[PackQueue] 输出队列:[SuccessQueue]
[2017-10-26 09:08:01,787][main]com.ods.service.EsbPackService[52][INFO ]: 服务初始化完成, 输入队列:[PackQueue] 输出队列:[SuccessQueue]
[2017-10-26 09:08:01,789][main]com.ods.service.EsbPackService[52][INFO ]: 服务初始化完成, 输入队列:[PackQueue] 输出队列:[SuccessQueue]
[2017-10-26 09:08:01,790][main]com.ods.service.EsbPackService[52][INFO ]: 服务初始化完成, 输入队列:[PackQueue] 输出队列:[SuccessQueue]
[2017-10-26 09:08:01,792][main]com.ods.service.EsbPackService[52][INFO ]: 服务初始化完成, 输入队列:[PackQueue] 输出队列:[SuccessQueue]
[2017-10-26 09:08:06,175][EsbPackService-4]com.ods.service.EsbPackService[129][DEBUG]: 201710260908050000000001 开始组织应答XML包
[2017-10-26 09:08:06,180][EsbPackService-4]com.ods.service.EsbPackService[412][DEBUG]: SvcId:<s:SvcId xmlns:s="http://esb.dcitsbiz.com/services/S030010001">S030010001</s:SvcId>
[2017-10-26 09:08:06,180][EsbPackService-4]com.ods.service.EsbPackService[412][DEBUG]: SvcScn:<s:SvcScn xmlns:s="http://esb.dcitsbiz.com/services/S030010001">01</s:SvcScn>
[2017-10-26 09:08:06,180][EsbPackService-4]com.ods.service.EsbPackService[412][DEBUG]: SvcSpltTxnCd:<s:SvcSpltTxnCd xmlns:s="http://esb.dcitsbiz.com/services/S030010001"/>
[2017-10-26 09:08:06,181][EsbPackService-4]com.ods.service.EsbPackService[412][DEBUG]: SvcCstTxnCd:<s:SvcCstTxnCd xmlns:s="http://esb.dcitsbiz.com/services/S030010001"/>
[2017-10-26 09:08:06,181][EsbPackService-4]com.ods.service.EsbPackService[412][DEBUG]: MAC:<s:MAC xmlns:s="http://esb.dcitsbiz.com/services/S030010001">8888888888888888888</s:MAC>
[2017-10-26 09:08:06,181][EsbPackService-4]com.ods.service.EsbPackService[412][DEBUG]: CnsmrSysId:<s:CnsmrSysId xmlns:s="http://esb.dcitsbiz.com/services/S030010001"/>
[2017-10-26 09:08:06,181][EsbPackService-4]com.ods.service.EsbPackService[420][DEBUG]: Vrsn:<s:Vrsn xmlns:s="http://esb.dcitsbiz.com/services/S030010001"></s:Vrsn>
[2017-10-26 09:08:06,181][EsbPackService-4]com.ods.service.EsbPackService[420][DEBUG]: CnsmrSeqNo:<s:CnsmrSeqNo xmlns:s="http://esb.dcitsbiz.com/services/S030010001"></s:CnsmrSeqNo>
[2017-10-26 09:08:06,181][EsbPackService-4]com.ods.service.EsbPackService[420][DEBUG]: SvcSplrSysId:<s:SvcSplrSysId xmlns:s="http://esb.dcitsbiz.com/services/S030010001"></s:SvcSplrSysId>
[2017-10-26 09:08:06,181][EsbPackService-4]com.ods.service.EsbPackService[420][DEBUG]: SvcSplrSeqNo:<s:SvcSplrSeqNo xmlns:s="http://esb.dcitsbiz.com/services/S030010001">201710260908050000000001</s:SvcSplrSeqNo>
[2017-10-26 09:08:06,181][EsbPackService-4]com.ods.service.EsbPackService[412][DEBUG]: TxnDt:<s:TxnDt xmlns:s="http://esb.dcitsbiz.com/services/S030010001">2017-08-24</s:TxnDt>
[2017-10-26 09:08:06,181][EsbPackService-4]com.ods.service.EsbPackService[412][DEBUG]: TxnTm:<s:TxnTm xmlns:s="http://esb.dcitsbiz.com/services/S030010001">15:00</s:TxnTm>
[2017-10-26 09:08:06,181][EsbPackService-4]com.ods.service.EsbPackService[412][DEBUG]: AcgDt:<s:AcgDt xmlns:s="http://esb.dcitsbiz.com/services/S030010001"/>
[2017-10-26 09:08:06,181][EsbPackService-4]com.ods.service.EsbPackService[420][DEBUG]: SvcSplrSvrId:<s:SvcSplrSvrId xmlns:s="http://esb.dcitsbiz.com/services/S030010001"></s:SvcSplrSvrId>
[2017-10-26 09:08:06,181][EsbPackService-4]com.ods.service.EsbPackService[420][DEBUG]: TxnChnlTp:<s:TxnChnlTp xmlns:s="http://esb.dcitsbiz.com/services/S030010001"></s:TxnChnlTp>
[2017-10-26 09:08:06,182][EsbPackService-4]com.ods.service.EsbPackService[420][DEBUG]: ChnlNo:<s:ChnlNo xmlns:s="http://esb.dcitsbiz.com/services/S030010001"></s:ChnlNo>
[2017-10-26 09:08:06,182][EsbPackService-4]com.ods.service.EsbPackService[420][DEBUG]: TxnTmlId:<s:TxnTmlId xmlns:s="http://esb.dcitsbiz.com/services/S030010001"></s:TxnTmlId>
[2017-10-26 09:08:06,182][EsbPackService-4]com.ods.service.EsbPackService[420][DEBUG]: OrigCnsmrId:<s:OrigCnsmrId xmlns:s="http://esb.dcitsbiz.com/services/S030010001"></s:OrigCnsmrId>
[2017-10-26 09:08:06,182][EsbPackService-4]com.ods.service.EsbPackService[412][DEBUG]: OrigCnsmrSeqNo:<s:OrigCnsmrSeqNo xmlns:s="http://esb.dcitsbiz.com/services/S030010001">12423543654766576879</s:OrigCnsmrSeqNo>
[2017-10-26 09:08:06,182][EsbPackService-4]com.ods.service.EsbPackService[412][DEBUG]: OrigtmlId:<s:OrigtmlId xmlns:s="http://esb.dcitsbiz.com/services/S030010001"/>
[2017-10-26 09:08:06,182][EsbPackService-4]com.ods.service.EsbPackService[412][DEBUG]: OrigcnsmrsveId:<s:OrigcnsmrsveId xmlns:s="http://esb.dcitsbiz.com/services/S030010001"/>
[2017-10-26 09:08:06,182][EsbPackService-4]com.ods.service.EsbPackService[412][DEBUG]: UsrLng:<s:UsrLng xmlns:s="http://esb.dcitsbiz.com/services/S030010001"/>
[2017-10-26 09:08:06,182][EsbPackService-4]com.ods.service.EsbPackService[420][DEBUG]: Fileflg:<s:Fileflg xmlns:s="http://esb.dcitsbiz.com/services/S030010001"></s:Fileflg>
[2017-10-26 09:08:06,182][EsbPackService-4]com.ods.service.EsbPackService[420][DEBUG]: TxnSt:<s:TxnSt xmlns:s="http://esb.dcitsbiz.com/services/S030010001">S</s:TxnSt>
[2017-10-26 09:08:06,182][EsbPackService-4]com.ods.service.EsbPackService[420][DEBUG]: RetCd:<s:RetCd xmlns:s="http://esb.dcitsbiz.com/services/S030010001"></s:RetCd>
[2017-10-26 09:08:06,182][EsbPackService-4]com.ods.service.EsbPackService[420][DEBUG]: RetMsg:<s:RetMsg xmlns:s="http://esb.dcitsbiz.com/services/S030010001"></s:RetMsg>
[2017-10-26 09:08:06,183][EsbPackService-4]com.ods.service.EsbPackService[163][DEBUG]: 201710260908050000000001组织 SysHhead 完成,共3步,当前完成第1步
[2017-10-26 09:08:06,183][EsbPackService-4]com.ods.service.EsbPackService[412][DEBUG]: TxnTlrId:<s:TxnTlrId xmlns:s="http://esb.dcitsbiz.com/services/S030010001">12312453456</s:TxnTlrId>
[2017-10-26 09:08:06,183][EsbPackService-4]com.ods.service.EsbPackService[412][DEBUG]: OrgId:<s:OrgId xmlns:s="http://esb.dcitsbiz.com/services/S030010001"/>
[2017-10-26 09:08:06,183][EsbPackService-4]com.ods.service.EsbPackService[412][DEBUG]: TlrPwsd:<s:TlrPwsd xmlns:s="http://esb.dcitsbiz.com/services/S030010001"/>
[2017-10-26 09:08:06,183][EsbPackService-4]com.ods.service.EsbPackService[412][DEBUG]: TlrLvl:<s:TlrLvl xmlns:s="http://esb.dcitsbiz.com/services/S030010001"/>
[2017-10-26 09:08:06,183][EsbPackService-4]com.ods.service.EsbPackService[412][DEBUG]: TlrTp:<s:TlrTp xmlns:s="http://esb.dcitsbiz.com/services/S030010001"/>
[2017-10-26 09:08:06,183][EsbPackService-4]com.ods.service.EsbPackService[412][DEBUG]: aprvFlg:<s:aprvFlg xmlns:s="http://esb.dcitsbiz.com/services/S030010001"/>
[2017-10-26 09:08:06,184][EsbPackService-4]com.ods.service.EsbPackService[412][DEBUG]: AprvTlrId:<s:AprvTlrId xmlns:s="http://esb.dcitsbiz.com/services/S030010001"/>
[2017-10-26 09:08:06,184][EsbPackService-4]com.ods.service.EsbPackService[412][DEBUG]: AprvOrgId:<s:AprvOrgId xmlns:s="http://esb.dcitsbiz.com/services/S030010001"/>
[2017-10-26 09:08:06,184][EsbPackService-4]com.ods.service.EsbPackService[412][DEBUG]: AprvTlrLvl:<s:AprvTlrLvl xmlns:s="http://esb.dcitsbiz.com/services/S030010001"/>
[2017-10-26 09:08:06,184][EsbPackService-4]com.ods.service.EsbPackService[412][DEBUG]: AprvTlrTp:<s:AprvTlrTp xmlns:s="http://esb.dcitsbiz.com/services/S030010001"/>
[2017-10-26 09:08:06,184][EsbPackService-4]com.ods.service.EsbPackService[412][DEBUG]: Ahrflg:<s:Ahrflg xmlns:s="http://esb.dcitsbiz.com/services/S030010001"/>
[2017-10-26 09:08:06,184][EsbPackService-4]com.ods.service.EsbPackService[412][DEBUG]: AhrTlrId:<s:AhrTlrId xmlns:s="http://esb.dcitsbiz.com/services/S030010001"/>
[2017-10-26 09:08:06,184][EsbPackService-4]com.ods.service.EsbPackService[412][DEBUG]: AhrOrgId:<s:AhrOrgId xmlns:s="http://esb.dcitsbiz.com/services/S030010001"/>
[2017-10-26 09:08:06,184][EsbPackService-4]com.ods.service.EsbPackService[412][DEBUG]: AhrtlrPswd:<s:AhrtlrPswd xmlns:s="http://esb.dcitsbiz.com/services/S030010001"/>
[2017-10-26 09:08:06,184][EsbPackService-4]com.ods.service.EsbPackService[412][DEBUG]: AhrTlrLvl:<s:AhrTlrLvl xmlns:s="http://esb.dcitsbiz.com/services/S030010001"/>
[2017-10-26 09:08:06,184][EsbPackService-4]com.ods.service.EsbPackService[412][DEBUG]: AhrTlrTp:<s:AhrTlrTp xmlns:s="http://esb.dcitsbiz.com/services/S030010001"/>
[2017-10-26 09:08:06,185][EsbPackService-4]com.ods.service.EsbPackService[412][DEBUG]: Scndflg:<s:Scndflg xmlns:s="http://esb.dcitsbiz.com/services/S030010001"/>
[2017-10-26 09:08:06,185][EsbPackService-4]com.ods.service.EsbPackService[167][DEBUG]: 201710260908050000000001组织 AppHead 完成,共3步,当前完成第2步
[2017-10-26 09:08:06,185][EsbPackService-4]com.ods.service.EsbPackService[328][DEBUG]: test流水号201710260908050000000001获取交易配置完成
[2017-10-26 09:08:06,185][EsbPackService-4]com.ods.service.EsbPackService[338][DEBUG]: test流水号201710260908050000000001获取 Head 配置完成
[2017-10-26 09:08:09,265][EsbPackService-4]com.ods.service.EsbPackService[357][DEBUG]: 201710260908050000000001resultHead组包完毕,当前RspBody为:<s:RspRspBody><AA>1         </AA><BB>19</BB></s:RspRspBody>
[2017-10-26 09:08:10,947][EsbPackService-4]com.ods.service.EsbPackService[391][DEBUG]: 流水号201710260908050000000001:AA增加到 DataLine 完成<AA>1         </AA>
[2017-10-26 09:08:10,948][EsbPackService-4]com.ods.service.EsbPackService[391][DEBUG]: 流水号201710260908050000000001:BB增加到 DataLine 完成<BB>19</BB>
[2017-10-26 09:08:10,951][EsbPackService-4]com.ods.service.EsbPackService[391][DEBUG]: 流水号201710260908050000000001:CC增加到 DataLine 完成<CC>qwert</CC>
[2017-10-26 09:08:10,954][EsbPackService-4]com.ods.service.EsbPackService[391][DEBUG]: 流水号201710260908050000000001:DD增加到 DataLine 完成<DD>123.42231</DD>
[2017-10-26 09:08:10,954][EsbPackService-4]com.ods.service.EsbPackService[393][DEBUG]: 流水号201710260908050000000001RspBody中Array[1]组包完毕,当前Array为:<s:RspRspBody><AA>1         </AA><BB>19</BB></s:RspRspBody>
[2017-10-26 09:08:10,955][EsbPackService-4]com.ods.service.EsbPackService[391][DEBUG]: 流水号201710260908050000000001:AA增加到 DataLine 完成<AA>2         </AA>
[2017-10-26 09:08:10,955][EsbPackService-4]com.ods.service.EsbPackService[391][DEBUG]: 流水号201710260908050000000001:BB增加到 DataLine 完成<BB>19</BB>
[2017-10-26 09:08:10,956][EsbPackService-4]com.ods.service.EsbPackService[391][DEBUG]: 流水号201710260908050000000001:CC增加到 DataLine 完成<CC>asdfg</CC>
[2017-10-26 09:08:10,956][EsbPackService-4]com.ods.service.EsbPackService[391][DEBUG]: 流水号201710260908050000000001:DD增加到 DataLine 完成<DD>123.42231</DD>
[2017-10-26 09:08:10,957][EsbPackService-4]com.ods.service.EsbPackService[393][DEBUG]: 流水号201710260908050000000001RspBody中Array[2]组包完毕,当前Array为:<s:RspRspBody><AA>1         </AA><BB>19</BB><TransResult key="1    2     "><AA>1         </AA><BB>19</BB><CC>qwert</CC><DD>123.42231</DD></TransResult></s:RspRspBody>
[2017-10-26 09:08:10,958][EsbPackService-4]com.ods.service.EsbPackService[391][DEBUG]: 流水号201710260908050000000001:AA增加到 DataLine 完成<AA>3         </AA>
[2017-10-26 09:08:10,959][EsbPackService-4]com.ods.service.EsbPackService[391][DEBUG]: 流水号201710260908050000000001:BB增加到 DataLine 完成<BB>19</BB>
[2017-10-26 09:08:10,959][EsbPackService-4]com.ods.service.EsbPackService[391][DEBUG]: 流水号201710260908050000000001:CC增加到 DataLine 完成<CC>tyuio</CC>
[2017-10-26 09:08:10,959][EsbPackService-4]com.ods.service.EsbPackService[391][DEBUG]: 流水号201710260908050000000001:DD增加到 DataLine 完成<DD>123.42231</DD>
[2017-10-26 09:08:10,960][EsbPackService-4]com.ods.service.EsbPackService[393][DEBUG]: 流水号201710260908050000000001RspBody中Array[3]组包完毕,当前Array为:<s:RspRspBody><AA>1         </AA><BB>19</BB><TransResult key="1    2     "><AA>1         </AA><BB>19</BB><CC>qwert</CC><DD>123.42231</DD></TransResult><TransResult key="1    2     "><AA>2         </AA><BB>19</BB><CC>asdfg</CC><DD>123.42231</DD></TransResult></s:RspRspBody>
[2017-10-26 09:08:10,961][EsbPackService-4]com.ods.service.EsbPackService[391][DEBUG]: 流水号201710260908050000000001:AA增加到 DataLine 完成<AA>4         </AA>
[2017-10-26 09:08:10,961][EsbPackService-4]com.ods.service.EsbPackService[391][DEBUG]: 流水号201710260908050000000001:BB增加到 DataLine 完成<BB>19</BB>
[2017-10-26 09:08:10,961][EsbPackService-4]com.ods.service.EsbPackService[391][DEBUG]: 流水号201710260908050000000001:CC增加到 DataLine 完成<CC>oiuyt</CC>
[2017-10-26 09:08:10,962][EsbPackService-4]com.ods.service.EsbPackService[391][DEBUG]: 流水号201710260908050000000001:DD增加到 DataLine 完成<DD>123.42231</DD>
[2017-10-26 09:08:10,962][EsbPackService-4]com.ods.service.EsbPackService[393][DEBUG]: 流水号201710260908050000000001RspBody中Array[4]组包完毕,当前Array为:<s:RspRspBody><AA>1         </AA><BB>19</BB><TransResult key="1    2     "><AA>1         </AA><BB>19</BB><CC>qwert</CC><DD>123.42231</DD></TransResult><TransResult key="1    2     "><AA>2         </AA><BB>19</BB><CC>asdfg</CC><DD>123.42231</DD></TransResult><TransResult key="1    2     "><AA>3         </AA><BB>19</BB><CC>tyuio</CC><DD>123.42231</DD></TransResult></s:RspRspBody>
[2017-10-26 09:08:10,963][EsbPackService-4]com.ods.service.EsbPackService[391][DEBUG]: 流水号201710260908050000000001:AA增加到 DataLine 完成<AA>5         </AA>
[2017-10-26 09:08:10,963][EsbPackService-4]com.ods.service.EsbPackService[391][DEBUG]: 流水号201710260908050000000001:BB增加到 DataLine 完成<BB>19</BB>
[2017-10-26 09:08:10,963][EsbPackService-4]com.ods.service.EsbPackService[391][DEBUG]: 流水号201710260908050000000001:CC增加到 DataLine 完成<CC>sddsgs</CC>
[2017-10-26 09:08:10,963][EsbPackService-4]com.ods.service.EsbPackService[391][DEBUG]: 流水号201710260908050000000001:DD增加到 DataLine 完成<DD>123.42231</DD>
[2017-10-26 09:08:10,965][EsbPackService-4]com.ods.service.EsbPackService[393][DEBUG]: 流水号201710260908050000000001RspBody中Array[5]组包完毕,当前Array为:<s:RspRspBody><AA>1         </AA><BB>19</BB><TransResult key="1    2     "><AA>1         </AA><BB>19</BB><CC>qwert</CC><DD>123.42231</DD></TransResult><TransResult key="1    2     "><AA>2         </AA><BB>19</BB><CC>asdfg</CC><DD>123.42231</DD></TransResult><TransResult key="1    2     "><AA>3         </AA><BB>19</BB><CC>tyuio</CC><DD>123.42231</DD></TransResult><TransResult key="1    2     "><AA>4         </AA><BB>19</BB><CC>oiuyt</CC><DD>123.42231</DD></TransResult></s:RspRspBody>
[2017-10-26 09:08:10,965][EsbPackService-4]com.ods.service.EsbPackService[391][DEBUG]: 流水号201710260908050000000001:AA增加到 DataLine 完成<AA>6         </AA>
[2017-10-26 09:08:10,966][EsbPackService-4]com.ods.service.EsbPackService[391][DEBUG]: 流水号201710260908050000000001:BB增加到 DataLine 完成<BB>19</BB>
[2017-10-26 09:08:10,966][EsbPackService-4]com.ods.service.EsbPackService[391][DEBUG]: 流水号201710260908050000000001:CC增加到 DataLine 完成<CC>zxcvb</CC>
[2017-10-26 09:08:10,966][EsbPackService-4]com.ods.service.EsbPackService[391][DEBUG]: 流水号201710260908050000000001:DD增加到 DataLine 完成<DD>123.42231</DD>
[2017-10-26 09:08:10,968][EsbPackService-4]com.ods.service.EsbPackService[393][DEBUG]: 流水号201710260908050000000001RspBody中Array[6]组包完毕,当前Array为:<s:RspRspBody><AA>1         </AA><BB>19</BB><TransResult key="1    2     "><AA>1         </AA><BB>19</BB><CC>qwert</CC><DD>123.42231</DD></TransResult><TransResult key="1    2     "><AA>2         </AA><BB>19</BB><CC>asdfg</CC><DD>123.42231</DD></TransResult><TransResult key="1    2     "><AA>3         </AA><BB>19</BB><CC>tyuio</CC><DD>123.42231</DD></TransResult><TransResult key="1    2     "><AA>4         </AA><BB>19</BB><CC>oiuyt</CC><DD>123.42231</DD></TransResult><TransResult key="1    2     "><AA>5         </AA><BB>19</BB><CC>sddsgs</CC><DD>123.42231</DD></TransResult></s:RspRspBody>
[2017-10-26 09:08:10,969][EsbPackService-4]com.ods.service.EsbPackService[391][DEBUG]: 流水号201710260908050000000001:AA增加到 DataLine 完成<AA>7         </AA>
[2017-10-26 09:08:10,969][EsbPackService-4]com.ods.service.EsbPackService[391][DEBUG]: 流水号201710260908050000000001:BB增加到 DataLine 完成<BB>19</BB>
[2017-10-26 09:08:10,970][EsbPackService-4]com.ods.service.EsbPackService[391][DEBUG]: 流水号201710260908050000000001:CC增加到 DataLine 完成<CC>bnm,./</CC>
[2017-10-26 09:08:10,970][EsbPackService-4]com.ods.service.EsbPackService[391][DEBUG]: 流水号201710260908050000000001:DD增加到 DataLine 完成<DD>123.42231</DD>
[2017-10-26 09:08:10,970][EsbPackService-4]com.ods.service.EsbPackService[393][DEBUG]: 流水号201710260908050000000001RspBody中Array[7]组包完毕,当前Array为:<s:RspRspBody><AA>1         </AA><BB>19</BB><TransResult key="1    2     "><AA>1         </AA><BB>19</BB><CC>qwert</CC><DD>123.42231</DD></TransResult><TransResult key="1    2     "><AA>2         </AA><BB>19</BB><CC>asdfg</CC><DD>123.42231</DD></TransResult><TransResult key="1    2     "><AA>3         </AA><BB>19</BB><CC>tyuio</CC><DD>123.42231</DD></TransResult><TransResult key="1    2     "><AA>4         </AA><BB>19</BB><CC>oiuyt</CC><DD>123.42231</DD></TransResult><TransResult key="1    2     "><AA>5         </AA><BB>19</BB><CC>sddsgs</CC><DD>123.42231</DD></TransResult><TransResult key="1    2     "><AA>6         </AA><BB>19</BB><CC>zxcvb</CC><DD>123.42231</DD></TransResult></s:RspRspBody>
[2017-10-26 09:08:10,971][EsbPackService-4]com.ods.service.EsbPackService[391][DEBUG]: 流水号201710260908050000000001:AA增加到 DataLine 完成<AA>8         </AA>
[2017-10-26 09:08:10,971][EsbPackService-4]com.ods.service.EsbPackService[391][DEBUG]: 流水号201710260908050000000001:BB增加到 DataLine 完成<BB>19</BB>
[2017-10-26 09:08:10,972][EsbPackService-4]com.ods.service.EsbPackService[391][DEBUG]: 流水号201710260908050000000001:CC增加到 DataLine 完成<CC>poiut</CC>
[2017-10-26 09:08:10,972][EsbPackService-4]com.ods.service.EsbPackService[391][DEBUG]: 流水号201710260908050000000001:DD增加到 DataLine 完成<DD>123.42231</DD>
[2017-10-26 09:08:10,972][EsbPackService-4]com.ods.service.EsbPackService[393][DEBUG]: 流水号201710260908050000000001RspBody中Array[8]组包完毕,当前Array为:<s:RspRspBody><AA>1         </AA><BB>19</BB><TransResult key="1    2     "><AA>1         </AA><BB>19</BB><CC>qwert</CC><DD>123.42231</DD></TransResult><TransResult key="1    2     "><AA>2         </AA><BB>19</BB><CC>asdfg</CC><DD>123.42231</DD></TransResult><TransResult key="1    2     "><AA>3         </AA><BB>19</BB><CC>tyuio</CC><DD>123.42231</DD></TransResult><TransResult key="1    2     "><AA>4         </AA><BB>19</BB><CC>oiuyt</CC><DD>123.42231</DD></TransResult><TransResult key="1    2     "><AA>5         </AA><BB>19</BB><CC>sddsgs</CC><DD>123.42231</DD></TransResult><TransResult key="1    2     "><AA>6         </AA><BB>19</BB><CC>zxcvb</CC><DD>123.42231</DD></TransResult><TransResult key="1    2     "><AA>7         </AA><BB>19</BB><CC>bnm,./</CC><DD>123.42231</DD></TransResult></s:RspRspBody>
[2017-10-26 09:08:10,972][EsbPackService-4]com.ods.service.EsbPackService[391][DEBUG]: 流水号201710260908050000000001:AA增加到 DataLine 完成<AA>9         </AA>
[2017-10-26 09:08:10,973][EsbPackService-4]com.ods.service.EsbPackService[391][DEBUG]: 流水号201710260908050000000001:BB增加到 DataLine 完成<BB>19</BB>
[2017-10-26 09:08:10,973][EsbPackService-4]com.ods.service.EsbPackService[391][DEBUG]: 流水号201710260908050000000001:CC增加到 DataLine 完成<CC>wewtwr</CC>
[2017-10-26 09:08:10,973][EsbPackService-4]com.ods.service.EsbPackService[391][DEBUG]: 流水号201710260908050000000001:DD增加到 DataLine 完成<DD>123.42231</DD>
[2017-10-26 09:08:10,973][EsbPackService-4]com.ods.service.EsbPackService[393][DEBUG]: 流水号201710260908050000000001RspBody中Array[9]组包完毕,当前Array为:<s:RspRspBody><AA>1         </AA><BB>19</BB><TransResult key="1    2     "><AA>1         </AA><BB>19</BB><CC>qwert</CC><DD>123.42231</DD></TransResult><TransResult key="1    2     "><AA>2         </AA><BB>19</BB><CC>asdfg</CC><DD>123.42231</DD></TransResult><TransResult key="1    2     "><AA>3         </AA><BB>19</BB><CC>tyuio</CC><DD>123.42231</DD></TransResult><TransResult key="1    2     "><AA>4         </AA><BB>19</BB><CC>oiuyt</CC><DD>123.42231</DD></TransResult><TransResult key="1    2     "><AA>5         </AA><BB>19</BB><CC>sddsgs</CC><DD>123.42231</DD></TransResult><TransResult key="1    2     "><AA>6         </AA><BB>19</BB><CC>zxcvb</CC><DD>123.42231</DD></TransResult><TransResult key="1    2     "><AA>7         </AA><BB>19</BB><CC>bnm,./</CC><DD>123.42231</DD></TransResult><TransResult key="1    2     "><AA>8         </AA><BB>19</BB><CC>poiut</CC><DD>123.42231</DD></TransResult></s:RspRspBody>
[2017-10-26 09:08:10,974][EsbPackService-4]com.ods.service.EsbPackService[391][DEBUG]: 流水号201710260908050000000001:AA增加到 DataLine 完成<AA>10        </AA>
[2017-10-26 09:08:10,974][EsbPackService-4]com.ods.service.EsbPackService[391][DEBUG]: 流水号201710260908050000000001:BB增加到 DataLine 完成<BB>19</BB>
[2017-10-26 09:08:10,974][EsbPackService-4]com.ods.service.EsbPackService[391][DEBUG]: 流水号201710260908050000000001:CC增加到 DataLine 完成<CC>rtyr</CC>
[2017-10-26 09:08:10,974][EsbPackService-4]com.ods.service.EsbPackService[391][DEBUG]: 流水号201710260908050000000001:DD增加到 DataLine 完成<DD>123.42231</DD>
[2017-10-26 09:08:10,975][EsbPackService-4]com.ods.service.EsbPackService[393][DEBUG]: 流水号201710260908050000000001RspBody中Array[10]组包完毕,当前Array为:<s:RspRspBody><AA>1         </AA><BB>19</BB><TransResult key="1    2     "><AA>1         </AA><BB>19</BB><CC>qwert</CC><DD>123.42231</DD></TransResult><TransResult key="1    2     "><AA>2         </AA><BB>19</BB><CC>asdfg</CC><DD>123.42231</DD></TransResult><TransResult key="1    2     "><AA>3         </AA><BB>19</BB><CC>tyuio</CC><DD>123.42231</DD></TransResult><TransResult key="1    2     "><AA>4         </AA><BB>19</BB><CC>oiuyt</CC><DD>123.42231</DD></TransResult><TransResult key="1    2     "><AA>5         </AA><BB>19</BB><CC>sddsgs</CC><DD>123.42231</DD></TransResult><TransResult key="1    2     "><AA>6         </AA><BB>19</BB><CC>zxcvb</CC><DD>123.42231</DD></TransResult><TransResult key="1    2     "><AA>7         </AA><BB>19</BB><CC>bnm,./</CC><DD>123.42231</DD></TransResult><TransResult key="1    2     "><AA>8         </AA><BB>19</BB><CC>poiut</CC><DD>123.42231</DD></TransResult><TransResult key="1    2     "><AA>9         </AA><BB>19</BB><CC>wewtwr</CC><DD>123.42231</DD></TransResult></s:RspRspBody>
[2017-10-26 09:08:10,975][EsbPackService-4]com.ods.service.EsbPackService[391][DEBUG]: 流水号201710260908050000000001:AA增加到 DataLine 完成<AA>13        </AA>
[2017-10-26 09:08:10,975][EsbPackService-4]com.ods.service.EsbPackService[391][DEBUG]: 流水号201710260908050000000001:BB增加到 DataLine 完成<BB>19</BB>
[2017-10-26 09:08:10,975][EsbPackService-4]com.ods.service.EsbPackService[391][DEBUG]: 流水号201710260908050000000001:CC增加到 DataLine 完成<CC>eryey</CC>
[2017-10-26 09:08:10,976][EsbPackService-4]com.ods.service.EsbPackService[391][DEBUG]: 流水号201710260908050000000001:DD增加到 DataLine 完成<DD>123.42231</DD>
[2017-10-26 09:08:10,976][EsbPackService-4]com.ods.service.EsbPackService[393][DEBUG]: 流水号201710260908050000000001RspBody中Array[11]组包完毕,当前Array为:<s:RspRspBody><AA>1         </AA><BB>19</BB><TransResult key="1    2     "><AA>1         </AA><BB>19</BB><CC>qwert</CC><DD>123.42231</DD></TransResult><TransResult key="1    2     "><AA>2         </AA><BB>19</BB><CC>asdfg</CC><DD>123.42231</DD></TransResult><TransResult key="1    2     "><AA>3         </AA><BB>19</BB><CC>tyuio</CC><DD>123.42231</DD></TransResult><TransResult key="1    2     "><AA>4         </AA><BB>19</BB><CC>oiuyt</CC><DD>123.42231</DD></TransResult><TransResult key="1    2     "><AA>5         </AA><BB>19</BB><CC>sddsgs</CC><DD>123.42231</DD></TransResult><TransResult key="1    2     "><AA>6         </AA><BB>19</BB><CC>zxcvb</CC><DD>123.42231</DD></TransResult><TransResult key="1    2     "><AA>7         </AA><BB>19</BB><CC>bnm,./</CC><DD>123.42231</DD></TransResult><TransResult key="1    2     "><AA>8         </AA><BB>19</BB><CC>poiut</CC><DD>123.42231</DD></TransResult><TransResult key="1    2     "><AA>9         </AA><BB>19</BB><CC>wewtwr</CC><DD>123.42231</DD></TransResult><TransResult key="1    2     "><AA>10        </AA><BB>19</BB><CC>rtyr</CC><DD>123.42231</DD></TransResult></s:RspRspBody>
[2017-10-26 09:08:10,977][EsbPackService-4]com.ods.service.EsbPackService[397][DEBUG]: 流水号201710260908050000000001 RspBody组包完毕,当前RspBody为:<s:RspRspBody><AA>1         </AA><BB>19</BB><TransResult key="1    2     "><AA>1         </AA><BB>19</BB><CC>qwert</CC><DD>123.42231</DD></TransResult><TransResult key="1    2     "><AA>2         </AA><BB>19</BB><CC>asdfg</CC><DD>123.42231</DD></TransResult><TransResult key="1    2     "><AA>3         </AA><BB>19</BB><CC>tyuio</CC><DD>123.42231</DD></TransResult><TransResult key="1    2     "><AA>4         </AA><BB>19</BB><CC>oiuyt</CC><DD>123.42231</DD></TransResult><TransResult key="1    2     "><AA>5         </AA><BB>19</BB><CC>sddsgs</CC><DD>123.42231</DD></TransResult><TransResult key="1    2     "><AA>6         </AA><BB>19</BB><CC>zxcvb</CC><DD>123.42231</DD></TransResult><TransResult key="1    2     "><AA>7         </AA><BB>19</BB><CC>bnm,./</CC><DD>123.42231</DD></TransResult><TransResult key="1    2     "><AA>8         </AA><BB>19</BB><CC>poiut</CC><DD>123.42231</DD></TransResult><TransResult key="1    2     "><AA>9         </AA><BB>19</BB><CC>wewtwr</CC><DD>123.42231</DD></TransResult><TransResult key="1    2     "><AA>10        </AA><BB>19</BB><CC>rtyr</CC><DD>123.42231</DD></TransResult><TransResult key="1    2     "><AA>13        </AA><BB>19</BB><CC>eryey</CC><DD>123.42231</DD></TransResult></s:RspRspBody>
[2017-10-26 09:08:10,977][EsbPackService-4]com.ods.service.EsbPackService[171][DEBUG]: 201710260908050000000001组织 RspBody 完成,共3步,当前完成第3步
[2017-10-26 09:08:10,978][EsbPackService-4]com.ods.service.EsbPackService[173][DEBUG]:   <soapenv:Envelope xmlns:soapenv="http://schemas.xmlsoap.org/soap/envelope/" xmlns:s="http://esb.dcitsbiz.com/services/S030010001"><soapenv:Header/><soapenv:Body><s:RspS03001000101><s:ReqSysHead><s:SvcId>S030010001</s:SvcId><s:SvcScn>01</s:SvcScn><s:SvcSpltTxnCd/><s:SvcCstTxnCd/><s:MAC>8888888888888888888</s:MAC><s:CnsmrSysId/><s:Vrsn></s:Vrsn><s:CnsmrSeqNo></s:CnsmrSeqNo><s:SvcSplrSysId></s:SvcSplrSysId><s:SvcSplrSeqNo>201710260908050000000001</s:SvcSplrSeqNo><s:TxnDt>2017-08-24</s:TxnDt><s:TxnTm>15:00</s:TxnTm><s:AcgDt/><s:SvcSplrSvrId></s:SvcSplrSvrId><s:TxnChnlTp></s:TxnChnlTp><s:ChnlNo></s:ChnlNo><s:TxnTmlId></s:TxnTmlId><s:OrigCnsmrId></s:OrigCnsmrId><s:OrigCnsmrSeqNo>12423543654766576879</s:OrigCnsmrSeqNo><s:OrigtmlId/><s:OrigcnsmrsveId/><s:UsrLng/><s:Fileflg></s:Fileflg><s:TxnSt>S</s:TxnSt><s:RetCd></s:RetCd><s:RetMsg></s:RetMsg></s:ReqSysHead><s:ReqAppHead><s:TxnTlrId>12312453456</s:TxnTlrId><s:OrgId/><s:TlrPwsd/><s:TlrLvl/><s:TlrTp/><s:aprvFlg/><s:AprvTlrInf><s:AprvTlrId/><s:AprvOrgId/><s:AprvTlrLvl/><s:AprvTlrTp/><s:Ahrflg/></s:AprvTlrInf><s:AhrTlrInf><s:AhrTlrId/><s:AhrOrgId/><s:AhrtlrPswd/><s:AhrTlrLvl/><s:AhrTlrTp/></s:AhrTlrInf><s:Scndflg/></s:ReqAppHead><s:ReqLocalHead/><s:RspRspBody><AA>1         </AA><BB>19</BB><TransResult key="1    2     "><AA>1         </AA><BB>19</BB><CC>qwert</CC><DD>123.42231</DD></TransResult><TransResult key="1    2     "><AA>2         </AA><BB>19</BB><CC>asdfg</CC><DD>123.42231</DD></TransResult><TransResult key="1    2     "><AA>3         </AA><BB>19</BB><CC>tyuio</CC><DD>123.42231</DD></TransResult><TransResult key="1    2     "><AA>4         </AA><BB>19</BB><CC>oiuyt</CC><DD>123.42231</DD></TransResult><TransResult key="1    2     "><AA>5         </AA><BB>19</BB><CC>sddsgs</CC><DD>123.42231</DD></TransResult><TransResult key="1    2     "><AA>6         </AA><BB>19</BB><CC>zxcvb</CC><DD>123.42231</DD></TransResult><TransResult key="1    2     "><AA>7         </AA><BB>19</BB><CC>bnm,./</CC><DD>123.42231</DD></TransResult><TransResult key="1    2     "><AA>8         </AA><BB>19</BB><CC>poiut</CC><DD>123.42231</DD></TransResult><TransResult key="1    2     "><AA>9         </AA><BB>19</BB><CC>wewtwr</CC><DD>123.42231</DD></TransResult><TransResult key="1    2     "><AA>10        </AA><BB>19</BB><CC>rtyr</CC><DD>123.42231</DD></TransResult><TransResult key="1    2     "><AA>13        </AA><BB>19</BB><CC>eryey</CC><DD>123.42231</DD></TransResult></s:RspRspBody></s:RspS03001000101></soapenv:Body></soapenv:Envelope>

[2017-10-26 09:10:06,794][main]com.ods.service.EsbPackService[52][INFO ]: 服务初始化完成, 输入队列:[PackQueue] 输出队列:[SuccessQueue]
[2017-10-26 09:10:06,795][main]com.ods.service.EsbPackService[52][INFO ]: 服务初始化完成, 输入队列:[PackQueue] 输出队列:[SuccessQueue]
[2017-10-26 09:10:06,797][main]com.ods.service.EsbPackService[52][INFO ]: 服务初始化完成, 输入队列:[PackQueue] 输出队列:[SuccessQueue]
[2017-10-26 09:10:06,799][main]com.ods.service.EsbPackService[52][INFO ]: 服务初始化完成, 输入队列:[PackQueue] 输出队列:[SuccessQueue]
[2017-10-26 09:10:06,801][main]com.ods.service.EsbPackService[52][INFO ]: 服务初始化完成, 输入队列:[PackQueue] 输出队列:[SuccessQueue]
[2017-10-26 09:10:13,245][EsbPackService-4]com.ods.service.EsbPackService[129][DEBUG]: 201710260910110000000001 开始组织应答XML包
[2017-10-26 09:10:13,252][EsbPackService-4]com.ods.service.EsbPackService[412][DEBUG]: SvcId:<s:SvcId xmlns:s="http://esb.dcitsbiz.com/services/S030010001">S030010001</s:SvcId>
[2017-10-26 09:10:13,252][EsbPackService-4]com.ods.service.EsbPackService[412][DEBUG]: SvcScn:<s:SvcScn xmlns:s="http://esb.dcitsbiz.com/services/S030010001">01</s:SvcScn>
[2017-10-26 09:10:13,252][EsbPackService-4]com.ods.service.EsbPackService[412][DEBUG]: SvcSpltTxnCd:<s:SvcSpltTxnCd xmlns:s="http://esb.dcitsbiz.com/services/S030010001"/>
[2017-10-26 09:10:13,252][EsbPackService-4]com.ods.service.EsbPackService[412][DEBUG]: SvcCstTxnCd:<s:SvcCstTxnCd xmlns:s="http://esb.dcitsbiz.com/services/S030010001"/>
[2017-10-26 09:10:13,252][EsbPackService-4]com.ods.service.EsbPackService[412][DEBUG]: MAC:<s:MAC xmlns:s="http://esb.dcitsbiz.com/services/S030010001">8888888888888888888</s:MAC>
[2017-10-26 09:10:13,252][EsbPackService-4]com.ods.service.EsbPackService[412][DEBUG]: CnsmrSysId:<s:CnsmrSysId xmlns:s="http://esb.dcitsbiz.com/services/S030010001"/>
[2017-10-26 09:10:13,252][EsbPackService-4]com.ods.service.EsbPackService[420][DEBUG]: Vrsn:<s:Vrsn xmlns:s="http://esb.dcitsbiz.com/services/S030010001"></s:Vrsn>
[2017-10-26 09:10:13,253][EsbPackService-4]com.ods.service.EsbPackService[420][DEBUG]: CnsmrSeqNo:<s:CnsmrSeqNo xmlns:s="http://esb.dcitsbiz.com/services/S030010001"></s:CnsmrSeqNo>
[2017-10-26 09:10:13,253][EsbPackService-4]com.ods.service.EsbPackService[420][DEBUG]: SvcSplrSysId:<s:SvcSplrSysId xmlns:s="http://esb.dcitsbiz.com/services/S030010001"></s:SvcSplrSysId>
[2017-10-26 09:10:13,253][EsbPackService-4]com.ods.service.EsbPackService[420][DEBUG]: SvcSplrSeqNo:<s:SvcSplrSeqNo xmlns:s="http://esb.dcitsbiz.com/services/S030010001">201710260910110000000001</s:SvcSplrSeqNo>
[2017-10-26 09:10:13,253][EsbPackService-4]com.ods.service.EsbPackService[412][DEBUG]: TxnDt:<s:TxnDt xmlns:s="http://esb.dcitsbiz.com/services/S030010001">2017-08-24</s:TxnDt>
[2017-10-26 09:10:13,253][EsbPackService-4]com.ods.service.EsbPackService[412][DEBUG]: TxnTm:<s:TxnTm xmlns:s="http://esb.dcitsbiz.com/services/S030010001">15:00</s:TxnTm>
[2017-10-26 09:10:13,253][EsbPackService-4]com.ods.service.EsbPackService[412][DEBUG]: AcgDt:<s:AcgDt xmlns:s="http://esb.dcitsbiz.com/services/S030010001"/>
[2017-10-26 09:10:13,253][EsbPackService-4]com.ods.service.EsbPackService[420][DEBUG]: SvcSplrSvrId:<s:SvcSplrSvrId xmlns:s="http://esb.dcitsbiz.com/services/S030010001"></s:SvcSplrSvrId>
[2017-10-26 09:10:13,253][EsbPackService-4]com.ods.service.EsbPackService[420][DEBUG]: TxnChnlTp:<s:TxnChnlTp xmlns:s="http://esb.dcitsbiz.com/services/S030010001"></s:TxnChnlTp>
[2017-10-26 09:10:13,253][EsbPackService-4]com.ods.service.EsbPackService[420][DEBUG]: ChnlNo:<s:ChnlNo xmlns:s="http://esb.dcitsbiz.com/services/S030010001"></s:ChnlNo>
[2017-10-26 09:10:13,254][EsbPackService-4]com.ods.service.EsbPackService[420][DEBUG]: TxnTmlId:<s:TxnTmlId xmlns:s="http://esb.dcitsbiz.com/services/S030010001"></s:TxnTmlId>
[2017-10-26 09:10:13,254][EsbPackService-4]com.ods.service.EsbPackService[420][DEBUG]: OrigCnsmrId:<s:OrigCnsmrId xmlns:s="http://esb.dcitsbiz.com/services/S030010001"></s:OrigCnsmrId>
[2017-10-26 09:10:13,254][EsbPackService-4]com.ods.service.EsbPackService[412][DEBUG]: OrigCnsmrSeqNo:<s:OrigCnsmrSeqNo xmlns:s="http://esb.dcitsbiz.com/services/S030010001">12423543654766576879</s:OrigCnsmrSeqNo>
[2017-10-26 09:10:13,254][EsbPackService-4]com.ods.service.EsbPackService[412][DEBUG]: OrigtmlId:<s:OrigtmlId xmlns:s="http://esb.dcitsbiz.com/services/S030010001"/>
[2017-10-26 09:10:13,254][EsbPackService-4]com.ods.service.EsbPackService[412][DEBUG]: OrigcnsmrsveId:<s:OrigcnsmrsveId xmlns:s="http://esb.dcitsbiz.com/services/S030010001"/>
[2017-10-26 09:10:13,254][EsbPackService-4]com.ods.service.EsbPackService[412][DEBUG]: UsrLng:<s:UsrLng xmlns:s="http://esb.dcitsbiz.com/services/S030010001"/>
[2017-10-26 09:10:13,254][EsbPackService-4]com.ods.service.EsbPackService[420][DEBUG]: Fileflg:<s:Fileflg xmlns:s="http://esb.dcitsbiz.com/services/S030010001"></s:Fileflg>
[2017-10-26 09:10:13,254][EsbPackService-4]com.ods.service.EsbPackService[420][DEBUG]: TxnSt:<s:TxnSt xmlns:s="http://esb.dcitsbiz.com/services/S030010001">S</s:TxnSt>
[2017-10-26 09:10:13,254][EsbPackService-4]com.ods.service.EsbPackService[420][DEBUG]: RetCd:<s:RetCd xmlns:s="http://esb.dcitsbiz.com/services/S030010001"></s:RetCd>
[2017-10-26 09:10:13,255][EsbPackService-4]com.ods.service.EsbPackService[420][DEBUG]: RetMsg:<s:RetMsg xmlns:s="http://esb.dcitsbiz.com/services/S030010001"></s:RetMsg>
[2017-10-26 09:10:13,255][EsbPackService-4]com.ods.service.EsbPackService[163][DEBUG]: 201710260910110000000001组织 SysHhead 完成,共3步,当前完成第1步
[2017-10-26 09:10:13,255][EsbPackService-4]com.ods.service.EsbPackService[412][DEBUG]: TxnTlrId:<s:TxnTlrId xmlns:s="http://esb.dcitsbiz.com/services/S030010001">12312453456</s:TxnTlrId>
[2017-10-26 09:10:13,255][EsbPackService-4]com.ods.service.EsbPackService[412][DEBUG]: OrgId:<s:OrgId xmlns:s="http://esb.dcitsbiz.com/services/S030010001"/>
[2017-10-26 09:10:13,255][EsbPackService-4]com.ods.service.EsbPackService[412][DEBUG]: TlrPwsd:<s:TlrPwsd xmlns:s="http://esb.dcitsbiz.com/services/S030010001"/>
[2017-10-26 09:10:13,255][EsbPackService-4]com.ods.service.EsbPackService[412][DEBUG]: TlrLvl:<s:TlrLvl xmlns:s="http://esb.dcitsbiz.com/services/S030010001"/>
[2017-10-26 09:10:13,255][EsbPackService-4]com.ods.service.EsbPackService[412][DEBUG]: TlrTp:<s:TlrTp xmlns:s="http://esb.dcitsbiz.com/services/S030010001"/>
[2017-10-26 09:10:13,256][EsbPackService-4]com.ods.service.EsbPackService[412][DEBUG]: aprvFlg:<s:aprvFlg xmlns:s="http://esb.dcitsbiz.com/services/S030010001"/>
[2017-10-26 09:10:13,256][EsbPackService-4]com.ods.service.EsbPackService[412][DEBUG]: AprvTlrId:<s:AprvTlrId xmlns:s="http://esb.dcitsbiz.com/services/S030010001"/>
[2017-10-26 09:10:13,256][EsbPackService-4]com.ods.service.EsbPackService[412][DEBUG]: AprvOrgId:<s:AprvOrgId xmlns:s="http://esb.dcitsbiz.com/services/S030010001"/>
[2017-10-26 09:10:13,256][EsbPackService-4]com.ods.service.EsbPackService[412][DEBUG]: AprvTlrLvl:<s:AprvTlrLvl xmlns:s="http://esb.dcitsbiz.com/services/S030010001"/>
[2017-10-26 09:10:13,256][EsbPackService-4]com.ods.service.EsbPackService[412][DEBUG]: AprvTlrTp:<s:AprvTlrTp xmlns:s="http://esb.dcitsbiz.com/services/S030010001"/>
[2017-10-26 09:10:13,256][EsbPackService-4]com.ods.service.EsbPackService[412][DEBUG]: Ahrflg:<s:Ahrflg xmlns:s="http://esb.dcitsbiz.com/services/S030010001"/>
[2017-10-26 09:10:13,256][EsbPackService-4]com.ods.service.EsbPackService[412][DEBUG]: AhrTlrId:<s:AhrTlrId xmlns:s="http://esb.dcitsbiz.com/services/S030010001"/>
[2017-10-26 09:10:13,256][EsbPackService-4]com.ods.service.EsbPackService[412][DEBUG]: AhrOrgId:<s:AhrOrgId xmlns:s="http://esb.dcitsbiz.com/services/S030010001"/>
[2017-10-26 09:10:13,256][EsbPackService-4]com.ods.service.EsbPackService[412][DEBUG]: AhrtlrPswd:<s:AhrtlrPswd xmlns:s="http://esb.dcitsbiz.com/services/S030010001"/>
[2017-10-26 09:10:13,256][EsbPackService-4]com.ods.service.EsbPackService[412][DEBUG]: AhrTlrLvl:<s:AhrTlrLvl xmlns:s="http://esb.dcitsbiz.com/services/S030010001"/>
[2017-10-26 09:10:13,256][EsbPackService-4]com.ods.service.EsbPackService[412][DEBUG]: AhrTlrTp:<s:AhrTlrTp xmlns:s="http://esb.dcitsbiz.com/services/S030010001"/>
[2017-10-26 09:10:13,257][EsbPackService-4]com.ods.service.EsbPackService[412][DEBUG]: Scndflg:<s:Scndflg xmlns:s="http://esb.dcitsbiz.com/services/S030010001"/>
[2017-10-26 09:10:13,257][EsbPackService-4]com.ods.service.EsbPackService[167][DEBUG]: 201710260910110000000001组织 AppHead 完成,共3步,当前完成第2步
[2017-10-26 09:10:13,257][EsbPackService-4]com.ods.service.EsbPackService[328][DEBUG]: test流水号201710260910110000000001获取交易配置完成
[2017-10-26 09:10:13,257][EsbPackService-4]com.ods.service.EsbPackService[338][DEBUG]: test流水号201710260910110000000001获取 Head 配置完成
[2017-10-26 09:10:13,257][EsbPackService-4]com.ods.service.EsbPackService[357][DEBUG]: 201710260910110000000001resultHead组包完毕,当前RspBody为:<s:RspRspBody><AA>1         </AA><BB>19</BB></s:RspRspBody>
[2017-10-26 09:10:19,172][EsbPackService-4]com.ods.service.EsbPackService[391][DEBUG]: 流水号201710260910110000000001:AA增加到 DataLine 完成<AA>1         </AA>
[2017-10-26 09:10:19,173][EsbPackService-4]com.ods.service.EsbPackService[391][DEBUG]: 流水号201710260910110000000001:BB增加到 DataLine 完成<BB>19</BB>
[2017-10-26 09:10:19,185][EsbPackService-4]com.ods.service.EsbPackService[391][DEBUG]: 流水号201710260910110000000001:CC增加到 DataLine 完成<CC>qwert</CC>
[2017-10-26 09:10:19,186][EsbPackService-4]com.ods.service.EsbPackService[391][DEBUG]: 流水号201710260910110000000001:DD增加到 DataLine 完成<DD>123.42231</DD>
[2017-10-26 09:10:19,186][EsbPackService-4]com.ods.service.EsbPackService[393][DEBUG]: 流水号201710260910110000000001RspBody中Array[1]组包完毕,当前Array为:<s:RspRspBody><AA>1         </AA><BB>19</BB></s:RspRspBody>
[2017-10-26 09:10:19,187][EsbPackService-4]com.ods.service.EsbPackService[391][DEBUG]: 流水号201710260910110000000001:AA增加到 DataLine 完成<AA>2         </AA>
[2017-10-26 09:10:19,190][EsbPackService-4]com.ods.service.EsbPackService[391][DEBUG]: 流水号201710260910110000000001:BB增加到 DataLine 完成<BB>19</BB>
[2017-10-26 09:10:19,191][EsbPackService-4]com.ods.service.EsbPackService[391][DEBUG]: 流水号201710260910110000000001:CC增加到 DataLine 完成<CC>asdfg</CC>
[2017-10-26 09:10:19,191][EsbPackService-4]com.ods.service.EsbPackService[391][DEBUG]: 流水号201710260910110000000001:DD增加到 DataLine 完成<DD>123.42231</DD>
[2017-10-26 09:10:19,192][EsbPackService-4]com.ods.service.EsbPackService[393][DEBUG]: 流水号201710260910110000000001RspBody中Array[2]组包完毕,当前Array为:<s:RspRspBody><AA>1         </AA><BB>19</BB><TransResult key="1    2     "><AA>1         </AA><BB>19</BB><CC>qwert</CC><DD>123.42231</DD></TransResult></s:RspRspBody>
[2017-10-26 09:10:19,193][EsbPackService-4]com.ods.service.EsbPackService[391][DEBUG]: 流水号201710260910110000000001:AA增加到 DataLine 完成<AA>3         </AA>
[2017-10-26 09:10:19,193][EsbPackService-4]com.ods.service.EsbPackService[391][DEBUG]: 流水号201710260910110000000001:BB增加到 DataLine 完成<BB>19</BB>
[2017-10-26 09:10:19,194][EsbPackService-4]com.ods.service.EsbPackService[391][DEBUG]: 流水号201710260910110000000001:CC增加到 DataLine 完成<CC>tyuio</CC>
[2017-10-26 09:10:19,194][EsbPackService-4]com.ods.service.EsbPackService[391][DEBUG]: 流水号201710260910110000000001:DD增加到 DataLine 完成<DD>123.42231</DD>
[2017-10-26 09:10:19,195][EsbPackService-4]com.ods.service.EsbPackService[393][DEBUG]: 流水号201710260910110000000001RspBody中Array[3]组包完毕,当前Array为:<s:RspRspBody><AA>1         </AA><BB>19</BB><TransResult key="1    2     "><AA>1         </AA><BB>19</BB><CC>qwert</CC><DD>123.42231</DD></TransResult><TransResult key="1    2     "><AA>2         </AA><BB>19</BB><CC>asdfg</CC><DD>123.42231</DD></TransResult></s:RspRspBody>
[2017-10-26 09:10:19,196][EsbPackService-4]com.ods.service.EsbPackService[391][DEBUG]: 流水号201710260910110000000001:AA增加到 DataLine 完成<AA>4         </AA>
[2017-10-26 09:10:19,196][EsbPackService-4]com.ods.service.EsbPackService[391][DEBUG]: 流水号201710260910110000000001:BB增加到 DataLine 完成<BB>19</BB>
[2017-10-26 09:10:19,197][EsbPackService-4]com.ods.service.EsbPackService[391][DEBUG]: 流水号201710260910110000000001:CC增加到 DataLine 完成<CC>oiuyt</CC>
[2017-10-26 09:10:19,197][EsbPackService-4]com.ods.service.EsbPackService[391][DEBUG]: 流水号201710260910110000000001:DD增加到 DataLine 完成<DD>123.42231</DD>
[2017-10-26 09:10:19,200][EsbPackService-4]com.ods.service.EsbPackService[393][DEBUG]: 流水号201710260910110000000001RspBody中Array[4]组包完毕,当前Array为:<s:RspRspBody><AA>1         </AA><BB>19</BB><TransResult key="1    2     "><AA>1         </AA><BB>19</BB><CC>qwert</CC><DD>123.42231</DD></TransResult><TransResult key="1    2     "><AA>2         </AA><BB>19</BB><CC>asdfg</CC><DD>123.42231</DD></TransResult><TransResult key="1    2     "><AA>3         </AA><BB>19</BB><CC>tyuio</CC><DD>123.42231</DD></TransResult></s:RspRspBody>
[2017-10-26 09:10:19,201][EsbPackService-4]com.ods.service.EsbPackService[391][DEBUG]: 流水号201710260910110000000001:AA增加到 DataLine 完成<AA>5         </AA>
[2017-10-26 09:10:19,201][EsbPackService-4]com.ods.service.EsbPackService[391][DEBUG]: 流水号201710260910110000000001:BB增加到 DataLine 完成<BB>19</BB>
[2017-10-26 09:10:19,201][EsbPackService-4]com.ods.service.EsbPackService[391][DEBUG]: 流水号201710260910110000000001:CC增加到 DataLine 完成<CC>sddsgs</CC>
[2017-10-26 09:10:19,202][EsbPackService-4]com.ods.service.EsbPackService[391][DEBUG]: 流水号201710260910110000000001:DD增加到 DataLine 完成<DD>123.42231</DD>
[2017-10-26 09:10:19,203][EsbPackService-4]com.ods.service.EsbPackService[393][DEBUG]: 流水号201710260910110000000001RspBody中Array[5]组包完毕,当前Array为:<s:RspRspBody><AA>1         </AA><BB>19</BB><TransResult key="1    2     "><AA>1         </AA><BB>19</BB><CC>qwert</CC><DD>123.42231</DD></TransResult><TransResult key="1    2     "><AA>2         </AA><BB>19</BB><CC>asdfg</CC><DD>123.42231</DD></TransResult><TransResult key="1    2     "><AA>3         </AA><BB>19</BB><CC>tyuio</CC><DD>123.42231</DD></TransResult><TransResult key="1    2     "><AA>4         </AA><BB>19</BB><CC>oiuyt</CC><DD>123.42231</DD></TransResult></s:RspRspBody>
[2017-10-26 09:10:19,203][EsbPackService-4]com.ods.service.EsbPackService[391][DEBUG]: 流水号201710260910110000000001:AA增加到 DataLine 完成<AA>6         </AA>
[2017-10-26 09:10:19,204][EsbPackService-4]com.ods.service.EsbPackService[391][DEBUG]: 流水号201710260910110000000001:BB增加到 DataLine 完成<BB>19</BB>
[2017-10-26 09:10:19,204][EsbPackService-4]com.ods.service.EsbPackService[391][DEBUG]: 流水号201710260910110000000001:CC增加到 DataLine 完成<CC>zxcvb</CC>
[2017-10-26 09:10:19,204][EsbPackService-4]com.ods.service.EsbPackService[391][DEBUG]: 流水号201710260910110000000001:DD增加到 DataLine 完成<DD>123.42231</DD>
[2017-10-26 09:10:19,205][EsbPackService-4]com.ods.service.EsbPackService[393][DEBUG]: 流水号201710260910110000000001RspBody中Array[6]组包完毕,当前Array为:<s:RspRspBody><AA>1         </AA><BB>19</BB><TransResult key="1    2     "><AA>1         </AA><BB>19</BB><CC>qwert</CC><DD>123.42231</DD></TransResult><TransResult key="1    2     "><AA>2         </AA><BB>19</BB><CC>asdfg</CC><DD>123.42231</DD></TransResult><TransResult key="1    2     "><AA>3         </AA><BB>19</BB><CC>tyuio</CC><DD>123.42231</DD></TransResult><TransResult key="1    2     "><AA>4         </AA><BB>19</BB><CC>oiuyt</CC><DD>123.42231</DD></TransResult><TransResult key="1    2     "><AA>5         </AA><BB>19</BB><CC>sddsgs</CC><DD>123.42231</DD></TransResult></s:RspRspBody>
[2017-10-26 09:10:19,205][EsbPackService-4]com.ods.service.EsbPackService[391][DEBUG]: 流水号201710260910110000000001:AA增加到 DataLine 完成<AA>7         </AA>
[2017-10-26 09:10:19,205][EsbPackService-4]com.ods.service.EsbPackService[391][DEBUG]: 流水号201710260910110000000001:BB增加到 DataLine 完成<BB>19</BB>
[2017-10-26 09:10:19,205][EsbPackService-4]com.ods.service.EsbPackService[391][DEBUG]: 流水号201710260910110000000001:CC增加到 DataLine 完成<CC>bnm,./</CC>
[2017-10-26 09:10:19,206][EsbPackService-4]com.ods.service.EsbPackService[391][DEBUG]: 流水号201710260910110000000001:DD增加到 DataLine 完成<DD>123.42231</DD>
[2017-10-26 09:10:19,206][EsbPackService-4]com.ods.service.EsbPackService[393][DEBUG]: 流水号201710260910110000000001RspBody中Array[7]组包完毕,当前Array为:<s:RspRspBody><AA>1         </AA><BB>19</BB><TransResult key="1    2     "><AA>1         </AA><BB>19</BB><CC>qwert</CC><DD>123.42231</DD></TransResult><TransResult key="1    2     "><AA>2         </AA><BB>19</BB><CC>asdfg</CC><DD>123.42231</DD></TransResult><TransResult key="1    2     "><AA>3         </AA><BB>19</BB><CC>tyuio</CC><DD>123.42231</DD></TransResult><TransResult key="1    2     "><AA>4         </AA><BB>19</BB><CC>oiuyt</CC><DD>123.42231</DD></TransResult><TransResult key="1    2     "><AA>5         </AA><BB>19</BB><CC>sddsgs</CC><DD>123.42231</DD></TransResult><TransResult key="1    2     "><AA>6         </AA><BB>19</BB><CC>zxcvb</CC><DD>123.42231</DD></TransResult></s:RspRspBody>
[2017-10-26 09:10:19,206][EsbPackService-4]com.ods.service.EsbPackService[391][DEBUG]: 流水号201710260910110000000001:AA增加到 DataLine 完成<AA>8         </AA>
[2017-10-26 09:10:19,206][EsbPackService-4]com.ods.service.EsbPackService[391][DEBUG]: 流水号201710260910110000000001:BB增加到 DataLine 完成<BB>19</BB>
[2017-10-26 09:10:19,207][EsbPackService-4]com.ods.service.EsbPackService[391][DEBUG]: 流水号201710260910110000000001:CC增加到 DataLine 完成<CC>poiut</CC>
[2017-10-26 09:10:19,207][EsbPackService-4]com.ods.service.EsbPackService[391][DEBUG]: 流水号201710260910110000000001:DD增加到 DataLine 完成<DD>123.42231</DD>
[2017-10-26 09:10:19,207][EsbPackService-4]com.ods.service.EsbPackService[393][DEBUG]: 流水号201710260910110000000001RspBody中Array[8]组包完毕,当前Array为:<s:RspRspBody><AA>1         </AA><BB>19</BB><TransResult key="1    2     "><AA>1         </AA><BB>19</BB><CC>qwert</CC><DD>123.42231</DD></TransResult><TransResult key="1    2     "><AA>2         </AA><BB>19</BB><CC>asdfg</CC><DD>123.42231</DD></TransResult><TransResult key="1    2     "><AA>3         </AA><BB>19</BB><CC>tyuio</CC><DD>123.42231</DD></TransResult><TransResult key="1    2     "><AA>4         </AA><BB>19</BB><CC>oiuyt</CC><DD>123.42231</DD></TransResult><TransResult key="1    2     "><AA>5         </AA><BB>19</BB><CC>sddsgs</CC><DD>123.42231</DD></TransResult><TransResult key="1    2     "><AA>6         </AA><BB>19</BB><CC>zxcvb</CC><DD>123.42231</DD></TransResult><TransResult key="1    2     "><AA>7         </AA><BB>19</BB><CC>bnm,./</CC><DD>123.42231</DD></TransResult></s:RspRspBody>
[2017-10-26 09:10:19,208][EsbPackService-4]com.ods.service.EsbPackService[391][DEBUG]: 流水号201710260910110000000001:AA增加到 DataLine 完成<AA>9         </AA>
[2017-10-26 09:10:19,208][EsbPackService-4]com.ods.service.EsbPackService[391][DEBUG]: 流水号201710260910110000000001:BB增加到 DataLine 完成<BB>19</BB>
[2017-10-26 09:10:19,208][EsbPackService-4]com.ods.service.EsbPackService[391][DEBUG]: 流水号201710260910110000000001:CC增加到 DataLine 完成<CC>wewtwr</CC>
[2017-10-26 09:10:19,208][EsbPackService-4]com.ods.service.EsbPackService[391][DEBUG]: 流水号201710260910110000000001:DD增加到 DataLine 完成<DD>123.42231</DD>
[2017-10-26 09:10:19,209][EsbPackService-4]com.ods.service.EsbPackService[393][DEBUG]: 流水号201710260910110000000001RspBody中Array[9]组包完毕,当前Array为:<s:RspRspBody><AA>1         </AA><BB>19</BB><TransResult key="1    2     "><AA>1         </AA><BB>19</BB><CC>qwert</CC><DD>123.42231</DD></TransResult><TransResult key="1    2     "><AA>2         </AA><BB>19</BB><CC>asdfg</CC><DD>123.42231</DD></TransResult><TransResult key="1    2     "><AA>3         </AA><BB>19</BB><CC>tyuio</CC><DD>123.42231</DD></TransResult><TransResult key="1    2     "><AA>4         </AA><BB>19</BB><CC>oiuyt</CC><DD>123.42231</DD></TransResult><TransResult key="1    2     "><AA>5         </AA><BB>19</BB><CC>sddsgs</CC><DD>123.42231</DD></TransResult><TransResult key="1    2     "><AA>6         </AA><BB>19</BB><CC>zxcvb</CC><DD>123.42231</DD></TransResult><TransResult key="1    2     "><AA>7         </AA><BB>19</BB><CC>bnm,./</CC><DD>123.42231</DD></TransResult><TransResult key="1    2     "><AA>8         </AA><BB>19</BB><CC>poiut</CC><DD>123.42231</DD></TransResult></s:RspRspBody>
[2017-10-26 09:10:19,209][EsbPackService-4]com.ods.service.EsbPackService[391][DEBUG]: 流水号201710260910110000000001:AA增加到 DataLine 完成<AA>10        </AA>
[2017-10-26 09:10:19,209][EsbPackService-4]com.ods.service.EsbPackService[391][DEBUG]: 流水号201710260910110000000001:BB增加到 DataLine 完成<BB>19</BB>
[2017-10-26 09:10:19,210][EsbPackService-4]com.ods.service.EsbPackService[391][DEBUG]: 流水号201710260910110000000001:CC增加到 DataLine 完成<CC>rtyr</CC>
[2017-10-26 09:10:19,210][EsbPackService-4]com.ods.service.EsbPackService[391][DEBUG]: 流水号201710260910110000000001:DD增加到 DataLine 完成<DD>123.42231</DD>
[2017-10-26 09:10:19,210][EsbPackService-4]com.ods.service.EsbPackService[393][DEBUG]: 流水号201710260910110000000001RspBody中Array[10]组包完毕,当前Array为:<s:RspRspBody><AA>1         </AA><BB>19</BB><TransResult key="1    2     "><AA>1         </AA><BB>19</BB><CC>qwert</CC><DD>123.42231</DD></TransResult><TransResult key="1    2     "><AA>2         </AA><BB>19</BB><CC>asdfg</CC><DD>123.42231</DD></TransResult><TransResult key="1    2     "><AA>3         </AA><BB>19</BB><CC>tyuio</CC><DD>123.42231</DD></TransResult><TransResult key="1    2     "><AA>4         </AA><BB>19</BB><CC>oiuyt</CC><DD>123.42231</DD></TransResult><TransResult key="1    2     "><AA>5         </AA><BB>19</BB><CC>sddsgs</CC><DD>123.42231</DD></TransResult><TransResult key="1    2     "><AA>6         </AA><BB>19</BB><CC>zxcvb</CC><DD>123.42231</DD></TransResult><TransResult key="1    2     "><AA>7         </AA><BB>19</BB><CC>bnm,./</CC><DD>123.42231</DD></TransResult><TransResult key="1    2     "><AA>8         </AA><BB>19</BB><CC>poiut</CC><DD>123.42231</DD></TransResult><TransResult key="1    2     "><AA>9         </AA><BB>19</BB><CC>wewtwr</CC><DD>123.42231</DD></TransResult></s:RspRspBody>
[2017-10-26 09:10:19,210][EsbPackService-4]com.ods.service.EsbPackService[391][DEBUG]: 流水号201710260910110000000001:AA增加到 DataLine 完成<AA>13        </AA>
[2017-10-26 09:10:19,210][EsbPackService-4]com.ods.service.EsbPackService[391][DEBUG]: 流水号201710260910110000000001:BB增加到 DataLine 完成<BB>19</BB>
[2017-10-26 09:10:19,211][EsbPackService-4]com.ods.service.EsbPackService[391][DEBUG]: 流水号201710260910110000000001:CC增加到 DataLine 完成<CC>eryey</CC>
[2017-10-26 09:10:19,211][EsbPackService-4]com.ods.service.EsbPackService[391][DEBUG]: 流水号201710260910110000000001:DD增加到 DataLine 完成<DD>123.42231</DD>
[2017-10-26 09:10:19,211][EsbPackService-4]com.ods.service.EsbPackService[393][DEBUG]: 流水号201710260910110000000001RspBody中Array[11]组包完毕,当前Array为:<s:RspRspBody><AA>1         </AA><BB>19</BB><TransResult key="1    2     "><AA>1         </AA><BB>19</BB><CC>qwert</CC><DD>123.42231</DD></TransResult><TransResult key="1    2     "><AA>2         </AA><BB>19</BB><CC>asdfg</CC><DD>123.42231</DD></TransResult><TransResult key="1    2     "><AA>3         </AA><BB>19</BB><CC>tyuio</CC><DD>123.42231</DD></TransResult><TransResult key="1    2     "><AA>4         </AA><BB>19</BB><CC>oiuyt</CC><DD>123.42231</DD></TransResult><TransResult key="1    2     "><AA>5         </AA><BB>19</BB><CC>sddsgs</CC><DD>123.42231</DD></TransResult><TransResult key="1    2     "><AA>6         </AA><BB>19</BB><CC>zxcvb</CC><DD>123.42231</DD></TransResult><TransResult key="1    2     "><AA>7         </AA><BB>19</BB><CC>bnm,./</CC><DD>123.42231</DD></TransResult><TransResult key="1    2     "><AA>8         </AA><BB>19</BB><CC>poiut</CC><DD>123.42231</DD></TransResult><TransResult key="1    2     "><AA>9         </AA><BB>19</BB><CC>wewtwr</CC><DD>123.42231</DD></TransResult><TransResult key="1    2     "><AA>10        </AA><BB>19</BB><CC>rtyr</CC><DD>123.42231</DD></TransResult></s:RspRspBody>
[2017-10-26 09:10:19,211][EsbPackService-4]com.ods.service.EsbPackService[397][DEBUG]: 流水号201710260910110000000001 RspBody组包完毕,当前RspBody为:<s:RspRspBody><AA>1         </AA><BB>19</BB><TransResult key="1    2     "><AA>1         </AA><BB>19</BB><CC>qwert</CC><DD>123.42231</DD></TransResult><TransResult key="1    2     "><AA>2         </AA><BB>19</BB><CC>asdfg</CC><DD>123.42231</DD></TransResult><TransResult key="1    2     "><AA>3         </AA><BB>19</BB><CC>tyuio</CC><DD>123.42231</DD></TransResult><TransResult key="1    2     "><AA>4         </AA><BB>19</BB><CC>oiuyt</CC><DD>123.42231</DD></TransResult><TransResult key="1    2     "><AA>5         </AA><BB>19</BB><CC>sddsgs</CC><DD>123.42231</DD></TransResult><TransResult key="1    2     "><AA>6         </AA><BB>19</BB><CC>zxcvb</CC><DD>123.42231</DD></TransResult><TransResult key="1    2     "><AA>7         </AA><BB>19</BB><CC>bnm,./</CC><DD>123.42231</DD></TransResult><TransResult key="1    2     "><AA>8         </AA><BB>19</BB><CC>poiut</CC><DD>123.42231</DD></TransResult><TransResult key="1    2     "><AA>9         </AA><BB>19</BB><CC>wewtwr</CC><DD>123.42231</DD></TransResult><TransResult key="1    2     "><AA>10        </AA><BB>19</BB><CC>rtyr</CC><DD>123.42231</DD></TransResult><TransResult key="1    2     "><AA>13        </AA><BB>19</BB><CC>eryey</CC><DD>123.42231</DD></TransResult></s:RspRspBody>
[2017-10-26 09:10:19,212][EsbPackService-4]com.ods.service.EsbPackService[171][DEBUG]: 201710260910110000000001组织 RspBody 完成,共3步,当前完成第3步
[2017-10-26 09:10:19,212][EsbPackService-4]com.ods.service.EsbPackService[173][DEBUG]:   <soapenv:Envelope xmlns:soapenv="http://schemas.xmlsoap.org/soap/envelope/" xmlns:s="http://esb.dcitsbiz.com/services/S030010001"><soapenv:Header/><soapenv:Body><s:RspS03001000101><s:ReqSysHead><s:SvcId>S030010001</s:SvcId><s:SvcScn>01</s:SvcScn><s:SvcSpltTxnCd/><s:SvcCstTxnCd/><s:MAC>8888888888888888888</s:MAC><s:CnsmrSysId/><s:Vrsn></s:Vrsn><s:CnsmrSeqNo></s:CnsmrSeqNo><s:SvcSplrSysId></s:SvcSplrSysId><s:SvcSplrSeqNo>201710260910110000000001</s:SvcSplrSeqNo><s:TxnDt>2017-08-24</s:TxnDt><s:TxnTm>15:00</s:TxnTm><s:AcgDt/><s:SvcSplrSvrId></s:SvcSplrSvrId><s:TxnChnlTp></s:TxnChnlTp><s:ChnlNo></s:ChnlNo><s:TxnTmlId></s:TxnTmlId><s:OrigCnsmrId></s:OrigCnsmrId><s:OrigCnsmrSeqNo>12423543654766576879</s:OrigCnsmrSeqNo><s:OrigtmlId/><s:OrigcnsmrsveId/><s:UsrLng/><s:Fileflg></s:Fileflg><s:TxnSt>S</s:TxnSt><s:RetCd></s:RetCd><s:RetMsg></s:RetMsg></s:ReqSysHead><s:ReqAppHead><s:TxnTlrId>12312453456</s:TxnTlrId><s:OrgId/><s:TlrPwsd/><s:TlrLvl/><s:TlrTp/><s:aprvFlg/><s:AprvTlrInf><s:AprvTlrId/><s:AprvOrgId/><s:AprvTlrLvl/><s:AprvTlrTp/><s:Ahrflg/></s:AprvTlrInf><s:AhrTlrInf><s:AhrTlrId/><s:AhrOrgId/><s:AhrtlrPswd/><s:AhrTlrLvl/><s:AhrTlrTp/></s:AhrTlrInf><s:Scndflg/></s:ReqAppHead><s:ReqLocalHead/><s:RspRspBody><AA>1         </AA><BB>19</BB><TransResult key="1    2     "><AA>1         </AA><BB>19</BB><CC>qwert</CC><DD>123.42231</DD></TransResult><TransResult key="1    2     "><AA>2         </AA><BB>19</BB><CC>asdfg</CC><DD>123.42231</DD></TransResult><TransResult key="1    2     "><AA>3         </AA><BB>19</BB><CC>tyuio</CC><DD>123.42231</DD></TransResult><TransResult key="1    2     "><AA>4         </AA><BB>19</BB><CC>oiuyt</CC><DD>123.42231</DD></TransResult><TransResult key="1    2     "><AA>5         </AA><BB>19</BB><CC>sddsgs</CC><DD>123.42231</DD></TransResult><TransResult key="1    2     "><AA>6         </AA><BB>19</BB><CC>zxcvb</CC><DD>123.42231</DD></TransResult><TransResult key="1    2     "><AA>7         </AA><BB>19</BB><CC>bnm,./</CC><DD>123.42231</DD></TransResult><TransResult key="1    2     "><AA>8         </AA><BB>19</BB><CC>poiut</CC><DD>123.42231</DD></TransResult><TransResult key="1    2     "><AA>9         </AA><BB>19</BB><CC>wewtwr</CC><DD>123.42231</DD></TransResult><TransResult key="1    2     "><AA>10        </AA><BB>19</BB><CC>rtyr</CC><DD>123.42231</DD></TransResult><TransResult key="1    2     "><AA>13        </AA><BB>19</BB><CC>eryey</CC><DD>123.42231</DD></TransResult></s:RspRspBody></s:RspS03001000101></soapenv:Body></soapenv:Envelope>

[2017-10-26 09:10:49,211][main]com.ods.service.EsbPackService[52][INFO ]: 服务初始化完成, 输入队列:[PackQueue] 输出队列:[SuccessQueue]
[2017-10-26 09:10:49,213][main]com.ods.service.EsbPackService[52][INFO ]: 服务初始化完成, 输入队列:[PackQueue] 输出队列:[SuccessQueue]
[2017-10-26 09:10:49,215][main]com.ods.service.EsbPackService[52][INFO ]: 服务初始化完成, 输入队列:[PackQueue] 输出队列:[SuccessQueue]
[2017-10-26 09:10:49,216][main]com.ods.service.EsbPackService[52][INFO ]: 服务初始化完成, 输入队列:[PackQueue] 输出队列:[SuccessQueue]
[2017-10-26 09:10:49,218][main]com.ods.service.EsbPackService[52][INFO ]: 服务初始化完成, 输入队列:[PackQueue] 输出队列:[SuccessQueue]
