[2017-10-26 08:55:10,253][main]com.ods.manager.QueueManager[73][INFO ]: 初始化队列HandlerQuene完成
[2017-10-26 08:55:10,254][main]com.ods.manager.QueueManager[73][INFO ]: 初始化队列UnpackQueue完成
[2017-10-26 08:55:10,254][main]com.ods.manager.QueueManager[73][INFO ]: 初始化队列PackQueue完成
[2017-10-26 08:55:10,257][main]com.ods.manager.QueueManager[73][INFO ]: 初始化队列TxnQueue完成
[2017-10-26 08:55:10,257][main]com.ods.manager.QueueManager[73][INFO ]: 初始化队列ManagerQuene完成
[2017-10-26 08:55:10,258][main]com.ods.manager.QueueManager[73][INFO ]: 初始化队列FailQueue完成
[2017-10-26 08:55:10,259][main]com.ods.manager.QueueManager[73][INFO ]: 初始化队列SuccessQueue完成
[2017-10-26 08:55:23,707][pool-1-thread-1]com.ods.manager.QueueManager[91][INFO ]: 201710260855230000000001加入到队列UnpackQueue完成,操作结果:true
[2017-10-26 08:55:23,750][UnPackService-3]com.ods.manager.QueueManager[107][INFO ]: 获取 UnpackQueue队列元素完成,获取元素的系统流水号:201710260855230000000001
[2017-10-26 08:55:24,039][UnPackService-3]com.ods.manager.QueueManager[91][INFO ]: 201710260855230000000001加入到队列TxnQueue完成,操作结果:true
[2017-10-26 08:55:24,057][TxnService-3]com.ods.manager.QueueManager[107][INFO ]: 获取 TxnQueue队列元素完成,获取元素的系统流水号:201710260855230000000001
[2017-10-26 08:55:25,522][TxnService-3]com.ods.manager.QueueManager[91][INFO ]: 201710260855230000000001加入到队列FailQueue完成,操作结果:true
[2017-10-26 08:55:25,561][SendFailMsgService-3]com.ods.manager.QueueManager[107][INFO ]: 获取 FailQueue队列元素完成,获取元素的系统流水号:201710260855230000000001
[2017-10-26 09:04:46,480][main]com.ods.manager.QueueManager[73][INFO ]: 初始化队列HandlerQuene完成
[2017-10-26 09:04:46,481][main]com.ods.manager.QueueManager[73][INFO ]: 初始化队列UnpackQueue完成
[2017-10-26 09:04:46,481][main]com.ods.manager.QueueManager[73][INFO ]: 初始化队列PackQueue完成
[2017-10-26 09:04:46,483][main]com.ods.manager.QueueManager[73][INFO ]: 初始化队列TxnQueue完成
[2017-10-26 09:04:46,483][main]com.ods.manager.QueueManager[73][INFO ]: 初始化队列ManagerQuene完成
[2017-10-26 09:04:46,483][main]com.ods.manager.QueueManager[73][INFO ]: 初始化队列FailQueue完成
[2017-10-26 09:04:46,484][main]com.ods.manager.QueueManager[73][INFO ]: 初始化队列SuccessQueue完成
[2017-10-26 09:04:53,823][pool-1-thread-1]com.ods.manager.QueueManager[91][INFO ]: 201710260904530000000001加入到队列UnpackQueue完成,操作结果:true
[2017-10-26 09:04:53,842][UnPackService-0]com.ods.manager.QueueManager[107][INFO ]: 获取 UnpackQueue队列元素完成,获取元素的系统流水号:201710260904530000000001
[2017-10-26 09:04:54,086][UnPackService-0]com.ods.manager.QueueManager[91][INFO ]: 201710260904530000000001加入到队列TxnQueue完成,操作结果:true
[2017-10-26 09:04:54,114][TxnService-2]com.ods.manager.QueueManager[107][INFO ]: 获取 TxnQueue队列元素完成,获取元素的系统流水号:201710260904530000000001
[2017-10-26 09:04:54,852][TxnService-2]com.ods.manager.QueueManager[91][INFO ]: 201710260904530000000001加入到队列FailQueue完成,操作结果:true
[2017-10-26 09:04:54,877][SendFailMsgService-3]com.ods.manager.QueueManager[107][INFO ]: 获取 FailQueue队列元素完成,获取元素的系统流水号:201710260904530000000001
[2017-10-26 09:05:36,163][pool-1-thread-1]com.ods.manager.QueueManager[91][INFO ]: 201710260905360000000002加入到队列UnpackQueue完成,操作结果:true
[2017-10-26 09:05:36,195][UnPackService-4]com.ods.manager.QueueManager[107][INFO ]: 获取 UnpackQueue队列元素完成,获取元素的系统流水号:201710260905360000000002
[2017-10-26 09:05:36,221][UnPackService-4]com.ods.manager.QueueManager[91][INFO ]: 201710260905360000000002加入到队列TxnQueue完成,操作结果:true
[2017-10-26 09:05:36,246][TxnService-4]com.ods.manager.QueueManager[107][INFO ]: 获取 TxnQueue队列元素完成,获取元素的系统流水号:201710260905360000000002
[2017-10-26 09:05:36,254][TxnService-4]com.ods.manager.QueueManager[91][INFO ]: 201710260905360000000002加入到队列FailQueue完成,操作结果:true
[2017-10-26 09:05:36,296][SendFailMsgService-1]com.ods.manager.QueueManager[107][INFO ]: 获取 FailQueue队列元素完成,获取元素的系统流水号:201710260905360000000002
[2017-10-26 09:08:01,632][main]com.ods.manager.QueueManager[73][INFO ]: 初始化队列HandlerQuene完成
[2017-10-26 09:08:01,633][main]com.ods.manager.QueueManager[73][INFO ]: 初始化队列UnpackQueue完成
[2017-10-26 09:08:01,633][main]com.ods.manager.QueueManager[73][INFO ]: 初始化队列PackQueue完成
[2017-10-26 09:08:01,635][main]com.ods.manager.QueueManager[73][INFO ]: 初始化队列TxnQueue完成
[2017-10-26 09:08:01,635][main]com.ods.manager.QueueManager[73][INFO ]: 初始化队列ManagerQuene完成
[2017-10-26 09:08:01,635][main]com.ods.manager.QueueManager[73][INFO ]: 初始化队列FailQueue完成
[2017-10-26 09:08:01,636][main]com.ods.manager.QueueManager[73][INFO ]: 初始化队列SuccessQueue完成
[2017-10-26 09:08:05,118][pool-1-thread-1]com.ods.manager.QueueManager[91][INFO ]: 201710260908050000000001加入到队列UnpackQueue完成,操作结果:true
[2017-10-26 09:08:05,122][UnPackService-3]com.ods.manager.QueueManager[107][INFO ]: 获取 UnpackQueue队列元素完成,获取元素的系统流水号:201710260908050000000001
[2017-10-26 09:08:05,312][UnPackService-3]com.ods.manager.QueueManager[91][INFO ]: 201710260908050000000001加入到队列TxnQueue完成,操作结果:true
[2017-10-26 09:08:05,342][TxnService-2]com.ods.manager.QueueManager[107][INFO ]: 获取 TxnQueue队列元素完成,获取元素的系统流水号:201710260908050000000001
[2017-10-26 09:08:06,166][TxnService-2]com.ods.manager.QueueManager[91][INFO ]: 201710260908050000000001加入到队列PackQueue完成,操作结果:true
[2017-10-26 09:08:06,175][EsbPackService-4]com.ods.manager.QueueManager[107][INFO ]: 获取 PackQueue队列元素完成,获取元素的系统流水号:201710260908050000000001
[2017-10-26 09:08:10,979][EsbPackService-4]com.ods.manager.QueueManager[91][INFO ]: 201710260908050000000001加入到队列SuccessQueue完成,操作结果:true
[2017-10-26 09:08:10,985][SendSuccMsgService-1]com.ods.manager.QueueManager[107][INFO ]: 获取 SuccessQueue队列元素完成,获取元素的系统流水号:201710260908050000000001
[2017-10-26 09:10:06,651][main]com.ods.manager.QueueManager[73][INFO ]: 初始化队列HandlerQuene完成
[2017-10-26 09:10:06,651][main]com.ods.manager.QueueManager[73][INFO ]: 初始化队列UnpackQueue完成
[2017-10-26 09:10:06,651][main]com.ods.manager.QueueManager[73][INFO ]: 初始化队列PackQueue完成
[2017-10-26 09:10:06,654][main]com.ods.manager.QueueManager[73][INFO ]: 初始化队列TxnQueue完成
[2017-10-26 09:10:06,654][main]com.ods.manager.QueueManager[73][INFO ]: 初始化队列ManagerQuene完成
[2017-10-26 09:10:06,654][main]com.ods.manager.QueueManager[73][INFO ]: 初始化队列FailQueue完成
[2017-10-26 09:10:06,655][main]com.ods.manager.QueueManager[73][INFO ]: 初始化队列SuccessQueue完成
[2017-10-26 09:10:11,977][pool-1-thread-1]com.ods.manager.QueueManager[91][INFO ]: 201710260910110000000001加入到队列UnpackQueue完成,操作结果:true
[2017-10-26 09:10:12,013][UnPackService-0]com.ods.manager.QueueManager[107][INFO ]: 获取 UnpackQueue队列元素完成,获取元素的系统流水号:201710260910110000000001
[2017-10-26 09:10:12,243][UnPackService-0]com.ods.manager.QueueManager[91][INFO ]: 201710260910110000000001加入到队列TxnQueue完成,操作结果:true
[2017-10-26 09:10:12,257][TxnService-3]com.ods.manager.QueueManager[107][INFO ]: 获取 TxnQueue队列元素完成,获取元素的系统流水号:201710260910110000000001
[2017-10-26 09:10:13,231][TxnService-3]com.ods.manager.QueueManager[91][INFO ]: 201710260910110000000001加入到队列PackQueue完成,操作结果:true
[2017-10-26 09:10:13,245][EsbPackService-4]com.ods.manager.QueueManager[107][INFO ]: 获取 PackQueue队列元素完成,获取元素的系统流水号:201710260910110000000001
[2017-10-26 09:10:19,213][EsbPackService-4]com.ods.manager.QueueManager[91][INFO ]: 201710260910110000000001加入到队列SuccessQueue完成,操作结果:true
[2017-10-26 09:10:19,244][SendSuccMsgService-2]com.ods.manager.QueueManager[107][INFO ]: 获取 SuccessQueue队列元素完成,获取元素的系统流水号:201710260910110000000001
[2017-10-26 09:10:49,053][main]com.ods.manager.QueueManager[73][INFO ]: 初始化队列HandlerQuene完成
[2017-10-26 09:10:49,053][main]com.ods.manager.QueueManager[73][INFO ]: 初始化队列UnpackQueue完成
[2017-10-26 09:10:49,054][main]com.ods.manager.QueueManager[73][INFO ]: 初始化队列PackQueue完成
[2017-10-26 09:10:49,059][main]com.ods.manager.QueueManager[73][INFO ]: 初始化队列TxnQueue完成
[2017-10-26 09:10:49,059][main]com.ods.manager.QueueManager[73][INFO ]: 初始化队列ManagerQuene完成
[2017-10-26 09:10:49,060][main]com.ods.manager.QueueManager[73][INFO ]: 初始化队列FailQueue完成
[2017-10-26 09:10:49,061][main]com.ods.manager.QueueManager[73][INFO ]: 初始化队列SuccessQueue完成
[2017-10-26 09:10:54,997][pool-1-thread-1]com.ods.manager.QueueManager[91][INFO ]: 201710260910540000000001加入到队列UnpackQueue完成,操作结果:true
[2017-10-26 09:10:55,004][UnPackService-3]com.ods.manager.QueueManager[107][INFO ]: 获取 UnpackQueue队列元素完成,获取元素的系统流水号:201710260910540000000001
[2017-10-26 09:10:55,184][UnPackService-3]com.ods.manager.QueueManager[91][INFO ]: 201710260910540000000001加入到队列TxnQueue完成,操作结果:true
[2017-10-26 09:10:55,204][TxnService-4]com.ods.manager.QueueManager[107][INFO ]: 获取 TxnQueue队列元素完成,获取元素的系统流水号:201710260910540000000001
[2017-10-26 09:10:56,022][TxnService-4]com.ods.manager.QueueManager[91][INFO ]: 201710260910540000000001加入到队列FailQueue完成,操作结果:true
[2017-10-26 09:10:56,034][SendFailMsgService-1]com.ods.manager.QueueManager[107][INFO ]: 获取 FailQueue队列元素完成,获取元素的系统流水号:201710260910540000000001
