[2017-10-26 08:55:10,583][main]com.ods.service.TxnService[50][INFO ]: 服务初始化完成, 输入队列:[TxnQueue] 输出队列:[PackQueue]
[2017-10-26 08:55:10,586][main]com.ods.service.TxnService[50][INFO ]: 服务初始化完成, 输入队列:[TxnQueue] 输出队列:[PackQueue]
[2017-10-26 08:55:10,587][main]com.ods.service.TxnService[50][INFO ]: 服务初始化完成, 输入队列:[TxnQueue] 输出队列:[PackQueue]
[2017-10-26 08:55:10,589][main]com.ods.service.TxnService[50][INFO ]: 服务初始化完成, 输入队列:[TxnQueue] 输出队列:[PackQueue]
[2017-10-26 08:55:10,590][main]com.ods.service.TxnService[50][INFO ]: 服务初始化完成, 输入队列:[TxnQueue] 输出队列:[PackQueue]
[2017-10-26 08:55:24,057][TxnService-3]com.ods.service.TxnService[86][INFO ]: test流水号201710260855230000000001处理开始
[2017-10-26 08:55:24,058][TxnService-3]com.ods.service.TxnService[140][INFO ]: test流水号201710260855230000000001获取RspBody中的入参加入到inParm列表完成
[2017-10-26 08:55:24,058][TxnService-3]com.ods.service.TxnService[153][DEBUG]: 获取的交易名称是:test 交易处理类名为:com.ods.transaction.test
[2017-10-26 08:55:24,061][TxnService-3]com.ods.service.TxnService[161][INFO ]: test流水号201710260855230000000001实例化 交易对应的处理类
[2017-10-26 08:55:25,522][TxnService-3]com.ods.service.TxnService[177][INFO ]: test流水号201710260855230000000001数据库操作交易处理完成
[2017-10-26 09:04:46,566][main]com.ods.service.TxnService[50][INFO ]: 服务初始化完成, 输入队列:[TxnQueue] 输出队列:[PackQueue]
[2017-10-26 09:04:46,567][main]com.ods.service.TxnService[50][INFO ]: 服务初始化完成, 输入队列:[TxnQueue] 输出队列:[PackQueue]
[2017-10-26 09:04:46,567][main]com.ods.service.TxnService[50][INFO ]: 服务初始化完成, 输入队列:[TxnQueue] 输出队列:[PackQueue]
[2017-10-26 09:04:46,568][main]com.ods.service.TxnService[50][INFO ]: 服务初始化完成, 输入队列:[TxnQueue] 输出队列:[PackQueue]
[2017-10-26 09:04:46,568][main]com.ods.service.TxnService[50][INFO ]: 服务初始化完成, 输入队列:[TxnQueue] 输出队列:[PackQueue]
[2017-10-26 09:04:54,114][TxnService-2]com.ods.service.TxnService[86][INFO ]: test流水号201710260904530000000001处理开始
[2017-10-26 09:04:54,115][TxnService-2]com.ods.service.TxnService[140][INFO ]: test流水号201710260904530000000001获取RspBody中的入参加入到inParm列表完成
[2017-10-26 09:04:54,116][TxnService-2]com.ods.service.TxnService[153][DEBUG]: 获取的交易名称是:test 交易处理类名为:com.ods.transaction.test
[2017-10-26 09:04:54,118][TxnService-2]com.ods.service.TxnService[161][INFO ]: test流水号201710260904530000000001实例化 交易对应的处理类
[2017-10-26 09:04:54,852][TxnService-2]com.ods.service.TxnService[177][INFO ]: test流水号201710260904530000000001数据库操作交易处理完成
[2017-10-26 09:05:36,246][TxnService-4]com.ods.service.TxnService[86][INFO ]: test流水号201710260905360000000002处理开始
[2017-10-26 09:05:36,247][TxnService-4]com.ods.service.TxnService[140][INFO ]: test流水号201710260905360000000002获取RspBody中的入参加入到inParm列表完成
[2017-10-26 09:05:36,247][TxnService-4]com.ods.service.TxnService[153][DEBUG]: 获取的交易名称是:test 交易处理类名为:com.ods.transaction.test
[2017-10-26 09:05:36,247][TxnService-4]com.ods.service.TxnService[161][INFO ]: test流水号201710260905360000000002实例化 交易对应的处理类
[2017-10-26 09:05:36,254][TxnService-4]com.ods.service.TxnService[177][INFO ]: test流水号201710260905360000000002数据库操作交易处理完成
[2017-10-26 09:08:01,750][main]com.ods.service.TxnService[50][INFO ]: 服务初始化完成, 输入队列:[TxnQueue] 输出队列:[PackQueue]
[2017-10-26 09:08:01,751][main]com.ods.service.TxnService[50][INFO ]: 服务初始化完成, 输入队列:[TxnQueue] 输出队列:[PackQueue]
[2017-10-26 09:08:01,752][main]com.ods.service.TxnService[50][INFO ]: 服务初始化完成, 输入队列:[TxnQueue] 输出队列:[PackQueue]
[2017-10-26 09:08:01,753][main]com.ods.service.TxnService[50][INFO ]: 服务初始化完成, 输入队列:[TxnQueue] 输出队列:[PackQueue]
[2017-10-26 09:08:01,754][main]com.ods.service.TxnService[50][INFO ]: 服务初始化完成, 输入队列:[TxnQueue] 输出队列:[PackQueue]
[2017-10-26 09:08:05,342][TxnService-2]com.ods.service.TxnService[86][INFO ]: test流水号201710260908050000000001处理开始
[2017-10-26 09:08:05,343][TxnService-2]com.ods.service.TxnService[140][INFO ]: test流水号201710260908050000000001获取RspBody中的入参加入到inParm列表完成
[2017-10-26 09:08:05,343][TxnService-2]com.ods.service.TxnService[153][DEBUG]: 获取的交易名称是:test 交易处理类名为:com.ods.transaction.test
[2017-10-26 09:08:05,346][TxnService-2]com.ods.service.TxnService[161][INFO ]: test流水号201710260908050000000001实例化 交易对应的处理类
[2017-10-26 09:08:06,161][TxnService-2]com.ods.service.TxnService[177][INFO ]: test流水号201710260908050000000001数据库操作交易处理完成
[2017-10-26 09:08:06,165][TxnService-2]com.ods.service.TxnService[215][INFO ]: test流水号201710260908050000000001生成key值 完成
[2017-10-26 09:08:06,166][TxnService-2]com.ods.service.TxnService[218][INFO ]: test流水号201710260908050000000001处理完成
[2017-10-26 09:10:06,773][main]com.ods.service.TxnService[50][INFO ]: 服务初始化完成, 输入队列:[TxnQueue] 输出队列:[PackQueue]
[2017-10-26 09:10:06,774][main]com.ods.service.TxnService[50][INFO ]: 服务初始化完成, 输入队列:[TxnQueue] 输出队列:[PackQueue]
[2017-10-26 09:10:06,775][main]com.ods.service.TxnService[50][INFO ]: 服务初始化完成, 输入队列:[TxnQueue] 输出队列:[PackQueue]
[2017-10-26 09:10:06,776][main]com.ods.service.TxnService[50][INFO ]: 服务初始化完成, 输入队列:[TxnQueue] 输出队列:[PackQueue]
[2017-10-26 09:10:06,781][main]com.ods.service.TxnService[50][INFO ]: 服务初始化完成, 输入队列:[TxnQueue] 输出队列:[PackQueue]
[2017-10-26 09:10:12,257][TxnService-3]com.ods.service.TxnService[86][INFO ]: test流水号201710260910110000000001处理开始
[2017-10-26 09:10:12,259][TxnService-3]com.ods.service.TxnService[140][INFO ]: test流水号201710260910110000000001获取RspBody中的入参加入到inParm列表完成
[2017-10-26 09:10:12,260][TxnService-3]com.ods.service.TxnService[153][DEBUG]: 获取的交易名称是:test 交易处理类名为:com.ods.transaction.test
[2017-10-26 09:10:12,264][TxnService-3]com.ods.service.TxnService[161][INFO ]: test流水号201710260910110000000001实例化 交易对应的处理类
[2017-10-26 09:10:13,214][TxnService-3]com.ods.service.TxnService[177][INFO ]: test流水号201710260910110000000001数据库操作交易处理完成
[2017-10-26 09:10:13,231][TxnService-3]com.ods.service.TxnService[215][INFO ]: test流水号201710260910110000000001生成key值 完成
[2017-10-26 09:10:13,232][TxnService-3]com.ods.service.TxnService[218][INFO ]: test流水号201710260910110000000001处理完成
[2017-10-26 09:10:49,195][main]com.ods.service.TxnService[50][INFO ]: 服务初始化完成, 输入队列:[TxnQueue] 输出队列:[PackQueue]
[2017-10-26 09:10:49,195][main]com.ods.service.TxnService[50][INFO ]: 服务初始化完成, 输入队列:[TxnQueue] 输出队列:[PackQueue]
[2017-10-26 09:10:49,196][main]com.ods.service.TxnService[50][INFO ]: 服务初始化完成, 输入队列:[TxnQueue] 输出队列:[PackQueue]
[2017-10-26 09:10:49,197][main]com.ods.service.TxnService[50][INFO ]: 服务初始化完成, 输入队列:[TxnQueue] 输出队列:[PackQueue]
[2017-10-26 09:10:49,198][main]com.ods.service.TxnService[50][INFO ]: 服务初始化完成, 输入队列:[TxnQueue] 输出队列:[PackQueue]
[2017-10-26 09:10:55,204][TxnService-4]com.ods.service.TxnService[86][INFO ]: test流水号201710260910540000000001处理开始
[2017-10-26 09:10:55,206][TxnService-4]com.ods.service.TxnService[140][INFO ]: test流水号201710260910540000000001获取RspBody中的入参加入到inParm列表完成
[2017-10-26 09:10:55,207][TxnService-4]com.ods.service.TxnService[153][DEBUG]: 获取的交易名称是:test 交易处理类名为:com.ods.transaction.test
[2017-10-26 09:10:55,213][TxnService-4]com.ods.service.TxnService[161][INFO ]: test流水号201710260910540000000001实例化 交易对应的处理类
[2017-10-26 09:10:56,022][TxnService-4]com.ods.service.TxnService[177][INFO ]: test流水号201710260910540000000001数据库操作交易处理完成
